[2026-06-23T21:10:07.138+0000] {local_task_job_runner.py:123} INFO - ::group::Pre task execution logs
[2026-06-23T21:10:07.151+0000] {taskinstance.py:2614} INFO - Dependencies all met for dep_context=non-requeueable deps ti=<TaskInstance: etl_ecommerce.extract manual__2026-06-23T21:10:03.432676+00:00 [queued]>
[2026-06-23T21:10:07.156+0000] {taskinstance.py:2614} INFO - Dependencies all met for dep_context=requeueable deps ti=<TaskInstance: etl_ecommerce.extract manual__2026-06-23T21:10:03.432676+00:00 [queued]>
[2026-06-23T21:10:07.156+0000] {taskinstance.py:2867} INFO - Starting attempt 1 of 3
[2026-06-23T21:10:07.164+0000] {taskinstance.py:2890} INFO - Executing <Task(PythonOperator): extract> on 2026-06-23 21:10:03.432676+00:00
[2026-06-23T21:10:07.170+0000] {logging_mixin.py:190} WARNING - /home/***/.local/lib/python3.12/site-packages/***/task/task_runner/standard_task_runner.py:70 DeprecationWarning: This process (pid=527) is multi-threaded, use of fork() may lead to deadlocks in the child.
[2026-06-23T21:10:07.171+0000] {standard_task_runner.py:72} INFO - Started process 529 to run task
[2026-06-23T21:10:07.170+0000] {standard_task_runner.py:104} INFO - Running: ['***', 'tasks', 'run', 'etl_ecommerce', 'extract', 'manual__2026-06-23T21:10:03.432676+00:00', '--job-id', '145', '--raw', '--subdir', 'DAGS_FOLDER/etl_ecommerce_dag.py', '--cfg-path', '/tmp/tmp0x4sjek6']
[2026-06-23T21:10:07.171+0000] {standard_task_runner.py:105} INFO - Job 145: Subtask extract
[2026-06-23T21:10:07.200+0000] {task_command.py:467} INFO - Running <TaskInstance: etl_ecommerce.extract manual__2026-06-23T21:10:03.432676+00:00 [running]> on host d2930d66fea2
[2026-06-23T21:10:07.244+0000] {taskinstance.py:3134} INFO - Exporting env vars: AIRFLOW_CTX_DAG_OWNER='juan_camilo' AIRFLOW_CTX_DAG_ID='etl_ecommerce' AIRFLOW_CTX_TASK_ID='extract' AIRFLOW_CTX_EXECUTION_DATE='2026-06-23T21:10:03.432676+00:00' AIRFLOW_CTX_TRY_NUMBER='1' AIRFLOW_CTX_DAG_RUN_ID='manual__2026-06-23T21:10:03.432676+00:00'
[2026-06-23T21:10:07.244+0000] {taskinstance.py:732} INFO - ::endgroup::
[2026-06-23T21:10:07.352+0000] {etl_ecommerce_dag.py:90} INFO - Descargando dataset: carrie1/ecommerce-data
[2026-06-23T21:10:07.352+0000] {logging_mixin.py:190} INFO - Dataset URL: https://www.kaggle.com/datasets/carrie1/ecommerce-data
[2026-06-23T21:10:08.423+0000] {etl_ecommerce_dag.py:96} INFO - ✅ Dataset descargado en /opt/***/data/raw
[2026-06-23T21:10:08.830+0000] {etl_ecommerce_dag.py:101} INFO - Registros leídos: 541909
[2026-06-23T21:10:08.830+0000] {etl_ecommerce_dag.py:102} INFO - Columnas: ['InvoiceNo', 'StockCode', 'Description', 'Quantity', 'InvoiceDate', 'UnitPrice', 'CustomerID', 'Country']
[2026-06-23T21:10:13.629+0000] {python.py:240} INFO - Done. Returned value was: None
[2026-06-23T21:10:13.635+0000] {taskinstance.py:341} INFO - ::group::Post task execution logs
[2026-06-23T21:10:13.636+0000] {taskinstance.py:353} INFO - Marking task as SUCCESS. dag_id=etl_ecommerce, task_id=extract, run_id=manual__2026-06-23T21:10:03.432676+00:00, execution_date=20260623T211003, start_date=20260623T211007, end_date=20260623T211013
[2026-06-23T21:10:13.663+0000] {local_task_job_runner.py:266} INFO - Task exited with return code 0
[2026-06-23T21:10:13.687+0000] {taskinstance.py:3901} INFO - 1 downstream tasks scheduled from follow-on schedule check
[2026-06-23T21:10:13.687+0000] {local_task_job_runner.py:245} INFO - ::endgroup::
