[2026-06-23T00:44:14.270+0000] {local_task_job_runner.py:123} INFO - ::group::Pre task execution logs
[2026-06-23T00:44:14.310+0000] {taskinstance.py:2614} INFO - Dependencies all met for dep_context=non-requeueable deps ti=<TaskInstance: etl_random_users.load manual__2026-06-23T00:33:40.572865+00:00 [queued]>
[2026-06-23T00:44:14.328+0000] {taskinstance.py:2614} INFO - Dependencies all met for dep_context=requeueable deps ti=<TaskInstance: etl_random_users.load manual__2026-06-23T00:33:40.572865+00:00 [queued]>
[2026-06-23T00:44:14.330+0000] {taskinstance.py:2867} INFO - Starting attempt 3 of 3
[2026-06-23T00:44:14.352+0000] {taskinstance.py:2890} INFO - Executing <Task(PythonOperator): load> on 2026-06-23 00:33:40.572865+00:00
[2026-06-23T00:44:14.368+0000] {standard_task_runner.py:104} INFO - Running: ['***', 'tasks', 'run', 'etl_random_users', 'load', 'manual__2026-06-23T00:33:40.572865+00:00', '--job-id', '124', '--raw', '--subdir', 'DAGS_FOLDER/hola_mundo_dag.py', '--cfg-path', '/tmp/tmp41gnyjxe']
[2026-06-23T00:44:14.374+0000] {logging_mixin.py:190} WARNING - /home/***/.local/lib/python3.12/site-packages/***/task/task_runner/standard_task_runner.py:70 DeprecationWarning: This process (pid=698) is multi-threaded, use of fork() may lead to deadlocks in the child.
[2026-06-23T00:44:14.374+0000] {standard_task_runner.py:105} INFO - Job 124: Subtask load
[2026-06-23T00:44:14.375+0000] {standard_task_runner.py:72} INFO - Started process 704 to run task
[2026-06-23T00:44:14.488+0000] {task_command.py:467} INFO - Running <TaskInstance: etl_random_users.load manual__2026-06-23T00:33:40.572865+00:00 [running]> on host 2739510d87fa
[2026-06-23T00:44:14.644+0000] {taskinstance.py:3134} INFO - Exporting env vars: AIRFLOW_CTX_DAG_OWNER='juan_camilo' AIRFLOW_CTX_DAG_ID='etl_random_users' AIRFLOW_CTX_TASK_ID='load' AIRFLOW_CTX_EXECUTION_DATE='2026-06-23T00:33:40.572865+00:00' AIRFLOW_CTX_TRY_NUMBER='3' AIRFLOW_CTX_DAG_RUN_ID='manual__2026-06-23T00:33:40.572865+00:00'
[2026-06-23T00:44:14.647+0000] {taskinstance.py:732} INFO - ::endgroup::
[2026-06-23T00:44:14.797+0000] {hola_mundo_dag.py:173} INFO - Cargando 5000 usuarios en Supabase...
[2026-06-23T00:44:14.800+0000] {crypto.py:82} WARNING - empty cryptography key - values will not be stored encrypted.
[2026-06-23T00:44:14.802+0000] {base.py:84} INFO - Retrieving connection 'postgres_destino'
[2026-06-23T00:44:15.879+0000] {hola_mundo_dag.py:206} INFO - Tabla 'usuarios_crm' lista.
[2026-06-23T00:45:58.445+0000] {hola_mundo_dag.py:240} INFO -   Lote 1 — 100/5000 insertados
[2026-06-23T00:45:58.864+0000] {hola_mundo_dag.py:240} INFO -   Lote 2 — 200/5000 insertados
[2026-06-23T00:45:59.326+0000] {hola_mundo_dag.py:240} INFO -   Lote 3 — 300/5000 insertados
[2026-06-23T00:45:59.713+0000] {hola_mundo_dag.py:240} INFO -   Lote 4 — 400/5000 insertados
[2026-06-23T00:46:00.051+0000] {hola_mundo_dag.py:240} INFO -   Lote 5 — 500/5000 insertados
[2026-06-23T00:46:00.524+0000] {hola_mundo_dag.py:240} INFO -   Lote 6 — 600/5000 insertados
[2026-06-23T00:46:00.999+0000] {hola_mundo_dag.py:240} INFO -   Lote 7 — 700/5000 insertados
[2026-06-23T00:46:01.379+0000] {hola_mundo_dag.py:240} INFO -   Lote 8 — 800/5000 insertados
[2026-06-23T00:46:01.773+0000] {hola_mundo_dag.py:240} INFO -   Lote 9 — 900/5000 insertados
[2026-06-23T00:46:02.342+0000] {hola_mundo_dag.py:240} INFO -   Lote 10 — 1000/5000 insertados
[2026-06-23T00:46:02.833+0000] {hola_mundo_dag.py:240} INFO -   Lote 11 — 1100/5000 insertados
[2026-06-23T00:46:03.308+0000] {hola_mundo_dag.py:240} INFO -   Lote 12 — 1200/5000 insertados
[2026-06-23T00:46:03.732+0000] {hola_mundo_dag.py:240} INFO -   Lote 13 — 1300/5000 insertados
[2026-06-23T00:46:04.184+0000] {hola_mundo_dag.py:240} INFO -   Lote 14 — 1400/5000 insertados
[2026-06-23T00:46:04.586+0000] {hola_mundo_dag.py:240} INFO -   Lote 15 — 1500/5000 insertados
[2026-06-23T00:46:04.942+0000] {hola_mundo_dag.py:240} INFO -   Lote 16 — 1600/5000 insertados
[2026-06-23T00:46:05.359+0000] {hola_mundo_dag.py:240} INFO -   Lote 17 — 1700/5000 insertados
[2026-06-23T00:46:05.717+0000] {hola_mundo_dag.py:240} INFO -   Lote 18 — 1800/5000 insertados
[2026-06-23T00:46:06.184+0000] {hola_mundo_dag.py:240} INFO -   Lote 19 — 1900/5000 insertados
[2026-06-23T00:46:06.669+0000] {hola_mundo_dag.py:240} INFO -   Lote 20 — 2000/5000 insertados
[2026-06-23T00:46:07.171+0000] {hola_mundo_dag.py:240} INFO -   Lote 21 — 2100/5000 insertados
[2026-06-23T00:46:07.554+0000] {hola_mundo_dag.py:240} INFO -   Lote 22 — 2200/5000 insertados
[2026-06-23T00:46:07.910+0000] {hola_mundo_dag.py:240} INFO -   Lote 23 — 2300/5000 insertados
[2026-06-23T00:46:08.307+0000] {hola_mundo_dag.py:240} INFO -   Lote 24 — 2400/5000 insertados
[2026-06-23T00:46:08.637+0000] {hola_mundo_dag.py:240} INFO -   Lote 25 — 2500/5000 insertados
[2026-06-23T00:46:09.008+0000] {hola_mundo_dag.py:240} INFO -   Lote 26 — 2600/5000 insertados
[2026-06-23T00:46:09.401+0000] {hola_mundo_dag.py:240} INFO -   Lote 27 — 2700/5000 insertados
[2026-06-23T00:46:09.788+0000] {hola_mundo_dag.py:240} INFO -   Lote 28 — 2800/5000 insertados
[2026-06-23T00:46:10.379+0000] {hola_mundo_dag.py:240} INFO -   Lote 29 — 2900/5000 insertados
[2026-06-23T00:46:10.769+0000] {hola_mundo_dag.py:240} INFO -   Lote 30 — 3000/5000 insertados
[2026-06-23T00:46:11.162+0000] {hola_mundo_dag.py:240} INFO -   Lote 31 — 3100/5000 insertados
[2026-06-23T00:46:11.754+0000] {hola_mundo_dag.py:240} INFO -   Lote 32 — 3200/5000 insertados
[2026-06-23T00:46:12.154+0000] {hola_mundo_dag.py:240} INFO -   Lote 33 — 3300/5000 insertados
[2026-06-23T00:46:12.655+0000] {hola_mundo_dag.py:240} INFO -   Lote 34 — 3400/5000 insertados
[2026-06-23T00:46:13.038+0000] {hola_mundo_dag.py:240} INFO -   Lote 35 — 3500/5000 insertados
[2026-06-23T00:46:13.427+0000] {hola_mundo_dag.py:240} INFO -   Lote 36 — 3600/5000 insertados
[2026-06-23T00:46:13.835+0000] {hola_mundo_dag.py:240} INFO -   Lote 37 — 3700/5000 insertados
[2026-06-23T00:46:14.310+0000] {hola_mundo_dag.py:240} INFO -   Lote 38 — 3800/5000 insertados
[2026-06-23T00:46:14.701+0000] {hola_mundo_dag.py:240} INFO -   Lote 39 — 3900/5000 insertados
[2026-06-23T00:46:15.163+0000] {hola_mundo_dag.py:240} INFO -   Lote 40 — 4000/5000 insertados
[2026-06-23T00:46:15.491+0000] {hola_mundo_dag.py:240} INFO -   Lote 41 — 4100/5000 insertados
[2026-06-23T00:46:16.173+0000] {hola_mundo_dag.py:240} INFO -   Lote 42 — 4200/5000 insertados
[2026-06-23T00:46:16.598+0000] {hola_mundo_dag.py:240} INFO -   Lote 43 — 4300/5000 insertados
[2026-06-23T00:46:16.990+0000] {hola_mundo_dag.py:240} INFO -   Lote 44 — 4400/5000 insertados
[2026-06-23T00:46:17.323+0000] {hola_mundo_dag.py:240} INFO -   Lote 45 — 4500/5000 insertados
[2026-06-23T00:46:17.706+0000] {hola_mundo_dag.py:240} INFO -   Lote 46 — 4600/5000 insertados
[2026-06-23T00:46:21.260+0000] {hola_mundo_dag.py:240} INFO -   Lote 47 — 4700/5000 insertados
[2026-06-23T00:46:21.658+0000] {hola_mundo_dag.py:240} INFO -   Lote 48 — 4800/5000 insertados
[2026-06-23T00:46:22.047+0000] {hola_mundo_dag.py:240} INFO -   Lote 49 — 4900/5000 insertados
[2026-06-23T00:46:22.533+0000] {hola_mundo_dag.py:240} INFO -   Lote 50 — 5000/5000 insertados
[2026-06-23T00:46:22.535+0000] {hola_mundo_dag.py:245} INFO - ✅ Carga completa — 5000 registros en Supabase.
[2026-06-23T00:46:22.582+0000] {python.py:240} INFO - Done. Returned value was: None
[2026-06-23T00:46:22.603+0000] {taskinstance.py:341} INFO - ::group::Post task execution logs
[2026-06-23T00:46:22.605+0000] {taskinstance.py:353} INFO - Marking task as SUCCESS. dag_id=etl_random_users, task_id=load, run_id=manual__2026-06-23T00:33:40.572865+00:00, execution_date=20260623T003340, start_date=20260623T004414, end_date=20260623T004622
[2026-06-23T00:46:22.705+0000] {local_task_job_runner.py:266} INFO - Task exited with return code 0
[2026-06-23T00:46:22.759+0000] {taskinstance.py:3901} INFO - 1 downstream tasks scheduled from follow-on schedule check
[2026-06-23T00:46:22.763+0000] {local_task_job_runner.py:245} INFO - ::endgroup::
