[2026-06-23T20:34:20.022+0000] {local_task_job_runner.py:123} INFO - ::group::Pre task execution logs
[2026-06-23T20:34:20.031+0000] {taskinstance.py:2614} INFO - Dependencies all met for dep_context=non-requeueable deps ti=<TaskInstance: etl_random_users.setup manual__2026-06-23T20:34:18.731829+00:00 [queued]>
[2026-06-23T20:34:20.035+0000] {taskinstance.py:2614} INFO - Dependencies all met for dep_context=requeueable deps ti=<TaskInstance: etl_random_users.setup manual__2026-06-23T20:34:18.731829+00:00 [queued]>
[2026-06-23T20:34:20.035+0000] {taskinstance.py:2867} INFO - Starting attempt 1 of 3
[2026-06-23T20:34:20.042+0000] {taskinstance.py:2890} INFO - Executing <Task(PythonOperator): setup> on 2026-06-23 20:34:18.731829+00:00
[2026-06-23T20:34:20.048+0000] {standard_task_runner.py:104} INFO - Running: ['***', 'tasks', 'run', 'etl_random_users', 'setup', 'manual__2026-06-23T20:34:18.731829+00:00', '--job-id', '54', '--raw', '--subdir', 'DAGS_FOLDER/hola_mundo_dag.py', '--cfg-path', '/tmp/tmpecxvh0t2']
[2026-06-23T20:34:20.049+0000] {standard_task_runner.py:105} INFO - Job 54: Subtask setup
[2026-06-23T20:34:20.050+0000] {logging_mixin.py:190} WARNING - /home/***/.local/lib/python3.12/site-packages/***/task/task_runner/standard_task_runner.py:70 DeprecationWarning: This process (pid=230) is multi-threaded, use of fork() may lead to deadlocks in the child.
[2026-06-23T20:34:20.050+0000] {standard_task_runner.py:72} INFO - Started process 232 to run task
[2026-06-23T20:34:20.075+0000] {task_command.py:467} INFO - Running <TaskInstance: etl_random_users.setup manual__2026-06-23T20:34:18.731829+00:00 [running]> on host 8884758d4df3
[2026-06-23T20:34:20.123+0000] {taskinstance.py:3134} INFO - Exporting env vars: AIRFLOW_CTX_DAG_OWNER='juan_camilo' AIRFLOW_CTX_DAG_ID='etl_random_users' AIRFLOW_CTX_TASK_ID='setup' AIRFLOW_CTX_EXECUTION_DATE='2026-06-23T20:34:18.731829+00:00' AIRFLOW_CTX_TRY_NUMBER='1' AIRFLOW_CTX_DAG_RUN_ID='manual__2026-06-23T20:34:18.731829+00:00'
[2026-06-23T20:34:20.123+0000] {taskinstance.py:732} INFO - ::endgroup::
[2026-06-23T20:34:20.132+0000] {crypto.py:82} WARNING - empty cryptography key - values will not be stored encrypted.
[2026-06-23T20:34:20.132+0000] {base.py:84} INFO - Retrieving connection 'postgres_destino'
[2026-06-23T20:34:20.837+0000] {hola_mundo_dag.py:54} INFO - ✅ Conexión a Supabase exitosa.
[2026-06-23T20:34:20.838+0000] {hola_mundo_dag.py:55} INFO -    PostgreSQL version: PostgreSQL 17.6 on aarch64-unknown-linux-gnu, compiled by gcc (GCC) 15.2.0, 64-bit
[2026-06-23T20:34:20.950+0000] {python.py:240} INFO - Done. Returned value was: None
[2026-06-23T20:34:20.957+0000] {taskinstance.py:341} INFO - ::group::Post task execution logs
[2026-06-23T20:34:20.957+0000] {taskinstance.py:353} INFO - Marking task as SUCCESS. dag_id=etl_random_users, task_id=setup, run_id=manual__2026-06-23T20:34:18.731829+00:00, execution_date=20260623T203418, start_date=20260623T203420, end_date=20260623T203420
[2026-06-23T20:34:20.985+0000] {local_task_job_runner.py:266} INFO - Task exited with return code 0
[2026-06-23T20:34:21.003+0000] {taskinstance.py:3901} INFO - 1 downstream tasks scheduled from follow-on schedule check
[2026-06-23T20:34:21.004+0000] {local_task_job_runner.py:245} INFO - ::endgroup::
