[2026-06-23T00:37:36.062+0000] {local_task_job_runner.py:123} INFO - ::group::Pre task execution logs
[2026-06-23T00:37:36.094+0000] {taskinstance.py:2614} INFO - Dependencies all met for dep_context=non-requeueable deps ti=<TaskInstance: etl_random_users.setup manual__2026-06-23T00:37:33.697083+00:00 [queued]>
[2026-06-23T00:37:36.108+0000] {taskinstance.py:2614} INFO - Dependencies all met for dep_context=requeueable deps ti=<TaskInstance: etl_random_users.setup manual__2026-06-23T00:37:33.697083+00:00 [queued]>
[2026-06-23T00:37:36.109+0000] {taskinstance.py:2867} INFO - Starting attempt 1 of 3
[2026-06-23T00:37:36.129+0000] {taskinstance.py:2890} INFO - Executing <Task(PythonOperator): setup> on 2026-06-23 00:37:33.697083+00:00
[2026-06-23T00:37:36.148+0000] {logging_mixin.py:190} WARNING - /home/***/.local/lib/python3.12/site-packages/***/task/task_runner/standard_task_runner.py:70 DeprecationWarning: This process (pid=574) is multi-threaded, use of fork() may lead to deadlocks in the child.
[2026-06-23T00:37:36.145+0000] {standard_task_runner.py:104} INFO - Running: ['***', 'tasks', 'run', 'etl_random_users', 'setup', 'manual__2026-06-23T00:37:33.697083+00:00', '--job-id', '111', '--raw', '--subdir', 'DAGS_FOLDER/hola_mundo_dag.py', '--cfg-path', '/tmp/tmpi5hl0t6v']
[2026-06-23T00:37:36.150+0000] {standard_task_runner.py:72} INFO - Started process 576 to run task
[2026-06-23T00:37:36.151+0000] {standard_task_runner.py:105} INFO - Job 111: Subtask setup
[2026-06-23T00:37:36.320+0000] {task_command.py:467} INFO - Running <TaskInstance: etl_random_users.setup manual__2026-06-23T00:37:33.697083+00:00 [running]> on host 2739510d87fa
[2026-06-23T00:37:36.560+0000] {taskinstance.py:3134} INFO - Exporting env vars: AIRFLOW_CTX_DAG_OWNER='juan_camilo' AIRFLOW_CTX_DAG_ID='etl_random_users' AIRFLOW_CTX_TASK_ID='setup' AIRFLOW_CTX_EXECUTION_DATE='2026-06-23T00:37:33.697083+00:00' AIRFLOW_CTX_TRY_NUMBER='1' AIRFLOW_CTX_DAG_RUN_ID='manual__2026-06-23T00:37:33.697083+00:00'
[2026-06-23T00:37:36.564+0000] {taskinstance.py:732} INFO - ::endgroup::
[2026-06-23T00:37:36.598+0000] {crypto.py:82} WARNING - empty cryptography key - values will not be stored encrypted.
[2026-06-23T00:37:36.600+0000] {base.py:84} INFO - Retrieving connection 'postgres_destino'
[2026-06-23T00:37:37.372+0000] {hola_mundo_dag.py:52} INFO - ✅ Conexión a Supabase exitosa.
[2026-06-23T00:37:37.379+0000] {hola_mundo_dag.py:53} INFO -    PostgreSQL version: PostgreSQL 17.6 on aarch64-unknown-linux-gnu, compiled by gcc (GCC) 15.2.0, 64-bit
[2026-06-23T00:37:37.381+0000] {python.py:240} INFO - Done. Returned value was: None
[2026-06-23T00:37:37.412+0000] {taskinstance.py:341} INFO - ::group::Post task execution logs
[2026-06-23T00:37:37.414+0000] {taskinstance.py:353} INFO - Marking task as SUCCESS. dag_id=etl_random_users, task_id=setup, run_id=manual__2026-06-23T00:37:33.697083+00:00, execution_date=20260623T003733, start_date=20260623T003736, end_date=20260623T003737
[2026-06-23T00:37:37.616+0000] {local_task_job_runner.py:266} INFO - Task exited with return code 0
[2026-06-23T00:37:37.680+0000] {taskinstance.py:3901} INFO - 1 downstream tasks scheduled from follow-on schedule check
[2026-06-23T00:37:37.686+0000] {local_task_job_runner.py:245} INFO - ::endgroup::
