[2026-06-23T19:51:28.669+0000] {local_task_job_runner.py:123} INFO - ::group::Pre task execution logs
[2026-06-23T19:51:28.681+0000] {taskinstance.py:2614} INFO - Dependencies all met for dep_context=non-requeueable deps ti=<TaskInstance: etl_random_users.save_local manual__2026-06-23T19:47:36.768528+00:00 [queued]>
[2026-06-23T19:51:28.686+0000] {taskinstance.py:2614} INFO - Dependencies all met for dep_context=requeueable deps ti=<TaskInstance: etl_random_users.save_local manual__2026-06-23T19:47:36.768528+00:00 [queued]>
[2026-06-23T19:51:28.686+0000] {taskinstance.py:2867} INFO - Starting attempt 1 of 3
[2026-06-23T19:51:28.693+0000] {taskinstance.py:2890} INFO - Executing <Task(PythonOperator): save_local> on 2026-06-23 19:47:36.768528+00:00
[2026-06-23T19:51:28.698+0000] {standard_task_runner.py:104} INFO - Running: ['***', 'tasks', 'run', 'etl_random_users', 'save_local', 'manual__2026-06-23T19:47:36.768528+00:00', '--job-id', '28', '--raw', '--subdir', 'DAGS_FOLDER/hola_mundo_dag.py', '--cfg-path', '/tmp/tmpox3_ff5b']
[2026-06-23T19:51:28.699+0000] {standard_task_runner.py:105} INFO - Job 28: Subtask save_local
[2026-06-23T19:51:28.700+0000] {logging_mixin.py:190} WARNING - /home/***/.local/lib/python3.12/site-packages/***/task/task_runner/standard_task_runner.py:70 DeprecationWarning: This process (pid=246) is multi-threaded, use of fork() may lead to deadlocks in the child.
[2026-06-23T19:51:28.700+0000] {standard_task_runner.py:72} INFO - Started process 248 to run task
[2026-06-23T19:51:28.725+0000] {task_command.py:467} INFO - Running <TaskInstance: etl_random_users.save_local manual__2026-06-23T19:47:36.768528+00:00 [running]> on host 5e2f3db502aa
[2026-06-23T19:51:28.767+0000] {taskinstance.py:3134} INFO - Exporting env vars: AIRFLOW_CTX_DAG_OWNER='juan_camilo' AIRFLOW_CTX_DAG_ID='etl_random_users' AIRFLOW_CTX_TASK_ID='save_local' AIRFLOW_CTX_EXECUTION_DATE='2026-06-23T19:47:36.768528+00:00' AIRFLOW_CTX_TRY_NUMBER='1' AIRFLOW_CTX_DAG_RUN_ID='manual__2026-06-23T19:47:36.768528+00:00'
[2026-06-23T19:51:28.768+0000] {taskinstance.py:732} INFO - ::endgroup::
[2026-06-23T19:51:28.787+0000] {hola_mundo_dag.py:290} INFO - ✅ Archivo guardado localmente: /opt/***/data/clean/usuarios_crm_2026-06-23_19-51-28.csv
[2026-06-23T19:51:28.788+0000] {hola_mundo_dag.py:291} INFO -    Registros guardados: 100
[2026-06-23T19:51:28.789+0000] {hola_mundo_dag.py:296} INFO - ✅ Archivo latest actualizado: /opt/***/data/usuarios_crm_latest.csv
[2026-06-23T19:51:28.796+0000] {python.py:240} INFO - Done. Returned value was: None
[2026-06-23T19:51:28.802+0000] {taskinstance.py:341} INFO - ::group::Post task execution logs
[2026-06-23T19:51:28.802+0000] {taskinstance.py:353} INFO - Marking task as SUCCESS. dag_id=etl_random_users, task_id=save_local, run_id=manual__2026-06-23T19:47:36.768528+00:00, execution_date=20260623T194736, start_date=20260623T195128, end_date=20260623T195128
[2026-06-23T19:51:28.833+0000] {local_task_job_runner.py:266} INFO - Task exited with return code 0
[2026-06-23T19:51:28.855+0000] {taskinstance.py:3901} INFO - 1 downstream tasks scheduled from follow-on schedule check
[2026-06-23T19:51:28.857+0000] {local_task_job_runner.py:245} INFO - ::endgroup::
