[2026-06-23T21:58:08.652+0000] {local_task_job_runner.py:123} INFO - ::group::Pre task execution logs
[2026-06-23T21:58:08.664+0000] {taskinstance.py:2614} INFO - Dependencies all met for dep_context=non-requeueable deps ti=<TaskInstance: etl_ecommerce.extract manual__2026-06-23T21:58:02.418615+00:00 [queued]>
[2026-06-23T21:58:08.669+0000] {taskinstance.py:2614} INFO - Dependencies all met for dep_context=requeueable deps ti=<TaskInstance: etl_ecommerce.extract manual__2026-06-23T21:58:02.418615+00:00 [queued]>
[2026-06-23T21:58:08.669+0000] {taskinstance.py:2867} INFO - Starting attempt 1 of 3
[2026-06-23T21:58:08.676+0000] {taskinstance.py:2890} INFO - Executing <Task(PythonOperator): extract> on 2026-06-23 21:58:02.418615+00:00
[2026-06-23T21:58:08.682+0000] {logging_mixin.py:190} WARNING - /home/***/.local/lib/python3.12/site-packages/***/task/task_runner/standard_task_runner.py:70 DeprecationWarning: This process (pid=1184) is multi-threaded, use of fork() may lead to deadlocks in the child.
[2026-06-23T21:58:08.683+0000] {standard_task_runner.py:72} INFO - Started process 1186 to run task
[2026-06-23T21:58:08.683+0000] {standard_task_runner.py:104} INFO - Running: ['***', 'tasks', 'run', 'etl_ecommerce', 'extract', 'manual__2026-06-23T21:58:02.418615+00:00', '--job-id', '165', '--raw', '--subdir', 'DAGS_FOLDER/etl_ecommerce_dag.py', '--cfg-path', '/tmp/tmpx7bl5zjl']
[2026-06-23T21:58:08.684+0000] {standard_task_runner.py:105} INFO - Job 165: Subtask extract
[2026-06-23T21:58:08.711+0000] {task_command.py:467} INFO - Running <TaskInstance: etl_ecommerce.extract manual__2026-06-23T21:58:02.418615+00:00 [running]> on host d2930d66fea2
[2026-06-23T21:58:08.760+0000] {taskinstance.py:3134} INFO - Exporting env vars: AIRFLOW_CTX_DAG_OWNER='juan_camilo' AIRFLOW_CTX_DAG_ID='etl_ecommerce' AIRFLOW_CTX_TASK_ID='extract' AIRFLOW_CTX_EXECUTION_DATE='2026-06-23T21:58:02.418615+00:00' AIRFLOW_CTX_TRY_NUMBER='1' AIRFLOW_CTX_DAG_RUN_ID='manual__2026-06-23T21:58:02.418615+00:00'
[2026-06-23T21:58:08.761+0000] {taskinstance.py:732} INFO - ::endgroup::
[2026-06-23T21:58:08.872+0000] {etl_ecommerce_dag.py:90} INFO - Descargando dataset: carrie1/ecommerce-data
[2026-06-23T21:58:08.872+0000] {logging_mixin.py:190} INFO - Dataset URL: https://www.kaggle.com/datasets/carrie1/ecommerce-data
[2026-06-23T21:58:10.703+0000] {etl_ecommerce_dag.py:96} INFO - ✅ Dataset descargado en /opt/***/data/raw
[2026-06-23T21:58:11.105+0000] {etl_ecommerce_dag.py:101} INFO - Registros leídos: 541909
[2026-06-23T21:58:11.105+0000] {etl_ecommerce_dag.py:102} INFO - Columnas: ['InvoiceNo', 'StockCode', 'Description', 'Quantity', 'InvoiceDate', 'UnitPrice', 'CustomerID', 'Country']
[2026-06-23T21:58:18.258+0000] {python.py:240} INFO - Done. Returned value was: None
[2026-06-23T21:58:18.265+0000] {taskinstance.py:341} INFO - ::group::Post task execution logs
[2026-06-23T21:58:18.265+0000] {taskinstance.py:353} INFO - Marking task as SUCCESS. dag_id=etl_ecommerce, task_id=extract, run_id=manual__2026-06-23T21:58:02.418615+00:00, execution_date=20260623T215802, start_date=20260623T215808, end_date=20260623T215818
[2026-06-23T21:58:18.310+0000] {local_task_job_runner.py:266} INFO - Task exited with return code 0
[2026-06-23T21:58:18.326+0000] {local_task_job_runner.py:245} INFO - ::endgroup::
