[2026-06-22T20:33:46.889+0000] {local_task_job_runner.py:123} INFO - ::group::Pre task execution logs
[2026-06-22T20:33:46.926+0000] {taskinstance.py:2614} INFO - Dependencies all met for dep_context=non-requeueable deps ti=<TaskInstance: etl_random_users.extract scheduled__2026-06-21T06:00:00+00:00 [queued]>
[2026-06-22T20:33:46.940+0000] {taskinstance.py:2614} INFO - Dependencies all met for dep_context=requeueable deps ti=<TaskInstance: etl_random_users.extract scheduled__2026-06-21T06:00:00+00:00 [queued]>
[2026-06-22T20:33:46.942+0000] {taskinstance.py:2867} INFO - Starting attempt 1 of 3
[2026-06-22T20:33:46.963+0000] {taskinstance.py:2890} INFO - Executing <Task(PythonOperator): extract> on 2026-06-21 06:00:00+00:00
[2026-06-22T20:33:46.980+0000] {standard_task_runner.py:104} INFO - Running: ['***', 'tasks', 'run', 'etl_random_users', 'extract', 'scheduled__2026-06-21T06:00:00+00:00', '--job-id', '6', '--raw', '--subdir', 'DAGS_FOLDER/hola_mundo_dag.py', '--cfg-path', '/tmp/tmp1m06hh7u']
[2026-06-22T20:33:46.987+0000] {standard_task_runner.py:105} INFO - Job 6: Subtask extract
[2026-06-22T20:33:46.987+0000] {logging_mixin.py:190} WARNING - /home/***/.local/lib/python3.12/site-packages/***/task/task_runner/standard_task_runner.py:70 DeprecationWarning: This process (pid=360) is multi-threaded, use of fork() may lead to deadlocks in the child.
[2026-06-22T20:33:46.990+0000] {standard_task_runner.py:72} INFO - Started process 362 to run task
[2026-06-22T20:33:47.102+0000] {task_command.py:467} INFO - Running <TaskInstance: etl_random_users.extract scheduled__2026-06-21T06:00:00+00:00 [running]> on host ce0b4fc77e82
[2026-06-22T20:33:47.279+0000] {taskinstance.py:3134} INFO - Exporting env vars: AIRFLOW_CTX_DAG_OWNER='juan_camilo' AIRFLOW_CTX_DAG_ID='etl_random_users' AIRFLOW_CTX_TASK_ID='extract' AIRFLOW_CTX_EXECUTION_DATE='2026-06-21T06:00:00+00:00' AIRFLOW_CTX_TRY_NUMBER='1' AIRFLOW_CTX_DAG_RUN_ID='scheduled__2026-06-21T06:00:00+00:00'
[2026-06-22T20:33:47.282+0000] {taskinstance.py:732} INFO - ::endgroup::
[2026-06-22T20:33:47.356+0000] {hola_mundo_dag.py:44} INFO - Iniciando extracción de 5000 usuarios...
[2026-06-22T20:33:47.784+0000] {hola_mundo_dag.py:54} INFO -   Batch 1/10 — 500 usuarios obtenidos
[2026-06-22T20:33:48.298+0000] {hola_mundo_dag.py:54} INFO -   Batch 2/10 — 500 usuarios obtenidos
[2026-06-22T20:33:48.688+0000] {hola_mundo_dag.py:54} INFO -   Batch 3/10 — 500 usuarios obtenidos
[2026-06-22T20:33:49.171+0000] {hola_mundo_dag.py:54} INFO -   Batch 4/10 — 500 usuarios obtenidos
[2026-06-22T20:33:49.588+0000] {hola_mundo_dag.py:54} INFO -   Batch 5/10 — 500 usuarios obtenidos
[2026-06-22T20:33:50.006+0000] {hola_mundo_dag.py:54} INFO -   Batch 6/10 — 500 usuarios obtenidos
[2026-06-22T20:33:50.438+0000] {hola_mundo_dag.py:54} INFO -   Batch 7/10 — 500 usuarios obtenidos
[2026-06-22T20:33:50.908+0000] {hola_mundo_dag.py:54} INFO -   Batch 8/10 — 500 usuarios obtenidos
[2026-06-22T20:33:51.364+0000] {hola_mundo_dag.py:54} INFO -   Batch 9/10 — 500 usuarios obtenidos
[2026-06-22T20:33:51.825+0000] {hola_mundo_dag.py:54} INFO -   Batch 10/10 — 500 usuarios obtenidos
[2026-06-22T20:33:51.827+0000] {hola_mundo_dag.py:56} INFO - Extracción completa: 5000 usuarios en total.
[2026-06-22T20:33:52.424+0000] {python.py:240} INFO - Done. Returned value was: None
[2026-06-22T20:33:52.446+0000] {taskinstance.py:341} INFO - ::group::Post task execution logs
[2026-06-22T20:33:52.448+0000] {taskinstance.py:353} INFO - Marking task as SUCCESS. dag_id=etl_random_users, task_id=extract, run_id=scheduled__2026-06-21T06:00:00+00:00, execution_date=20260621T060000, start_date=20260622T203346, end_date=20260622T203352
[2026-06-22T20:33:52.563+0000] {local_task_job_runner.py:266} INFO - Task exited with return code 0
[2026-06-22T20:33:52.588+0000] {local_task_job_runner.py:245} INFO - ::endgroup::
