[2026-06-23T22:21:22.005+0000] {local_task_job_runner.py:123} INFO - ::group::Pre task execution logs
[2026-06-23T22:21:22.018+0000] {taskinstance.py:2614} INFO - Dependencies all met for dep_context=non-requeueable deps ti=<TaskInstance: etl_ecommerce.load manual__2026-06-23T22:13:00.973517+00:00 [queued]>
[2026-06-23T22:21:22.023+0000] {taskinstance.py:2614} INFO - Dependencies all met for dep_context=requeueable deps ti=<TaskInstance: etl_ecommerce.load manual__2026-06-23T22:13:00.973517+00:00 [queued]>
[2026-06-23T22:21:22.023+0000] {taskinstance.py:2867} INFO - Starting attempt 1 of 3
[2026-06-23T22:21:22.031+0000] {taskinstance.py:2890} INFO - Executing <Task(PythonOperator): load> on 2026-06-23 22:13:00.973517+00:00
[2026-06-23T22:21:22.037+0000] {logging_mixin.py:190} WARNING - /home/***/.local/lib/python3.12/site-packages/***/task/task_runner/standard_task_runner.py:70 DeprecationWarning: This process (pid=1631) is multi-threaded, use of fork() may lead to deadlocks in the child.
[2026-06-23T22:21:22.037+0000] {standard_task_runner.py:72} INFO - Started process 1633 to run task
[2026-06-23T22:21:22.037+0000] {standard_task_runner.py:104} INFO - Running: ['***', 'tasks', 'run', 'etl_ecommerce', 'load', 'manual__2026-06-23T22:13:00.973517+00:00', '--job-id', '189', '--raw', '--subdir', 'DAGS_FOLDER/etl_ecommerce_dag.py', '--cfg-path', '/tmp/tmpuwsmq5i0']
[2026-06-23T22:21:22.038+0000] {standard_task_runner.py:105} INFO - Job 189: Subtask load
[2026-06-23T22:21:22.064+0000] {task_command.py:467} INFO - Running <TaskInstance: etl_ecommerce.load manual__2026-06-23T22:13:00.973517+00:00 [running]> on host d2930d66fea2
[2026-06-23T22:21:22.112+0000] {taskinstance.py:3134} INFO - Exporting env vars: AIRFLOW_CTX_DAG_OWNER='juan_camilo' AIRFLOW_CTX_DAG_ID='etl_ecommerce' AIRFLOW_CTX_TASK_ID='load' AIRFLOW_CTX_EXECUTION_DATE='2026-06-23T22:13:00.973517+00:00' AIRFLOW_CTX_TRY_NUMBER='1' AIRFLOW_CTX_DAG_RUN_ID='manual__2026-06-23T22:13:00.973517+00:00'
[2026-06-23T22:21:22.112+0000] {taskinstance.py:732} INFO - ::endgroup::
[2026-06-23T22:21:24.770+0000] {etl_ecommerce_dag.py:293} INFO - Cargando 387841 registros en Supabase...
[2026-06-23T22:21:24.770+0000] {crypto.py:82} WARNING - empty cryptography key - values will not be stored encrypted.
[2026-06-23T22:21:24.771+0000] {base.py:84} INFO - Retrieving connection 'postgres_destino'
[2026-06-23T22:21:25.551+0000] {etl_ecommerce_dag.py:319} INFO - Tabla 'ecommerce_transacciones' lista.
[2026-06-23T22:21:27.302+0000] {etl_ecommerce_dag.py:358} INFO -   Lote 1 — 1000/387841 registros insertados
[2026-06-23T22:21:28.429+0000] {etl_ecommerce_dag.py:358} INFO -   Lote 2 — 2000/387841 registros insertados
[2026-06-23T22:21:29.585+0000] {etl_ecommerce_dag.py:358} INFO -   Lote 3 — 3000/387841 registros insertados
[2026-06-23T22:21:30.683+0000] {etl_ecommerce_dag.py:358} INFO -   Lote 4 — 4000/387841 registros insertados
[2026-06-23T22:21:31.766+0000] {etl_ecommerce_dag.py:358} INFO -   Lote 5 — 5000/387841 registros insertados
[2026-06-23T22:21:32.822+0000] {etl_ecommerce_dag.py:358} INFO -   Lote 6 — 6000/387841 registros insertados
[2026-06-23T22:21:33.904+0000] {etl_ecommerce_dag.py:358} INFO -   Lote 7 — 7000/387841 registros insertados
[2026-06-23T22:21:35.018+0000] {etl_ecommerce_dag.py:358} INFO -   Lote 8 — 8000/387841 registros insertados
[2026-06-23T22:21:36.107+0000] {etl_ecommerce_dag.py:358} INFO -   Lote 9 — 9000/387841 registros insertados
[2026-06-23T22:21:37.206+0000] {etl_ecommerce_dag.py:358} INFO -   Lote 10 — 10000/387841 registros insertados
[2026-06-23T22:21:38.296+0000] {etl_ecommerce_dag.py:358} INFO -   Lote 11 — 11000/387841 registros insertados
[2026-06-23T22:21:39.384+0000] {etl_ecommerce_dag.py:358} INFO -   Lote 12 — 12000/387841 registros insertados
[2026-06-23T22:21:40.470+0000] {etl_ecommerce_dag.py:358} INFO -   Lote 13 — 13000/387841 registros insertados
[2026-06-23T22:21:41.555+0000] {etl_ecommerce_dag.py:358} INFO -   Lote 14 — 14000/387841 registros insertados
[2026-06-23T22:21:42.632+0000] {etl_ecommerce_dag.py:358} INFO -   Lote 15 — 15000/387841 registros insertados
[2026-06-23T22:21:43.706+0000] {etl_ecommerce_dag.py:358} INFO -   Lote 16 — 16000/387841 registros insertados
[2026-06-23T22:21:44.783+0000] {etl_ecommerce_dag.py:358} INFO -   Lote 17 — 17000/387841 registros insertados
[2026-06-23T22:21:45.929+0000] {etl_ecommerce_dag.py:358} INFO -   Lote 18 — 18000/387841 registros insertados
[2026-06-23T22:21:47.049+0000] {etl_ecommerce_dag.py:358} INFO -   Lote 19 — 19000/387841 registros insertados
[2026-06-23T22:21:48.156+0000] {etl_ecommerce_dag.py:358} INFO -   Lote 20 — 20000/387841 registros insertados
[2026-06-23T22:21:49.269+0000] {etl_ecommerce_dag.py:358} INFO -   Lote 21 — 21000/387841 registros insertados
[2026-06-23T22:21:50.365+0000] {etl_ecommerce_dag.py:358} INFO -   Lote 22 — 22000/387841 registros insertados
[2026-06-23T22:21:51.471+0000] {etl_ecommerce_dag.py:358} INFO -   Lote 23 — 23000/387841 registros insertados
[2026-06-23T22:21:52.579+0000] {etl_ecommerce_dag.py:358} INFO -   Lote 24 — 24000/387841 registros insertados
[2026-06-23T22:21:53.686+0000] {etl_ecommerce_dag.py:358} INFO -   Lote 25 — 25000/387841 registros insertados
[2026-06-23T22:21:54.791+0000] {etl_ecommerce_dag.py:358} INFO -   Lote 26 — 26000/387841 registros insertados
[2026-06-23T22:21:55.885+0000] {etl_ecommerce_dag.py:358} INFO -   Lote 27 — 27000/387841 registros insertados
[2026-06-23T22:21:56.966+0000] {etl_ecommerce_dag.py:358} INFO -   Lote 28 — 28000/387841 registros insertados
[2026-06-23T22:21:58.047+0000] {etl_ecommerce_dag.py:358} INFO -   Lote 29 — 29000/387841 registros insertados
[2026-06-23T22:21:59.129+0000] {etl_ecommerce_dag.py:358} INFO -   Lote 30 — 30000/387841 registros insertados
[2026-06-23T22:22:00.227+0000] {etl_ecommerce_dag.py:358} INFO -   Lote 31 — 31000/387841 registros insertados
[2026-06-23T22:22:01.317+0000] {etl_ecommerce_dag.py:358} INFO -   Lote 32 — 32000/387841 registros insertados
[2026-06-23T22:22:02.429+0000] {etl_ecommerce_dag.py:358} INFO -   Lote 33 — 33000/387841 registros insertados
[2026-06-23T22:22:03.522+0000] {etl_ecommerce_dag.py:358} INFO -   Lote 34 — 34000/387841 registros insertados
[2026-06-23T22:22:04.626+0000] {etl_ecommerce_dag.py:358} INFO -   Lote 35 — 35000/387841 registros insertados
[2026-06-23T22:22:05.706+0000] {etl_ecommerce_dag.py:358} INFO -   Lote 36 — 36000/387841 registros insertados
[2026-06-23T22:22:06.798+0000] {etl_ecommerce_dag.py:358} INFO -   Lote 37 — 37000/387841 registros insertados
[2026-06-23T22:22:07.900+0000] {etl_ecommerce_dag.py:358} INFO -   Lote 38 — 38000/387841 registros insertados
[2026-06-23T22:22:08.979+0000] {etl_ecommerce_dag.py:358} INFO -   Lote 39 — 39000/387841 registros insertados
[2026-06-23T22:22:10.656+0000] {etl_ecommerce_dag.py:358} INFO -   Lote 40 — 40000/387841 registros insertados
[2026-06-23T22:22:11.736+0000] {etl_ecommerce_dag.py:358} INFO -   Lote 41 — 41000/387841 registros insertados
[2026-06-23T22:22:12.842+0000] {etl_ecommerce_dag.py:358} INFO -   Lote 42 — 42000/387841 registros insertados
[2026-06-23T22:22:13.935+0000] {etl_ecommerce_dag.py:358} INFO -   Lote 43 — 43000/387841 registros insertados
[2026-06-23T22:22:15.014+0000] {etl_ecommerce_dag.py:358} INFO -   Lote 44 — 44000/387841 registros insertados
[2026-06-23T22:22:16.107+0000] {etl_ecommerce_dag.py:358} INFO -   Lote 45 — 45000/387841 registros insertados
[2026-06-23T22:22:17.203+0000] {etl_ecommerce_dag.py:358} INFO -   Lote 46 — 46000/387841 registros insertados
[2026-06-23T22:22:18.284+0000] {etl_ecommerce_dag.py:358} INFO -   Lote 47 — 47000/387841 registros insertados
[2026-06-23T22:22:19.365+0000] {etl_ecommerce_dag.py:358} INFO -   Lote 48 — 48000/387841 registros insertados
[2026-06-23T22:22:20.449+0000] {etl_ecommerce_dag.py:358} INFO -   Lote 49 — 49000/387841 registros insertados
[2026-06-23T22:22:21.532+0000] {etl_ecommerce_dag.py:358} INFO -   Lote 50 — 50000/387841 registros insertados
[2026-06-23T22:22:22.624+0000] {etl_ecommerce_dag.py:358} INFO -   Lote 51 — 51000/387841 registros insertados
[2026-06-23T22:22:23.705+0000] {etl_ecommerce_dag.py:358} INFO -   Lote 52 — 52000/387841 registros insertados
[2026-06-23T22:22:24.805+0000] {etl_ecommerce_dag.py:358} INFO -   Lote 53 — 53000/387841 registros insertados
[2026-06-23T22:22:25.911+0000] {etl_ecommerce_dag.py:358} INFO -   Lote 54 — 54000/387841 registros insertados
[2026-06-23T22:22:27.028+0000] {etl_ecommerce_dag.py:358} INFO -   Lote 55 — 55000/387841 registros insertados
[2026-06-23T22:22:28.136+0000] {etl_ecommerce_dag.py:358} INFO -   Lote 56 — 56000/387841 registros insertados
[2026-06-23T22:22:29.259+0000] {etl_ecommerce_dag.py:358} INFO -   Lote 57 — 57000/387841 registros insertados
[2026-06-23T22:22:30.381+0000] {etl_ecommerce_dag.py:358} INFO -   Lote 58 — 58000/387841 registros insertados
[2026-06-23T22:22:31.476+0000] {etl_ecommerce_dag.py:358} INFO -   Lote 59 — 59000/387841 registros insertados
[2026-06-23T22:22:32.621+0000] {etl_ecommerce_dag.py:358} INFO -   Lote 60 — 60000/387841 registros insertados
[2026-06-23T22:22:33.756+0000] {etl_ecommerce_dag.py:358} INFO -   Lote 61 — 61000/387841 registros insertados
[2026-06-23T22:22:34.862+0000] {etl_ecommerce_dag.py:358} INFO -   Lote 62 — 62000/387841 registros insertados
[2026-06-23T22:22:35.950+0000] {etl_ecommerce_dag.py:358} INFO -   Lote 63 — 63000/387841 registros insertados
[2026-06-23T22:22:37.060+0000] {etl_ecommerce_dag.py:358} INFO -   Lote 64 — 64000/387841 registros insertados
[2026-06-23T22:22:38.149+0000] {etl_ecommerce_dag.py:358} INFO -   Lote 65 — 65000/387841 registros insertados
[2026-06-23T22:22:39.249+0000] {etl_ecommerce_dag.py:358} INFO -   Lote 66 — 66000/387841 registros insertados
[2026-06-23T22:22:40.335+0000] {etl_ecommerce_dag.py:358} INFO -   Lote 67 — 67000/387841 registros insertados
[2026-06-23T22:22:41.432+0000] {etl_ecommerce_dag.py:358} INFO -   Lote 68 — 68000/387841 registros insertados
[2026-06-23T22:22:42.528+0000] {etl_ecommerce_dag.py:358} INFO -   Lote 69 — 69000/387841 registros insertados
[2026-06-23T22:22:43.622+0000] {etl_ecommerce_dag.py:358} INFO -   Lote 70 — 70000/387841 registros insertados
[2026-06-23T22:22:44.708+0000] {etl_ecommerce_dag.py:358} INFO -   Lote 71 — 71000/387841 registros insertados
[2026-06-23T22:22:45.800+0000] {etl_ecommerce_dag.py:358} INFO -   Lote 72 — 72000/387841 registros insertados
[2026-06-23T22:22:46.902+0000] {etl_ecommerce_dag.py:358} INFO -   Lote 73 — 73000/387841 registros insertados
[2026-06-23T22:22:48.012+0000] {etl_ecommerce_dag.py:358} INFO -   Lote 74 — 74000/387841 registros insertados
[2026-06-23T22:22:49.106+0000] {etl_ecommerce_dag.py:358} INFO -   Lote 75 — 75000/387841 registros insertados
[2026-06-23T22:22:50.190+0000] {etl_ecommerce_dag.py:358} INFO -   Lote 76 — 76000/387841 registros insertados
[2026-06-23T22:22:51.301+0000] {etl_ecommerce_dag.py:358} INFO -   Lote 77 — 77000/387841 registros insertados
[2026-06-23T22:22:52.422+0000] {etl_ecommerce_dag.py:358} INFO -   Lote 78 — 78000/387841 registros insertados
[2026-06-23T22:22:53.520+0000] {etl_ecommerce_dag.py:358} INFO -   Lote 79 — 79000/387841 registros insertados
[2026-06-23T22:22:54.608+0000] {etl_ecommerce_dag.py:358} INFO -   Lote 80 — 80000/387841 registros insertados
[2026-06-23T22:22:55.713+0000] {etl_ecommerce_dag.py:358} INFO -   Lote 81 — 81000/387841 registros insertados
[2026-06-23T22:22:56.803+0000] {etl_ecommerce_dag.py:358} INFO -   Lote 82 — 82000/387841 registros insertados
[2026-06-23T22:22:57.890+0000] {etl_ecommerce_dag.py:358} INFO -   Lote 83 — 83000/387841 registros insertados
[2026-06-23T22:22:58.974+0000] {etl_ecommerce_dag.py:358} INFO -   Lote 84 — 84000/387841 registros insertados
[2026-06-23T22:23:00.049+0000] {etl_ecommerce_dag.py:358} INFO -   Lote 85 — 85000/387841 registros insertados
[2026-06-23T22:23:01.163+0000] {etl_ecommerce_dag.py:358} INFO -   Lote 86 — 86000/387841 registros insertados
[2026-06-23T22:23:02.286+0000] {etl_ecommerce_dag.py:358} INFO -   Lote 87 — 87000/387841 registros insertados
[2026-06-23T22:23:03.404+0000] {etl_ecommerce_dag.py:358} INFO -   Lote 88 — 88000/387841 registros insertados
[2026-06-23T22:23:04.513+0000] {etl_ecommerce_dag.py:358} INFO -   Lote 89 — 89000/387841 registros insertados
[2026-06-23T22:23:05.595+0000] {etl_ecommerce_dag.py:358} INFO -   Lote 90 — 90000/387841 registros insertados
[2026-06-23T22:23:06.705+0000] {etl_ecommerce_dag.py:358} INFO -   Lote 91 — 91000/387841 registros insertados
[2026-06-23T22:23:07.804+0000] {etl_ecommerce_dag.py:358} INFO -   Lote 92 — 92000/387841 registros insertados
[2026-06-23T22:23:08.907+0000] {etl_ecommerce_dag.py:358} INFO -   Lote 93 — 93000/387841 registros insertados
[2026-06-23T22:23:09.979+0000] {etl_ecommerce_dag.py:358} INFO -   Lote 94 — 94000/387841 registros insertados
[2026-06-23T22:23:11.090+0000] {etl_ecommerce_dag.py:358} INFO -   Lote 95 — 95000/387841 registros insertados
[2026-06-23T22:23:12.225+0000] {etl_ecommerce_dag.py:358} INFO -   Lote 96 — 96000/387841 registros insertados
[2026-06-23T22:23:13.334+0000] {etl_ecommerce_dag.py:358} INFO -   Lote 97 — 97000/387841 registros insertados
[2026-06-23T22:23:14.463+0000] {etl_ecommerce_dag.py:358} INFO -   Lote 98 — 98000/387841 registros insertados
[2026-06-23T22:23:15.584+0000] {etl_ecommerce_dag.py:358} INFO -   Lote 99 — 99000/387841 registros insertados
[2026-06-23T22:23:16.717+0000] {etl_ecommerce_dag.py:358} INFO -   Lote 100 — 100000/387841 registros insertados
[2026-06-23T22:23:17.844+0000] {etl_ecommerce_dag.py:358} INFO -   Lote 101 — 101000/387841 registros insertados
[2026-06-23T22:23:18.141+0000] {local_task_job_runner.py:346} WARNING - State of this instance has been externally set to None. Terminating instance.
[2026-06-23T22:23:18.142+0000] {local_task_job_runner.py:245} INFO - ::endgroup::
[2026-06-23T22:23:18.143+0000] {process_utils.py:132} INFO - Sending 15 to group 1633. PIDs of all processes in the group: [1633]
[2026-06-23T22:23:18.144+0000] {process_utils.py:87} INFO - Sending the signal 15 to group 1633
[2026-06-23T22:23:18.158+0000] {taskinstance.py:3094} ERROR - Received SIGTERM. Terminating subprocesses.
[2026-06-23T22:23:18.163+0000] {taskinstance.py:3095} ERROR - Stacktrace: 
  File "/home/***/.local/bin/***", line 8, in <module>
    sys.exit(main())
  File "/home/***/.local/lib/python3.12/site-packages/***/__main__.py", line 62, in main
    args.func(args)
  File "/home/***/.local/lib/python3.12/site-packages/***/cli/cli_config.py", line 49, in command
    return func(*args, **kwargs)
  File "/home/***/.local/lib/python3.12/site-packages/***/utils/cli.py", line 116, in wrapper
    return f(*args, **kwargs)
  File "/home/***/.local/lib/python3.12/site-packages/***/utils/providers_configuration_loader.py", line 55, in wrapped_function
    return func(*args, **kwargs)
  File "/home/***/.local/lib/python3.12/site-packages/***/cli/commands/scheduler_command.py", line 56, in scheduler
    run_command_with_daemon_option(
  File "/home/***/.local/lib/python3.12/site-packages/***/cli/commands/daemon_utils.py", line 86, in run_command_with_daemon_option
    callback()
  File "/home/***/.local/lib/python3.12/site-packages/***/cli/commands/scheduler_command.py", line 59, in <lambda>
    callback=lambda: _run_scheduler_job(args),
  File "/home/***/.local/lib/python3.12/site-packages/***/cli/commands/scheduler_command.py", line 47, in _run_scheduler_job
    run_job(job=job_runner.job, execute_callable=job_runner._execute)
  File "/home/***/.local/lib/python3.12/site-packages/***/utils/session.py", line 97, in wrapper
    return func(*args, session=session, **kwargs)
  File "/home/***/.local/lib/python3.12/site-packages/***/jobs/job.py", line 421, in run_job
    return execute_job(job, execute_callable=execute_callable)
  File "/home/***/.local/lib/python3.12/site-packages/***/jobs/job.py", line 450, in execute_job
    ret = execute_callable()
  File "/home/***/.local/lib/python3.12/site-packages/***/jobs/scheduler_job_runner.py", line 990, in _execute
    executor.start()
  File "/home/***/.local/lib/python3.12/site-packages/***/executors/local_executor.py", line 392, in start
    self.impl.start()
  File "/home/***/.local/lib/python3.12/site-packages/***/executors/local_executor.py", line 330, in start
    worker.start()
  File "/usr/local/lib/python3.12/multiprocessing/process.py", line 121, in start
    self._popen = self._Popen(self)
  File "/usr/local/lib/python3.12/multiprocessing/context.py", line 224, in _Popen
    return _default_context.get_context().Process._Popen(process_obj)
  File "/usr/local/lib/python3.12/multiprocessing/context.py", line 282, in _Popen
    return Popen(process_obj)
  File "/usr/local/lib/python3.12/multiprocessing/popen_fork.py", line 19, in __init__
    self._launch(process_obj)
  File "/usr/local/lib/python3.12/multiprocessing/popen_fork.py", line 71, in _launch
    code = process_obj._bootstrap(parent_sentinel=child_r)
  File "/usr/local/lib/python3.12/multiprocessing/process.py", line 314, in _bootstrap
    self.run()
  File "/home/***/.local/lib/python3.12/site-packages/***/executors/local_executor.py", line 80, in run
    return super().run()
  File "/usr/local/lib/python3.12/multiprocessing/process.py", line 108, in run
    self._target(*self._args, **self._kwargs)
  File "/home/***/.local/lib/python3.12/site-packages/***/traces/tracer.py", line 58, in wrapper
    return func(*args, **kwargs)
  File "/home/***/.local/lib/python3.12/site-packages/***/executors/local_executor.py", line 211, in do_work
    self.execute_work(key=key, command=command)
  File "/home/***/.local/lib/python3.12/site-packages/***/traces/tracer.py", line 58, in wrapper
    return func(*args, **kwargs)
  File "/home/***/.local/lib/python3.12/site-packages/***/executors/local_executor.py", line 100, in execute_work
    state = self._execute_work_in_fork(command)
  File "/home/***/.local/lib/python3.12/site-packages/***/traces/tracer.py", line 58, in wrapper
    return func(*args, **kwargs)
  File "/home/***/.local/lib/python3.12/site-packages/***/executors/local_executor.py", line 142, in _execute_work_in_fork
    args.func(args)
  File "/home/***/.local/lib/python3.12/site-packages/***/cli/cli_config.py", line 49, in command
    return func(*args, **kwargs)
  File "/home/***/.local/lib/python3.12/site-packages/***/utils/cli.py", line 116, in wrapper
    return f(*args, **kwargs)
  File "/home/***/.local/lib/python3.12/site-packages/***/cli/commands/task_command.py", line 483, in task_run
    task_return_code = _run_task_by_selected_method(args, _dag, ti)
  File "/home/***/.local/lib/python3.12/site-packages/***/cli/commands/task_command.py", line 254, in _run_task_by_selected_method
    return _run_task_by_local_task_job(args, ti)
  File "/home/***/.local/lib/python3.12/site-packages/***/cli/commands/task_command.py", line 322, in _run_task_by_local_task_job
    ret = run_job(job=job_runner.job, execute_callable=job_runner._execute)
  File "/home/***/.local/lib/python3.12/site-packages/***/utils/session.py", line 97, in wrapper
    return func(*args, session=session, **kwargs)
  File "/home/***/.local/lib/python3.12/site-packages/***/jobs/job.py", line 421, in run_job
    return execute_job(job, execute_callable=execute_callable)
  File "/home/***/.local/lib/python3.12/site-packages/***/jobs/job.py", line 450, in execute_job
    ret = execute_callable()
  File "/home/***/.local/lib/python3.12/site-packages/***/jobs/local_task_job_runner.py", line 171, in _execute
    self.task_runner.start()
  File "/home/***/.local/lib/python3.12/site-packages/***/task/task_runner/standard_task_runner.py", line 55, in start
    self.process = self._start_by_fork()
  File "/home/***/.local/lib/python3.12/site-packages/***/task/task_runner/standard_task_runner.py", line 117, in _start_by_fork
    ret = args.func(args, dag=self.dag)
  File "/home/***/.local/lib/python3.12/site-packages/***/cli/cli_config.py", line 49, in command
    return func(*args, **kwargs)
  File "/home/***/.local/lib/python3.12/site-packages/***/utils/cli.py", line 116, in wrapper
    return f(*args, **kwargs)
  File "/home/***/.local/lib/python3.12/site-packages/***/cli/commands/task_command.py", line 483, in task_run
    task_return_code = _run_task_by_selected_method(args, _dag, ti)
  File "/home/***/.local/lib/python3.12/site-packages/***/cli/commands/task_command.py", line 256, in _run_task_by_selected_method
    return _run_raw_task(args, ti)
  File "/home/***/.local/lib/python3.12/site-packages/***/cli/commands/task_command.py", line 341, in _run_raw_task
    return ti._run_raw_task(
  File "/home/***/.local/lib/python3.12/site-packages/***/utils/session.py", line 97, in wrapper
    return func(*args, session=session, **kwargs)
  File "/home/***/.local/lib/python3.12/site-packages/***/models/taskinstance.py", line 3006, in _run_raw_task
    return _run_raw_task(
  File "/home/***/.local/lib/python3.12/site-packages/***/models/taskinstance.py", line 274, in _run_raw_task
    TaskInstance._execute_task_with_callbacks(
  File "/home/***/.local/lib/python3.12/site-packages/***/models/taskinstance.py", line 3161, in _execute_task_with_callbacks
    result = self._execute_task(context, task_orig)
  File "/home/***/.local/lib/python3.12/site-packages/***/models/taskinstance.py", line 3185, in _execute_task
    return _execute_task(self, context, task_orig)
  File "/home/***/.local/lib/python3.12/site-packages/***/models/taskinstance.py", line 768, in _execute_task
    result = _execute_callable(context=context, **execute_callable_kwargs)
  File "/home/***/.local/lib/python3.12/site-packages/***/models/taskinstance.py", line 734, in _execute_callable
    return ExecutionCallableRunner(
  File "/home/***/.local/lib/python3.12/site-packages/***/utils/operator_helpers.py", line 252, in run
    return self.func(*args, **kwargs)
  File "/home/***/.local/lib/python3.12/site-packages/***/models/baseoperator.py", line 424, in wrapper
    return func(self, *args, **kwargs)
  File "/home/***/.local/lib/python3.12/site-packages/***/operators/python.py", line 238, in execute
    return_value = self.execute_callable()
  File "/home/***/.local/lib/python3.12/site-packages/***/operators/python.py", line 256, in execute_callable
    return runner.run(*self.op_args, **self.op_kwargs)
  File "/home/***/.local/lib/python3.12/site-packages/***/utils/operator_helpers.py", line 252, in run
    return self.func(*args, **kwargs)
  File "/opt/***/dags/etl_ecommerce_dag.py", line 341, in load
    execute_values(cursor, f"""
  File "/home/***/.local/lib/python3.12/site-packages/psycopg2/extras.py", line 1299, in execute_values
    cur.execute(b''.join(parts))
  File "/usr/local/lib/python3.12/encodings/utf_8.py", line 15, in decode
    def decode(input, errors='strict'):
  File "/home/***/.local/lib/python3.12/site-packages/***/models/taskinstance.py", line 3095, in signal_handler
    self.log.error("Stacktrace: \n%s", "".join(traceback.format_stack()))

[2026-06-23T22:23:18.172+0000] {taskinstance.py:3313} ERROR - Task failed with exception
Traceback (most recent call last):
  File "/home/airflow/.local/lib/python3.12/site-packages/airflow/models/taskinstance.py", line 768, in _execute_task
    result = _execute_callable(context=context, **execute_callable_kwargs)
             ^^^^^^^^^^^^^^^^^^^^^^^^^^^^^^^^^^^^^^^^^^^^^^^^^^^^^^^^^^^^^
  File "/home/airflow/.local/lib/python3.12/site-packages/airflow/models/taskinstance.py", line 734, in _execute_callable
    return ExecutionCallableRunner(
           ^^^^^^^^^^^^^^^^^^^^^^^^
  File "/home/airflow/.local/lib/python3.12/site-packages/airflow/utils/operator_helpers.py", line 252, in run
    return self.func(*args, **kwargs)
           ^^^^^^^^^^^^^^^^^^^^^^^^^^
  File "/home/airflow/.local/lib/python3.12/site-packages/airflow/models/baseoperator.py", line 424, in wrapper
    return func(self, *args, **kwargs)
           ^^^^^^^^^^^^^^^^^^^^^^^^^^^
  File "/home/airflow/.local/lib/python3.12/site-packages/airflow/operators/python.py", line 238, in execute
    return_value = self.execute_callable()
                   ^^^^^^^^^^^^^^^^^^^^^^^
  File "/home/airflow/.local/lib/python3.12/site-packages/airflow/operators/python.py", line 256, in execute_callable
    return runner.run(*self.op_args, **self.op_kwargs)
           ^^^^^^^^^^^^^^^^^^^^^^^^^^^^^^^^^^^^^^^^^^^
  File "/home/airflow/.local/lib/python3.12/site-packages/airflow/utils/operator_helpers.py", line 252, in run
    return self.func(*args, **kwargs)
           ^^^^^^^^^^^^^^^^^^^^^^^^^^
  File "/opt/airflow/dags/etl_ecommerce_dag.py", line 341, in load
    execute_values(cursor, f"""
  File "/home/airflow/.local/lib/python3.12/site-packages/psycopg2/extras.py", line 1299, in execute_values
    cur.execute(b''.join(parts))
  File "/usr/local/lib/python3.12/encodings/utf_8.py", line 15, in decode
    def decode(input, errors='strict'):
    
  File "/home/airflow/.local/lib/python3.12/site-packages/airflow/models/taskinstance.py", line 3097, in signal_handler
    raise AirflowTaskTerminated("Task received SIGTERM signal")
airflow.exceptions.AirflowTaskTerminated: Task received SIGTERM signal
[2026-06-23T22:23:18.174+0000] {taskinstance.py:1226} INFO - Marking task as UP_FOR_RETRY. dag_id=etl_ecommerce, task_id=load, run_id=manual__2026-06-23T22:13:00.973517+00:00, execution_date=20260623T221300, start_date=20260623T222122, end_date=20260623T222318
[2026-06-23T22:23:18.177+0000] {taskinstance.py:341} INFO - ::group::Post task execution logs
[2026-06-23T22:23:18.177+0000] {standard_task_runner.py:124} ERROR - Failed to execute job 189 for task load ((psycopg2.errors.ForeignKeyViolation) insert or update on table "task_fail" violates foreign key constraint "task_fail_ti_fkey"
DETAIL:  Key (dag_id, task_id, run_id, map_index)=(etl_ecommerce, load, manual__2026-06-23T22:13:00.973517+00:00, -1) is not present in table "task_instance".

[SQL: INSERT INTO task_fail (task_id, dag_id, run_id, map_index, start_date, end_date, duration) VALUES (%(task_id)s, %(dag_id)s, %(run_id)s, %(map_index)s, %(start_date)s, %(end_date)s, %(duration)s) RETURNING task_fail.id]
[parameters: {'task_id': 'load', 'dag_id': 'etl_ecommerce', 'run_id': 'manual__2026-06-23T22:13:00.973517+00:00', 'map_index': -1, 'start_date': datetime.datetime(2026, 6, 23, 22, 21, 22, 18716, tzinfo=Timezone('UTC')), 'end_date': datetime.datetime(2026, 6, 23, 22, 23, 18, 173758, tzinfo=Timezone('UTC')), 'duration': 116}]
(Background on this error at: https://sqlalche.me/e/14/gkpj); 1633)
Traceback (most recent call last):
  File "/home/airflow/.local/lib/python3.12/site-packages/airflow/models/taskinstance.py", line 274, in _run_raw_task
    TaskInstance._execute_task_with_callbacks(
  File "/home/airflow/.local/lib/python3.12/site-packages/airflow/models/taskinstance.py", line 3161, in _execute_task_with_callbacks
    result = self._execute_task(context, task_orig)
             ^^^^^^^^^^^^^^^^^^^^^^^^^^^^^^^^^^^^^^
  File "/home/airflow/.local/lib/python3.12/site-packages/airflow/models/taskinstance.py", line 3185, in _execute_task
    return _execute_task(self, context, task_orig)
           ^^^^^^^^^^^^^^^^^^^^^^^^^^^^^^^^^^^^^^^
  File "/home/airflow/.local/lib/python3.12/site-packages/airflow/models/taskinstance.py", line 768, in _execute_task
    result = _execute_callable(context=context, **execute_callable_kwargs)
             ^^^^^^^^^^^^^^^^^^^^^^^^^^^^^^^^^^^^^^^^^^^^^^^^^^^^^^^^^^^^^
  File "/home/airflow/.local/lib/python3.12/site-packages/airflow/models/taskinstance.py", line 734, in _execute_callable
    return ExecutionCallableRunner(
           ^^^^^^^^^^^^^^^^^^^^^^^^
  File "/home/airflow/.local/lib/python3.12/site-packages/airflow/utils/operator_helpers.py", line 252, in run
    return self.func(*args, **kwargs)
           ^^^^^^^^^^^^^^^^^^^^^^^^^^
  File "/home/airflow/.local/lib/python3.12/site-packages/airflow/models/baseoperator.py", line 424, in wrapper
    return func(self, *args, **kwargs)
           ^^^^^^^^^^^^^^^^^^^^^^^^^^^
  File "/home/airflow/.local/lib/python3.12/site-packages/airflow/operators/python.py", line 238, in execute
    return_value = self.execute_callable()
                   ^^^^^^^^^^^^^^^^^^^^^^^
  File "/home/airflow/.local/lib/python3.12/site-packages/airflow/operators/python.py", line 256, in execute_callable
    return runner.run(*self.op_args, **self.op_kwargs)
           ^^^^^^^^^^^^^^^^^^^^^^^^^^^^^^^^^^^^^^^^^^^
  File "/home/airflow/.local/lib/python3.12/site-packages/airflow/utils/operator_helpers.py", line 252, in run
    return self.func(*args, **kwargs)
           ^^^^^^^^^^^^^^^^^^^^^^^^^^
  File "/opt/airflow/dags/etl_ecommerce_dag.py", line 341, in load
    execute_values(cursor, f"""
  File "/home/airflow/.local/lib/python3.12/site-packages/psycopg2/extras.py", line 1299, in execute_values
    cur.execute(b''.join(parts))
  File "/usr/local/lib/python3.12/encodings/utf_8.py", line 15, in decode
    def decode(input, errors='strict'):
    
  File "/home/airflow/.local/lib/python3.12/site-packages/airflow/models/taskinstance.py", line 3097, in signal_handler
    raise AirflowTaskTerminated("Task received SIGTERM signal")
airflow.exceptions.AirflowTaskTerminated: Task received SIGTERM signal

During handling of the above exception, another exception occurred:

Traceback (most recent call last):
  File "/home/airflow/.local/lib/python3.12/site-packages/sqlalchemy/engine/base.py", line 1910, in _execute_context
    self.dialect.do_execute(
  File "/home/airflow/.local/lib/python3.12/site-packages/sqlalchemy/engine/default.py", line 736, in do_execute
    cursor.execute(statement, parameters)
psycopg2.errors.ForeignKeyViolation: insert or update on table "task_fail" violates foreign key constraint "task_fail_ti_fkey"
DETAIL:  Key (dag_id, task_id, run_id, map_index)=(etl_ecommerce, load, manual__2026-06-23T22:13:00.973517+00:00, -1) is not present in table "task_instance".


The above exception was the direct cause of the following exception:

Traceback (most recent call last):
  File "/home/airflow/.local/lib/python3.12/site-packages/airflow/task/task_runner/standard_task_runner.py", line 117, in _start_by_fork
    ret = args.func(args, dag=self.dag)
          ^^^^^^^^^^^^^^^^^^^^^^^^^^^^^
  File "/home/airflow/.local/lib/python3.12/site-packages/airflow/cli/cli_config.py", line 49, in command
    return func(*args, **kwargs)
           ^^^^^^^^^^^^^^^^^^^^^
  File "/home/airflow/.local/lib/python3.12/site-packages/airflow/utils/cli.py", line 116, in wrapper
    return f(*args, **kwargs)
           ^^^^^^^^^^^^^^^^^^
  File "/home/airflow/.local/lib/python3.12/site-packages/airflow/cli/commands/task_command.py", line 483, in task_run
    task_return_code = _run_task_by_selected_method(args, _dag, ti)
                       ^^^^^^^^^^^^^^^^^^^^^^^^^^^^^^^^^^^^^^^^^^^^
  File "/home/airflow/.local/lib/python3.12/site-packages/airflow/cli/commands/task_command.py", line 256, in _run_task_by_selected_method
    return _run_raw_task(args, ti)
           ^^^^^^^^^^^^^^^^^^^^^^^
  File "/home/airflow/.local/lib/python3.12/site-packages/airflow/cli/commands/task_command.py", line 341, in _run_raw_task
    return ti._run_raw_task(
           ^^^^^^^^^^^^^^^^^
  File "/home/airflow/.local/lib/python3.12/site-packages/airflow/utils/session.py", line 97, in wrapper
    return func(*args, session=session, **kwargs)
           ^^^^^^^^^^^^^^^^^^^^^^^^^^^^^^^^^^^^^^
  File "/home/airflow/.local/lib/python3.12/site-packages/airflow/models/taskinstance.py", line 3006, in _run_raw_task
    return _run_raw_task(
           ^^^^^^^^^^^^^^
  File "/home/airflow/.local/lib/python3.12/site-packages/airflow/models/taskinstance.py", line 328, in _run_raw_task
    ti.handle_failure(e, test_mode, context, session=session)
  File "/home/airflow/.local/lib/python3.12/site-packages/airflow/utils/session.py", line 94, in wrapper
    return func(*args, **kwargs)
           ^^^^^^^^^^^^^^^^^^^^^
  File "/home/airflow/.local/lib/python3.12/site-packages/airflow/models/taskinstance.py", line 3434, in handle_failure
    _handle_failure(
  File "/home/airflow/.local/lib/python3.12/site-packages/airflow/utils/session.py", line 94, in wrapper
    return func(*args, **kwargs)
           ^^^^^^^^^^^^^^^^^^^^^
  File "/home/airflow/.local/lib/python3.12/site-packages/airflow/api_internal/internal_api_call.py", line 166, in wrapper
    return func(*args, **kwargs)
           ^^^^^^^^^^^^^^^^^^^^^
  File "/home/airflow/.local/lib/python3.12/site-packages/airflow/models/taskinstance.py", line 1244, in _handle_failure
    TaskInstance.save_to_db(task_instance, session)
  File "/home/airflow/.local/lib/python3.12/site-packages/airflow/api_internal/internal_api_call.py", line 166, in wrapper
    return func(*args, **kwargs)
           ^^^^^^^^^^^^^^^^^^^^^
  File "/home/airflow/.local/lib/python3.12/site-packages/airflow/utils/session.py", line 94, in wrapper
    return func(*args, **kwargs)
           ^^^^^^^^^^^^^^^^^^^^^
  File "/home/airflow/.local/lib/python3.12/site-packages/airflow/models/taskinstance.py", line 3402, in save_to_db
    ti.get_dagrun().refresh_from_db()
    ^^^^^^^^^^^^^^^
  File "/home/airflow/.local/lib/python3.12/site-packages/airflow/utils/session.py", line 96, in wrapper
    with create_session() as session:
         ^^^^^^^^^^^^^^^^
  File "/usr/local/lib/python3.12/contextlib.py", line 144, in __exit__
    next(self.gen)
  File "/home/airflow/.local/lib/python3.12/site-packages/airflow/utils/session.py", line 57, in create_session
    session.commit()
  File "/home/airflow/.local/lib/python3.12/site-packages/sqlalchemy/orm/session.py", line 1454, in commit
    self._transaction.commit(_to_root=self.future)
  File "/home/airflow/.local/lib/python3.12/site-packages/sqlalchemy/orm/session.py", line 832, in commit
    self._prepare_impl()
  File "/home/airflow/.local/lib/python3.12/site-packages/sqlalchemy/orm/session.py", line 811, in _prepare_impl
    self.session.flush()
  File "/home/airflow/.local/lib/python3.12/site-packages/sqlalchemy/orm/session.py", line 3449, in flush
    self._flush(objects)
  File "/home/airflow/.local/lib/python3.12/site-packages/sqlalchemy/orm/session.py", line 3588, in _flush
    with util.safe_reraise():
         ^^^^^^^^^^^^^^^^^^^
  File "/home/airflow/.local/lib/python3.12/site-packages/sqlalchemy/util/langhelpers.py", line 70, in __exit__
    compat.raise_(
  File "/home/airflow/.local/lib/python3.12/site-packages/sqlalchemy/util/compat.py", line 211, in raise_
    raise exception
  File "/home/airflow/.local/lib/python3.12/site-packages/sqlalchemy/orm/session.py", line 3549, in _flush
    flush_context.execute()
  File "/home/airflow/.local/lib/python3.12/site-packages/sqlalchemy/orm/unitofwork.py", line 456, in execute
    rec.execute(self)
  File "/home/airflow/.local/lib/python3.12/site-packages/sqlalchemy/orm/unitofwork.py", line 630, in execute
    util.preloaded.orm_persistence.save_obj(
  File "/home/airflow/.local/lib/python3.12/site-packages/sqlalchemy/orm/persistence.py", line 245, in save_obj
    _emit_insert_statements(
  File "/home/airflow/.local/lib/python3.12/site-packages/sqlalchemy/orm/persistence.py", line 1238, in _emit_insert_statements
    result = connection._execute_20(
             ^^^^^^^^^^^^^^^^^^^^^^^
  File "/home/airflow/.local/lib/python3.12/site-packages/sqlalchemy/engine/base.py", line 1710, in _execute_20
    return meth(self, args_10style, kwargs_10style, execution_options)
           ^^^^^^^^^^^^^^^^^^^^^^^^^^^^^^^^^^^^^^^^^^^^^^^^^^^^^^^^^^^
  File "/home/airflow/.local/lib/python3.12/site-packages/sqlalchemy/sql/elements.py", line 334, in _execute_on_connection
    return connection._execute_clauseelement(
           ^^^^^^^^^^^^^^^^^^^^^^^^^^^^^^^^^^
  File "/home/airflow/.local/lib/python3.12/site-packages/sqlalchemy/engine/base.py", line 1577, in _execute_clauseelement
    ret = self._execute_context(
          ^^^^^^^^^^^^^^^^^^^^^^
  File "/home/airflow/.local/lib/python3.12/site-packages/sqlalchemy/engine/base.py", line 1953, in _execute_context
    self._handle_dbapi_exception(
  File "/home/airflow/.local/lib/python3.12/site-packages/sqlalchemy/engine/base.py", line 2134, in _handle_dbapi_exception
    util.raise_(
  File "/home/airflow/.local/lib/python3.12/site-packages/sqlalchemy/util/compat.py", line 211, in raise_
    raise exception
  File "/home/airflow/.local/lib/python3.12/site-packages/sqlalchemy/engine/base.py", line 1910, in _execute_context
    self.dialect.do_execute(
  File "/home/airflow/.local/lib/python3.12/site-packages/sqlalchemy/engine/default.py", line 736, in do_execute
    cursor.execute(statement, parameters)
sqlalchemy.exc.IntegrityError: (psycopg2.errors.ForeignKeyViolation) insert or update on table "task_fail" violates foreign key constraint "task_fail_ti_fkey"
DETAIL:  Key (dag_id, task_id, run_id, map_index)=(etl_ecommerce, load, manual__2026-06-23T22:13:00.973517+00:00, -1) is not present in table "task_instance".

[SQL: INSERT INTO task_fail (task_id, dag_id, run_id, map_index, start_date, end_date, duration) VALUES (%(task_id)s, %(dag_id)s, %(run_id)s, %(map_index)s, %(start_date)s, %(end_date)s, %(duration)s) RETURNING task_fail.id]
[parameters: {'task_id': 'load', 'dag_id': 'etl_ecommerce', 'run_id': 'manual__2026-06-23T22:13:00.973517+00:00', 'map_index': -1, 'start_date': datetime.datetime(2026, 6, 23, 22, 21, 22, 18716, tzinfo=Timezone('UTC')), 'end_date': datetime.datetime(2026, 6, 23, 22, 23, 18, 173758, tzinfo=Timezone('UTC')), 'duration': 116}]
(Background on this error at: https://sqlalche.me/e/14/gkpj)
[2026-06-23T22:23:18.236+0000] {process_utils.py:80} INFO - Process psutil.Process(pid=1633, status='terminated', exitcode=1, started='22:21:21') (1633) terminated with exit code 1
