[2026-06-24T00:00:23.260+0000] {processor.py:186} INFO - Started process (PID=2846) to work on /opt/airflow/dags/etl_ecommerce_dag.py
[2026-06-24T00:00:23.261+0000] {processor.py:914} INFO - Processing file /opt/airflow/dags/etl_ecommerce_dag.py for tasks to queue
[2026-06-24T00:00:23.263+0000] {logging_mixin.py:190} INFO - [2026-06-24T00:00:23.263+0000] {dagbag.py:588} INFO - Filling up the DagBag from /opt/airflow/dags/etl_ecommerce_dag.py
[2026-06-24T00:00:23.432+0000] {processor.py:925} INFO - DAG(s) 'etl_ecommerce' retrieved from /opt/airflow/dags/etl_ecommerce_dag.py
[2026-06-24T00:00:23.449+0000] {logging_mixin.py:190} INFO - [2026-06-24T00:00:23.449+0000] {dag.py:3239} INFO - Sync 1 DAGs
[2026-06-24T00:00:23.463+0000] {logging_mixin.py:190} INFO - [2026-06-24T00:00:23.463+0000] {dag.py:4180} INFO - Setting next_dagrun for etl_ecommerce to 2026-06-23 06:00:00+00:00, run_after=2026-06-24 06:00:00+00:00
[2026-06-24T00:00:23.473+0000] {processor.py:208} INFO - Processing /opt/airflow/dags/etl_ecommerce_dag.py took 0.219 seconds
[2026-06-24T00:00:53.678+0000] {processor.py:186} INFO - Started process (PID=2852) to work on /opt/airflow/dags/etl_ecommerce_dag.py
[2026-06-24T00:00:53.679+0000] {processor.py:914} INFO - Processing file /opt/airflow/dags/etl_ecommerce_dag.py for tasks to queue
[2026-06-24T00:00:53.680+0000] {logging_mixin.py:190} INFO - [2026-06-24T00:00:53.680+0000] {dagbag.py:588} INFO - Filling up the DagBag from /opt/airflow/dags/etl_ecommerce_dag.py
[2026-06-24T00:00:53.851+0000] {processor.py:925} INFO - DAG(s) 'etl_ecommerce' retrieved from /opt/airflow/dags/etl_ecommerce_dag.py
[2026-06-24T00:00:53.868+0000] {logging_mixin.py:190} INFO - [2026-06-24T00:00:53.867+0000] {dag.py:3239} INFO - Sync 1 DAGs
[2026-06-24T00:00:53.881+0000] {logging_mixin.py:190} INFO - [2026-06-24T00:00:53.881+0000] {dag.py:4180} INFO - Setting next_dagrun for etl_ecommerce to 2026-06-23 06:00:00+00:00, run_after=2026-06-24 06:00:00+00:00
[2026-06-24T00:00:53.892+0000] {processor.py:208} INFO - Processing /opt/airflow/dags/etl_ecommerce_dag.py took 0.218 seconds
[2026-06-24T00:01:23.969+0000] {processor.py:186} INFO - Started process (PID=2858) to work on /opt/airflow/dags/etl_ecommerce_dag.py
[2026-06-24T00:01:23.970+0000] {processor.py:914} INFO - Processing file /opt/airflow/dags/etl_ecommerce_dag.py for tasks to queue
[2026-06-24T00:01:23.971+0000] {logging_mixin.py:190} INFO - [2026-06-24T00:01:23.971+0000] {dagbag.py:588} INFO - Filling up the DagBag from /opt/airflow/dags/etl_ecommerce_dag.py
[2026-06-24T00:01:24.137+0000] {processor.py:925} INFO - DAG(s) 'etl_ecommerce' retrieved from /opt/airflow/dags/etl_ecommerce_dag.py
[2026-06-24T00:01:24.153+0000] {logging_mixin.py:190} INFO - [2026-06-24T00:01:24.153+0000] {dag.py:3239} INFO - Sync 1 DAGs
[2026-06-24T00:01:24.167+0000] {logging_mixin.py:190} INFO - [2026-06-24T00:01:24.167+0000] {dag.py:4180} INFO - Setting next_dagrun for etl_ecommerce to 2026-06-23 06:00:00+00:00, run_after=2026-06-24 06:00:00+00:00
[2026-06-24T00:01:24.177+0000] {processor.py:208} INFO - Processing /opt/airflow/dags/etl_ecommerce_dag.py took 0.212 seconds
[2026-06-24T00:01:54.411+0000] {processor.py:186} INFO - Started process (PID=2864) to work on /opt/airflow/dags/etl_ecommerce_dag.py
[2026-06-24T00:01:54.412+0000] {processor.py:914} INFO - Processing file /opt/airflow/dags/etl_ecommerce_dag.py for tasks to queue
[2026-06-24T00:01:54.414+0000] {logging_mixin.py:190} INFO - [2026-06-24T00:01:54.414+0000] {dagbag.py:588} INFO - Filling up the DagBag from /opt/airflow/dags/etl_ecommerce_dag.py
[2026-06-24T00:01:54.588+0000] {processor.py:925} INFO - DAG(s) 'etl_ecommerce' retrieved from /opt/airflow/dags/etl_ecommerce_dag.py
[2026-06-24T00:01:54.606+0000] {logging_mixin.py:190} INFO - [2026-06-24T00:01:54.606+0000] {dag.py:3239} INFO - Sync 1 DAGs
[2026-06-24T00:01:54.621+0000] {logging_mixin.py:190} INFO - [2026-06-24T00:01:54.621+0000] {dag.py:4180} INFO - Setting next_dagrun for etl_ecommerce to 2026-06-23 06:00:00+00:00, run_after=2026-06-24 06:00:00+00:00
[2026-06-24T00:01:54.631+0000] {processor.py:208} INFO - Processing /opt/airflow/dags/etl_ecommerce_dag.py took 0.227 seconds
[2026-06-24T00:02:24.880+0000] {processor.py:186} INFO - Started process (PID=2870) to work on /opt/airflow/dags/etl_ecommerce_dag.py
[2026-06-24T00:02:24.880+0000] {processor.py:914} INFO - Processing file /opt/airflow/dags/etl_ecommerce_dag.py for tasks to queue
[2026-06-24T00:02:24.881+0000] {logging_mixin.py:190} INFO - [2026-06-24T00:02:24.881+0000] {dagbag.py:588} INFO - Filling up the DagBag from /opt/airflow/dags/etl_ecommerce_dag.py
[2026-06-24T00:02:25.054+0000] {processor.py:925} INFO - DAG(s) 'etl_ecommerce' retrieved from /opt/airflow/dags/etl_ecommerce_dag.py
[2026-06-24T00:02:25.071+0000] {logging_mixin.py:190} INFO - [2026-06-24T00:02:25.071+0000] {dag.py:3239} INFO - Sync 1 DAGs
[2026-06-24T00:02:25.085+0000] {logging_mixin.py:190} INFO - [2026-06-24T00:02:25.085+0000] {dag.py:4180} INFO - Setting next_dagrun for etl_ecommerce to 2026-06-23 06:00:00+00:00, run_after=2026-06-24 06:00:00+00:00
[2026-06-24T00:02:25.094+0000] {processor.py:208} INFO - Processing /opt/airflow/dags/etl_ecommerce_dag.py took 0.220 seconds
[2026-06-24T00:02:55.151+0000] {processor.py:186} INFO - Started process (PID=2876) to work on /opt/airflow/dags/etl_ecommerce_dag.py
[2026-06-24T00:02:55.152+0000] {processor.py:914} INFO - Processing file /opt/airflow/dags/etl_ecommerce_dag.py for tasks to queue
[2026-06-24T00:02:55.154+0000] {logging_mixin.py:190} INFO - [2026-06-24T00:02:55.154+0000] {dagbag.py:588} INFO - Filling up the DagBag from /opt/airflow/dags/etl_ecommerce_dag.py
[2026-06-24T00:02:55.321+0000] {processor.py:925} INFO - DAG(s) 'etl_ecommerce' retrieved from /opt/airflow/dags/etl_ecommerce_dag.py
[2026-06-24T00:02:55.337+0000] {logging_mixin.py:190} INFO - [2026-06-24T00:02:55.337+0000] {dag.py:3239} INFO - Sync 1 DAGs
[2026-06-24T00:02:55.352+0000] {logging_mixin.py:190} INFO - [2026-06-24T00:02:55.351+0000] {dag.py:4180} INFO - Setting next_dagrun for etl_ecommerce to 2026-06-23 06:00:00+00:00, run_after=2026-06-24 06:00:00+00:00
[2026-06-24T00:02:55.362+0000] {processor.py:208} INFO - Processing /opt/airflow/dags/etl_ecommerce_dag.py took 0.221 seconds
[2026-06-24T00:03:25.585+0000] {processor.py:186} INFO - Started process (PID=2882) to work on /opt/airflow/dags/etl_ecommerce_dag.py
[2026-06-24T00:03:25.586+0000] {processor.py:914} INFO - Processing file /opt/airflow/dags/etl_ecommerce_dag.py for tasks to queue
[2026-06-24T00:03:25.587+0000] {logging_mixin.py:190} INFO - [2026-06-24T00:03:25.587+0000] {dagbag.py:588} INFO - Filling up the DagBag from /opt/airflow/dags/etl_ecommerce_dag.py
[2026-06-24T00:03:25.760+0000] {processor.py:925} INFO - DAG(s) 'etl_ecommerce' retrieved from /opt/airflow/dags/etl_ecommerce_dag.py
[2026-06-24T00:03:25.776+0000] {logging_mixin.py:190} INFO - [2026-06-24T00:03:25.776+0000] {dag.py:3239} INFO - Sync 1 DAGs
[2026-06-24T00:03:25.789+0000] {logging_mixin.py:190} INFO - [2026-06-24T00:03:25.789+0000] {dag.py:4180} INFO - Setting next_dagrun for etl_ecommerce to 2026-06-23 06:00:00+00:00, run_after=2026-06-24 06:00:00+00:00
[2026-06-24T00:03:25.800+0000] {processor.py:208} INFO - Processing /opt/airflow/dags/etl_ecommerce_dag.py took 0.218 seconds
[2026-06-24T00:03:55.837+0000] {processor.py:186} INFO - Started process (PID=2888) to work on /opt/airflow/dags/etl_ecommerce_dag.py
[2026-06-24T00:03:55.838+0000] {processor.py:914} INFO - Processing file /opt/airflow/dags/etl_ecommerce_dag.py for tasks to queue
[2026-06-24T00:03:55.839+0000] {logging_mixin.py:190} INFO - [2026-06-24T00:03:55.839+0000] {dagbag.py:588} INFO - Filling up the DagBag from /opt/airflow/dags/etl_ecommerce_dag.py
[2026-06-24T00:03:56.009+0000] {processor.py:925} INFO - DAG(s) 'etl_ecommerce' retrieved from /opt/airflow/dags/etl_ecommerce_dag.py
[2026-06-24T00:03:56.027+0000] {logging_mixin.py:190} INFO - [2026-06-24T00:03:56.027+0000] {dag.py:3239} INFO - Sync 1 DAGs
[2026-06-24T00:03:56.040+0000] {logging_mixin.py:190} INFO - [2026-06-24T00:03:56.040+0000] {dag.py:4180} INFO - Setting next_dagrun for etl_ecommerce to 2026-06-23 06:00:00+00:00, run_after=2026-06-24 06:00:00+00:00
[2026-06-24T00:03:56.188+0000] {processor.py:208} INFO - Processing /opt/airflow/dags/etl_ecommerce_dag.py took 0.356 seconds
[2026-06-24T00:04:26.251+0000] {processor.py:186} INFO - Started process (PID=2894) to work on /opt/airflow/dags/etl_ecommerce_dag.py
[2026-06-24T00:04:26.251+0000] {processor.py:914} INFO - Processing file /opt/airflow/dags/etl_ecommerce_dag.py for tasks to queue
[2026-06-24T00:04:26.252+0000] {logging_mixin.py:190} INFO - [2026-06-24T00:04:26.252+0000] {dagbag.py:588} INFO - Filling up the DagBag from /opt/airflow/dags/etl_ecommerce_dag.py
[2026-06-24T00:04:26.420+0000] {processor.py:925} INFO - DAG(s) 'etl_ecommerce' retrieved from /opt/airflow/dags/etl_ecommerce_dag.py
[2026-06-24T00:04:26.436+0000] {logging_mixin.py:190} INFO - [2026-06-24T00:04:26.435+0000] {dag.py:3239} INFO - Sync 1 DAGs
[2026-06-24T00:04:26.449+0000] {logging_mixin.py:190} INFO - [2026-06-24T00:04:26.449+0000] {dag.py:4180} INFO - Setting next_dagrun for etl_ecommerce to 2026-06-23 06:00:00+00:00, run_after=2026-06-24 06:00:00+00:00
[2026-06-24T00:04:27.088+0000] {processor.py:208} INFO - Processing /opt/airflow/dags/etl_ecommerce_dag.py took 0.841 seconds
[2026-06-24T00:04:57.339+0000] {processor.py:186} INFO - Started process (PID=2900) to work on /opt/airflow/dags/etl_ecommerce_dag.py
[2026-06-24T00:04:57.339+0000] {processor.py:914} INFO - Processing file /opt/airflow/dags/etl_ecommerce_dag.py for tasks to queue
[2026-06-24T00:04:57.341+0000] {logging_mixin.py:190} INFO - [2026-06-24T00:04:57.341+0000] {dagbag.py:588} INFO - Filling up the DagBag from /opt/airflow/dags/etl_ecommerce_dag.py
[2026-06-24T00:04:57.516+0000] {processor.py:925} INFO - DAG(s) 'etl_ecommerce' retrieved from /opt/airflow/dags/etl_ecommerce_dag.py
[2026-06-24T00:04:57.533+0000] {logging_mixin.py:190} INFO - [2026-06-24T00:04:57.532+0000] {dag.py:3239} INFO - Sync 1 DAGs
[2026-06-24T00:04:57.547+0000] {logging_mixin.py:190} INFO - [2026-06-24T00:04:57.546+0000] {dag.py:4180} INFO - Setting next_dagrun for etl_ecommerce to 2026-06-23 06:00:00+00:00, run_after=2026-06-24 06:00:00+00:00
[2026-06-24T00:04:57.559+0000] {processor.py:208} INFO - Processing /opt/airflow/dags/etl_ecommerce_dag.py took 0.223 seconds
[2026-06-24T00:05:27.797+0000] {processor.py:186} INFO - Started process (PID=2906) to work on /opt/airflow/dags/etl_ecommerce_dag.py
[2026-06-24T00:05:27.797+0000] {processor.py:914} INFO - Processing file /opt/airflow/dags/etl_ecommerce_dag.py for tasks to queue
[2026-06-24T00:05:27.799+0000] {logging_mixin.py:190} INFO - [2026-06-24T00:05:27.798+0000] {dagbag.py:588} INFO - Filling up the DagBag from /opt/airflow/dags/etl_ecommerce_dag.py
[2026-06-24T00:05:27.966+0000] {processor.py:925} INFO - DAG(s) 'etl_ecommerce' retrieved from /opt/airflow/dags/etl_ecommerce_dag.py
[2026-06-24T00:05:27.983+0000] {logging_mixin.py:190} INFO - [2026-06-24T00:05:27.983+0000] {dag.py:3239} INFO - Sync 1 DAGs
[2026-06-24T00:05:27.997+0000] {logging_mixin.py:190} INFO - [2026-06-24T00:05:27.997+0000] {dag.py:4180} INFO - Setting next_dagrun for etl_ecommerce to 2026-06-23 06:00:00+00:00, run_after=2026-06-24 06:00:00+00:00
[2026-06-24T00:05:28.008+0000] {processor.py:208} INFO - Processing /opt/airflow/dags/etl_ecommerce_dag.py took 0.214 seconds
[2026-06-24T00:05:58.224+0000] {processor.py:186} INFO - Started process (PID=2912) to work on /opt/airflow/dags/etl_ecommerce_dag.py
[2026-06-24T00:05:58.226+0000] {processor.py:914} INFO - Processing file /opt/airflow/dags/etl_ecommerce_dag.py for tasks to queue
[2026-06-24T00:05:58.228+0000] {logging_mixin.py:190} INFO - [2026-06-24T00:05:58.228+0000] {dagbag.py:588} INFO - Filling up the DagBag from /opt/airflow/dags/etl_ecommerce_dag.py
[2026-06-24T00:05:58.396+0000] {processor.py:925} INFO - DAG(s) 'etl_ecommerce' retrieved from /opt/airflow/dags/etl_ecommerce_dag.py
[2026-06-24T00:05:58.414+0000] {logging_mixin.py:190} INFO - [2026-06-24T00:05:58.414+0000] {dag.py:3239} INFO - Sync 1 DAGs
[2026-06-24T00:05:58.427+0000] {logging_mixin.py:190} INFO - [2026-06-24T00:05:58.426+0000] {dag.py:4180} INFO - Setting next_dagrun for etl_ecommerce to 2026-06-23 06:00:00+00:00, run_after=2026-06-24 06:00:00+00:00
[2026-06-24T00:05:58.436+0000] {processor.py:208} INFO - Processing /opt/airflow/dags/etl_ecommerce_dag.py took 0.217 seconds
[2026-06-24T00:06:28.465+0000] {processor.py:186} INFO - Started process (PID=2918) to work on /opt/airflow/dags/etl_ecommerce_dag.py
[2026-06-24T00:06:28.466+0000] {processor.py:914} INFO - Processing file /opt/airflow/dags/etl_ecommerce_dag.py for tasks to queue
[2026-06-24T00:06:28.467+0000] {logging_mixin.py:190} INFO - [2026-06-24T00:06:28.467+0000] {dagbag.py:588} INFO - Filling up the DagBag from /opt/airflow/dags/etl_ecommerce_dag.py
[2026-06-24T00:06:28.665+0000] {processor.py:925} INFO - DAG(s) 'etl_ecommerce' retrieved from /opt/airflow/dags/etl_ecommerce_dag.py
[2026-06-24T00:06:28.682+0000] {logging_mixin.py:190} INFO - [2026-06-24T00:06:28.682+0000] {dag.py:3239} INFO - Sync 1 DAGs
[2026-06-24T00:06:28.696+0000] {logging_mixin.py:190} INFO - [2026-06-24T00:06:28.695+0000] {dag.py:4180} INFO - Setting next_dagrun for etl_ecommerce to 2026-06-23 06:00:00+00:00, run_after=2026-06-24 06:00:00+00:00
[2026-06-24T00:06:28.706+0000] {processor.py:208} INFO - Processing /opt/airflow/dags/etl_ecommerce_dag.py took 0.246 seconds
[2026-06-24T00:06:58.921+0000] {processor.py:186} INFO - Started process (PID=2924) to work on /opt/airflow/dags/etl_ecommerce_dag.py
[2026-06-24T00:06:58.921+0000] {processor.py:914} INFO - Processing file /opt/airflow/dags/etl_ecommerce_dag.py for tasks to queue
[2026-06-24T00:06:58.923+0000] {logging_mixin.py:190} INFO - [2026-06-24T00:06:58.922+0000] {dagbag.py:588} INFO - Filling up the DagBag from /opt/airflow/dags/etl_ecommerce_dag.py
[2026-06-24T00:06:59.098+0000] {processor.py:925} INFO - DAG(s) 'etl_ecommerce' retrieved from /opt/airflow/dags/etl_ecommerce_dag.py
[2026-06-24T00:06:59.116+0000] {logging_mixin.py:190} INFO - [2026-06-24T00:06:59.116+0000] {dag.py:3239} INFO - Sync 1 DAGs
[2026-06-24T00:06:59.130+0000] {logging_mixin.py:190} INFO - [2026-06-24T00:06:59.130+0000] {dag.py:4180} INFO - Setting next_dagrun for etl_ecommerce to 2026-06-23 06:00:00+00:00, run_after=2026-06-24 06:00:00+00:00
[2026-06-24T00:06:59.142+0000] {processor.py:208} INFO - Processing /opt/airflow/dags/etl_ecommerce_dag.py took 0.225 seconds
[2026-06-24T00:07:29.416+0000] {processor.py:186} INFO - Started process (PID=2930) to work on /opt/airflow/dags/etl_ecommerce_dag.py
[2026-06-24T00:07:29.417+0000] {processor.py:914} INFO - Processing file /opt/airflow/dags/etl_ecommerce_dag.py for tasks to queue
[2026-06-24T00:07:29.418+0000] {logging_mixin.py:190} INFO - [2026-06-24T00:07:29.418+0000] {dagbag.py:588} INFO - Filling up the DagBag from /opt/airflow/dags/etl_ecommerce_dag.py
[2026-06-24T00:07:29.589+0000] {processor.py:925} INFO - DAG(s) 'etl_ecommerce' retrieved from /opt/airflow/dags/etl_ecommerce_dag.py
[2026-06-24T00:07:29.605+0000] {logging_mixin.py:190} INFO - [2026-06-24T00:07:29.605+0000] {dag.py:3239} INFO - Sync 1 DAGs
[2026-06-24T00:07:29.620+0000] {logging_mixin.py:190} INFO - [2026-06-24T00:07:29.619+0000] {dag.py:4180} INFO - Setting next_dagrun for etl_ecommerce to 2026-06-23 06:00:00+00:00, run_after=2026-06-24 06:00:00+00:00
[2026-06-24T00:07:29.629+0000] {processor.py:208} INFO - Processing /opt/airflow/dags/etl_ecommerce_dag.py took 0.218 seconds
[2026-06-24T00:07:59.850+0000] {processor.py:186} INFO - Started process (PID=2936) to work on /opt/airflow/dags/etl_ecommerce_dag.py
[2026-06-24T00:07:59.850+0000] {processor.py:914} INFO - Processing file /opt/airflow/dags/etl_ecommerce_dag.py for tasks to queue
[2026-06-24T00:07:59.852+0000] {logging_mixin.py:190} INFO - [2026-06-24T00:07:59.851+0000] {dagbag.py:588} INFO - Filling up the DagBag from /opt/airflow/dags/etl_ecommerce_dag.py
[2026-06-24T00:08:00.023+0000] {processor.py:925} INFO - DAG(s) 'etl_ecommerce' retrieved from /opt/airflow/dags/etl_ecommerce_dag.py
[2026-06-24T00:08:00.040+0000] {logging_mixin.py:190} INFO - [2026-06-24T00:08:00.040+0000] {dag.py:3239} INFO - Sync 1 DAGs
[2026-06-24T00:08:00.055+0000] {logging_mixin.py:190} INFO - [2026-06-24T00:08:00.055+0000] {dag.py:4180} INFO - Setting next_dagrun for etl_ecommerce to 2026-06-23 06:00:00+00:00, run_after=2026-06-24 06:00:00+00:00
[2026-06-24T00:08:00.065+0000] {processor.py:208} INFO - Processing /opt/airflow/dags/etl_ecommerce_dag.py took 0.219 seconds
[2026-06-24T00:08:30.112+0000] {processor.py:186} INFO - Started process (PID=2942) to work on /opt/airflow/dags/etl_ecommerce_dag.py
[2026-06-24T00:08:30.113+0000] {processor.py:914} INFO - Processing file /opt/airflow/dags/etl_ecommerce_dag.py for tasks to queue
[2026-06-24T00:08:30.116+0000] {logging_mixin.py:190} INFO - [2026-06-24T00:08:30.115+0000] {dagbag.py:588} INFO - Filling up the DagBag from /opt/airflow/dags/etl_ecommerce_dag.py
[2026-06-24T00:08:30.283+0000] {processor.py:925} INFO - DAG(s) 'etl_ecommerce' retrieved from /opt/airflow/dags/etl_ecommerce_dag.py
[2026-06-24T00:08:30.300+0000] {logging_mixin.py:190} INFO - [2026-06-24T00:08:30.300+0000] {dag.py:3239} INFO - Sync 1 DAGs
[2026-06-24T00:08:30.313+0000] {logging_mixin.py:190} INFO - [2026-06-24T00:08:30.313+0000] {dag.py:4180} INFO - Setting next_dagrun for etl_ecommerce to 2026-06-23 06:00:00+00:00, run_after=2026-06-24 06:00:00+00:00
[2026-06-24T00:08:30.323+0000] {processor.py:208} INFO - Processing /opt/airflow/dags/etl_ecommerce_dag.py took 0.219 seconds
[2026-06-24T00:09:00.548+0000] {processor.py:186} INFO - Started process (PID=2948) to work on /opt/airflow/dags/etl_ecommerce_dag.py
[2026-06-24T00:09:00.548+0000] {processor.py:914} INFO - Processing file /opt/airflow/dags/etl_ecommerce_dag.py for tasks to queue
[2026-06-24T00:09:00.550+0000] {logging_mixin.py:190} INFO - [2026-06-24T00:09:00.549+0000] {dagbag.py:588} INFO - Filling up the DagBag from /opt/airflow/dags/etl_ecommerce_dag.py
[2026-06-24T00:09:00.712+0000] {processor.py:925} INFO - DAG(s) 'etl_ecommerce' retrieved from /opt/airflow/dags/etl_ecommerce_dag.py
[2026-06-24T00:09:00.728+0000] {logging_mixin.py:190} INFO - [2026-06-24T00:09:00.728+0000] {dag.py:3239} INFO - Sync 1 DAGs
[2026-06-24T00:09:00.741+0000] {logging_mixin.py:190} INFO - [2026-06-24T00:09:00.741+0000] {dag.py:4180} INFO - Setting next_dagrun for etl_ecommerce to 2026-06-23 06:00:00+00:00, run_after=2026-06-24 06:00:00+00:00
[2026-06-24T00:09:00.751+0000] {processor.py:208} INFO - Processing /opt/airflow/dags/etl_ecommerce_dag.py took 0.207 seconds
[2026-06-24T00:09:30.817+0000] {processor.py:186} INFO - Started process (PID=2954) to work on /opt/airflow/dags/etl_ecommerce_dag.py
[2026-06-24T00:09:30.817+0000] {processor.py:914} INFO - Processing file /opt/airflow/dags/etl_ecommerce_dag.py for tasks to queue
[2026-06-24T00:09:30.818+0000] {logging_mixin.py:190} INFO - [2026-06-24T00:09:30.818+0000] {dagbag.py:588} INFO - Filling up the DagBag from /opt/airflow/dags/etl_ecommerce_dag.py
[2026-06-24T00:09:30.987+0000] {processor.py:925} INFO - DAG(s) 'etl_ecommerce' retrieved from /opt/airflow/dags/etl_ecommerce_dag.py
[2026-06-24T00:09:31.004+0000] {logging_mixin.py:190} INFO - [2026-06-24T00:09:31.003+0000] {dag.py:3239} INFO - Sync 1 DAGs
[2026-06-24T00:09:31.018+0000] {logging_mixin.py:190} INFO - [2026-06-24T00:09:31.018+0000] {dag.py:4180} INFO - Setting next_dagrun for etl_ecommerce to 2026-06-23 06:00:00+00:00, run_after=2026-06-24 06:00:00+00:00
[2026-06-24T00:09:31.028+0000] {processor.py:208} INFO - Processing /opt/airflow/dags/etl_ecommerce_dag.py took 0.216 seconds
[2026-06-24T00:10:01.260+0000] {processor.py:186} INFO - Started process (PID=2960) to work on /opt/airflow/dags/etl_ecommerce_dag.py
[2026-06-24T00:10:01.261+0000] {processor.py:914} INFO - Processing file /opt/airflow/dags/etl_ecommerce_dag.py for tasks to queue
[2026-06-24T00:10:01.263+0000] {logging_mixin.py:190} INFO - [2026-06-24T00:10:01.263+0000] {dagbag.py:588} INFO - Filling up the DagBag from /opt/airflow/dags/etl_ecommerce_dag.py
[2026-06-24T00:10:01.432+0000] {processor.py:925} INFO - DAG(s) 'etl_ecommerce' retrieved from /opt/airflow/dags/etl_ecommerce_dag.py
[2026-06-24T00:10:01.449+0000] {logging_mixin.py:190} INFO - [2026-06-24T00:10:01.448+0000] {dag.py:3239} INFO - Sync 1 DAGs
[2026-06-24T00:10:01.462+0000] {logging_mixin.py:190} INFO - [2026-06-24T00:10:01.462+0000] {dag.py:4180} INFO - Setting next_dagrun for etl_ecommerce to 2026-06-23 06:00:00+00:00, run_after=2026-06-24 06:00:00+00:00
[2026-06-24T00:10:01.472+0000] {processor.py:208} INFO - Processing /opt/airflow/dags/etl_ecommerce_dag.py took 0.219 seconds
[2026-06-24T00:10:31.567+0000] {processor.py:186} INFO - Started process (PID=2966) to work on /opt/airflow/dags/etl_ecommerce_dag.py
[2026-06-24T00:10:31.568+0000] {processor.py:914} INFO - Processing file /opt/airflow/dags/etl_ecommerce_dag.py for tasks to queue
[2026-06-24T00:10:31.571+0000] {logging_mixin.py:190} INFO - [2026-06-24T00:10:31.570+0000] {dagbag.py:588} INFO - Filling up the DagBag from /opt/airflow/dags/etl_ecommerce_dag.py
[2026-06-24T00:10:31.740+0000] {processor.py:925} INFO - DAG(s) 'etl_ecommerce' retrieved from /opt/airflow/dags/etl_ecommerce_dag.py
[2026-06-24T00:10:31.755+0000] {logging_mixin.py:190} INFO - [2026-06-24T00:10:31.755+0000] {dag.py:3239} INFO - Sync 1 DAGs
[2026-06-24T00:10:31.769+0000] {logging_mixin.py:190} INFO - [2026-06-24T00:10:31.769+0000] {dag.py:4180} INFO - Setting next_dagrun for etl_ecommerce to 2026-06-23 06:00:00+00:00, run_after=2026-06-24 06:00:00+00:00
[2026-06-24T00:10:31.782+0000] {processor.py:208} INFO - Processing /opt/airflow/dags/etl_ecommerce_dag.py took 0.221 seconds
[2026-06-24T00:11:02.006+0000] {processor.py:186} INFO - Started process (PID=2972) to work on /opt/airflow/dags/etl_ecommerce_dag.py
[2026-06-24T00:11:02.007+0000] {processor.py:914} INFO - Processing file /opt/airflow/dags/etl_ecommerce_dag.py for tasks to queue
[2026-06-24T00:11:02.008+0000] {logging_mixin.py:190} INFO - [2026-06-24T00:11:02.008+0000] {dagbag.py:588} INFO - Filling up the DagBag from /opt/airflow/dags/etl_ecommerce_dag.py
[2026-06-24T00:11:02.174+0000] {processor.py:925} INFO - DAG(s) 'etl_ecommerce' retrieved from /opt/airflow/dags/etl_ecommerce_dag.py
[2026-06-24T00:11:02.190+0000] {logging_mixin.py:190} INFO - [2026-06-24T00:11:02.189+0000] {dag.py:3239} INFO - Sync 1 DAGs
[2026-06-24T00:11:02.205+0000] {logging_mixin.py:190} INFO - [2026-06-24T00:11:02.205+0000] {dag.py:4180} INFO - Setting next_dagrun for etl_ecommerce to 2026-06-23 06:00:00+00:00, run_after=2026-06-24 06:00:00+00:00
[2026-06-24T00:11:02.217+0000] {processor.py:208} INFO - Processing /opt/airflow/dags/etl_ecommerce_dag.py took 0.214 seconds
[2026-06-24T00:11:32.283+0000] {processor.py:186} INFO - Started process (PID=2978) to work on /opt/airflow/dags/etl_ecommerce_dag.py
[2026-06-24T00:11:32.283+0000] {processor.py:914} INFO - Processing file /opt/airflow/dags/etl_ecommerce_dag.py for tasks to queue
[2026-06-24T00:11:32.284+0000] {logging_mixin.py:190} INFO - [2026-06-24T00:11:32.284+0000] {dagbag.py:588} INFO - Filling up the DagBag from /opt/airflow/dags/etl_ecommerce_dag.py
[2026-06-24T00:11:32.449+0000] {processor.py:925} INFO - DAG(s) 'etl_ecommerce' retrieved from /opt/airflow/dags/etl_ecommerce_dag.py
[2026-06-24T00:11:32.465+0000] {logging_mixin.py:190} INFO - [2026-06-24T00:11:32.465+0000] {dag.py:3239} INFO - Sync 1 DAGs
[2026-06-24T00:11:32.479+0000] {logging_mixin.py:190} INFO - [2026-06-24T00:11:32.479+0000] {dag.py:4180} INFO - Setting next_dagrun for etl_ecommerce to 2026-06-23 06:00:00+00:00, run_after=2026-06-24 06:00:00+00:00
[2026-06-24T00:11:32.489+0000] {processor.py:208} INFO - Processing /opt/airflow/dags/etl_ecommerce_dag.py took 0.210 seconds
[2026-06-24T00:12:02.733+0000] {processor.py:186} INFO - Started process (PID=2984) to work on /opt/airflow/dags/etl_ecommerce_dag.py
[2026-06-24T00:12:02.733+0000] {processor.py:914} INFO - Processing file /opt/airflow/dags/etl_ecommerce_dag.py for tasks to queue
[2026-06-24T00:12:02.735+0000] {logging_mixin.py:190} INFO - [2026-06-24T00:12:02.734+0000] {dagbag.py:588} INFO - Filling up the DagBag from /opt/airflow/dags/etl_ecommerce_dag.py
[2026-06-24T00:12:02.906+0000] {processor.py:925} INFO - DAG(s) 'etl_ecommerce' retrieved from /opt/airflow/dags/etl_ecommerce_dag.py
[2026-06-24T00:12:02.923+0000] {logging_mixin.py:190} INFO - [2026-06-24T00:12:02.923+0000] {dag.py:3239} INFO - Sync 1 DAGs
[2026-06-24T00:12:02.937+0000] {logging_mixin.py:190} INFO - [2026-06-24T00:12:02.937+0000] {dag.py:4180} INFO - Setting next_dagrun for etl_ecommerce to 2026-06-23 06:00:00+00:00, run_after=2026-06-24 06:00:00+00:00
[2026-06-24T00:12:02.948+0000] {processor.py:208} INFO - Processing /opt/airflow/dags/etl_ecommerce_dag.py took 0.218 seconds
[2026-06-24T00:12:33.003+0000] {processor.py:186} INFO - Started process (PID=2990) to work on /opt/airflow/dags/etl_ecommerce_dag.py
[2026-06-24T00:12:33.004+0000] {processor.py:914} INFO - Processing file /opt/airflow/dags/etl_ecommerce_dag.py for tasks to queue
[2026-06-24T00:12:33.006+0000] {logging_mixin.py:190} INFO - [2026-06-24T00:12:33.006+0000] {dagbag.py:588} INFO - Filling up the DagBag from /opt/airflow/dags/etl_ecommerce_dag.py
[2026-06-24T00:12:33.176+0000] {processor.py:925} INFO - DAG(s) 'etl_ecommerce' retrieved from /opt/airflow/dags/etl_ecommerce_dag.py
[2026-06-24T00:12:33.193+0000] {logging_mixin.py:190} INFO - [2026-06-24T00:12:33.193+0000] {dag.py:3239} INFO - Sync 1 DAGs
[2026-06-24T00:12:33.207+0000] {logging_mixin.py:190} INFO - [2026-06-24T00:12:33.207+0000] {dag.py:4180} INFO - Setting next_dagrun for etl_ecommerce to 2026-06-23 06:00:00+00:00, run_after=2026-06-24 06:00:00+00:00
[2026-06-24T00:12:33.217+0000] {processor.py:208} INFO - Processing /opt/airflow/dags/etl_ecommerce_dag.py took 0.223 seconds
[2026-06-24T00:13:03.494+0000] {processor.py:186} INFO - Started process (PID=2996) to work on /opt/airflow/dags/etl_ecommerce_dag.py
[2026-06-24T00:13:03.495+0000] {processor.py:914} INFO - Processing file /opt/airflow/dags/etl_ecommerce_dag.py for tasks to queue
[2026-06-24T00:13:03.496+0000] {logging_mixin.py:190} INFO - [2026-06-24T00:13:03.496+0000] {dagbag.py:588} INFO - Filling up the DagBag from /opt/airflow/dags/etl_ecommerce_dag.py
[2026-06-24T00:13:03.670+0000] {processor.py:925} INFO - DAG(s) 'etl_ecommerce' retrieved from /opt/airflow/dags/etl_ecommerce_dag.py
[2026-06-24T00:13:03.686+0000] {logging_mixin.py:190} INFO - [2026-06-24T00:13:03.686+0000] {dag.py:3239} INFO - Sync 1 DAGs
[2026-06-24T00:13:03.699+0000] {logging_mixin.py:190} INFO - [2026-06-24T00:13:03.699+0000] {dag.py:4180} INFO - Setting next_dagrun for etl_ecommerce to 2026-06-23 06:00:00+00:00, run_after=2026-06-24 06:00:00+00:00
[2026-06-24T00:13:03.710+0000] {processor.py:208} INFO - Processing /opt/airflow/dags/etl_ecommerce_dag.py took 0.219 seconds
[2026-06-24T00:13:33.768+0000] {processor.py:186} INFO - Started process (PID=3002) to work on /opt/airflow/dags/etl_ecommerce_dag.py
[2026-06-24T00:13:33.768+0000] {processor.py:914} INFO - Processing file /opt/airflow/dags/etl_ecommerce_dag.py for tasks to queue
[2026-06-24T00:13:33.770+0000] {logging_mixin.py:190} INFO - [2026-06-24T00:13:33.770+0000] {dagbag.py:588} INFO - Filling up the DagBag from /opt/airflow/dags/etl_ecommerce_dag.py
[2026-06-24T00:13:33.943+0000] {processor.py:925} INFO - DAG(s) 'etl_ecommerce' retrieved from /opt/airflow/dags/etl_ecommerce_dag.py
[2026-06-24T00:13:33.959+0000] {logging_mixin.py:190} INFO - [2026-06-24T00:13:33.959+0000] {dag.py:3239} INFO - Sync 1 DAGs
[2026-06-24T00:13:33.973+0000] {logging_mixin.py:190} INFO - [2026-06-24T00:13:33.973+0000] {dag.py:4180} INFO - Setting next_dagrun for etl_ecommerce to 2026-06-23 06:00:00+00:00, run_after=2026-06-24 06:00:00+00:00
[2026-06-24T00:13:33.982+0000] {processor.py:208} INFO - Processing /opt/airflow/dags/etl_ecommerce_dag.py took 0.219 seconds
[2026-06-24T00:14:04.211+0000] {processor.py:186} INFO - Started process (PID=3008) to work on /opt/airflow/dags/etl_ecommerce_dag.py
[2026-06-24T00:14:04.211+0000] {processor.py:914} INFO - Processing file /opt/airflow/dags/etl_ecommerce_dag.py for tasks to queue
[2026-06-24T00:14:04.212+0000] {logging_mixin.py:190} INFO - [2026-06-24T00:14:04.212+0000] {dagbag.py:588} INFO - Filling up the DagBag from /opt/airflow/dags/etl_ecommerce_dag.py
[2026-06-24T00:14:04.380+0000] {processor.py:925} INFO - DAG(s) 'etl_ecommerce' retrieved from /opt/airflow/dags/etl_ecommerce_dag.py
[2026-06-24T00:14:04.397+0000] {logging_mixin.py:190} INFO - [2026-06-24T00:14:04.396+0000] {dag.py:3239} INFO - Sync 1 DAGs
[2026-06-24T00:14:04.410+0000] {logging_mixin.py:190} INFO - [2026-06-24T00:14:04.410+0000] {dag.py:4180} INFO - Setting next_dagrun for etl_ecommerce to 2026-06-23 06:00:00+00:00, run_after=2026-06-24 06:00:00+00:00
[2026-06-24T00:14:04.420+0000] {processor.py:208} INFO - Processing /opt/airflow/dags/etl_ecommerce_dag.py took 0.214 seconds
[2026-06-24T00:14:34.479+0000] {processor.py:186} INFO - Started process (PID=3014) to work on /opt/airflow/dags/etl_ecommerce_dag.py
[2026-06-24T00:14:34.480+0000] {processor.py:914} INFO - Processing file /opt/airflow/dags/etl_ecommerce_dag.py for tasks to queue
[2026-06-24T00:14:34.481+0000] {logging_mixin.py:190} INFO - [2026-06-24T00:14:34.481+0000] {dagbag.py:588} INFO - Filling up the DagBag from /opt/airflow/dags/etl_ecommerce_dag.py
[2026-06-24T00:14:34.650+0000] {processor.py:925} INFO - DAG(s) 'etl_ecommerce' retrieved from /opt/airflow/dags/etl_ecommerce_dag.py
[2026-06-24T00:14:34.666+0000] {logging_mixin.py:190} INFO - [2026-06-24T00:14:34.666+0000] {dag.py:3239} INFO - Sync 1 DAGs
[2026-06-24T00:14:34.680+0000] {logging_mixin.py:190} INFO - [2026-06-24T00:14:34.680+0000] {dag.py:4180} INFO - Setting next_dagrun for etl_ecommerce to 2026-06-23 06:00:00+00:00, run_after=2026-06-24 06:00:00+00:00
[2026-06-24T00:14:34.690+0000] {processor.py:208} INFO - Processing /opt/airflow/dags/etl_ecommerce_dag.py took 0.215 seconds
[2026-06-24T00:15:04.913+0000] {processor.py:186} INFO - Started process (PID=3020) to work on /opt/airflow/dags/etl_ecommerce_dag.py
[2026-06-24T00:15:04.913+0000] {processor.py:914} INFO - Processing file /opt/airflow/dags/etl_ecommerce_dag.py for tasks to queue
[2026-06-24T00:15:04.914+0000] {logging_mixin.py:190} INFO - [2026-06-24T00:15:04.914+0000] {dagbag.py:588} INFO - Filling up the DagBag from /opt/airflow/dags/etl_ecommerce_dag.py
[2026-06-24T00:15:05.097+0000] {processor.py:925} INFO - DAG(s) 'etl_ecommerce' retrieved from /opt/airflow/dags/etl_ecommerce_dag.py
[2026-06-24T00:15:05.113+0000] {logging_mixin.py:190} INFO - [2026-06-24T00:15:05.113+0000] {dag.py:3239} INFO - Sync 1 DAGs
[2026-06-24T00:15:05.127+0000] {logging_mixin.py:190} INFO - [2026-06-24T00:15:05.127+0000] {dag.py:4180} INFO - Setting next_dagrun for etl_ecommerce to 2026-06-23 06:00:00+00:00, run_after=2026-06-24 06:00:00+00:00
[2026-06-24T00:15:05.137+0000] {processor.py:208} INFO - Processing /opt/airflow/dags/etl_ecommerce_dag.py took 0.228 seconds
[2026-06-24T00:15:35.187+0000] {processor.py:186} INFO - Started process (PID=3026) to work on /opt/airflow/dags/etl_ecommerce_dag.py
[2026-06-24T00:15:35.188+0000] {processor.py:914} INFO - Processing file /opt/airflow/dags/etl_ecommerce_dag.py for tasks to queue
[2026-06-24T00:15:35.190+0000] {logging_mixin.py:190} INFO - [2026-06-24T00:15:35.189+0000] {dagbag.py:588} INFO - Filling up the DagBag from /opt/airflow/dags/etl_ecommerce_dag.py
[2026-06-24T00:15:35.370+0000] {processor.py:925} INFO - DAG(s) 'etl_ecommerce' retrieved from /opt/airflow/dags/etl_ecommerce_dag.py
[2026-06-24T00:15:35.387+0000] {logging_mixin.py:190} INFO - [2026-06-24T00:15:35.387+0000] {dag.py:3239} INFO - Sync 1 DAGs
[2026-06-24T00:15:35.402+0000] {logging_mixin.py:190} INFO - [2026-06-24T00:15:35.401+0000] {dag.py:4180} INFO - Setting next_dagrun for etl_ecommerce to 2026-06-23 06:00:00+00:00, run_after=2026-06-24 06:00:00+00:00
[2026-06-24T00:15:35.412+0000] {processor.py:208} INFO - Processing /opt/airflow/dags/etl_ecommerce_dag.py took 0.228 seconds
[2026-06-24T00:16:05.676+0000] {processor.py:186} INFO - Started process (PID=3032) to work on /opt/airflow/dags/etl_ecommerce_dag.py
[2026-06-24T00:16:05.676+0000] {processor.py:914} INFO - Processing file /opt/airflow/dags/etl_ecommerce_dag.py for tasks to queue
[2026-06-24T00:16:05.678+0000] {logging_mixin.py:190} INFO - [2026-06-24T00:16:05.678+0000] {dagbag.py:588} INFO - Filling up the DagBag from /opt/airflow/dags/etl_ecommerce_dag.py
[2026-06-24T00:16:05.839+0000] {processor.py:925} INFO - DAG(s) 'etl_ecommerce' retrieved from /opt/airflow/dags/etl_ecommerce_dag.py
[2026-06-24T00:16:05.855+0000] {logging_mixin.py:190} INFO - [2026-06-24T00:16:05.855+0000] {dag.py:3239} INFO - Sync 1 DAGs
[2026-06-24T00:16:05.868+0000] {logging_mixin.py:190} INFO - [2026-06-24T00:16:05.868+0000] {dag.py:4180} INFO - Setting next_dagrun for etl_ecommerce to 2026-06-23 06:00:00+00:00, run_after=2026-06-24 06:00:00+00:00
[2026-06-24T00:16:05.878+0000] {processor.py:208} INFO - Processing /opt/airflow/dags/etl_ecommerce_dag.py took 0.205 seconds
[2026-06-24T00:16:35.961+0000] {processor.py:186} INFO - Started process (PID=3038) to work on /opt/airflow/dags/etl_ecommerce_dag.py
[2026-06-24T00:16:35.962+0000] {processor.py:914} INFO - Processing file /opt/airflow/dags/etl_ecommerce_dag.py for tasks to queue
[2026-06-24T00:16:35.965+0000] {logging_mixin.py:190} INFO - [2026-06-24T00:16:35.965+0000] {dagbag.py:588} INFO - Filling up the DagBag from /opt/airflow/dags/etl_ecommerce_dag.py
[2026-06-24T00:16:36.127+0000] {processor.py:925} INFO - DAG(s) 'etl_ecommerce' retrieved from /opt/airflow/dags/etl_ecommerce_dag.py
[2026-06-24T00:16:36.144+0000] {logging_mixin.py:190} INFO - [2026-06-24T00:16:36.144+0000] {dag.py:3239} INFO - Sync 1 DAGs
[2026-06-24T00:16:36.157+0000] {logging_mixin.py:190} INFO - [2026-06-24T00:16:36.157+0000] {dag.py:4180} INFO - Setting next_dagrun for etl_ecommerce to 2026-06-23 06:00:00+00:00, run_after=2026-06-24 06:00:00+00:00
[2026-06-24T00:16:36.167+0000] {processor.py:208} INFO - Processing /opt/airflow/dags/etl_ecommerce_dag.py took 0.212 seconds
[2026-06-24T00:17:06.412+0000] {processor.py:186} INFO - Started process (PID=3044) to work on /opt/airflow/dags/etl_ecommerce_dag.py
[2026-06-24T00:17:06.413+0000] {processor.py:914} INFO - Processing file /opt/airflow/dags/etl_ecommerce_dag.py for tasks to queue
[2026-06-24T00:17:06.414+0000] {logging_mixin.py:190} INFO - [2026-06-24T00:17:06.414+0000] {dagbag.py:588} INFO - Filling up the DagBag from /opt/airflow/dags/etl_ecommerce_dag.py
[2026-06-24T00:17:06.580+0000] {processor.py:925} INFO - DAG(s) 'etl_ecommerce' retrieved from /opt/airflow/dags/etl_ecommerce_dag.py
[2026-06-24T00:17:06.595+0000] {logging_mixin.py:190} INFO - [2026-06-24T00:17:06.595+0000] {dag.py:3239} INFO - Sync 1 DAGs
[2026-06-24T00:17:06.608+0000] {logging_mixin.py:190} INFO - [2026-06-24T00:17:06.608+0000] {dag.py:4180} INFO - Setting next_dagrun for etl_ecommerce to 2026-06-23 06:00:00+00:00, run_after=2026-06-24 06:00:00+00:00
[2026-06-24T00:17:06.618+0000] {processor.py:208} INFO - Processing /opt/airflow/dags/etl_ecommerce_dag.py took 0.210 seconds
[2026-06-24T00:17:36.694+0000] {processor.py:186} INFO - Started process (PID=3050) to work on /opt/airflow/dags/etl_ecommerce_dag.py
[2026-06-24T00:17:36.695+0000] {processor.py:914} INFO - Processing file /opt/airflow/dags/etl_ecommerce_dag.py for tasks to queue
[2026-06-24T00:17:36.696+0000] {logging_mixin.py:190} INFO - [2026-06-24T00:17:36.696+0000] {dagbag.py:588} INFO - Filling up the DagBag from /opt/airflow/dags/etl_ecommerce_dag.py
[2026-06-24T00:17:36.856+0000] {processor.py:925} INFO - DAG(s) 'etl_ecommerce' retrieved from /opt/airflow/dags/etl_ecommerce_dag.py
[2026-06-24T00:17:36.873+0000] {logging_mixin.py:190} INFO - [2026-06-24T00:17:36.872+0000] {dag.py:3239} INFO - Sync 1 DAGs
[2026-06-24T00:17:36.887+0000] {logging_mixin.py:190} INFO - [2026-06-24T00:17:36.887+0000] {dag.py:4180} INFO - Setting next_dagrun for etl_ecommerce to 2026-06-23 06:00:00+00:00, run_after=2026-06-24 06:00:00+00:00
[2026-06-24T00:17:36.897+0000] {processor.py:208} INFO - Processing /opt/airflow/dags/etl_ecommerce_dag.py took 0.207 seconds
[2026-06-24T00:18:07.161+0000] {processor.py:186} INFO - Started process (PID=3056) to work on /opt/airflow/dags/etl_ecommerce_dag.py
[2026-06-24T00:18:07.162+0000] {processor.py:914} INFO - Processing file /opt/airflow/dags/etl_ecommerce_dag.py for tasks to queue
[2026-06-24T00:18:07.163+0000] {logging_mixin.py:190} INFO - [2026-06-24T00:18:07.163+0000] {dagbag.py:588} INFO - Filling up the DagBag from /opt/airflow/dags/etl_ecommerce_dag.py
[2026-06-24T00:18:07.325+0000] {processor.py:925} INFO - DAG(s) 'etl_ecommerce' retrieved from /opt/airflow/dags/etl_ecommerce_dag.py
[2026-06-24T00:18:07.341+0000] {logging_mixin.py:190} INFO - [2026-06-24T00:18:07.341+0000] {dag.py:3239} INFO - Sync 1 DAGs
[2026-06-24T00:18:07.355+0000] {logging_mixin.py:190} INFO - [2026-06-24T00:18:07.355+0000] {dag.py:4180} INFO - Setting next_dagrun for etl_ecommerce to 2026-06-23 06:00:00+00:00, run_after=2026-06-24 06:00:00+00:00
[2026-06-24T00:18:07.365+0000] {processor.py:208} INFO - Processing /opt/airflow/dags/etl_ecommerce_dag.py took 0.207 seconds
[2026-06-24T00:18:37.449+0000] {processor.py:186} INFO - Started process (PID=3062) to work on /opt/airflow/dags/etl_ecommerce_dag.py
[2026-06-24T00:18:37.449+0000] {processor.py:914} INFO - Processing file /opt/airflow/dags/etl_ecommerce_dag.py for tasks to queue
[2026-06-24T00:18:37.451+0000] {logging_mixin.py:190} INFO - [2026-06-24T00:18:37.450+0000] {dagbag.py:588} INFO - Filling up the DagBag from /opt/airflow/dags/etl_ecommerce_dag.py
[2026-06-24T00:18:37.626+0000] {processor.py:925} INFO - DAG(s) 'etl_ecommerce' retrieved from /opt/airflow/dags/etl_ecommerce_dag.py
[2026-06-24T00:18:37.642+0000] {logging_mixin.py:190} INFO - [2026-06-24T00:18:37.642+0000] {dag.py:3239} INFO - Sync 1 DAGs
[2026-06-24T00:18:37.657+0000] {logging_mixin.py:190} INFO - [2026-06-24T00:18:37.657+0000] {dag.py:4180} INFO - Setting next_dagrun for etl_ecommerce to 2026-06-23 06:00:00+00:00, run_after=2026-06-24 06:00:00+00:00
[2026-06-24T00:18:37.667+0000] {processor.py:208} INFO - Processing /opt/airflow/dags/etl_ecommerce_dag.py took 0.222 seconds
[2026-06-24T00:19:07.902+0000] {processor.py:186} INFO - Started process (PID=3068) to work on /opt/airflow/dags/etl_ecommerce_dag.py
[2026-06-24T00:19:07.903+0000] {processor.py:914} INFO - Processing file /opt/airflow/dags/etl_ecommerce_dag.py for tasks to queue
[2026-06-24T00:19:07.904+0000] {logging_mixin.py:190} INFO - [2026-06-24T00:19:07.904+0000] {dagbag.py:588} INFO - Filling up the DagBag from /opt/airflow/dags/etl_ecommerce_dag.py
[2026-06-24T00:19:08.072+0000] {processor.py:925} INFO - DAG(s) 'etl_ecommerce' retrieved from /opt/airflow/dags/etl_ecommerce_dag.py
[2026-06-24T00:19:08.088+0000] {logging_mixin.py:190} INFO - [2026-06-24T00:19:08.088+0000] {dag.py:3239} INFO - Sync 1 DAGs
[2026-06-24T00:19:08.101+0000] {logging_mixin.py:190} INFO - [2026-06-24T00:19:08.101+0000] {dag.py:4180} INFO - Setting next_dagrun for etl_ecommerce to 2026-06-23 06:00:00+00:00, run_after=2026-06-24 06:00:00+00:00
[2026-06-24T00:19:08.112+0000] {processor.py:208} INFO - Processing /opt/airflow/dags/etl_ecommerce_dag.py took 0.215 seconds
[2026-06-24T00:19:38.185+0000] {processor.py:186} INFO - Started process (PID=3074) to work on /opt/airflow/dags/etl_ecommerce_dag.py
[2026-06-24T00:19:38.185+0000] {processor.py:914} INFO - Processing file /opt/airflow/dags/etl_ecommerce_dag.py for tasks to queue
[2026-06-24T00:19:38.186+0000] {logging_mixin.py:190} INFO - [2026-06-24T00:19:38.186+0000] {dagbag.py:588} INFO - Filling up the DagBag from /opt/airflow/dags/etl_ecommerce_dag.py
[2026-06-24T00:19:38.376+0000] {processor.py:925} INFO - DAG(s) 'etl_ecommerce' retrieved from /opt/airflow/dags/etl_ecommerce_dag.py
[2026-06-24T00:19:38.393+0000] {logging_mixin.py:190} INFO - [2026-06-24T00:19:38.393+0000] {dag.py:3239} INFO - Sync 1 DAGs
[2026-06-24T00:19:38.408+0000] {logging_mixin.py:190} INFO - [2026-06-24T00:19:38.408+0000] {dag.py:4180} INFO - Setting next_dagrun for etl_ecommerce to 2026-06-23 06:00:00+00:00, run_after=2026-06-24 06:00:00+00:00
[2026-06-24T00:19:38.418+0000] {processor.py:208} INFO - Processing /opt/airflow/dags/etl_ecommerce_dag.py took 0.237 seconds
[2026-06-24T00:20:08.646+0000] {processor.py:186} INFO - Started process (PID=3080) to work on /opt/airflow/dags/etl_ecommerce_dag.py
[2026-06-24T00:20:08.647+0000] {processor.py:914} INFO - Processing file /opt/airflow/dags/etl_ecommerce_dag.py for tasks to queue
[2026-06-24T00:20:08.649+0000] {logging_mixin.py:190} INFO - [2026-06-24T00:20:08.649+0000] {dagbag.py:588} INFO - Filling up the DagBag from /opt/airflow/dags/etl_ecommerce_dag.py
[2026-06-24T00:20:08.815+0000] {processor.py:925} INFO - DAG(s) 'etl_ecommerce' retrieved from /opt/airflow/dags/etl_ecommerce_dag.py
[2026-06-24T00:20:08.832+0000] {logging_mixin.py:190} INFO - [2026-06-24T00:20:08.832+0000] {dag.py:3239} INFO - Sync 1 DAGs
[2026-06-24T00:20:08.846+0000] {logging_mixin.py:190} INFO - [2026-06-24T00:20:08.845+0000] {dag.py:4180} INFO - Setting next_dagrun for etl_ecommerce to 2026-06-23 06:00:00+00:00, run_after=2026-06-24 06:00:00+00:00
[2026-06-24T00:20:08.856+0000] {processor.py:208} INFO - Processing /opt/airflow/dags/etl_ecommerce_dag.py took 0.216 seconds
[2026-06-24T00:20:38.919+0000] {processor.py:186} INFO - Started process (PID=3086) to work on /opt/airflow/dags/etl_ecommerce_dag.py
[2026-06-24T00:20:38.919+0000] {processor.py:914} INFO - Processing file /opt/airflow/dags/etl_ecommerce_dag.py for tasks to queue
[2026-06-24T00:20:38.920+0000] {logging_mixin.py:190} INFO - [2026-06-24T00:20:38.920+0000] {dagbag.py:588} INFO - Filling up the DagBag from /opt/airflow/dags/etl_ecommerce_dag.py
[2026-06-24T00:20:39.083+0000] {processor.py:925} INFO - DAG(s) 'etl_ecommerce' retrieved from /opt/airflow/dags/etl_ecommerce_dag.py
[2026-06-24T00:20:39.100+0000] {logging_mixin.py:190} INFO - [2026-06-24T00:20:39.099+0000] {dag.py:3239} INFO - Sync 1 DAGs
[2026-06-24T00:20:39.113+0000] {logging_mixin.py:190} INFO - [2026-06-24T00:20:39.113+0000] {dag.py:4180} INFO - Setting next_dagrun for etl_ecommerce to 2026-06-23 06:00:00+00:00, run_after=2026-06-24 06:00:00+00:00
[2026-06-24T00:20:39.122+0000] {processor.py:208} INFO - Processing /opt/airflow/dags/etl_ecommerce_dag.py took 0.208 seconds
[2026-06-24T00:21:09.410+0000] {processor.py:186} INFO - Started process (PID=3092) to work on /opt/airflow/dags/etl_ecommerce_dag.py
[2026-06-24T00:21:09.411+0000] {processor.py:914} INFO - Processing file /opt/airflow/dags/etl_ecommerce_dag.py for tasks to queue
[2026-06-24T00:21:09.412+0000] {logging_mixin.py:190} INFO - [2026-06-24T00:21:09.412+0000] {dagbag.py:588} INFO - Filling up the DagBag from /opt/airflow/dags/etl_ecommerce_dag.py
[2026-06-24T00:21:09.582+0000] {processor.py:925} INFO - DAG(s) 'etl_ecommerce' retrieved from /opt/airflow/dags/etl_ecommerce_dag.py
[2026-06-24T00:21:09.597+0000] {logging_mixin.py:190} INFO - [2026-06-24T00:21:09.597+0000] {dag.py:3239} INFO - Sync 1 DAGs
[2026-06-24T00:21:09.610+0000] {logging_mixin.py:190} INFO - [2026-06-24T00:21:09.610+0000] {dag.py:4180} INFO - Setting next_dagrun for etl_ecommerce to 2026-06-23 06:00:00+00:00, run_after=2026-06-24 06:00:00+00:00
[2026-06-24T00:21:09.620+0000] {processor.py:208} INFO - Processing /opt/airflow/dags/etl_ecommerce_dag.py took 0.214 seconds
[2026-06-24T00:21:39.666+0000] {processor.py:186} INFO - Started process (PID=3098) to work on /opt/airflow/dags/etl_ecommerce_dag.py
[2026-06-24T00:21:39.667+0000] {processor.py:914} INFO - Processing file /opt/airflow/dags/etl_ecommerce_dag.py for tasks to queue
[2026-06-24T00:21:39.669+0000] {logging_mixin.py:190} INFO - [2026-06-24T00:21:39.668+0000] {dagbag.py:588} INFO - Filling up the DagBag from /opt/airflow/dags/etl_ecommerce_dag.py
[2026-06-24T00:21:39.844+0000] {processor.py:925} INFO - DAG(s) 'etl_ecommerce' retrieved from /opt/airflow/dags/etl_ecommerce_dag.py
[2026-06-24T00:21:39.861+0000] {logging_mixin.py:190} INFO - [2026-06-24T00:21:39.861+0000] {dag.py:3239} INFO - Sync 1 DAGs
[2026-06-24T00:21:39.876+0000] {logging_mixin.py:190} INFO - [2026-06-24T00:21:39.876+0000] {dag.py:4180} INFO - Setting next_dagrun for etl_ecommerce to 2026-06-23 06:00:00+00:00, run_after=2026-06-24 06:00:00+00:00
[2026-06-24T00:21:39.886+0000] {processor.py:208} INFO - Processing /opt/airflow/dags/etl_ecommerce_dag.py took 0.224 seconds
[2026-06-24T00:22:10.164+0000] {processor.py:186} INFO - Started process (PID=3104) to work on /opt/airflow/dags/etl_ecommerce_dag.py
[2026-06-24T00:22:10.164+0000] {processor.py:914} INFO - Processing file /opt/airflow/dags/etl_ecommerce_dag.py for tasks to queue
[2026-06-24T00:22:10.166+0000] {logging_mixin.py:190} INFO - [2026-06-24T00:22:10.165+0000] {dagbag.py:588} INFO - Filling up the DagBag from /opt/airflow/dags/etl_ecommerce_dag.py
[2026-06-24T00:22:10.335+0000] {processor.py:925} INFO - DAG(s) 'etl_ecommerce' retrieved from /opt/airflow/dags/etl_ecommerce_dag.py
[2026-06-24T00:22:10.353+0000] {logging_mixin.py:190} INFO - [2026-06-24T00:22:10.352+0000] {dag.py:3239} INFO - Sync 1 DAGs
[2026-06-24T00:22:10.366+0000] {logging_mixin.py:190} INFO - [2026-06-24T00:22:10.366+0000] {dag.py:4180} INFO - Setting next_dagrun for etl_ecommerce to 2026-06-23 06:00:00+00:00, run_after=2026-06-24 06:00:00+00:00
[2026-06-24T00:22:10.375+0000] {processor.py:208} INFO - Processing /opt/airflow/dags/etl_ecommerce_dag.py took 0.215 seconds
[2026-06-24T00:22:40.445+0000] {processor.py:186} INFO - Started process (PID=3110) to work on /opt/airflow/dags/etl_ecommerce_dag.py
[2026-06-24T00:22:40.446+0000] {processor.py:914} INFO - Processing file /opt/airflow/dags/etl_ecommerce_dag.py for tasks to queue
[2026-06-24T00:22:40.447+0000] {logging_mixin.py:190} INFO - [2026-06-24T00:22:40.447+0000] {dagbag.py:588} INFO - Filling up the DagBag from /opt/airflow/dags/etl_ecommerce_dag.py
[2026-06-24T00:22:40.612+0000] {processor.py:925} INFO - DAG(s) 'etl_ecommerce' retrieved from /opt/airflow/dags/etl_ecommerce_dag.py
[2026-06-24T00:22:40.628+0000] {logging_mixin.py:190} INFO - [2026-06-24T00:22:40.628+0000] {dag.py:3239} INFO - Sync 1 DAGs
[2026-06-24T00:22:40.642+0000] {logging_mixin.py:190} INFO - [2026-06-24T00:22:40.641+0000] {dag.py:4180} INFO - Setting next_dagrun for etl_ecommerce to 2026-06-23 06:00:00+00:00, run_after=2026-06-24 06:00:00+00:00
[2026-06-24T00:22:40.651+0000] {processor.py:208} INFO - Processing /opt/airflow/dags/etl_ecommerce_dag.py took 0.211 seconds
[2026-06-24T00:23:10.877+0000] {processor.py:186} INFO - Started process (PID=3116) to work on /opt/airflow/dags/etl_ecommerce_dag.py
[2026-06-24T00:23:10.878+0000] {processor.py:914} INFO - Processing file /opt/airflow/dags/etl_ecommerce_dag.py for tasks to queue
[2026-06-24T00:23:10.879+0000] {logging_mixin.py:190} INFO - [2026-06-24T00:23:10.879+0000] {dagbag.py:588} INFO - Filling up the DagBag from /opt/airflow/dags/etl_ecommerce_dag.py
[2026-06-24T00:23:11.043+0000] {processor.py:925} INFO - DAG(s) 'etl_ecommerce' retrieved from /opt/airflow/dags/etl_ecommerce_dag.py
[2026-06-24T00:23:11.059+0000] {logging_mixin.py:190} INFO - [2026-06-24T00:23:11.059+0000] {dag.py:3239} INFO - Sync 1 DAGs
[2026-06-24T00:23:11.072+0000] {logging_mixin.py:190} INFO - [2026-06-24T00:23:11.072+0000] {dag.py:4180} INFO - Setting next_dagrun for etl_ecommerce to 2026-06-23 06:00:00+00:00, run_after=2026-06-24 06:00:00+00:00
[2026-06-24T00:23:11.082+0000] {processor.py:208} INFO - Processing /opt/airflow/dags/etl_ecommerce_dag.py took 0.208 seconds
[2026-06-24T00:23:41.138+0000] {processor.py:186} INFO - Started process (PID=3122) to work on /opt/airflow/dags/etl_ecommerce_dag.py
[2026-06-24T00:23:41.138+0000] {processor.py:914} INFO - Processing file /opt/airflow/dags/etl_ecommerce_dag.py for tasks to queue
[2026-06-24T00:23:41.139+0000] {logging_mixin.py:190} INFO - [2026-06-24T00:23:41.139+0000] {dagbag.py:588} INFO - Filling up the DagBag from /opt/airflow/dags/etl_ecommerce_dag.py
[2026-06-24T00:23:41.308+0000] {processor.py:925} INFO - DAG(s) 'etl_ecommerce' retrieved from /opt/airflow/dags/etl_ecommerce_dag.py
[2026-06-24T00:23:41.327+0000] {logging_mixin.py:190} INFO - [2026-06-24T00:23:41.327+0000] {dag.py:3239} INFO - Sync 1 DAGs
[2026-06-24T00:23:41.343+0000] {logging_mixin.py:190} INFO - [2026-06-24T00:23:41.343+0000] {dag.py:4180} INFO - Setting next_dagrun for etl_ecommerce to 2026-06-23 06:00:00+00:00, run_after=2026-06-24 06:00:00+00:00
[2026-06-24T00:23:41.353+0000] {processor.py:208} INFO - Processing /opt/airflow/dags/etl_ecommerce_dag.py took 0.220 seconds
[2026-06-24T00:24:11.567+0000] {processor.py:186} INFO - Started process (PID=3128) to work on /opt/airflow/dags/etl_ecommerce_dag.py
[2026-06-24T00:24:11.567+0000] {processor.py:914} INFO - Processing file /opt/airflow/dags/etl_ecommerce_dag.py for tasks to queue
[2026-06-24T00:24:11.569+0000] {logging_mixin.py:190} INFO - [2026-06-24T00:24:11.569+0000] {dagbag.py:588} INFO - Filling up the DagBag from /opt/airflow/dags/etl_ecommerce_dag.py
[2026-06-24T00:24:11.743+0000] {processor.py:925} INFO - DAG(s) 'etl_ecommerce' retrieved from /opt/airflow/dags/etl_ecommerce_dag.py
[2026-06-24T00:24:11.760+0000] {logging_mixin.py:190} INFO - [2026-06-24T00:24:11.760+0000] {dag.py:3239} INFO - Sync 1 DAGs
[2026-06-24T00:24:11.773+0000] {logging_mixin.py:190} INFO - [2026-06-24T00:24:11.773+0000] {dag.py:4180} INFO - Setting next_dagrun for etl_ecommerce to 2026-06-23 06:00:00+00:00, run_after=2026-06-24 06:00:00+00:00
[2026-06-24T00:24:11.783+0000] {processor.py:208} INFO - Processing /opt/airflow/dags/etl_ecommerce_dag.py took 0.219 seconds
[2026-06-24T00:24:41.840+0000] {processor.py:186} INFO - Started process (PID=3134) to work on /opt/airflow/dags/etl_ecommerce_dag.py
[2026-06-24T00:24:41.841+0000] {processor.py:914} INFO - Processing file /opt/airflow/dags/etl_ecommerce_dag.py for tasks to queue
[2026-06-24T00:24:41.844+0000] {logging_mixin.py:190} INFO - [2026-06-24T00:24:41.843+0000] {dagbag.py:588} INFO - Filling up the DagBag from /opt/airflow/dags/etl_ecommerce_dag.py
[2026-06-24T00:24:42.017+0000] {processor.py:925} INFO - DAG(s) 'etl_ecommerce' retrieved from /opt/airflow/dags/etl_ecommerce_dag.py
[2026-06-24T00:24:42.043+0000] {logging_mixin.py:190} INFO - [2026-06-24T00:24:42.043+0000] {dag.py:3239} INFO - Sync 1 DAGs
[2026-06-24T00:24:42.064+0000] {logging_mixin.py:190} INFO - [2026-06-24T00:24:42.063+0000] {dag.py:4180} INFO - Setting next_dagrun for etl_ecommerce to 2026-06-23 06:00:00+00:00, run_after=2026-06-24 06:00:00+00:00
[2026-06-24T00:24:42.076+0000] {processor.py:208} INFO - Processing /opt/airflow/dags/etl_ecommerce_dag.py took 0.241 seconds
[2026-06-24T00:25:12.299+0000] {processor.py:186} INFO - Started process (PID=3140) to work on /opt/airflow/dags/etl_ecommerce_dag.py
[2026-06-24T00:25:12.301+0000] {processor.py:914} INFO - Processing file /opt/airflow/dags/etl_ecommerce_dag.py for tasks to queue
[2026-06-24T00:25:12.302+0000] {logging_mixin.py:190} INFO - [2026-06-24T00:25:12.302+0000] {dagbag.py:588} INFO - Filling up the DagBag from /opt/airflow/dags/etl_ecommerce_dag.py
[2026-06-24T00:25:12.474+0000] {processor.py:925} INFO - DAG(s) 'etl_ecommerce' retrieved from /opt/airflow/dags/etl_ecommerce_dag.py
[2026-06-24T00:25:12.489+0000] {logging_mixin.py:190} INFO - [2026-06-24T00:25:12.489+0000] {dag.py:3239} INFO - Sync 1 DAGs
[2026-06-24T00:25:12.502+0000] {logging_mixin.py:190} INFO - [2026-06-24T00:25:12.502+0000] {dag.py:4180} INFO - Setting next_dagrun for etl_ecommerce to 2026-06-23 06:00:00+00:00, run_after=2026-06-24 06:00:00+00:00
[2026-06-24T00:25:12.513+0000] {processor.py:208} INFO - Processing /opt/airflow/dags/etl_ecommerce_dag.py took 0.220 seconds
[2026-06-24T00:25:42.567+0000] {processor.py:186} INFO - Started process (PID=3146) to work on /opt/airflow/dags/etl_ecommerce_dag.py
[2026-06-24T00:25:42.568+0000] {processor.py:914} INFO - Processing file /opt/airflow/dags/etl_ecommerce_dag.py for tasks to queue
[2026-06-24T00:25:42.571+0000] {logging_mixin.py:190} INFO - [2026-06-24T00:25:42.571+0000] {dagbag.py:588} INFO - Filling up the DagBag from /opt/airflow/dags/etl_ecommerce_dag.py
[2026-06-24T00:25:42.740+0000] {processor.py:925} INFO - DAG(s) 'etl_ecommerce' retrieved from /opt/airflow/dags/etl_ecommerce_dag.py
[2026-06-24T00:25:42.757+0000] {logging_mixin.py:190} INFO - [2026-06-24T00:25:42.757+0000] {dag.py:3239} INFO - Sync 1 DAGs
[2026-06-24T00:25:42.771+0000] {logging_mixin.py:190} INFO - [2026-06-24T00:25:42.771+0000] {dag.py:4180} INFO - Setting next_dagrun for etl_ecommerce to 2026-06-23 06:00:00+00:00, run_after=2026-06-24 06:00:00+00:00
[2026-06-24T00:25:42.781+0000] {processor.py:208} INFO - Processing /opt/airflow/dags/etl_ecommerce_dag.py took 0.219 seconds
[2026-06-24T00:26:13.063+0000] {processor.py:186} INFO - Started process (PID=3152) to work on /opt/airflow/dags/etl_ecommerce_dag.py
[2026-06-24T00:26:13.063+0000] {processor.py:914} INFO - Processing file /opt/airflow/dags/etl_ecommerce_dag.py for tasks to queue
[2026-06-24T00:26:13.065+0000] {logging_mixin.py:190} INFO - [2026-06-24T00:26:13.064+0000] {dagbag.py:588} INFO - Filling up the DagBag from /opt/airflow/dags/etl_ecommerce_dag.py
[2026-06-24T00:26:13.251+0000] {processor.py:925} INFO - DAG(s) 'etl_ecommerce' retrieved from /opt/airflow/dags/etl_ecommerce_dag.py
[2026-06-24T00:26:13.269+0000] {logging_mixin.py:190} INFO - [2026-06-24T00:26:13.269+0000] {dag.py:3239} INFO - Sync 1 DAGs
[2026-06-24T00:26:13.283+0000] {logging_mixin.py:190} INFO - [2026-06-24T00:26:13.283+0000] {dag.py:4180} INFO - Setting next_dagrun for etl_ecommerce to 2026-06-23 06:00:00+00:00, run_after=2026-06-24 06:00:00+00:00
[2026-06-24T00:26:13.294+0000] {processor.py:208} INFO - Processing /opt/airflow/dags/etl_ecommerce_dag.py took 0.234 seconds
[2026-06-24T00:26:43.532+0000] {processor.py:186} INFO - Started process (PID=3158) to work on /opt/airflow/dags/etl_ecommerce_dag.py
[2026-06-24T00:26:43.533+0000] {processor.py:914} INFO - Processing file /opt/airflow/dags/etl_ecommerce_dag.py for tasks to queue
[2026-06-24T00:26:43.534+0000] {logging_mixin.py:190} INFO - [2026-06-24T00:26:43.534+0000] {dagbag.py:588} INFO - Filling up the DagBag from /opt/airflow/dags/etl_ecommerce_dag.py
[2026-06-24T00:26:43.709+0000] {processor.py:925} INFO - DAG(s) 'etl_ecommerce' retrieved from /opt/airflow/dags/etl_ecommerce_dag.py
[2026-06-24T00:26:43.725+0000] {logging_mixin.py:190} INFO - [2026-06-24T00:26:43.725+0000] {dag.py:3239} INFO - Sync 1 DAGs
[2026-06-24T00:26:43.739+0000] {logging_mixin.py:190} INFO - [2026-06-24T00:26:43.739+0000] {dag.py:4180} INFO - Setting next_dagrun for etl_ecommerce to 2026-06-23 06:00:00+00:00, run_after=2026-06-24 06:00:00+00:00
[2026-06-24T00:26:43.749+0000] {processor.py:208} INFO - Processing /opt/airflow/dags/etl_ecommerce_dag.py took 0.221 seconds
[2026-06-24T00:27:13.997+0000] {processor.py:186} INFO - Started process (PID=3164) to work on /opt/airflow/dags/etl_ecommerce_dag.py
[2026-06-24T00:27:13.998+0000] {processor.py:914} INFO - Processing file /opt/airflow/dags/etl_ecommerce_dag.py for tasks to queue
[2026-06-24T00:27:14.000+0000] {logging_mixin.py:190} INFO - [2026-06-24T00:27:14.000+0000] {dagbag.py:588} INFO - Filling up the DagBag from /opt/airflow/dags/etl_ecommerce_dag.py
[2026-06-24T00:27:14.178+0000] {processor.py:925} INFO - DAG(s) 'etl_ecommerce' retrieved from /opt/airflow/dags/etl_ecommerce_dag.py
[2026-06-24T00:27:14.195+0000] {logging_mixin.py:190} INFO - [2026-06-24T00:27:14.195+0000] {dag.py:3239} INFO - Sync 1 DAGs
[2026-06-24T00:27:14.209+0000] {logging_mixin.py:190} INFO - [2026-06-24T00:27:14.209+0000] {dag.py:4180} INFO - Setting next_dagrun for etl_ecommerce to 2026-06-23 06:00:00+00:00, run_after=2026-06-24 06:00:00+00:00
[2026-06-24T00:27:14.220+0000] {processor.py:208} INFO - Processing /opt/airflow/dags/etl_ecommerce_dag.py took 0.227 seconds
[2026-06-24T00:27:44.443+0000] {processor.py:186} INFO - Started process (PID=3170) to work on /opt/airflow/dags/etl_ecommerce_dag.py
[2026-06-24T00:27:44.444+0000] {processor.py:914} INFO - Processing file /opt/airflow/dags/etl_ecommerce_dag.py for tasks to queue
[2026-06-24T00:27:44.445+0000] {logging_mixin.py:190} INFO - [2026-06-24T00:27:44.445+0000] {dagbag.py:588} INFO - Filling up the DagBag from /opt/airflow/dags/etl_ecommerce_dag.py
[2026-06-24T00:27:44.623+0000] {processor.py:925} INFO - DAG(s) 'etl_ecommerce' retrieved from /opt/airflow/dags/etl_ecommerce_dag.py
[2026-06-24T00:27:44.640+0000] {logging_mixin.py:190} INFO - [2026-06-24T00:27:44.640+0000] {dag.py:3239} INFO - Sync 1 DAGs
[2026-06-24T00:27:44.656+0000] {logging_mixin.py:190} INFO - [2026-06-24T00:27:44.656+0000] {dag.py:4180} INFO - Setting next_dagrun for etl_ecommerce to 2026-06-23 06:00:00+00:00, run_after=2026-06-24 06:00:00+00:00
[2026-06-24T00:27:44.667+0000] {processor.py:208} INFO - Processing /opt/airflow/dags/etl_ecommerce_dag.py took 0.229 seconds
