[2026-06-23T20:56:20.450+0000] {local_task_job_runner.py:123} INFO - ::group::Pre task execution logs
[2026-06-23T20:56:20.467+0000] {taskinstance.py:2614} INFO - Dependencies all met for dep_context=non-requeueable deps ti=<TaskInstance: etl_ecommerce.load manual__2026-06-23T20:48:03.690318+00:00 [queued]>
[2026-06-23T20:56:20.473+0000] {taskinstance.py:2614} INFO - Dependencies all met for dep_context=requeueable deps ti=<TaskInstance: etl_ecommerce.load manual__2026-06-23T20:48:03.690318+00:00 [queued]>
[2026-06-23T20:56:20.473+0000] {taskinstance.py:2867} INFO - Starting attempt 1 of 3
[2026-06-23T20:56:20.481+0000] {taskinstance.py:2890} INFO - Executing <Task(PythonOperator): load> on 2026-06-23 20:48:03.690318+00:00
[2026-06-23T20:56:20.487+0000] {standard_task_runner.py:104} INFO - Running: ['***', 'tasks', 'run', 'etl_ecommerce', 'load', 'manual__2026-06-23T20:48:03.690318+00:00', '--job-id', '115', '--raw', '--subdir', 'DAGS_FOLDER/etl_ecommerce_dag.py', '--cfg-path', '/tmp/tmpcdar4plf']
[2026-06-23T20:56:20.489+0000] {standard_task_runner.py:105} INFO - Job 115: Subtask load
[2026-06-23T20:56:20.489+0000] {logging_mixin.py:190} WARNING - /home/***/.local/lib/python3.12/site-packages/***/task/task_runner/standard_task_runner.py:70 DeprecationWarning: This process (pid=213) is multi-threaded, use of fork() may lead to deadlocks in the child.
[2026-06-23T20:56:20.489+0000] {standard_task_runner.py:72} INFO - Started process 218 to run task
[2026-06-23T20:56:20.521+0000] {task_command.py:467} INFO - Running <TaskInstance: etl_ecommerce.load manual__2026-06-23T20:48:03.690318+00:00 [running]> on host d2930d66fea2
[2026-06-23T20:56:20.584+0000] {taskinstance.py:3134} INFO - Exporting env vars: AIRFLOW_CTX_DAG_OWNER='juan_camilo' AIRFLOW_CTX_DAG_ID='etl_ecommerce' AIRFLOW_CTX_TASK_ID='load' AIRFLOW_CTX_EXECUTION_DATE='2026-06-23T20:48:03.690318+00:00' AIRFLOW_CTX_TRY_NUMBER='1' AIRFLOW_CTX_DAG_RUN_ID='manual__2026-06-23T20:48:03.690318+00:00'
[2026-06-23T20:56:20.585+0000] {taskinstance.py:732} INFO - ::endgroup::
[2026-06-23T20:56:23.387+0000] {etl_ecommerce_dag.py:226} INFO - Cargando 392692 registros en Supabase...
[2026-06-23T20:56:23.388+0000] {crypto.py:82} WARNING - empty cryptography key - values will not be stored encrypted.
[2026-06-23T20:56:23.388+0000] {base.py:84} INFO - Retrieving connection 'postgres_destino'
[2026-06-23T20:56:24.234+0000] {etl_ecommerce_dag.py:254} INFO - Tabla 'ecommerce_transacciones' lista.
[2026-06-23T21:09:49.771+0000] {etl_ecommerce_dag.py:301} WARNING - ⚠️ Error en registro 536488/21367: relation "ecommerce_transacciones" does not exist
LINE 1: SELECT 1 FROM ecommerce_transacciones WHERE invoice_no = '53...
                      ^

[2026-06-23T21:09:50.593+0000] {etl_ecommerce_dag.py:301} WARNING - ⚠️ Error en registro 536488/22376: relation "ecommerce_transacciones" does not exist
LINE 1: SELECT 1 FROM ecommerce_transacciones WHERE invoice_no = '53...
                      ^

[2026-06-23T21:09:51.381+0000] {etl_ecommerce_dag.py:301} WARNING - ⚠️ Error en registro 536488/22961: relation "ecommerce_transacciones" does not exist
LINE 1: SELECT 1 FROM ecommerce_transacciones WHERE invoice_no = '53...
                      ^

[2026-06-23T21:09:52.130+0000] {etl_ecommerce_dag.py:301} WARNING - ⚠️ Error en registro 536488/21895: relation "ecommerce_transacciones" does not exist
LINE 1: SELECT 1 FROM ecommerce_transacciones WHERE invoice_no = '53...
                      ^

[2026-06-23T21:09:52.835+0000] {etl_ecommerce_dag.py:301} WARNING - ⚠️ Error en registro 536488/22468: relation "ecommerce_transacciones" does not exist
LINE 1: SELECT 1 FROM ecommerce_transacciones WHERE invoice_no = '53...
                      ^

[2026-06-23T21:09:53.616+0000] {etl_ecommerce_dag.py:301} WARNING - ⚠️ Error en registro 536488/21034: relation "ecommerce_transacciones" does not exist
LINE 1: SELECT 1 FROM ecommerce_transacciones WHERE invoice_no = '53...
                      ^

[2026-06-23T21:09:54.287+0000] {etl_ecommerce_dag.py:301} WARNING - ⚠️ Error en registro 536488/22372: relation "ecommerce_transacciones" does not exist
LINE 1: SELECT 1 FROM ecommerce_transacciones WHERE invoice_no = '53...
                      ^

[2026-06-23T21:09:54.997+0000] {etl_ecommerce_dag.py:301} WARNING - ⚠️ Error en registro 536488/22867: relation "ecommerce_transacciones" does not exist
LINE 1: SELECT 1 FROM ecommerce_transacciones WHERE invoice_no = '53...
                      ^

[2026-06-23T21:09:55.845+0000] {etl_ecommerce_dag.py:301} WARNING - ⚠️ Error en registro 536488/22144: relation "ecommerce_transacciones" does not exist
LINE 1: SELECT 1 FROM ecommerce_transacciones WHERE invoice_no = '53...
                      ^

[2026-06-23T21:09:56.597+0000] {etl_ecommerce_dag.py:301} WARNING - ⚠️ Error en registro 536488/21190: relation "ecommerce_transacciones" does not exist
LINE 1: SELECT 1 FROM ecommerce_transacciones WHERE invoice_no = '53...
                      ^

[2026-06-23T21:09:57.299+0000] {etl_ecommerce_dag.py:301} WARNING - ⚠️ Error en registro 536488/21894: relation "ecommerce_transacciones" does not exist
LINE 1: SELECT 1 FROM ecommerce_transacciones WHERE invoice_no = '53...
                      ^

[2026-06-23T21:09:58.077+0000] {etl_ecommerce_dag.py:301} WARNING - ⚠️ Error en registro 536488/70007: relation "ecommerce_transacciones" does not exist
LINE 1: SELECT 1 FROM ecommerce_transacciones WHERE invoice_no = '53...
                      ^

[2026-06-23T21:09:58.834+0000] {etl_ecommerce_dag.py:301} WARNING - ⚠️ Error en registro 536488/22940: relation "ecommerce_transacciones" does not exist
LINE 1: SELECT 1 FROM ecommerce_transacciones WHERE invoice_no = '53...
                      ^

[2026-06-23T21:09:59.521+0000] {etl_ecommerce_dag.py:301} WARNING - ⚠️ Error en registro 536488/70007: relation "ecommerce_transacciones" does not exist
LINE 1: SELECT 1 FROM ecommerce_transacciones WHERE invoice_no = '53...
                      ^

[2026-06-23T21:10:00.321+0000] {etl_ecommerce_dag.py:301} WARNING - ⚠️ Error en registro 536488/84347: relation "ecommerce_transacciones" does not exist
LINE 1: SELECT 1 FROM ecommerce_transacciones WHERE invoice_no = '53...
                      ^

[2026-06-23T21:10:01.060+0000] {etl_ecommerce_dag.py:301} WARNING - ⚠️ Error en registro 536488/22150: relation "ecommerce_transacciones" does not exist
LINE 1: SELECT 1 FROM ecommerce_transacciones WHERE invoice_no = '53...
                      ^

[2026-06-23T21:10:01.781+0000] {etl_ecommerce_dag.py:301} WARNING - ⚠️ Error en registro 536488/22149: relation "ecommerce_transacciones" does not exist
LINE 1: SELECT 1 FROM ecommerce_transacciones WHERE invoice_no = '53...
                      ^

[2026-06-23T21:10:02.503+0000] {etl_ecommerce_dag.py:301} WARNING - ⚠️ Error en registro 536488/22144: relation "ecommerce_transacciones" does not exist
LINE 1: SELECT 1 FROM ecommerce_transacciones WHERE invoice_no = '53...
                      ^

[2026-06-23T21:10:03.241+0000] {etl_ecommerce_dag.py:301} WARNING - ⚠️ Error en registro 536500/21622: relation "ecommerce_transacciones" does not exist
LINE 1: SELECT 1 FROM ecommerce_transacciones WHERE invoice_no = '53...
                      ^

[2026-06-23T21:10:03.917+0000] {etl_ecommerce_dag.py:301} WARNING - ⚠️ Error en registro 536500/46000M: relation "ecommerce_transacciones" does not exist
LINE 1: SELECT 1 FROM ecommerce_transacciones WHERE invoice_no = '53...
                      ^

[2026-06-23T21:10:04.647+0000] {etl_ecommerce_dag.py:301} WARNING - ⚠️ Error en registro 536500/22630: relation "ecommerce_transacciones" does not exist
LINE 1: SELECT 1 FROM ecommerce_transacciones WHERE invoice_no = '53...
                      ^

[2026-06-23T21:10:05.328+0000] {etl_ecommerce_dag.py:301} WARNING - ⚠️ Error en registro 536500/22616: relation "ecommerce_transacciones" does not exist
LINE 1: SELECT 1 FROM ecommerce_transacciones WHERE invoice_no = '53...
                      ^

[2026-06-23T21:10:06.106+0000] {etl_ecommerce_dag.py:301} WARNING - ⚠️ Error en registro 536500/22712: relation "ecommerce_transacciones" does not exist
LINE 1: SELECT 1 FROM ecommerce_transacciones WHERE invoice_no = '53...
                      ^

[2026-06-23T21:10:06.939+0000] {etl_ecommerce_dag.py:301} WARNING - ⚠️ Error en registro 536500/22983: relation "ecommerce_transacciones" does not exist
LINE 1: SELECT 1 FROM ecommerce_transacciones WHERE invoice_no = '53...
                      ^

[2026-06-23T21:10:07.598+0000] {etl_ecommerce_dag.py:301} WARNING - ⚠️ Error en registro 536500/22024: relation "ecommerce_transacciones" does not exist
LINE 1: SELECT 1 FROM ecommerce_transacciones WHERE invoice_no = '53...
                      ^

[2026-06-23T21:10:08.361+0000] {etl_ecommerce_dag.py:301} WARNING - ⚠️ Error en registro 536500/22113: relation "ecommerce_transacciones" does not exist
LINE 1: SELECT 1 FROM ecommerce_transacciones WHERE invoice_no = '53...
                      ^

[2026-06-23T21:10:09.212+0000] {etl_ecommerce_dag.py:301} WARNING - ⚠️ Error en registro 536500/84029E: relation "ecommerce_transacciones" does not exist
LINE 1: SELECT 1 FROM ecommerce_transacciones WHERE invoice_no = '53...
                      ^

[2026-06-23T21:10:09.973+0000] {etl_ecommerce_dag.py:301} WARNING - ⚠️ Error en registro 536500/21488: relation "ecommerce_transacciones" does not exist
LINE 1: SELECT 1 FROM ecommerce_transacciones WHERE invoice_no = '53...
                      ^

[2026-06-23T21:10:10.642+0000] {etl_ecommerce_dag.py:301} WARNING - ⚠️ Error en registro 536500/22900: relation "ecommerce_transacciones" does not exist
LINE 1: SELECT 1 FROM ecommerce_transacciones WHERE invoice_no = '53...
                      ^

[2026-06-23T21:10:11.469+0000] {etl_ecommerce_dag.py:301} WARNING - ⚠️ Error en registro 536500/22895: relation "ecommerce_transacciones" does not exist
LINE 1: SELECT 1 FROM ecommerce_transacciones WHERE invoice_no = '53...
                      ^

[2026-06-23T21:10:12.301+0000] {etl_ecommerce_dag.py:301} WARNING - ⚠️ Error en registro 536500/21035: relation "ecommerce_transacciones" does not exist
LINE 1: SELECT 1 FROM ecommerce_transacciones WHERE invoice_no = '53...
                      ^

[2026-06-23T21:10:13.006+0000] {etl_ecommerce_dag.py:301} WARNING - ⚠️ Error en registro 536500/21755: relation "ecommerce_transacciones" does not exist
LINE 1: SELECT 1 FROM ecommerce_transacciones WHERE invoice_no = '53...
                      ^

[2026-06-23T21:10:13.716+0000] {etl_ecommerce_dag.py:301} WARNING - ⚠️ Error en registro 536500/21754: relation "ecommerce_transacciones" does not exist
LINE 1: SELECT 1 FROM ecommerce_transacciones WHERE invoice_no = '53...
                      ^

[2026-06-23T21:10:14.322+0000] {etl_ecommerce_dag.py:301} WARNING - ⚠️ Error en registro 536502/84879: relation "ecommerce_transacciones" does not exist
LINE 1: SELECT 1 FROM ecommerce_transacciones WHERE invoice_no = '53...
                      ^

[2026-06-23T21:10:15.114+0000] {etl_ecommerce_dag.py:301} WARNING - ⚠️ Error en registro 536502/22784: relation "ecommerce_transacciones" does not exist
LINE 1: SELECT 1 FROM ecommerce_transacciones WHERE invoice_no = '53...
                      ^

[2026-06-23T21:10:15.791+0000] {etl_ecommerce_dag.py:301} WARNING - ⚠️ Error en registro 536502/21441: relation "ecommerce_transacciones" does not exist
LINE 1: SELECT 1 FROM ecommerce_transacciones WHERE invoice_no = '53...
                      ^

[2026-06-23T21:10:16.672+0000] {etl_ecommerce_dag.py:301} WARNING - ⚠️ Error en registro 536502/85123A: relation "ecommerce_transacciones" does not exist
LINE 1: SELECT 1 FROM ecommerce_transacciones WHERE invoice_no = '53...
                      ^

[2026-06-23T21:10:17.330+0000] {etl_ecommerce_dag.py:301} WARNING - ⚠️ Error en registro 536502/22423: relation "ecommerce_transacciones" does not exist
LINE 1: SELECT 1 FROM ecommerce_transacciones WHERE invoice_no = '53...
                      ^

[2026-06-23T21:10:18.046+0000] {etl_ecommerce_dag.py:301} WARNING - ⚠️ Error en registro 536508/84947: relation "ecommerce_transacciones" does not exist
LINE 1: SELECT 1 FROM ecommerce_transacciones WHERE invoice_no = '53...
                      ^

[2026-06-23T21:10:18.700+0000] {etl_ecommerce_dag.py:301} WARNING - ⚠️ Error en registro 536508/21326: relation "ecommerce_transacciones" does not exist
LINE 1: SELECT 1 FROM ecommerce_transacciones WHERE invoice_no = '53...
                      ^

[2026-06-23T21:10:19.379+0000] {etl_ecommerce_dag.py:301} WARNING - ⚠️ Error en registro 536514/22865: relation "ecommerce_transacciones" does not exist
LINE 1: SELECT 1 FROM ecommerce_transacciones WHERE invoice_no = '53...
                      ^

[2026-06-23T21:10:20.096+0000] {etl_ecommerce_dag.py:301} WARNING - ⚠️ Error en registro 536514/22485: relation "ecommerce_transacciones" does not exist
LINE 1: SELECT 1 FROM ecommerce_transacciones WHERE invoice_no = '53...
                      ^

[2026-06-23T21:10:20.925+0000] {etl_ecommerce_dag.py:301} WARNING - ⚠️ Error en registro 536514/22807: relation "ecommerce_transacciones" does not exist
LINE 1: SELECT 1 FROM ecommerce_transacciones WHERE invoice_no = '53...
                      ^

[2026-06-23T21:10:21.650+0000] {etl_ecommerce_dag.py:301} WARNING - ⚠️ Error en registro 536514/22633: relation "ecommerce_transacciones" does not exist
LINE 1: SELECT 1 FROM ecommerce_transacciones WHERE invoice_no = '53...
                      ^

[2026-06-23T21:10:22.346+0000] {etl_ecommerce_dag.py:301} WARNING - ⚠️ Error en registro 536514/22866: relation "ecommerce_transacciones" does not exist
LINE 1: SELECT 1 FROM ecommerce_transacciones WHERE invoice_no = '53...
                      ^

[2026-06-23T21:10:23.021+0000] {etl_ecommerce_dag.py:301} WARNING - ⚠️ Error en registro 536520/21794: relation "ecommerce_transacciones" does not exist
LINE 1: SELECT 1 FROM ecommerce_transacciones WHERE invoice_no = '53...
                      ^

[2026-06-23T21:10:23.716+0000] {etl_ecommerce_dag.py:301} WARNING - ⚠️ Error en registro 536520/20707: relation "ecommerce_transacciones" does not exist
LINE 1: SELECT 1 FROM ecommerce_transacciones WHERE invoice_no = '53...
                      ^

[2026-06-23T21:10:24.472+0000] {etl_ecommerce_dag.py:301} WARNING - ⚠️ Error en registro 536520/21175: relation "ecommerce_transacciones" does not exist
LINE 1: SELECT 1 FROM ecommerce_transacciones WHERE invoice_no = '53...
                      ^

[2026-06-23T21:10:25.179+0000] {etl_ecommerce_dag.py:301} WARNING - ⚠️ Error en registro 536520/22926: relation "ecommerce_transacciones" does not exist
LINE 1: SELECT 1 FROM ecommerce_transacciones WHERE invoice_no = '53...
                      ^

[2026-06-23T21:10:25.893+0000] {etl_ecommerce_dag.py:301} WARNING - ⚠️ Error en registro 536520/22588: relation "ecommerce_transacciones" does not exist
LINE 1: SELECT 1 FROM ecommerce_transacciones WHERE invoice_no = '53...
                      ^

[2026-06-23T21:10:26.558+0000] {etl_ecommerce_dag.py:301} WARNING - ⚠️ Error en registro 536520/21292: relation "ecommerce_transacciones" does not exist
LINE 1: SELECT 1 FROM ecommerce_transacciones WHERE invoice_no = '53...
                      ^

[2026-06-23T21:10:27.286+0000] {etl_ecommerce_dag.py:301} WARNING - ⚠️ Error en registro 536520/21890: relation "ecommerce_transacciones" does not exist
LINE 1: SELECT 1 FROM ecommerce_transacciones WHERE invoice_no = '53...
                      ^

[2026-06-23T21:10:28.053+0000] {etl_ecommerce_dag.py:301} WARNING - ⚠️ Error en registro 536520/22632: relation "ecommerce_transacciones" does not exist
LINE 1: SELECT 1 FROM ecommerce_transacciones WHERE invoice_no = '53...
                      ^

[2026-06-23T21:10:28.826+0000] {etl_ecommerce_dag.py:301} WARNING - ⚠️ Error en registro 536520/22633: relation "ecommerce_transacciones" does not exist
LINE 1: SELECT 1 FROM ecommerce_transacciones WHERE invoice_no = '53...
                      ^

[2026-06-23T21:10:29.508+0000] {etl_ecommerce_dag.py:301} WARNING - ⚠️ Error en registro 536520/22670: relation "ecommerce_transacciones" does not exist
LINE 1: SELECT 1 FROM ecommerce_transacciones WHERE invoice_no = '53...
                      ^

[2026-06-23T21:10:30.240+0000] {etl_ecommerce_dag.py:301} WARNING - ⚠️ Error en registro 536520/21867: relation "ecommerce_transacciones" does not exist
LINE 1: SELECT 1 FROM ecommerce_transacciones WHERE invoice_no = '53...
                      ^

[2026-06-23T21:10:30.982+0000] {etl_ecommerce_dag.py:301} WARNING - ⚠️ Error en registro 536520/22760: relation "ecommerce_transacciones" does not exist
LINE 1: SELECT 1 FROM ecommerce_transacciones WHERE invoice_no = '53...
                      ^

[2026-06-23T21:10:31.581+0000] {etl_ecommerce_dag.py:301} WARNING - ⚠️ Error en registro 536520/22107: relation "ecommerce_transacciones" does not exist
LINE 1: SELECT 1 FROM ecommerce_transacciones WHERE invoice_no = '53...
                      ^

[2026-06-23T21:10:32.383+0000] {etl_ecommerce_dag.py:301} WARNING - ⚠️ Error en registro 536520/22470: relation "ecommerce_transacciones" does not exist
LINE 1: SELECT 1 FROM ecommerce_transacciones WHERE invoice_no = '53...
                      ^

[2026-06-23T21:10:33.102+0000] {etl_ecommerce_dag.py:301} WARNING - ⚠️ Error en registro 536520/21486: relation "ecommerce_transacciones" does not exist
LINE 1: SELECT 1 FROM ecommerce_transacciones WHERE invoice_no = '53...
                      ^

[2026-06-23T21:10:33.768+0000] {etl_ecommerce_dag.py:301} WARNING - ⚠️ Error en registro 536520/22151: relation "ecommerce_transacciones" does not exist
LINE 1: SELECT 1 FROM ecommerce_transacciones WHERE invoice_no = '53...
                      ^

[2026-06-23T21:10:34.504+0000] {etl_ecommerce_dag.py:301} WARNING - ⚠️ Error en registro 536520/22643: relation "ecommerce_transacciones" does not exist
LINE 1: SELECT 1 FROM ecommerce_transacciones WHERE invoice_no = '53...
                      ^

[2026-06-23T21:10:35.236+0000] {etl_ecommerce_dag.py:301} WARNING - ⚠️ Error en registro 536520/22642: relation "ecommerce_transacciones" does not exist
LINE 1: SELECT 1 FROM ecommerce_transacciones WHERE invoice_no = '53...
                      ^

[2026-06-23T21:10:35.921+0000] {etl_ecommerce_dag.py:301} WARNING - ⚠️ Error en registro 536520/22604: relation "ecommerce_transacciones" does not exist
LINE 1: SELECT 1 FROM ecommerce_transacciones WHERE invoice_no = '53...
                      ^

[2026-06-23T21:12:36.577+0000] {etl_ecommerce_dag.py:301} WARNING - ⚠️ Error en registro 536525/20750: relation "ecommerce_transacciones" does not exist
LINE 1: SELECT 1 FROM ecommerce_transacciones WHERE invoice_no = '53...
                      ^

[2026-06-23T21:12:37.296+0000] {etl_ecommerce_dag.py:301} WARNING - ⚠️ Error en registro 536526/21135: relation "ecommerce_transacciones" does not exist
LINE 1: SELECT 1 FROM ecommerce_transacciones WHERE invoice_no = '53...
                      ^

[2026-06-23T21:12:37.993+0000] {etl_ecommerce_dag.py:301} WARNING - ⚠️ Error en registro 536526/22173: relation "ecommerce_transacciones" does not exist
LINE 1: SELECT 1 FROM ecommerce_transacciones WHERE invoice_no = '53...
                      ^

[2026-06-23T21:12:38.723+0000] {etl_ecommerce_dag.py:301} WARNING - ⚠️ Error en registro 536526/22626: relation "ecommerce_transacciones" does not exist
LINE 1: SELECT 1 FROM ecommerce_transacciones WHERE invoice_no = '53...
                      ^

[2026-06-23T21:12:39.513+0000] {etl_ecommerce_dag.py:301} WARNING - ⚠️ Error en registro 536526/22625: relation "ecommerce_transacciones" does not exist
LINE 1: SELECT 1 FROM ecommerce_transacciones WHERE invoice_no = '53...
                      ^

[2026-06-23T21:12:40.348+0000] {etl_ecommerce_dag.py:301} WARNING - ⚠️ Error en registro 536526/22624: relation "ecommerce_transacciones" does not exist
LINE 1: SELECT 1 FROM ecommerce_transacciones WHERE invoice_no = '53...
                      ^

[2026-06-23T21:12:41.051+0000] {etl_ecommerce_dag.py:301} WARNING - ⚠️ Error en registro 536526/21929: relation "ecommerce_transacciones" does not exist
LINE 1: SELECT 1 FROM ecommerce_transacciones WHERE invoice_no = '53...
                      ^

[2026-06-23T21:12:41.901+0000] {etl_ecommerce_dag.py:301} WARNING - ⚠️ Error en registro 536526/85099B: relation "ecommerce_transacciones" does not exist
LINE 1: SELECT 1 FROM ecommerce_transacciones WHERE invoice_no = '53...
                      ^

[2026-06-23T21:12:42.640+0000] {etl_ecommerce_dag.py:301} WARNING - ⚠️ Error en registro 536526/22411: relation "ecommerce_transacciones" does not exist
LINE 1: SELECT 1 FROM ecommerce_transacciones WHERE invoice_no = '53...
                      ^

[2026-06-23T21:12:43.456+0000] {etl_ecommerce_dag.py:301} WARNING - ⚠️ Error en registro 536526/22113: relation "ecommerce_transacciones" does not exist
LINE 1: SELECT 1 FROM ecommerce_transacciones WHERE invoice_no = '53...
                      ^

[2026-06-23T21:12:44.154+0000] {etl_ecommerce_dag.py:301} WARNING - ⚠️ Error en registro 536527/22809: relation "ecommerce_transacciones" does not exist
LINE 1: SELECT 1 FROM ecommerce_transacciones WHERE invoice_no = '53...
                      ^

[2026-06-23T21:12:44.916+0000] {etl_ecommerce_dag.py:301} WARNING - ⚠️ Error en registro 536527/84347: relation "ecommerce_transacciones" does not exist
LINE 1: SELECT 1 FROM ecommerce_transacciones WHERE invoice_no = '53...
                      ^

[2026-06-23T21:12:45.660+0000] {etl_ecommerce_dag.py:301} WARNING - ⚠️ Error en registro 536527/84945: relation "ecommerce_transacciones" does not exist
LINE 1: SELECT 1 FROM ecommerce_transacciones WHERE invoice_no = '53...
                      ^

[2026-06-23T21:12:46.379+0000] {etl_ecommerce_dag.py:301} WARNING - ⚠️ Error en registro 536527/22242: relation "ecommerce_transacciones" does not exist
LINE 1: SELECT 1 FROM ecommerce_transacciones WHERE invoice_no = '53...
                      ^

[2026-06-23T21:12:47.090+0000] {etl_ecommerce_dag.py:301} WARNING - ⚠️ Error en registro 536527/22244: relation "ecommerce_transacciones" does not exist
LINE 1: SELECT 1 FROM ecommerce_transacciones WHERE invoice_no = '53...
                      ^

[2026-06-23T21:12:47.812+0000] {etl_ecommerce_dag.py:301} WARNING - ⚠️ Error en registro 536527/22243: relation "ecommerce_transacciones" does not exist
LINE 1: SELECT 1 FROM ecommerce_transacciones WHERE invoice_no = '53...
                      ^

[2026-06-23T21:12:48.497+0000] {etl_ecommerce_dag.py:301} WARNING - ⚠️ Error en registro 536527/47421: relation "ecommerce_transacciones" does not exist
LINE 1: SELECT 1 FROM ecommerce_transacciones WHERE invoice_no = '53...
                      ^

[2026-06-23T21:12:49.212+0000] {etl_ecommerce_dag.py:301} WARNING - ⚠️ Error en registro 536527/20712: relation "ecommerce_transacciones" does not exist
LINE 1: SELECT 1 FROM ecommerce_transacciones WHERE invoice_no = '53...
                      ^

[2026-06-23T21:12:50.037+0000] {etl_ecommerce_dag.py:301} WARNING - ⚠️ Error en registro 536527/20713: relation "ecommerce_transacciones" does not exist
LINE 1: SELECT 1 FROM ecommerce_transacciones WHERE invoice_no = '53...
                      ^

[2026-06-23T21:12:50.886+0000] {etl_ecommerce_dag.py:301} WARNING - ⚠️ Error en registro 536527/22837: relation "ecommerce_transacciones" does not exist
LINE 1: SELECT 1 FROM ecommerce_transacciones WHERE invoice_no = '53...
                      ^

[2026-06-23T21:12:51.592+0000] {etl_ecommerce_dag.py:301} WARNING - ⚠️ Error en registro 536527/22969: relation "ecommerce_transacciones" does not exist
LINE 1: SELECT 1 FROM ecommerce_transacciones WHERE invoice_no = '53...
                      ^

[2026-06-23T21:12:52.407+0000] {etl_ecommerce_dag.py:301} WARNING - ⚠️ Error en registro 536527/22973: relation "ecommerce_transacciones" does not exist
LINE 1: SELECT 1 FROM ecommerce_transacciones WHERE invoice_no = '53...
                      ^

[2026-06-23T21:12:53.155+0000] {etl_ecommerce_dag.py:301} WARNING - ⚠️ Error en registro 536527/84569B: relation "ecommerce_transacciones" does not exist
LINE 1: SELECT 1 FROM ecommerce_transacciones WHERE invoice_no = '53...
                      ^

[2026-06-23T21:12:53.920+0000] {etl_ecommerce_dag.py:301} WARNING - ⚠️ Error en registro 536527/22549: relation "ecommerce_transacciones" does not exist
LINE 1: SELECT 1 FROM ecommerce_transacciones WHERE invoice_no = '53...
                      ^

[2026-06-23T21:12:54.666+0000] {etl_ecommerce_dag.py:301} WARNING - ⚠️ Error en registro 536527/POST: relation "ecommerce_transacciones" does not exist
LINE 1: SELECT 1 FROM ecommerce_transacciones WHERE invoice_no = '53...
                      ^

[2026-06-23T21:12:55.514+0000] {etl_ecommerce_dag.py:301} WARNING - ⚠️ Error en registro 536528/22815: relation "ecommerce_transacciones" does not exist
LINE 1: SELECT 1 FROM ecommerce_transacciones WHERE invoice_no = '53...
                      ^

[2026-06-23T21:12:56.239+0000] {etl_ecommerce_dag.py:301} WARNING - ⚠️ Error en registro 536528/22865: relation "ecommerce_transacciones" does not exist
LINE 1: SELECT 1 FROM ecommerce_transacciones WHERE invoice_no = '53...
                      ^

[2026-06-23T21:12:56.987+0000] {etl_ecommerce_dag.py:301} WARNING - ⚠️ Error en registro 536528/22585: relation "ecommerce_transacciones" does not exist
LINE 1: SELECT 1 FROM ecommerce_transacciones WHERE invoice_no = '53...
                      ^

[2026-06-23T21:12:57.699+0000] {etl_ecommerce_dag.py:301} WARNING - ⚠️ Error en registro 536528/21587: relation "ecommerce_transacciones" does not exist
LINE 1: SELECT 1 FROM ecommerce_transacciones WHERE invoice_no = '53...
                      ^

[2026-06-23T21:12:58.463+0000] {etl_ecommerce_dag.py:301} WARNING - ⚠️ Error en registro 536528/84985A: relation "ecommerce_transacciones" does not exist
LINE 1: SELECT 1 FROM ecommerce_transacciones WHERE invoice_no = '53...
                      ^

[2026-06-23T21:12:59.176+0000] {etl_ecommerce_dag.py:301} WARNING - ⚠️ Error en registro 536528/85114B: relation "ecommerce_transacciones" does not exist
LINE 1: SELECT 1 FROM ecommerce_transacciones WHERE invoice_no = '53...
                      ^

[2026-06-23T21:13:00.037+0000] {etl_ecommerce_dag.py:301} WARNING - ⚠️ Error en registro 536528/22813: relation "ecommerce_transacciones" does not exist
LINE 1: SELECT 1 FROM ecommerce_transacciones WHERE invoice_no = '53...
                      ^

[2026-06-23T21:13:00.754+0000] {etl_ecommerce_dag.py:301} WARNING - ⚠️ Error en registro 536528/22128: relation "ecommerce_transacciones" does not exist
LINE 1: SELECT 1 FROM ecommerce_transacciones WHERE invoice_no = '53...
                      ^

[2026-06-23T21:13:01.624+0000] {etl_ecommerce_dag.py:301} WARNING - ⚠️ Error en registro 536528/22839: relation "ecommerce_transacciones" does not exist
LINE 1: SELECT 1 FROM ecommerce_transacciones WHERE invoice_no = '53...
                      ^

[2026-06-23T21:13:02.434+0000] {etl_ecommerce_dag.py:301} WARNING - ⚠️ Error en registro 536528/22584: relation "ecommerce_transacciones" does not exist
LINE 1: SELECT 1 FROM ecommerce_transacciones WHERE invoice_no = '53...
                      ^

[2026-06-23T21:13:03.181+0000] {etl_ecommerce_dag.py:301} WARNING - ⚠️ Error en registro 536528/22130: relation "ecommerce_transacciones" does not exist
LINE 1: SELECT 1 FROM ecommerce_transacciones WHERE invoice_no = '53...
                      ^

[2026-06-23T21:13:03.932+0000] {etl_ecommerce_dag.py:301} WARNING - ⚠️ Error en registro 536528/22938: relation "ecommerce_transacciones" does not exist
LINE 1: SELECT 1 FROM ecommerce_transacciones WHERE invoice_no = '53...
                      ^

[2026-06-23T21:13:04.618+0000] {etl_ecommerce_dag.py:301} WARNING - ⚠️ Error en registro 536528/22411: relation "ecommerce_transacciones" does not exist
LINE 1: SELECT 1 FROM ecommerce_transacciones WHERE invoice_no = '53...
                      ^

[2026-06-23T21:13:05.376+0000] {etl_ecommerce_dag.py:301} WARNING - ⚠️ Error en registro 536528/21731: relation "ecommerce_transacciones" does not exist
LINE 1: SELECT 1 FROM ecommerce_transacciones WHERE invoice_no = '53...
                      ^

[2026-06-23T21:13:06.116+0000] {etl_ecommerce_dag.py:301} WARNING - ⚠️ Error en registro 536528/22616: relation "ecommerce_transacciones" does not exist
LINE 1: SELECT 1 FROM ecommerce_transacciones WHERE invoice_no = '53...
                      ^

[2026-06-23T21:13:06.931+0000] {etl_ecommerce_dag.py:301} WARNING - ⚠️ Error en registro 536528/22454: relation "ecommerce_transacciones" does not exist
LINE 1: SELECT 1 FROM ecommerce_transacciones WHERE invoice_no = '53...
                      ^

[2026-06-23T21:13:07.698+0000] {etl_ecommerce_dag.py:301} WARNING - ⚠️ Error en registro 536528/21992: relation "ecommerce_transacciones" does not exist
LINE 1: SELECT 1 FROM ecommerce_transacciones WHERE invoice_no = '53...
                      ^

[2026-06-23T21:13:08.378+0000] {etl_ecommerce_dag.py:301} WARNING - ⚠️ Error en registro 536528/22326: relation "ecommerce_transacciones" does not exist
LINE 1: SELECT 1 FROM ecommerce_transacciones WHERE invoice_no = '53...
                      ^

[2026-06-23T21:13:09.082+0000] {etl_ecommerce_dag.py:301} WARNING - ⚠️ Error en registro 536528/22082: relation "ecommerce_transacciones" does not exist
LINE 1: SELECT 1 FROM ecommerce_transacciones WHERE invoice_no = '53...
                      ^

[2026-06-23T21:13:09.942+0000] {etl_ecommerce_dag.py:301} WARNING - ⚠️ Error en registro 536528/85049E: relation "ecommerce_transacciones" does not exist
LINE 1: SELECT 1 FROM ecommerce_transacciones WHERE invoice_no = '53...
                      ^

[2026-06-23T21:13:10.662+0000] {etl_ecommerce_dag.py:301} WARNING - ⚠️ Error en registro 536528/22077: relation "ecommerce_transacciones" does not exist
LINE 1: SELECT 1 FROM ecommerce_transacciones WHERE invoice_no = '53...
                      ^

[2026-06-23T21:13:11.379+0000] {etl_ecommerce_dag.py:301} WARNING - ⚠️ Error en registro 536528/85049A: relation "ecommerce_transacciones" does not exist
LINE 1: SELECT 1 FROM ecommerce_transacciones WHERE invoice_no = '53...
                      ^

[2026-06-23T21:13:12.087+0000] {etl_ecommerce_dag.py:301} WARNING - ⚠️ Error en registro 536528/22865: relation "ecommerce_transacciones" does not exist
LINE 1: SELECT 1 FROM ecommerce_transacciones WHERE invoice_no = '53...
                      ^

[2026-06-23T21:13:12.834+0000] {etl_ecommerce_dag.py:301} WARNING - ⚠️ Error en registro 536528/22867: relation "ecommerce_transacciones" does not exist
LINE 1: SELECT 1 FROM ecommerce_transacciones WHERE invoice_no = '53...
                      ^

[2026-06-23T21:13:13.588+0000] {etl_ecommerce_dag.py:301} WARNING - ⚠️ Error en registro 536528/22910: relation "ecommerce_transacciones" does not exist
LINE 1: SELECT 1 FROM ecommerce_transacciones WHERE invoice_no = '53...
                      ^

[2026-06-23T21:13:14.269+0000] {etl_ecommerce_dag.py:301} WARNING - ⚠️ Error en registro 536528/22963: relation "ecommerce_transacciones" does not exist
LINE 1: SELECT 1 FROM ecommerce_transacciones WHERE invoice_no = '53...
                      ^

[2026-06-23T21:13:15.006+0000] {etl_ecommerce_dag.py:301} WARNING - ⚠️ Error en registro 536528/22960: relation "ecommerce_transacciones" does not exist
LINE 1: SELECT 1 FROM ecommerce_transacciones WHERE invoice_no = '53...
                      ^

[2026-06-23T21:13:15.751+0000] {etl_ecommerce_dag.py:301} WARNING - ⚠️ Error en registro 536528/85114C: relation "ecommerce_transacciones" does not exist
LINE 1: SELECT 1 FROM ecommerce_transacciones WHERE invoice_no = '53...
                      ^

[2026-06-23T21:13:16.457+0000] {etl_ecommerce_dag.py:301} WARNING - ⚠️ Error en registro 536528/22974: relation "ecommerce_transacciones" does not exist
LINE 1: SELECT 1 FROM ecommerce_transacciones WHERE invoice_no = '53...
                      ^

[2026-06-23T21:13:17.169+0000] {etl_ecommerce_dag.py:301} WARNING - ⚠️ Error en registro 536528/22423: relation "ecommerce_transacciones" does not exist
LINE 1: SELECT 1 FROM ecommerce_transacciones WHERE invoice_no = '53...
                      ^

[2026-06-23T21:13:17.841+0000] {etl_ecommerce_dag.py:301} WARNING - ⚠️ Error en registro 536528/21452: relation "ecommerce_transacciones" does not exist
LINE 1: SELECT 1 FROM ecommerce_transacciones WHERE invoice_no = '53...
                      ^

