[2026-06-20T15:19:21.572+0000] {processor.py:186} INFO - Started process (PID=178) to work on /opt/airflow/dags/hola_mundo_dag.py
[2026-06-20T15:19:21.574+0000] {processor.py:914} INFO - Processing file /opt/airflow/dags/hola_mundo_dag.py for tasks to queue
[2026-06-20T15:19:21.583+0000] {logging_mixin.py:190} INFO - [2026-06-20T15:19:21.582+0000] {dagbag.py:588} INFO - Filling up the DagBag from /opt/airflow/dags/hola_mundo_dag.py
[2026-06-20T15:19:21.682+0000] {processor.py:925} INFO - DAG(s) 'hola_mundo_dag' retrieved from /opt/airflow/dags/hola_mundo_dag.py
[2026-06-20T15:19:22.971+0000] {logging_mixin.py:190} INFO - [2026-06-20T15:19:22.379+0000] {override.py:1912} INFO - Created Permission View: can delete on DAG:hola_mundo_dag
[2026-06-20T15:19:23.016+0000] {logging_mixin.py:190} INFO - [2026-06-20T15:19:23.015+0000] {override.py:1912} INFO - Created Permission View: can edit on DAG:hola_mundo_dag
[2026-06-20T15:19:23.031+0000] {logging_mixin.py:190} INFO - [2026-06-20T15:19:23.031+0000] {override.py:1912} INFO - Created Permission View: can read on DAG:hola_mundo_dag
[2026-06-20T15:19:23.045+0000] {logging_mixin.py:190} INFO - [2026-06-20T15:19:23.044+0000] {override.py:1912} INFO - Created Permission View: can delete on DAG Run:hola_mundo_dag
[2026-06-20T15:19:23.061+0000] {logging_mixin.py:190} INFO - [2026-06-20T15:19:23.060+0000] {override.py:1912} INFO - Created Permission View: can create on DAG Run:hola_mundo_dag
[2026-06-20T15:19:23.073+0000] {logging_mixin.py:190} INFO - [2026-06-20T15:19:23.072+0000] {override.py:1912} INFO - Created Permission View: can read on DAG Run:hola_mundo_dag
[2026-06-20T15:19:23.088+0000] {logging_mixin.py:190} INFO - [2026-06-20T15:19:23.087+0000] {override.py:1912} INFO - Created Permission View: menu access on DAG Run:hola_mundo_dag
[2026-06-20T15:19:23.090+0000] {logging_mixin.py:190} INFO - [2026-06-20T15:19:23.090+0000] {dag.py:3239} INFO - Sync 1 DAGs
[2026-06-20T15:19:23.113+0000] {logging_mixin.py:190} INFO - [2026-06-20T15:19:23.113+0000] {dag.py:3262} INFO - Creating ORM DAG for hola_mundo_dag
[2026-06-20T15:19:23.115+0000] {logging_mixin.py:190} INFO - [2026-06-20T15:19:23.115+0000] {dag.py:4180} INFO - Setting next_dagrun for hola_mundo_dag to None, run_after=None
[2026-06-20T15:19:23.151+0000] {processor.py:208} INFO - Processing /opt/airflow/dags/hola_mundo_dag.py took 1.599 seconds
[2026-06-20T15:19:54.108+0000] {processor.py:186} INFO - Started process (PID=186) to work on /opt/airflow/dags/hola_mundo_dag.py
[2026-06-20T15:19:54.110+0000] {processor.py:914} INFO - Processing file /opt/airflow/dags/hola_mundo_dag.py for tasks to queue
[2026-06-20T15:19:54.119+0000] {logging_mixin.py:190} INFO - [2026-06-20T15:19:54.118+0000] {dagbag.py:588} INFO - Filling up the DagBag from /opt/airflow/dags/hola_mundo_dag.py
[2026-06-20T15:19:54.157+0000] {processor.py:925} INFO - DAG(s) 'hola_mundo_dag' retrieved from /opt/airflow/dags/hola_mundo_dag.py
[2026-06-20T15:19:54.234+0000] {logging_mixin.py:190} INFO - [2026-06-20T15:19:54.234+0000] {dag.py:3239} INFO - Sync 1 DAGs
[2026-06-20T15:19:54.266+0000] {logging_mixin.py:190} INFO - [2026-06-20T15:19:54.265+0000] {dag.py:4180} INFO - Setting next_dagrun for hola_mundo_dag to None, run_after=None
[2026-06-20T15:19:54.309+0000] {processor.py:208} INFO - Processing /opt/airflow/dags/hola_mundo_dag.py took 0.210 seconds
[2026-06-20T15:20:24.719+0000] {processor.py:186} INFO - Started process (PID=191) to work on /opt/airflow/dags/hola_mundo_dag.py
[2026-06-20T15:20:24.721+0000] {processor.py:914} INFO - Processing file /opt/airflow/dags/hola_mundo_dag.py for tasks to queue
[2026-06-20T15:20:24.724+0000] {logging_mixin.py:190} INFO - [2026-06-20T15:20:24.724+0000] {dagbag.py:588} INFO - Filling up the DagBag from /opt/airflow/dags/hola_mundo_dag.py
[2026-06-20T15:20:24.760+0000] {processor.py:925} INFO - DAG(s) 'hola_mundo_dag' retrieved from /opt/airflow/dags/hola_mundo_dag.py
[2026-06-20T15:20:24.824+0000] {logging_mixin.py:190} INFO - [2026-06-20T15:20:24.824+0000] {dag.py:3239} INFO - Sync 1 DAGs
[2026-06-20T15:20:24.845+0000] {logging_mixin.py:190} INFO - [2026-06-20T15:20:24.845+0000] {dag.py:4180} INFO - Setting next_dagrun for hola_mundo_dag to None, run_after=None
[2026-06-20T15:20:24.923+0000] {processor.py:208} INFO - Processing /opt/airflow/dags/hola_mundo_dag.py took 0.215 seconds
[2026-06-20T15:20:55.261+0000] {processor.py:186} INFO - Started process (PID=196) to work on /opt/airflow/dags/hola_mundo_dag.py
[2026-06-20T15:20:55.263+0000] {processor.py:914} INFO - Processing file /opt/airflow/dags/hola_mundo_dag.py for tasks to queue
[2026-06-20T15:20:55.268+0000] {logging_mixin.py:190} INFO - [2026-06-20T15:20:55.267+0000] {dagbag.py:588} INFO - Filling up the DagBag from /opt/airflow/dags/hola_mundo_dag.py
[2026-06-20T15:20:55.301+0000] {processor.py:925} INFO - DAG(s) 'hola_mundo_dag' retrieved from /opt/airflow/dags/hola_mundo_dag.py
[2026-06-20T15:20:55.356+0000] {logging_mixin.py:190} INFO - [2026-06-20T15:20:55.356+0000] {dag.py:3239} INFO - Sync 1 DAGs
[2026-06-20T15:20:55.389+0000] {logging_mixin.py:190} INFO - [2026-06-20T15:20:55.389+0000] {dag.py:4180} INFO - Setting next_dagrun for hola_mundo_dag to None, run_after=None
[2026-06-20T15:20:55.463+0000] {processor.py:208} INFO - Processing /opt/airflow/dags/hola_mundo_dag.py took 0.208 seconds
[2026-06-20T15:21:25.835+0000] {processor.py:186} INFO - Started process (PID=201) to work on /opt/airflow/dags/hola_mundo_dag.py
[2026-06-20T15:21:25.838+0000] {processor.py:914} INFO - Processing file /opt/airflow/dags/hola_mundo_dag.py for tasks to queue
[2026-06-20T15:21:25.848+0000] {logging_mixin.py:190} INFO - [2026-06-20T15:21:25.845+0000] {dagbag.py:588} INFO - Filling up the DagBag from /opt/airflow/dags/hola_mundo_dag.py
[2026-06-20T15:21:25.882+0000] {processor.py:925} INFO - DAG(s) 'hola_mundo_dag' retrieved from /opt/airflow/dags/hola_mundo_dag.py
[2026-06-20T15:21:25.951+0000] {logging_mixin.py:190} INFO - [2026-06-20T15:21:25.949+0000] {dag.py:3239} INFO - Sync 1 DAGs
[2026-06-20T15:21:25.986+0000] {logging_mixin.py:190} INFO - [2026-06-20T15:21:25.985+0000] {dag.py:4180} INFO - Setting next_dagrun for hola_mundo_dag to None, run_after=None
[2026-06-20T15:21:26.030+0000] {processor.py:208} INFO - Processing /opt/airflow/dags/hola_mundo_dag.py took 0.210 seconds
[2026-06-20T15:21:56.804+0000] {processor.py:186} INFO - Started process (PID=206) to work on /opt/airflow/dags/hola_mundo_dag.py
[2026-06-20T15:21:56.806+0000] {processor.py:914} INFO - Processing file /opt/airflow/dags/hola_mundo_dag.py for tasks to queue
[2026-06-20T15:21:56.811+0000] {logging_mixin.py:190} INFO - [2026-06-20T15:21:56.811+0000] {dagbag.py:588} INFO - Filling up the DagBag from /opt/airflow/dags/hola_mundo_dag.py
[2026-06-20T15:21:56.844+0000] {processor.py:925} INFO - DAG(s) 'hola_mundo_dag' retrieved from /opt/airflow/dags/hola_mundo_dag.py
[2026-06-20T15:21:56.912+0000] {logging_mixin.py:190} INFO - [2026-06-20T15:21:56.912+0000] {dag.py:3239} INFO - Sync 1 DAGs
[2026-06-20T15:21:56.947+0000] {logging_mixin.py:190} INFO - [2026-06-20T15:21:56.947+0000] {dag.py:4180} INFO - Setting next_dagrun for hola_mundo_dag to None, run_after=None
[2026-06-20T15:21:56.992+0000] {processor.py:208} INFO - Processing /opt/airflow/dags/hola_mundo_dag.py took 0.197 seconds
[2026-06-20T15:22:27.910+0000] {processor.py:186} INFO - Started process (PID=211) to work on /opt/airflow/dags/hola_mundo_dag.py
[2026-06-20T15:22:27.919+0000] {processor.py:914} INFO - Processing file /opt/airflow/dags/hola_mundo_dag.py for tasks to queue
[2026-06-20T15:22:27.927+0000] {logging_mixin.py:190} INFO - [2026-06-20T15:22:27.925+0000] {dagbag.py:588} INFO - Filling up the DagBag from /opt/airflow/dags/hola_mundo_dag.py
[2026-06-20T15:22:27.983+0000] {processor.py:925} INFO - DAG(s) 'hola_mundo_dag' retrieved from /opt/airflow/dags/hola_mundo_dag.py
[2026-06-20T15:22:28.067+0000] {logging_mixin.py:190} INFO - [2026-06-20T15:22:28.066+0000] {dag.py:3239} INFO - Sync 1 DAGs
[2026-06-20T15:22:28.104+0000] {logging_mixin.py:190} INFO - [2026-06-20T15:22:28.104+0000] {dag.py:4180} INFO - Setting next_dagrun for hola_mundo_dag to None, run_after=None
[2026-06-20T15:22:28.140+0000] {processor.py:208} INFO - Processing /opt/airflow/dags/hola_mundo_dag.py took 0.240 seconds
[2026-06-20T15:22:59.088+0000] {processor.py:186} INFO - Started process (PID=216) to work on /opt/airflow/dags/hola_mundo_dag.py
[2026-06-20T15:22:59.091+0000] {processor.py:914} INFO - Processing file /opt/airflow/dags/hola_mundo_dag.py for tasks to queue
[2026-06-20T15:22:59.100+0000] {logging_mixin.py:190} INFO - [2026-06-20T15:22:59.099+0000] {dagbag.py:588} INFO - Filling up the DagBag from /opt/airflow/dags/hola_mundo_dag.py
[2026-06-20T15:22:59.151+0000] {processor.py:925} INFO - DAG(s) 'hola_mundo_dag' retrieved from /opt/airflow/dags/hola_mundo_dag.py
[2026-06-20T15:22:59.224+0000] {logging_mixin.py:190} INFO - [2026-06-20T15:22:59.223+0000] {dag.py:3239} INFO - Sync 1 DAGs
[2026-06-20T15:22:59.277+0000] {logging_mixin.py:190} INFO - [2026-06-20T15:22:59.276+0000] {dag.py:4180} INFO - Setting next_dagrun for hola_mundo_dag to None, run_after=None
[2026-06-20T15:22:59.334+0000] {processor.py:208} INFO - Processing /opt/airflow/dags/hola_mundo_dag.py took 0.262 seconds
[2026-06-20T15:23:30.515+0000] {processor.py:186} INFO - Started process (PID=221) to work on /opt/airflow/dags/hola_mundo_dag.py
[2026-06-20T15:23:30.524+0000] {processor.py:914} INFO - Processing file /opt/airflow/dags/hola_mundo_dag.py for tasks to queue
[2026-06-20T15:23:30.536+0000] {logging_mixin.py:190} INFO - [2026-06-20T15:23:30.534+0000] {dagbag.py:588} INFO - Filling up the DagBag from /opt/airflow/dags/hola_mundo_dag.py
[2026-06-20T15:23:30.613+0000] {processor.py:925} INFO - DAG(s) 'hola_mundo_dag' retrieved from /opt/airflow/dags/hola_mundo_dag.py
[2026-06-20T15:23:30.683+0000] {logging_mixin.py:190} INFO - [2026-06-20T15:23:30.683+0000] {dag.py:3239} INFO - Sync 1 DAGs
[2026-06-20T15:23:30.718+0000] {logging_mixin.py:190} INFO - [2026-06-20T15:23:30.717+0000] {dag.py:4180} INFO - Setting next_dagrun for hola_mundo_dag to None, run_after=None
[2026-06-20T15:23:30.774+0000] {processor.py:208} INFO - Processing /opt/airflow/dags/hola_mundo_dag.py took 0.293 seconds
[2026-06-20T15:24:01.506+0000] {processor.py:186} INFO - Started process (PID=226) to work on /opt/airflow/dags/hola_mundo_dag.py
[2026-06-20T15:24:01.508+0000] {processor.py:914} INFO - Processing file /opt/airflow/dags/hola_mundo_dag.py for tasks to queue
[2026-06-20T15:24:01.520+0000] {logging_mixin.py:190} INFO - [2026-06-20T15:24:01.519+0000] {dagbag.py:588} INFO - Filling up the DagBag from /opt/airflow/dags/hola_mundo_dag.py
[2026-06-20T15:24:01.572+0000] {processor.py:925} INFO - DAG(s) 'hola_mundo_dag' retrieved from /opt/airflow/dags/hola_mundo_dag.py
[2026-06-20T15:24:01.635+0000] {logging_mixin.py:190} INFO - [2026-06-20T15:24:01.635+0000] {dag.py:3239} INFO - Sync 1 DAGs
[2026-06-20T15:24:01.660+0000] {logging_mixin.py:190} INFO - [2026-06-20T15:24:01.660+0000] {dag.py:4180} INFO - Setting next_dagrun for hola_mundo_dag to None, run_after=None
[2026-06-20T15:24:01.708+0000] {processor.py:208} INFO - Processing /opt/airflow/dags/hola_mundo_dag.py took 0.211 seconds
[2026-06-20T15:24:32.311+0000] {processor.py:186} INFO - Started process (PID=231) to work on /opt/airflow/dags/hola_mundo_dag.py
[2026-06-20T15:24:32.318+0000] {processor.py:914} INFO - Processing file /opt/airflow/dags/hola_mundo_dag.py for tasks to queue
[2026-06-20T15:24:32.324+0000] {logging_mixin.py:190} INFO - [2026-06-20T15:24:32.324+0000] {dagbag.py:588} INFO - Filling up the DagBag from /opt/airflow/dags/hola_mundo_dag.py
[2026-06-20T15:24:32.362+0000] {processor.py:925} INFO - DAG(s) 'hola_mundo_dag' retrieved from /opt/airflow/dags/hola_mundo_dag.py
[2026-06-20T15:24:32.401+0000] {logging_mixin.py:190} INFO - [2026-06-20T15:24:32.401+0000] {dag.py:3239} INFO - Sync 1 DAGs
[2026-06-20T15:24:32.424+0000] {logging_mixin.py:190} INFO - [2026-06-20T15:24:32.424+0000] {dag.py:4180} INFO - Setting next_dagrun for hola_mundo_dag to None, run_after=None
[2026-06-20T15:24:32.452+0000] {processor.py:208} INFO - Processing /opt/airflow/dags/hola_mundo_dag.py took 0.152 seconds
[2026-06-20T15:25:03.577+0000] {processor.py:186} INFO - Started process (PID=236) to work on /opt/airflow/dags/hola_mundo_dag.py
[2026-06-20T15:25:03.590+0000] {processor.py:914} INFO - Processing file /opt/airflow/dags/hola_mundo_dag.py for tasks to queue
[2026-06-20T15:25:03.597+0000] {logging_mixin.py:190} INFO - [2026-06-20T15:25:03.597+0000] {dagbag.py:588} INFO - Filling up the DagBag from /opt/airflow/dags/hola_mundo_dag.py
[2026-06-20T15:25:03.686+0000] {processor.py:925} INFO - DAG(s) 'hola_mundo_dag' retrieved from /opt/airflow/dags/hola_mundo_dag.py
[2026-06-20T15:25:03.730+0000] {logging_mixin.py:190} INFO - [2026-06-20T15:25:03.730+0000] {dag.py:3239} INFO - Sync 1 DAGs
[2026-06-20T15:25:03.751+0000] {logging_mixin.py:190} INFO - [2026-06-20T15:25:03.750+0000] {dag.py:4180} INFO - Setting next_dagrun for hola_mundo_dag to None, run_after=None
[2026-06-20T15:25:03.775+0000] {processor.py:208} INFO - Processing /opt/airflow/dags/hola_mundo_dag.py took 0.211 seconds
[2026-06-20T15:25:34.743+0000] {processor.py:186} INFO - Started process (PID=241) to work on /opt/airflow/dags/hola_mundo_dag.py
[2026-06-20T15:25:34.745+0000] {processor.py:914} INFO - Processing file /opt/airflow/dags/hola_mundo_dag.py for tasks to queue
[2026-06-20T15:25:34.752+0000] {logging_mixin.py:190} INFO - [2026-06-20T15:25:34.751+0000] {dagbag.py:588} INFO - Filling up the DagBag from /opt/airflow/dags/hola_mundo_dag.py
[2026-06-20T15:25:34.794+0000] {processor.py:925} INFO - DAG(s) 'hola_mundo_dag' retrieved from /opt/airflow/dags/hola_mundo_dag.py
[2026-06-20T15:25:34.865+0000] {logging_mixin.py:190} INFO - [2026-06-20T15:25:34.865+0000] {dag.py:3239} INFO - Sync 1 DAGs
[2026-06-20T15:25:34.895+0000] {logging_mixin.py:190} INFO - [2026-06-20T15:25:34.895+0000] {dag.py:4180} INFO - Setting next_dagrun for hola_mundo_dag to None, run_after=None
[2026-06-20T15:25:34.939+0000] {processor.py:208} INFO - Processing /opt/airflow/dags/hola_mundo_dag.py took 0.210 seconds
[2026-06-20T15:26:05.093+0000] {processor.py:186} INFO - Started process (PID=246) to work on /opt/airflow/dags/hola_mundo_dag.py
[2026-06-20T15:26:05.095+0000] {processor.py:914} INFO - Processing file /opt/airflow/dags/hola_mundo_dag.py for tasks to queue
[2026-06-20T15:26:05.100+0000] {logging_mixin.py:190} INFO - [2026-06-20T15:26:05.100+0000] {dagbag.py:588} INFO - Filling up the DagBag from /opt/airflow/dags/hola_mundo_dag.py
[2026-06-20T15:26:05.141+0000] {processor.py:925} INFO - DAG(s) 'hola_mundo_dag' retrieved from /opt/airflow/dags/hola_mundo_dag.py
[2026-06-20T15:26:05.209+0000] {logging_mixin.py:190} INFO - [2026-06-20T15:26:05.208+0000] {dag.py:3239} INFO - Sync 1 DAGs
[2026-06-20T15:26:05.238+0000] {logging_mixin.py:190} INFO - [2026-06-20T15:26:05.237+0000] {dag.py:4180} INFO - Setting next_dagrun for hola_mundo_dag to None, run_after=None
[2026-06-20T15:26:05.274+0000] {processor.py:208} INFO - Processing /opt/airflow/dags/hola_mundo_dag.py took 0.193 seconds
[2026-06-20T15:26:36.172+0000] {processor.py:186} INFO - Started process (PID=251) to work on /opt/airflow/dags/hola_mundo_dag.py
[2026-06-20T15:26:36.175+0000] {processor.py:914} INFO - Processing file /opt/airflow/dags/hola_mundo_dag.py for tasks to queue
[2026-06-20T15:26:36.182+0000] {logging_mixin.py:190} INFO - [2026-06-20T15:26:36.181+0000] {dagbag.py:588} INFO - Filling up the DagBag from /opt/airflow/dags/hola_mundo_dag.py
[2026-06-20T15:26:36.238+0000] {processor.py:925} INFO - DAG(s) 'hola_mundo_dag' retrieved from /opt/airflow/dags/hola_mundo_dag.py
[2026-06-20T15:26:36.307+0000] {logging_mixin.py:190} INFO - [2026-06-20T15:26:36.306+0000] {dag.py:3239} INFO - Sync 1 DAGs
[2026-06-20T15:26:36.339+0000] {logging_mixin.py:190} INFO - [2026-06-20T15:26:36.339+0000] {dag.py:4180} INFO - Setting next_dagrun for hola_mundo_dag to None, run_after=None
[2026-06-20T15:26:36.384+0000] {processor.py:208} INFO - Processing /opt/airflow/dags/hola_mundo_dag.py took 0.230 seconds
[2026-06-20T15:27:07.102+0000] {processor.py:186} INFO - Started process (PID=256) to work on /opt/airflow/dags/hola_mundo_dag.py
[2026-06-20T15:27:07.107+0000] {processor.py:914} INFO - Processing file /opt/airflow/dags/hola_mundo_dag.py for tasks to queue
[2026-06-20T15:27:07.122+0000] {logging_mixin.py:190} INFO - [2026-06-20T15:27:07.121+0000] {dagbag.py:588} INFO - Filling up the DagBag from /opt/airflow/dags/hola_mundo_dag.py
[2026-06-20T15:27:07.222+0000] {processor.py:925} INFO - DAG(s) 'hola_mundo_dag' retrieved from /opt/airflow/dags/hola_mundo_dag.py
[2026-06-20T15:27:07.396+0000] {logging_mixin.py:190} INFO - [2026-06-20T15:27:07.395+0000] {dag.py:3239} INFO - Sync 1 DAGs
[2026-06-20T15:27:07.482+0000] {logging_mixin.py:190} INFO - [2026-06-20T15:27:07.481+0000] {dag.py:4180} INFO - Setting next_dagrun for hola_mundo_dag to None, run_after=None
[2026-06-20T15:27:07.567+0000] {processor.py:208} INFO - Processing /opt/airflow/dags/hola_mundo_dag.py took 0.495 seconds
[2026-06-20T15:27:38.417+0000] {processor.py:186} INFO - Started process (PID=261) to work on /opt/airflow/dags/hola_mundo_dag.py
[2026-06-20T15:27:38.422+0000] {processor.py:914} INFO - Processing file /opt/airflow/dags/hola_mundo_dag.py for tasks to queue
[2026-06-20T15:27:38.436+0000] {logging_mixin.py:190} INFO - [2026-06-20T15:27:38.434+0000] {dagbag.py:588} INFO - Filling up the DagBag from /opt/airflow/dags/hola_mundo_dag.py
[2026-06-20T15:27:38.490+0000] {processor.py:925} INFO - DAG(s) 'hola_mundo_dag' retrieved from /opt/airflow/dags/hola_mundo_dag.py
[2026-06-20T15:27:38.563+0000] {logging_mixin.py:190} INFO - [2026-06-20T15:27:38.562+0000] {dag.py:3239} INFO - Sync 1 DAGs
[2026-06-20T15:27:38.602+0000] {logging_mixin.py:190} INFO - [2026-06-20T15:27:38.601+0000] {dag.py:4180} INFO - Setting next_dagrun for hola_mundo_dag to None, run_after=None
[2026-06-20T15:27:38.658+0000] {processor.py:208} INFO - Processing /opt/airflow/dags/hola_mundo_dag.py took 0.277 seconds
[2026-06-20T15:28:09.388+0000] {processor.py:186} INFO - Started process (PID=269) to work on /opt/airflow/dags/hola_mundo_dag.py
[2026-06-20T15:28:09.391+0000] {processor.py:914} INFO - Processing file /opt/airflow/dags/hola_mundo_dag.py for tasks to queue
[2026-06-20T15:28:09.398+0000] {logging_mixin.py:190} INFO - [2026-06-20T15:28:09.397+0000] {dagbag.py:588} INFO - Filling up the DagBag from /opt/airflow/dags/hola_mundo_dag.py
[2026-06-20T15:28:09.471+0000] {processor.py:925} INFO - DAG(s) 'hola_mundo_dag' retrieved from /opt/airflow/dags/hola_mundo_dag.py
[2026-06-20T15:28:09.549+0000] {logging_mixin.py:190} INFO - [2026-06-20T15:28:09.548+0000] {dag.py:3239} INFO - Sync 1 DAGs
[2026-06-20T15:28:09.584+0000] {logging_mixin.py:190} INFO - [2026-06-20T15:28:09.584+0000] {dag.py:4180} INFO - Setting next_dagrun for hola_mundo_dag to None, run_after=None
[2026-06-20T15:28:09.635+0000] {processor.py:208} INFO - Processing /opt/airflow/dags/hola_mundo_dag.py took 0.258 seconds
[2026-06-20T15:28:40.267+0000] {processor.py:186} INFO - Started process (PID=274) to work on /opt/airflow/dags/hola_mundo_dag.py
[2026-06-20T15:28:40.273+0000] {processor.py:914} INFO - Processing file /opt/airflow/dags/hola_mundo_dag.py for tasks to queue
[2026-06-20T15:28:40.281+0000] {logging_mixin.py:190} INFO - [2026-06-20T15:28:40.280+0000] {dagbag.py:588} INFO - Filling up the DagBag from /opt/airflow/dags/hola_mundo_dag.py
[2026-06-20T15:28:40.408+0000] {processor.py:925} INFO - DAG(s) 'hola_mundo_dag' retrieved from /opt/airflow/dags/hola_mundo_dag.py
[2026-06-20T15:28:40.461+0000] {logging_mixin.py:190} INFO - [2026-06-20T15:28:40.461+0000] {dag.py:3239} INFO - Sync 1 DAGs
[2026-06-20T15:28:40.485+0000] {logging_mixin.py:190} INFO - [2026-06-20T15:28:40.485+0000] {dag.py:4180} INFO - Setting next_dagrun for hola_mundo_dag to None, run_after=None
[2026-06-20T15:28:40.513+0000] {processor.py:208} INFO - Processing /opt/airflow/dags/hola_mundo_dag.py took 0.279 seconds
[2026-06-20T15:29:11.270+0000] {processor.py:186} INFO - Started process (PID=279) to work on /opt/airflow/dags/hola_mundo_dag.py
[2026-06-20T15:29:11.273+0000] {processor.py:914} INFO - Processing file /opt/airflow/dags/hola_mundo_dag.py for tasks to queue
[2026-06-20T15:29:11.281+0000] {logging_mixin.py:190} INFO - [2026-06-20T15:29:11.280+0000] {dagbag.py:588} INFO - Filling up the DagBag from /opt/airflow/dags/hola_mundo_dag.py
[2026-06-20T15:29:11.358+0000] {processor.py:925} INFO - DAG(s) 'hola_mundo_dag' retrieved from /opt/airflow/dags/hola_mundo_dag.py
[2026-06-20T15:29:11.450+0000] {logging_mixin.py:190} INFO - [2026-06-20T15:29:11.449+0000] {dag.py:3239} INFO - Sync 1 DAGs
[2026-06-20T15:29:11.662+0000] {logging_mixin.py:190} INFO - [2026-06-20T15:29:11.660+0000] {dag.py:4180} INFO - Setting next_dagrun for hola_mundo_dag to None, run_after=None
[2026-06-20T15:29:11.761+0000] {processor.py:208} INFO - Processing /opt/airflow/dags/hola_mundo_dag.py took 0.507 seconds
[2026-06-20T15:29:42.862+0000] {processor.py:186} INFO - Started process (PID=284) to work on /opt/airflow/dags/hola_mundo_dag.py
[2026-06-20T15:29:42.870+0000] {processor.py:914} INFO - Processing file /opt/airflow/dags/hola_mundo_dag.py for tasks to queue
[2026-06-20T15:29:42.879+0000] {logging_mixin.py:190} INFO - [2026-06-20T15:29:42.878+0000] {dagbag.py:588} INFO - Filling up the DagBag from /opt/airflow/dags/hola_mundo_dag.py
[2026-06-20T15:29:42.914+0000] {processor.py:925} INFO - DAG(s) 'hola_mundo_dag' retrieved from /opt/airflow/dags/hola_mundo_dag.py
[2026-06-20T15:29:42.983+0000] {logging_mixin.py:190} INFO - [2026-06-20T15:29:42.983+0000] {dag.py:3239} INFO - Sync 1 DAGs
[2026-06-20T15:29:43.008+0000] {logging_mixin.py:190} INFO - [2026-06-20T15:29:43.008+0000] {dag.py:4180} INFO - Setting next_dagrun for hola_mundo_dag to None, run_after=None
[2026-06-20T15:29:43.040+0000] {processor.py:208} INFO - Processing /opt/airflow/dags/hola_mundo_dag.py took 0.190 seconds
