[2026-06-23T20:51:07.927+0000] {local_task_job_runner.py:123} INFO - ::group::Pre task execution logs
[2026-06-23T20:51:07.943+0000] {taskinstance.py:2614} INFO - Dependencies all met for dep_context=non-requeueable deps ti=<TaskInstance: etl_ecommerce.extract manual__2026-06-23T20:48:03.690318+00:00 [queued]>
[2026-06-23T20:51:07.948+0000] {taskinstance.py:2614} INFO - Dependencies all met for dep_context=requeueable deps ti=<TaskInstance: etl_ecommerce.extract manual__2026-06-23T20:48:03.690318+00:00 [queued]>
[2026-06-23T20:51:07.948+0000] {taskinstance.py:2867} INFO - Starting attempt 1 of 3
[2026-06-23T20:51:07.957+0000] {taskinstance.py:2890} INFO - Executing <Task(PythonOperator): extract> on 2026-06-23 20:48:03.690318+00:00
[2026-06-23T20:51:07.963+0000] {logging_mixin.py:190} WARNING - /home/***/.local/lib/python3.12/site-packages/***/task/task_runner/standard_task_runner.py:70 DeprecationWarning: This process (pid=718) is multi-threaded, use of fork() may lead to deadlocks in the child.
[2026-06-23T20:51:07.963+0000] {standard_task_runner.py:72} INFO - Started process 720 to run task
[2026-06-23T20:51:07.963+0000] {standard_task_runner.py:104} INFO - Running: ['***', 'tasks', 'run', 'etl_ecommerce', 'extract', 'manual__2026-06-23T20:48:03.690318+00:00', '--job-id', '101', '--raw', '--subdir', 'DAGS_FOLDER/hola_mundo_dag.py', '--cfg-path', '/tmp/tmpjycs05t3']
[2026-06-23T20:51:07.964+0000] {standard_task_runner.py:105} INFO - Job 101: Subtask extract
[2026-06-23T20:51:07.994+0000] {task_command.py:467} INFO - Running <TaskInstance: etl_ecommerce.extract manual__2026-06-23T20:48:03.690318+00:00 [running]> on host 8884758d4df3
[2026-06-23T20:51:08.044+0000] {taskinstance.py:3134} INFO - Exporting env vars: AIRFLOW_CTX_DAG_OWNER='juan_camilo' AIRFLOW_CTX_DAG_ID='etl_ecommerce' AIRFLOW_CTX_TASK_ID='extract' AIRFLOW_CTX_EXECUTION_DATE='2026-06-23T20:48:03.690318+00:00' AIRFLOW_CTX_TRY_NUMBER='1' AIRFLOW_CTX_DAG_RUN_ID='manual__2026-06-23T20:48:03.690318+00:00'
[2026-06-23T20:51:08.045+0000] {taskinstance.py:732} INFO - ::endgroup::
[2026-06-23T20:51:08.160+0000] {hola_mundo_dag.py:91} INFO - Descargando dataset: carrie1/ecommerce-data
[2026-06-23T20:51:08.161+0000] {logging_mixin.py:190} INFO - Dataset URL: https://www.kaggle.com/datasets/carrie1/ecommerce-data
[2026-06-23T20:51:09.721+0000] {hola_mundo_dag.py:97} INFO - ✅ Dataset descargado en /opt/***/data/raw
[2026-06-23T20:51:10.117+0000] {hola_mundo_dag.py:102} INFO - Registros leídos: 541909
[2026-06-23T20:51:10.118+0000] {hola_mundo_dag.py:103} INFO - Columnas: ['InvoiceNo', 'StockCode', 'Description', 'Quantity', 'InvoiceDate', 'UnitPrice', 'CustomerID', 'Country']
[2026-06-23T20:51:15.237+0000] {python.py:240} INFO - Done. Returned value was: None
[2026-06-23T20:51:15.244+0000] {taskinstance.py:341} INFO - ::group::Post task execution logs
[2026-06-23T20:51:15.244+0000] {taskinstance.py:353} INFO - Marking task as SUCCESS. dag_id=etl_ecommerce, task_id=extract, run_id=manual__2026-06-23T20:48:03.690318+00:00, execution_date=20260623T204803, start_date=20260623T205107, end_date=20260623T205115
[2026-06-23T20:51:15.301+0000] {local_task_job_runner.py:266} INFO - Task exited with return code 0
[2026-06-23T20:51:15.323+0000] {taskinstance.py:3901} INFO - 1 downstream tasks scheduled from follow-on schedule check
[2026-06-23T20:51:15.325+0000] {local_task_job_runner.py:245} INFO - ::endgroup::
