[2026-06-23T20:59:25.577+0000] {local_task_job_runner.py:123} INFO - ::group::Pre task execution logs
[2026-06-23T20:59:25.590+0000] {taskinstance.py:2614} INFO - Dependencies all met for dep_context=non-requeueable deps ti=<TaskInstance: etl_ecommerce.load manual__2026-06-23T20:44:52.316108+00:00 [queued]>
[2026-06-23T20:59:25.595+0000] {taskinstance.py:2614} INFO - Dependencies all met for dep_context=requeueable deps ti=<TaskInstance: etl_ecommerce.load manual__2026-06-23T20:44:52.316108+00:00 [queued]>
[2026-06-23T20:59:25.596+0000] {taskinstance.py:2867} INFO - Starting attempt 2 of 3
[2026-06-23T20:59:25.602+0000] {taskinstance.py:2890} INFO - Executing <Task(PythonOperator): load> on 2026-06-23 20:44:52.316108+00:00
[2026-06-23T20:59:25.608+0000] {standard_task_runner.py:104} INFO - Running: ['***', 'tasks', 'run', 'etl_ecommerce', 'load', 'manual__2026-06-23T20:44:52.316108+00:00', '--job-id', '130', '--raw', '--subdir', 'DAGS_FOLDER/etl_ecommerce_dag.py', '--cfg-path', '/tmp/tmphxkzy9tm']
[2026-06-23T20:59:25.609+0000] {standard_task_runner.py:105} INFO - Job 130: Subtask load
[2026-06-23T20:59:25.609+0000] {logging_mixin.py:190} WARNING - /home/***/.local/lib/python3.12/site-packages/***/task/task_runner/standard_task_runner.py:70 DeprecationWarning: This process (pid=334) is multi-threaded, use of fork() may lead to deadlocks in the child.
[2026-06-23T20:59:25.610+0000] {standard_task_runner.py:72} INFO - Started process 336 to run task
[2026-06-23T20:59:25.636+0000] {task_command.py:467} INFO - Running <TaskInstance: etl_ecommerce.load manual__2026-06-23T20:44:52.316108+00:00 [running]> on host d2930d66fea2
[2026-06-23T20:59:25.683+0000] {taskinstance.py:3134} INFO - Exporting env vars: AIRFLOW_CTX_DAG_OWNER='juan_camilo' AIRFLOW_CTX_DAG_ID='etl_ecommerce' AIRFLOW_CTX_TASK_ID='load' AIRFLOW_CTX_EXECUTION_DATE='2026-06-23T20:44:52.316108+00:00' AIRFLOW_CTX_TRY_NUMBER='2' AIRFLOW_CTX_DAG_RUN_ID='manual__2026-06-23T20:44:52.316108+00:00'
[2026-06-23T20:59:25.683+0000] {taskinstance.py:732} INFO - ::endgroup::
[2026-06-23T20:59:28.325+0000] {etl_ecommerce_dag.py:225} INFO - Cargando 392692 registros en Supabase...
[2026-06-23T20:59:28.325+0000] {crypto.py:82} WARNING - empty cryptography key - values will not be stored encrypted.
[2026-06-23T20:59:28.326+0000] {base.py:84} INFO - Retrieving connection 'postgres_destino'
[2026-06-23T20:59:29.148+0000] {etl_ecommerce_dag.py:253} INFO - Tabla 'ecommerce_transacciones' lista.
[2026-06-23T21:09:49.732+0000] {etl_ecommerce_dag.py:300} WARNING - ⚠️ Error en registro 536420/22969: relation "ecommerce_transacciones" does not exist
LINE 1: SELECT 1 FROM ecommerce_transacciones WHERE invoice_no = '53...
                      ^

[2026-06-23T21:09:50.498+0000] {etl_ecommerce_dag.py:300} WARNING - ⚠️ Error en registro 536423/22619: relation "ecommerce_transacciones" does not exist
LINE 1: SELECT 1 FROM ecommerce_transacciones WHERE invoice_no = '53...
                      ^

[2026-06-23T21:09:51.367+0000] {etl_ecommerce_dag.py:300} WARNING - ⚠️ Error en registro 536423/21481: relation "ecommerce_transacciones" does not exist
LINE 1: SELECT 1 FROM ecommerce_transacciones WHERE invoice_no = '53...
                      ^

[2026-06-23T21:09:52.231+0000] {etl_ecommerce_dag.py:300} WARNING - ⚠️ Error en registro 536423/22632: relation "ecommerce_transacciones" does not exist
LINE 1: SELECT 1 FROM ecommerce_transacciones WHERE invoice_no = '53...
                      ^

[2026-06-23T21:09:53.057+0000] {etl_ecommerce_dag.py:300} WARNING - ⚠️ Error en registro 536423/22837: relation "ecommerce_transacciones" does not exist
LINE 1: SELECT 1 FROM ecommerce_transacciones WHERE invoice_no = '53...
                      ^

[2026-06-23T21:09:53.812+0000] {etl_ecommerce_dag.py:300} WARNING - ⚠️ Error en registro 536423/21479: relation "ecommerce_transacciones" does not exist
LINE 1: SELECT 1 FROM ecommerce_transacciones WHERE invoice_no = '53...
                      ^

[2026-06-23T21:09:54.549+0000] {etl_ecommerce_dag.py:300} WARNING - ⚠️ Error en registro 536423/21485: relation "ecommerce_transacciones" does not exist
LINE 1: SELECT 1 FROM ecommerce_transacciones WHERE invoice_no = '53...
                      ^

[2026-06-23T21:09:55.285+0000] {etl_ecommerce_dag.py:300} WARNING - ⚠️ Error en registro 536423/84029E: relation "ecommerce_transacciones" does not exist
LINE 1: SELECT 1 FROM ecommerce_transacciones WHERE invoice_no = '53...
                      ^

[2026-06-23T21:09:55.999+0000] {etl_ecommerce_dag.py:300} WARNING - ⚠️ Error en registro 536423/22111: relation "ecommerce_transacciones" does not exist
LINE 1: SELECT 1 FROM ecommerce_transacciones WHERE invoice_no = '53...
                      ^

[2026-06-23T21:09:56.810+0000] {etl_ecommerce_dag.py:300} WARNING - ⚠️ Error en registro 536423/22113: relation "ecommerce_transacciones" does not exist
LINE 1: SELECT 1 FROM ecommerce_transacciones WHERE invoice_no = '53...
                      ^

[2026-06-23T21:09:57.486+0000] {etl_ecommerce_dag.py:300} WARNING - ⚠️ Error en registro 536425/22837: relation "ecommerce_transacciones" does not exist
LINE 1: SELECT 1 FROM ecommerce_transacciones WHERE invoice_no = '53...
                      ^

[2026-06-23T21:09:58.154+0000] {etl_ecommerce_dag.py:300} WARNING - ⚠️ Error en registro 536425/22585: relation "ecommerce_transacciones" does not exist
LINE 1: SELECT 1 FROM ecommerce_transacciones WHERE invoice_no = '53...
                      ^

[2026-06-23T21:09:58.807+0000] {etl_ecommerce_dag.py:300} WARNING - ⚠️ Error en registro 536425/79321: relation "ecommerce_transacciones" does not exist
LINE 1: SELECT 1 FROM ecommerce_transacciones WHERE invoice_no = '53...
                      ^

[2026-06-23T21:09:59.555+0000] {etl_ecommerce_dag.py:300} WARNING - ⚠️ Error en registro 536425/22637: relation "ecommerce_transacciones" does not exist
LINE 1: SELECT 1 FROM ecommerce_transacciones WHERE invoice_no = '53...
                      ^

[2026-06-23T21:10:00.334+0000] {etl_ecommerce_dag.py:300} WARNING - ⚠️ Error en registro 536425/21556: relation "ecommerce_transacciones" does not exist
LINE 1: SELECT 1 FROM ecommerce_transacciones WHERE invoice_no = '53...
                      ^

[2026-06-23T21:10:01.073+0000] {etl_ecommerce_dag.py:300} WARNING - ⚠️ Error en registro 536425/22646: relation "ecommerce_transacciones" does not exist
LINE 1: SELECT 1 FROM ecommerce_transacciones WHERE invoice_no = '53...
                      ^

[2026-06-23T21:10:01.832+0000] {etl_ecommerce_dag.py:300} WARNING - ⚠️ Error en registro 536425/22644: relation "ecommerce_transacciones" does not exist
LINE 1: SELECT 1 FROM ecommerce_transacciones WHERE invoice_no = '53...
                      ^

[2026-06-23T21:10:02.495+0000] {etl_ecommerce_dag.py:300} WARNING - ⚠️ Error en registro 536425/22645: relation "ecommerce_transacciones" does not exist
LINE 1: SELECT 1 FROM ecommerce_transacciones WHERE invoice_no = '53...
                      ^

[2026-06-23T21:10:03.250+0000] {etl_ecommerce_dag.py:300} WARNING - ⚠️ Error en registro 536425/22650: relation "ecommerce_transacciones" does not exist
LINE 1: SELECT 1 FROM ecommerce_transacciones WHERE invoice_no = '53...
                      ^

[2026-06-23T21:10:03.937+0000] {etl_ecommerce_dag.py:300} WARNING - ⚠️ Error en registro 536425/22508: relation "ecommerce_transacciones" does not exist
LINE 1: SELECT 1 FROM ecommerce_transacciones WHERE invoice_no = '53...
                      ^

[2026-06-23T21:10:04.802+0000] {etl_ecommerce_dag.py:300} WARNING - ⚠️ Error en registro 536425/21411: relation "ecommerce_transacciones" does not exist
LINE 1: SELECT 1 FROM ecommerce_transacciones WHERE invoice_no = '53...
                      ^

[2026-06-23T21:10:05.503+0000] {etl_ecommerce_dag.py:300} WARNING - ⚠️ Error en registro 536425/22511: relation "ecommerce_transacciones" does not exist
LINE 1: SELECT 1 FROM ecommerce_transacciones WHERE invoice_no = '53...
                      ^

[2026-06-23T21:10:06.213+0000] {etl_ecommerce_dag.py:300} WARNING - ⚠️ Error en registro 536425/22451: relation "ecommerce_transacciones" does not exist
LINE 1: SELECT 1 FROM ecommerce_transacciones WHERE invoice_no = '53...
                      ^

[2026-06-23T21:10:06.834+0000] {etl_ecommerce_dag.py:300} WARNING - ⚠️ Error en registro 536425/22449: relation "ecommerce_transacciones" does not exist
LINE 1: SELECT 1 FROM ecommerce_transacciones WHERE invoice_no = '53...
                      ^

[2026-06-23T21:10:07.681+0000] {etl_ecommerce_dag.py:300} WARNING - ⚠️ Error en registro 536425/22768: relation "ecommerce_transacciones" does not exist
LINE 1: SELECT 1 FROM ecommerce_transacciones WHERE invoice_no = '53...
                      ^

[2026-06-23T21:10:08.432+0000] {etl_ecommerce_dag.py:300} WARNING - ⚠️ Error en registro 536425/22829: relation "ecommerce_transacciones" does not exist
LINE 1: SELECT 1 FROM ecommerce_transacciones WHERE invoice_no = '53...
                      ^

[2026-06-23T21:10:09.176+0000] {etl_ecommerce_dag.py:300} WARNING - ⚠️ Error en registro 536425/22961: relation "ecommerce_transacciones" does not exist
LINE 1: SELECT 1 FROM ecommerce_transacciones WHERE invoice_no = '53...
                      ^

[2026-06-23T21:10:09.947+0000] {etl_ecommerce_dag.py:300} WARNING - ⚠️ Error en registro 536437/21154: relation "ecommerce_transacciones" does not exist
LINE 1: SELECT 1 FROM ecommerce_transacciones WHERE invoice_no = '53...
                      ^

[2026-06-23T21:10:10.609+0000] {etl_ecommerce_dag.py:300} WARNING - ⚠️ Error en registro 536437/22189: relation "ecommerce_transacciones" does not exist
LINE 1: SELECT 1 FROM ecommerce_transacciones WHERE invoice_no = '53...
                      ^

[2026-06-23T21:10:11.466+0000] {etl_ecommerce_dag.py:300} WARNING - ⚠️ Error en registro 536437/17021: relation "ecommerce_transacciones" does not exist
LINE 1: SELECT 1 FROM ecommerce_transacciones WHERE invoice_no = '53...
                      ^

[2026-06-23T21:10:12.167+0000] {etl_ecommerce_dag.py:300} WARNING - ⚠️ Error en registro 536437/22059: relation "ecommerce_transacciones" does not exist
LINE 1: SELECT 1 FROM ecommerce_transacciones WHERE invoice_no = '53...
                      ^

[2026-06-23T21:10:13.025+0000] {etl_ecommerce_dag.py:300} WARNING - ⚠️ Error en registro 536437/22188: relation "ecommerce_transacciones" does not exist
LINE 1: SELECT 1 FROM ecommerce_transacciones WHERE invoice_no = '53...
                      ^

[2026-06-23T21:10:13.805+0000] {etl_ecommerce_dag.py:300} WARNING - ⚠️ Error en registro 536437/84678: relation "ecommerce_transacciones" does not exist
LINE 1: SELECT 1 FROM ecommerce_transacciones WHERE invoice_no = '53...
                      ^

[2026-06-23T21:10:14.467+0000] {etl_ecommerce_dag.py:300} WARNING - ⚠️ Error en registro 536446/85172: relation "ecommerce_transacciones" does not exist
LINE 1: SELECT 1 FROM ecommerce_transacciones WHERE invoice_no = '53...
                      ^

[2026-06-23T21:10:15.219+0000] {etl_ecommerce_dag.py:300} WARNING - ⚠️ Error en registro 536446/22142: relation "ecommerce_transacciones" does not exist
LINE 1: SELECT 1 FROM ecommerce_transacciones WHERE invoice_no = '53...
                      ^

[2026-06-23T21:10:15.985+0000] {etl_ecommerce_dag.py:300} WARNING - ⚠️ Error en registro 536446/22144: relation "ecommerce_transacciones" does not exist
LINE 1: SELECT 1 FROM ecommerce_transacciones WHERE invoice_no = '53...
                      ^

[2026-06-23T21:10:16.723+0000] {etl_ecommerce_dag.py:300} WARNING - ⚠️ Error en registro 536446/21591: relation "ecommerce_transacciones" does not exist
LINE 1: SELECT 1 FROM ecommerce_transacciones WHERE invoice_no = '53...
                      ^

[2026-06-23T21:10:17.470+0000] {etl_ecommerce_dag.py:300} WARNING - ⚠️ Error en registro 536446/22480: relation "ecommerce_transacciones" does not exist
LINE 1: SELECT 1 FROM ecommerce_transacciones WHERE invoice_no = '53...
                      ^

[2026-06-23T21:10:18.196+0000] {etl_ecommerce_dag.py:300} WARNING - ⚠️ Error en registro 536446/22294: relation "ecommerce_transacciones" does not exist
LINE 1: SELECT 1 FROM ecommerce_transacciones WHERE invoice_no = '53...
                      ^

[2026-06-23T21:10:18.980+0000] {etl_ecommerce_dag.py:300} WARNING - ⚠️ Error en registro 536446/21156: relation "ecommerce_transacciones" does not exist
LINE 1: SELECT 1 FROM ecommerce_transacciones WHERE invoice_no = '53...
                      ^

[2026-06-23T21:10:19.756+0000] {etl_ecommerce_dag.py:300} WARNING - ⚠️ Error en registro 536446/10133: relation "ecommerce_transacciones" does not exist
LINE 1: SELECT 1 FROM ecommerce_transacciones WHERE invoice_no = '53...
                      ^

[2026-06-23T21:10:20.418+0000] {etl_ecommerce_dag.py:300} WARNING - ⚠️ Error en registro 536446/72800E: relation "ecommerce_transacciones" does not exist
LINE 1: SELECT 1 FROM ecommerce_transacciones WHERE invoice_no = '53...
                      ^

[2026-06-23T21:10:21.154+0000] {etl_ecommerce_dag.py:300} WARNING - ⚠️ Error en registro 536446/22294: relation "ecommerce_transacciones" does not exist
LINE 1: SELECT 1 FROM ecommerce_transacciones WHERE invoice_no = '53...
                      ^

[2026-06-23T21:10:21.918+0000] {etl_ecommerce_dag.py:300} WARNING - ⚠️ Error en registro 536446/84836: relation "ecommerce_transacciones" does not exist
LINE 1: SELECT 1 FROM ecommerce_transacciones WHERE invoice_no = '53...
                      ^

[2026-06-23T21:10:22.775+0000] {etl_ecommerce_dag.py:300} WARNING - ⚠️ Error en registro 536446/20774: relation "ecommerce_transacciones" does not exist
LINE 1: SELECT 1 FROM ecommerce_transacciones WHERE invoice_no = '53...
                      ^

[2026-06-23T21:10:23.467+0000] {etl_ecommerce_dag.py:300} WARNING - ⚠️ Error en registro 536446/20773: relation "ecommerce_transacciones" does not exist
LINE 1: SELECT 1 FROM ecommerce_transacciones WHERE invoice_no = '53...
                      ^

[2026-06-23T21:10:24.263+0000] {etl_ecommerce_dag.py:300} WARNING - ⚠️ Error en registro 536446/20777: relation "ecommerce_transacciones" does not exist
LINE 1: SELECT 1 FROM ecommerce_transacciones WHERE invoice_no = '53...
                      ^

[2026-06-23T21:10:25.078+0000] {etl_ecommerce_dag.py:300} WARNING - ⚠️ Error en registro 536446/16016: relation "ecommerce_transacciones" does not exist
LINE 1: SELECT 1 FROM ecommerce_transacciones WHERE invoice_no = '53...
                      ^

[2026-06-23T21:10:25.760+0000] {etl_ecommerce_dag.py:300} WARNING - ⚠️ Error en registro 536446/16014: relation "ecommerce_transacciones" does not exist
LINE 1: SELECT 1 FROM ecommerce_transacciones WHERE invoice_no = '53...
                      ^

[2026-06-23T21:10:26.537+0000] {etl_ecommerce_dag.py:300} WARNING - ⚠️ Error en registro 536446/21890: relation "ecommerce_transacciones" does not exist
LINE 1: SELECT 1 FROM ecommerce_transacciones WHERE invoice_no = '53...
                      ^

[2026-06-23T21:10:27.245+0000] {etl_ecommerce_dag.py:300} WARNING - ⚠️ Error en registro 536446/21891: relation "ecommerce_transacciones" does not exist
LINE 1: SELECT 1 FROM ecommerce_transacciones WHERE invoice_no = '53...
                      ^

[2026-06-23T21:10:27.923+0000] {etl_ecommerce_dag.py:300} WARNING - ⚠️ Error en registro 536446/22619: relation "ecommerce_transacciones" does not exist
LINE 1: SELECT 1 FROM ecommerce_transacciones WHERE invoice_no = '53...
                      ^

[2026-06-23T21:10:28.681+0000] {etl_ecommerce_dag.py:300} WARNING - ⚠️ Error en registro 536446/22620: relation "ecommerce_transacciones" does not exist
LINE 1: SELECT 1 FROM ecommerce_transacciones WHERE invoice_no = '53...
                      ^

[2026-06-23T21:10:29.467+0000] {etl_ecommerce_dag.py:300} WARNING - ⚠️ Error en registro 536446/84347: relation "ecommerce_transacciones" does not exist
LINE 1: SELECT 1 FROM ecommerce_transacciones WHERE invoice_no = '53...
                      ^

[2026-06-23T21:10:30.162+0000] {etl_ecommerce_dag.py:300} WARNING - ⚠️ Error en registro 536446/85169B: relation "ecommerce_transacciones" does not exist
LINE 1: SELECT 1 FROM ecommerce_transacciones WHERE invoice_no = '53...
                      ^

[2026-06-23T21:10:30.916+0000] {etl_ecommerce_dag.py:300} WARNING - ⚠️ Error en registro 536446/21156: relation "ecommerce_transacciones" does not exist
LINE 1: SELECT 1 FROM ecommerce_transacciones WHERE invoice_no = '53...
                      ^

[2026-06-23T21:10:31.598+0000] {etl_ecommerce_dag.py:300} WARNING - ⚠️ Error en registro 536446/21651: relation "ecommerce_transacciones" does not exist
LINE 1: SELECT 1 FROM ecommerce_transacciones WHERE invoice_no = '53...
                      ^

[2026-06-23T21:10:32.284+0000] {etl_ecommerce_dag.py:300} WARNING - ⚠️ Error en registro 536446/84625C: relation "ecommerce_transacciones" does not exist
LINE 1: SELECT 1 FROM ecommerce_transacciones WHERE invoice_no = '53...
                      ^

[2026-06-23T21:10:32.971+0000] {etl_ecommerce_dag.py:300} WARNING - ⚠️ Error en registro 536446/22618: relation "ecommerce_transacciones" does not exist
LINE 1: SELECT 1 FROM ecommerce_transacciones WHERE invoice_no = '53...
                      ^

[2026-06-23T21:10:33.643+0000] {etl_ecommerce_dag.py:300} WARNING - ⚠️ Error en registro 536446/21586: relation "ecommerce_transacciones" does not exist
LINE 1: SELECT 1 FROM ecommerce_transacciones WHERE invoice_no = '53...
                      ^

[2026-06-23T21:10:34.365+0000] {etl_ecommerce_dag.py:300} WARNING - ⚠️ Error en registro 536446/21587: relation "ecommerce_transacciones" does not exist
LINE 1: SELECT 1 FROM ecommerce_transacciones WHERE invoice_no = '53...
                      ^

[2026-06-23T21:10:35.145+0000] {etl_ecommerce_dag.py:300} WARNING - ⚠️ Error en registro 536446/22152: relation "ecommerce_transacciones" does not exist
LINE 1: SELECT 1 FROM ecommerce_transacciones WHERE invoice_no = '53...
                      ^

[2026-06-23T21:10:35.878+0000] {etl_ecommerce_dag.py:300} WARNING - ⚠️ Error en registro 536446/85172: relation "ecommerce_transacciones" does not exist
LINE 1: SELECT 1 FROM ecommerce_transacciones WHERE invoice_no = '53...
                      ^

[2026-06-23T21:12:36.160+0000] {etl_ecommerce_dag.py:300} WARNING - ⚠️ Error en registro 536488/21895: relation "ecommerce_transacciones" does not exist
LINE 1: SELECT 1 FROM ecommerce_transacciones WHERE invoice_no = '53...
                      ^

[2026-06-23T21:12:36.775+0000] {etl_ecommerce_dag.py:300} WARNING - ⚠️ Error en registro 536488/22468: relation "ecommerce_transacciones" does not exist
LINE 1: SELECT 1 FROM ecommerce_transacciones WHERE invoice_no = '53...
                      ^

[2026-06-23T21:12:37.631+0000] {etl_ecommerce_dag.py:300} WARNING - ⚠️ Error en registro 536488/21034: relation "ecommerce_transacciones" does not exist
LINE 1: SELECT 1 FROM ecommerce_transacciones WHERE invoice_no = '53...
                      ^

[2026-06-23T21:12:38.311+0000] {etl_ecommerce_dag.py:300} WARNING - ⚠️ Error en registro 536488/22372: relation "ecommerce_transacciones" does not exist
LINE 1: SELECT 1 FROM ecommerce_transacciones WHERE invoice_no = '53...
                      ^

[2026-06-23T21:12:39.075+0000] {etl_ecommerce_dag.py:300} WARNING - ⚠️ Error en registro 536488/22867: relation "ecommerce_transacciones" does not exist
LINE 1: SELECT 1 FROM ecommerce_transacciones WHERE invoice_no = '53...
                      ^

[2026-06-23T21:12:39.768+0000] {etl_ecommerce_dag.py:300} WARNING - ⚠️ Error en registro 536488/22144: relation "ecommerce_transacciones" does not exist
LINE 1: SELECT 1 FROM ecommerce_transacciones WHERE invoice_no = '53...
                      ^

[2026-06-23T21:12:40.488+0000] {etl_ecommerce_dag.py:300} WARNING - ⚠️ Error en registro 536488/21190: relation "ecommerce_transacciones" does not exist
LINE 1: SELECT 1 FROM ecommerce_transacciones WHERE invoice_no = '53...
                      ^

[2026-06-23T21:12:41.296+0000] {etl_ecommerce_dag.py:300} WARNING - ⚠️ Error en registro 536488/21894: relation "ecommerce_transacciones" does not exist
LINE 1: SELECT 1 FROM ecommerce_transacciones WHERE invoice_no = '53...
                      ^

[2026-06-23T21:12:42.075+0000] {etl_ecommerce_dag.py:300} WARNING - ⚠️ Error en registro 536488/70007: relation "ecommerce_transacciones" does not exist
LINE 1: SELECT 1 FROM ecommerce_transacciones WHERE invoice_no = '53...
                      ^

[2026-06-23T21:12:42.769+0000] {etl_ecommerce_dag.py:300} WARNING - ⚠️ Error en registro 536488/22940: relation "ecommerce_transacciones" does not exist
LINE 1: SELECT 1 FROM ecommerce_transacciones WHERE invoice_no = '53...
                      ^

[2026-06-23T21:12:43.505+0000] {etl_ecommerce_dag.py:300} WARNING - ⚠️ Error en registro 536488/70007: relation "ecommerce_transacciones" does not exist
LINE 1: SELECT 1 FROM ecommerce_transacciones WHERE invoice_no = '53...
                      ^

[2026-06-23T21:12:44.193+0000] {etl_ecommerce_dag.py:300} WARNING - ⚠️ Error en registro 536488/84347: relation "ecommerce_transacciones" does not exist
LINE 1: SELECT 1 FROM ecommerce_transacciones WHERE invoice_no = '53...
                      ^

[2026-06-23T21:12:44.967+0000] {etl_ecommerce_dag.py:300} WARNING - ⚠️ Error en registro 536488/22150: relation "ecommerce_transacciones" does not exist
LINE 1: SELECT 1 FROM ecommerce_transacciones WHERE invoice_no = '53...
                      ^

[2026-06-23T21:12:45.644+0000] {etl_ecommerce_dag.py:300} WARNING - ⚠️ Error en registro 536488/22149: relation "ecommerce_transacciones" does not exist
LINE 1: SELECT 1 FROM ecommerce_transacciones WHERE invoice_no = '53...
                      ^

[2026-06-23T21:12:46.301+0000] {etl_ecommerce_dag.py:300} WARNING - ⚠️ Error en registro 536488/22144: relation "ecommerce_transacciones" does not exist
LINE 1: SELECT 1 FROM ecommerce_transacciones WHERE invoice_no = '53...
                      ^

[2026-06-23T21:12:47.048+0000] {etl_ecommerce_dag.py:300} WARNING - ⚠️ Error en registro 536500/21622: relation "ecommerce_transacciones" does not exist
LINE 1: SELECT 1 FROM ecommerce_transacciones WHERE invoice_no = '53...
                      ^

[2026-06-23T21:12:47.922+0000] {etl_ecommerce_dag.py:300} WARNING - ⚠️ Error en registro 536500/46000M: relation "ecommerce_transacciones" does not exist
LINE 1: SELECT 1 FROM ecommerce_transacciones WHERE invoice_no = '53...
                      ^

[2026-06-23T21:12:48.677+0000] {etl_ecommerce_dag.py:300} WARNING - ⚠️ Error en registro 536500/22630: relation "ecommerce_transacciones" does not exist
LINE 1: SELECT 1 FROM ecommerce_transacciones WHERE invoice_no = '53...
                      ^

[2026-06-23T21:12:49.445+0000] {etl_ecommerce_dag.py:300} WARNING - ⚠️ Error en registro 536500/22616: relation "ecommerce_transacciones" does not exist
LINE 1: SELECT 1 FROM ecommerce_transacciones WHERE invoice_no = '53...
                      ^

[2026-06-23T21:12:50.202+0000] {etl_ecommerce_dag.py:300} WARNING - ⚠️ Error en registro 536500/22712: relation "ecommerce_transacciones" does not exist
LINE 1: SELECT 1 FROM ecommerce_transacciones WHERE invoice_no = '53...
                      ^

[2026-06-23T21:12:51.020+0000] {etl_ecommerce_dag.py:300} WARNING - ⚠️ Error en registro 536500/22983: relation "ecommerce_transacciones" does not exist
LINE 1: SELECT 1 FROM ecommerce_transacciones WHERE invoice_no = '53...
                      ^

[2026-06-23T21:12:51.627+0000] {etl_ecommerce_dag.py:300} WARNING - ⚠️ Error en registro 536500/22024: relation "ecommerce_transacciones" does not exist
LINE 1: SELECT 1 FROM ecommerce_transacciones WHERE invoice_no = '53...
                      ^

[2026-06-23T21:12:52.428+0000] {etl_ecommerce_dag.py:300} WARNING - ⚠️ Error en registro 536500/22113: relation "ecommerce_transacciones" does not exist
LINE 1: SELECT 1 FROM ecommerce_transacciones WHERE invoice_no = '53...
                      ^

[2026-06-23T21:12:53.146+0000] {etl_ecommerce_dag.py:300} WARNING - ⚠️ Error en registro 536500/84029E: relation "ecommerce_transacciones" does not exist
LINE 1: SELECT 1 FROM ecommerce_transacciones WHERE invoice_no = '53...
                      ^

[2026-06-23T21:12:53.822+0000] {etl_ecommerce_dag.py:300} WARNING - ⚠️ Error en registro 536500/21488: relation "ecommerce_transacciones" does not exist
LINE 1: SELECT 1 FROM ecommerce_transacciones WHERE invoice_no = '53...
                      ^

[2026-06-23T21:12:54.602+0000] {etl_ecommerce_dag.py:300} WARNING - ⚠️ Error en registro 536500/22900: relation "ecommerce_transacciones" does not exist
LINE 1: SELECT 1 FROM ecommerce_transacciones WHERE invoice_no = '53...
                      ^

[2026-06-23T21:12:55.306+0000] {etl_ecommerce_dag.py:300} WARNING - ⚠️ Error en registro 536500/22895: relation "ecommerce_transacciones" does not exist
LINE 1: SELECT 1 FROM ecommerce_transacciones WHERE invoice_no = '53...
                      ^

[2026-06-23T21:12:55.960+0000] {etl_ecommerce_dag.py:300} WARNING - ⚠️ Error en registro 536500/21035: relation "ecommerce_transacciones" does not exist
LINE 1: SELECT 1 FROM ecommerce_transacciones WHERE invoice_no = '53...
                      ^

[2026-06-23T21:12:56.722+0000] {etl_ecommerce_dag.py:300} WARNING - ⚠️ Error en registro 536500/21755: relation "ecommerce_transacciones" does not exist
LINE 1: SELECT 1 FROM ecommerce_transacciones WHERE invoice_no = '53...
                      ^

[2026-06-23T21:12:57.511+0000] {etl_ecommerce_dag.py:300} WARNING - ⚠️ Error en registro 536500/21754: relation "ecommerce_transacciones" does not exist
LINE 1: SELECT 1 FROM ecommerce_transacciones WHERE invoice_no = '53...
                      ^

[2026-06-23T21:12:58.286+0000] {etl_ecommerce_dag.py:300} WARNING - ⚠️ Error en registro 536502/84879: relation "ecommerce_transacciones" does not exist
LINE 1: SELECT 1 FROM ecommerce_transacciones WHERE invoice_no = '53...
                      ^

[2026-06-23T21:12:58.984+0000] {etl_ecommerce_dag.py:300} WARNING - ⚠️ Error en registro 536502/22784: relation "ecommerce_transacciones" does not exist
LINE 1: SELECT 1 FROM ecommerce_transacciones WHERE invoice_no = '53...
                      ^

[2026-06-23T21:12:59.718+0000] {etl_ecommerce_dag.py:300} WARNING - ⚠️ Error en registro 536502/21441: relation "ecommerce_transacciones" does not exist
LINE 1: SELECT 1 FROM ecommerce_transacciones WHERE invoice_no = '53...
                      ^

[2026-06-23T21:13:00.557+0000] {etl_ecommerce_dag.py:300} WARNING - ⚠️ Error en registro 536502/85123A: relation "ecommerce_transacciones" does not exist
LINE 1: SELECT 1 FROM ecommerce_transacciones WHERE invoice_no = '53...
                      ^

[2026-06-23T21:13:01.241+0000] {etl_ecommerce_dag.py:300} WARNING - ⚠️ Error en registro 536502/22423: relation "ecommerce_transacciones" does not exist
LINE 1: SELECT 1 FROM ecommerce_transacciones WHERE invoice_no = '53...
                      ^

[2026-06-23T21:13:01.952+0000] {etl_ecommerce_dag.py:300} WARNING - ⚠️ Error en registro 536508/84947: relation "ecommerce_transacciones" does not exist
LINE 1: SELECT 1 FROM ecommerce_transacciones WHERE invoice_no = '53...
                      ^

[2026-06-23T21:13:02.659+0000] {etl_ecommerce_dag.py:300} WARNING - ⚠️ Error en registro 536508/21326: relation "ecommerce_transacciones" does not exist
LINE 1: SELECT 1 FROM ecommerce_transacciones WHERE invoice_no = '53...
                      ^

[2026-06-23T21:13:03.417+0000] {etl_ecommerce_dag.py:300} WARNING - ⚠️ Error en registro 536514/22865: relation "ecommerce_transacciones" does not exist
LINE 1: SELECT 1 FROM ecommerce_transacciones WHERE invoice_no = '53...
                      ^

[2026-06-23T21:13:04.197+0000] {etl_ecommerce_dag.py:300} WARNING - ⚠️ Error en registro 536514/22485: relation "ecommerce_transacciones" does not exist
LINE 1: SELECT 1 FROM ecommerce_transacciones WHERE invoice_no = '53...
                      ^

[2026-06-23T21:13:04.920+0000] {etl_ecommerce_dag.py:300} WARNING - ⚠️ Error en registro 536514/22807: relation "ecommerce_transacciones" does not exist
LINE 1: SELECT 1 FROM ecommerce_transacciones WHERE invoice_no = '53...
                      ^

[2026-06-23T21:13:05.659+0000] {etl_ecommerce_dag.py:300} WARNING - ⚠️ Error en registro 536514/22633: relation "ecommerce_transacciones" does not exist
LINE 1: SELECT 1 FROM ecommerce_transacciones WHERE invoice_no = '53...
                      ^

[2026-06-23T21:13:06.412+0000] {etl_ecommerce_dag.py:300} WARNING - ⚠️ Error en registro 536514/22866: relation "ecommerce_transacciones" does not exist
LINE 1: SELECT 1 FROM ecommerce_transacciones WHERE invoice_no = '53...
                      ^

[2026-06-23T21:13:07.086+0000] {etl_ecommerce_dag.py:300} WARNING - ⚠️ Error en registro 536520/21794: relation "ecommerce_transacciones" does not exist
LINE 1: SELECT 1 FROM ecommerce_transacciones WHERE invoice_no = '53...
                      ^

[2026-06-23T21:13:07.774+0000] {etl_ecommerce_dag.py:300} WARNING - ⚠️ Error en registro 536520/20707: relation "ecommerce_transacciones" does not exist
LINE 1: SELECT 1 FROM ecommerce_transacciones WHERE invoice_no = '53...
                      ^

[2026-06-23T21:13:08.527+0000] {etl_ecommerce_dag.py:300} WARNING - ⚠️ Error en registro 536520/21175: relation "ecommerce_transacciones" does not exist
LINE 1: SELECT 1 FROM ecommerce_transacciones WHERE invoice_no = '53...
                      ^

[2026-06-23T21:13:09.322+0000] {etl_ecommerce_dag.py:300} WARNING - ⚠️ Error en registro 536520/22926: relation "ecommerce_transacciones" does not exist
LINE 1: SELECT 1 FROM ecommerce_transacciones WHERE invoice_no = '53...
                      ^

[2026-06-23T21:13:10.027+0000] {etl_ecommerce_dag.py:300} WARNING - ⚠️ Error en registro 536520/22588: relation "ecommerce_transacciones" does not exist
LINE 1: SELECT 1 FROM ecommerce_transacciones WHERE invoice_no = '53...
                      ^

[2026-06-23T21:13:10.774+0000] {etl_ecommerce_dag.py:300} WARNING - ⚠️ Error en registro 536520/21292: relation "ecommerce_transacciones" does not exist
LINE 1: SELECT 1 FROM ecommerce_transacciones WHERE invoice_no = '53...
                      ^

[2026-06-23T21:13:11.397+0000] {etl_ecommerce_dag.py:300} WARNING - ⚠️ Error en registro 536520/21890: relation "ecommerce_transacciones" does not exist
LINE 1: SELECT 1 FROM ecommerce_transacciones WHERE invoice_no = '53...
                      ^

[2026-06-23T21:13:12.171+0000] {etl_ecommerce_dag.py:300} WARNING - ⚠️ Error en registro 536520/22632: relation "ecommerce_transacciones" does not exist
LINE 1: SELECT 1 FROM ecommerce_transacciones WHERE invoice_no = '53...
                      ^

[2026-06-23T21:13:12.875+0000] {etl_ecommerce_dag.py:300} WARNING - ⚠️ Error en registro 536520/22633: relation "ecommerce_transacciones" does not exist
LINE 1: SELECT 1 FROM ecommerce_transacciones WHERE invoice_no = '53...
                      ^

[2026-06-23T21:13:13.543+0000] {etl_ecommerce_dag.py:300} WARNING - ⚠️ Error en registro 536520/22670: relation "ecommerce_transacciones" does not exist
LINE 1: SELECT 1 FROM ecommerce_transacciones WHERE invoice_no = '53...
                      ^

[2026-06-23T21:13:14.282+0000] {etl_ecommerce_dag.py:300} WARNING - ⚠️ Error en registro 536520/21867: relation "ecommerce_transacciones" does not exist
LINE 1: SELECT 1 FROM ecommerce_transacciones WHERE invoice_no = '53...
                      ^

[2026-06-23T21:13:15.081+0000] {etl_ecommerce_dag.py:300} WARNING - ⚠️ Error en registro 536520/22760: relation "ecommerce_transacciones" does not exist
LINE 1: SELECT 1 FROM ecommerce_transacciones WHERE invoice_no = '53...
                      ^

[2026-06-23T21:13:15.851+0000] {etl_ecommerce_dag.py:300} WARNING - ⚠️ Error en registro 536520/22107: relation "ecommerce_transacciones" does not exist
LINE 1: SELECT 1 FROM ecommerce_transacciones WHERE invoice_no = '53...
                      ^

[2026-06-23T21:13:16.638+0000] {etl_ecommerce_dag.py:300} WARNING - ⚠️ Error en registro 536520/22470: relation "ecommerce_transacciones" does not exist
LINE 1: SELECT 1 FROM ecommerce_transacciones WHERE invoice_no = '53...
                      ^

[2026-06-23T21:13:17.353+0000] {etl_ecommerce_dag.py:300} WARNING - ⚠️ Error en registro 536520/21486: relation "ecommerce_transacciones" does not exist
LINE 1: SELECT 1 FROM ecommerce_transacciones WHERE invoice_no = '53...
                      ^

[2026-06-23T22:15:21.494+0000] {etl_ecommerce_dag.py:300} WARNING - ⚠️ Error en registro 537030/22587: connection to server at "aws-1-us-east-2.pooler.supabase.com" (3.131.201.192), port 5432 failed: FATAL:  (EMAXCONNSESSION) max clients reached in session mode - max clients are limited to pool_size: 15

[2026-06-23T22:15:24.007+0000] {etl_ecommerce_dag.py:300} WARNING - ⚠️ Error en registro 537030/22566: connection to server at "aws-1-us-east-2.pooler.supabase.com" (3.148.140.216), port 5432 failed: FATAL:  (EMAXCONNSESSION) max clients reached in session mode - max clients are limited to pool_size: 15

[2026-06-23T22:15:34.543+0000] {etl_ecommerce_dag.py:300} WARNING - ⚠️ Error en registro 537031/22773: connection to server at "aws-1-us-east-2.pooler.supabase.com" (3.148.140.216), port 5432 failed: FATAL:  (EMAXCONNSESSION) max clients reached in session mode - max clients are limited to pool_size: 15

[2026-06-23T22:15:36.127+0000] {etl_ecommerce_dag.py:300} WARNING - ⚠️ Error en registro 537031/22771: connection to server at "aws-1-us-east-2.pooler.supabase.com" (3.148.140.216), port 5432 failed: FATAL:  (EMAXCONNSESSION) max clients reached in session mode - max clients are limited to pool_size: 15

[2026-06-23T22:16:12.619+0000] {etl_ecommerce_dag.py:300} WARNING - ⚠️ Error en registro 537034/22131: connection to server at "aws-1-us-east-2.pooler.supabase.com" (13.58.13.125), port 5432 failed: FATAL:  (EMAXCONNSESSION) max clients reached in session mode - max clients are limited to pool_size: 15

[2026-06-23T22:16:43.360+0000] {etl_ecommerce_dag.py:300} WARNING - ⚠️ Error en registro 537034/22314: connection to server at "aws-1-us-east-2.pooler.supabase.com" (3.131.201.192), port 5432 failed: FATAL:  (EMAXCONNSESSION) max clients reached in session mode - max clients are limited to pool_size: 15

[2026-06-23T22:16:47.529+0000] {etl_ecommerce_dag.py:300} WARNING - ⚠️ Error en registro 537035/37446: connection to server at "aws-1-us-east-2.pooler.supabase.com" (3.131.201.192), port 5432 failed: FATAL:  (EMAXCONNSESSION) max clients reached in session mode - max clients are limited to pool_size: 15

[2026-06-23T22:16:51.923+0000] {etl_ecommerce_dag.py:300} WARNING - ⚠️ Error en registro 537036/22076: connection to server at "aws-1-us-east-2.pooler.supabase.com" (13.58.13.125), port 5432 failed: FATAL:  (EMAXCONNSESSION) max clients reached in session mode - max clients are limited to pool_size: 15

[2026-06-23T22:16:59.816+0000] {etl_ecommerce_dag.py:300} WARNING - ⚠️ Error en registro 537036/20697: connection to server at "aws-1-us-east-2.pooler.supabase.com" (3.131.201.192), port 5432 failed: FATAL:  (EMAXCONNSESSION) max clients reached in session mode - max clients are limited to pool_size: 15

[2026-06-23T22:17:06.758+0000] {etl_ecommerce_dag.py:300} WARNING - ⚠️ Error en registro 537036/82581: connection to server at "aws-1-us-east-2.pooler.supabase.com" (3.148.140.216), port 5432 failed: FATAL:  (EMAXCONNSESSION) max clients reached in session mode - max clients are limited to pool_size: 15

[2026-06-23T22:17:22.606+0000] {etl_ecommerce_dag.py:300} WARNING - ⚠️ Error en registro 537037/82494L: connection to server at "aws-1-us-east-2.pooler.supabase.com" (3.148.140.216), port 5432 failed: FATAL:  (EMAXCONNSESSION) max clients reached in session mode - max clients are limited to pool_size: 15

[2026-06-23T22:17:26.042+0000] {etl_ecommerce_dag.py:300} WARNING - ⚠️ Error en registro 537038/21524: connection to server at "aws-1-us-east-2.pooler.supabase.com" (3.131.201.192), port 5432 failed: FATAL:  (EMAXCONNSESSION) max clients reached in session mode - max clients are limited to pool_size: 15

[2026-06-23T22:17:39.652+0000] {etl_ecommerce_dag.py:300} WARNING - ⚠️ Error en registro 537041/37370: connection to server at "aws-1-us-east-2.pooler.supabase.com" (3.131.201.192), port 5432 failed: FATAL:  (EMAXCONNSESSION) max clients reached in session mode - max clients are limited to pool_size: 15

[2026-06-23T22:17:50.285+0000] {etl_ecommerce_dag.py:300} WARNING - ⚠️ Error en registro 537041/22956: connection to server at "aws-1-us-east-2.pooler.supabase.com" (3.148.140.216), port 5432 failed: FATAL:  (EMAXCONNSESSION) max clients reached in session mode - max clients are limited to pool_size: 15

[2026-06-23T22:17:57.013+0000] {etl_ecommerce_dag.py:300} WARNING - ⚠️ Error en registro 537042/21260: connection to server at "aws-1-us-east-2.pooler.supabase.com" (13.58.13.125), port 5432 failed: FATAL:  (EMAXCONNSESSION) max clients reached in session mode - max clients are limited to pool_size: 15

[2026-06-23T22:18:04.903+0000] {etl_ecommerce_dag.py:300} WARNING - ⚠️ Error en registro 537042/22955: connection to server at "aws-1-us-east-2.pooler.supabase.com" (3.131.201.192), port 5432 failed: FATAL:  (EMAXCONNSESSION) max clients reached in session mode - max clients are limited to pool_size: 15

[2026-06-23T22:18:10.133+0000] {etl_ecommerce_dag.py:300} WARNING - ⚠️ Error en registro 537042/21850: connection to server at "aws-1-us-east-2.pooler.supabase.com" (3.148.140.216), port 5432 failed: FATAL:  (EMAXCONNSESSION) max clients reached in session mode - max clients are limited to pool_size: 15

[2026-06-23T22:18:32.777+0000] {etl_ecommerce_dag.py:300} WARNING - ⚠️ Error en registro 537042/22961: connection to server at "aws-1-us-east-2.pooler.supabase.com" (3.131.201.192), port 5432 failed: FATAL:  (EMAXCONNSESSION) max clients reached in session mode - max clients are limited to pool_size: 15

[2026-06-23T22:18:49.389+0000] {etl_ecommerce_dag.py:300} WARNING - ⚠️ Error en registro 537044/22473: connection to server at "aws-1-us-east-2.pooler.supabase.com" (13.58.13.125), port 5432 failed: FATAL:  (EMAXCONNSESSION) max clients reached in session mode - max clients are limited to pool_size: 15

[2026-06-23T22:18:54.618+0000] {etl_ecommerce_dag.py:300} WARNING - ⚠️ Error en registro 537044/84819: connection to server at "aws-1-us-east-2.pooler.supabase.com" (3.148.140.216), port 5432 failed: FATAL:  (EMAXCONNSESSION) max clients reached in session mode - max clients are limited to pool_size: 15

[2026-06-23T22:19:00.799+0000] {etl_ecommerce_dag.py:300} WARNING - ⚠️ Error en registro 537045/22297: connection to server at "aws-1-us-east-2.pooler.supabase.com" (3.148.140.216), port 5432 failed: FATAL:  (EMAXCONNSESSION) max clients reached in session mode - max clients are limited to pool_size: 15

[2026-06-23T22:19:05.856+0000] {etl_ecommerce_dag.py:300} WARNING - ⚠️ Error en registro 537045/72802C: connection to server at "aws-1-us-east-2.pooler.supabase.com" (3.148.140.216), port 5432 failed: FATAL:  (EMAXCONNSESSION) max clients reached in session mode - max clients are limited to pool_size: 15

[2026-06-23T22:19:13.688+0000] {etl_ecommerce_dag.py:300} WARNING - ⚠️ Error en registro 537045/21174: connection to server at "aws-1-us-east-2.pooler.supabase.com" (3.131.201.192), port 5432 failed: FATAL:  (EMAXCONNSESSION) max clients reached in session mode - max clients are limited to pool_size: 15

[2026-06-23T22:19:19.723+0000] {etl_ecommerce_dag.py:300} WARNING - ⚠️ Error en registro 537045/22294: connection to server at "aws-1-us-east-2.pooler.supabase.com" (3.148.140.216), port 5432 failed: FATAL:  (EMAXCONNSESSION) max clients reached in session mode - max clients are limited to pool_size: 15

[2026-06-23T22:19:23.927+0000] {etl_ecommerce_dag.py:300} WARNING - ⚠️ Error en registro 537046/22469: connection to server at "aws-1-us-east-2.pooler.supabase.com" (13.58.13.125), port 5432 failed: FATAL:  (EMAXCONNSESSION) max clients reached in session mode - max clients are limited to pool_size: 15

[2026-06-23T22:19:35.417+0000] {etl_ecommerce_dag.py:300} WARNING - ⚠️ Error en registro 537047/22603: connection to server at "aws-1-us-east-2.pooler.supabase.com" (13.58.13.125), port 5432 failed: FATAL:  (EMAXCONNSESSION) max clients reached in session mode - max clients are limited to pool_size: 15

[2026-06-23T22:19:53.817+0000] {etl_ecommerce_dag.py:300} WARNING - ⚠️ Error en registro 537047/22866: connection to server at "aws-1-us-east-2.pooler.supabase.com" (3.131.201.192), port 5432 failed: FATAL:  (EMAXCONNSESSION) max clients reached in session mode - max clients are limited to pool_size: 15

[2026-06-23T22:20:02.447+0000] {etl_ecommerce_dag.py:300} WARNING - ⚠️ Error en registro 537047/22077: connection to server at "aws-1-us-east-2.pooler.supabase.com" (13.58.13.125), port 5432 failed: FATAL:  (EMAXCONNSESSION) max clients reached in session mode - max clients are limited to pool_size: 15

[2026-06-23T22:20:46.406+0000] {etl_ecommerce_dag.py:300} WARNING - ⚠️ Error en registro 537050/22382: connection to server at "aws-1-us-east-2.pooler.supabase.com" (13.58.13.125), port 5432 failed: FATAL:  (EMAXCONNSESSION) max clients reached in session mode - max clients are limited to pool_size: 15

[2026-06-23T22:21:19.992+0000] {etl_ecommerce_dag.py:300} WARNING - ⚠️ Error en registro 537051/22804: connection to server at "aws-1-us-east-2.pooler.supabase.com" (3.131.201.192), port 5432 failed: FATAL:  (EMAXCONNSESSION) max clients reached in session mode - max clients are limited to pool_size: 15

[2026-06-23T22:21:23.403+0000] {etl_ecommerce_dag.py:300} WARNING - ⚠️ Error en registro 537051/85174: connection to server at "aws-1-us-east-2.pooler.supabase.com" (3.131.201.192), port 5432 failed: FATAL:  (EMAXCONNSESSION) max clients reached in session mode - max clients are limited to pool_size: 15

[2026-06-23T22:21:27.544+0000] {etl_ecommerce_dag.py:300} WARNING - ⚠️ Error en registro 537051/22726: connection to server at "aws-1-us-east-2.pooler.supabase.com" (3.148.140.216), port 5432 failed: FATAL:  (EMAXCONNSESSION) max clients reached in session mode - max clients are limited to pool_size: 15

[2026-06-23T22:21:29.866+0000] {etl_ecommerce_dag.py:300} WARNING - ⚠️ Error en registro 537051/22173: connection to server at "aws-1-us-east-2.pooler.supabase.com" (3.148.140.216), port 5432 failed: FATAL:  (EMAXCONNSESSION) max clients reached in session mode - max clients are limited to pool_size: 15

[2026-06-23T22:21:34.359+0000] {etl_ecommerce_dag.py:300} WARNING - ⚠️ Error en registro 537051/85175: connection to server at "aws-1-us-east-2.pooler.supabase.com" (3.148.140.216), port 5432 failed: FATAL:  (EMAXCONNSESSION) max clients reached in session mode - max clients are limited to pool_size: 15

[2026-06-23T22:21:35.991+0000] {etl_ecommerce_dag.py:300} WARNING - ⚠️ Error en registro 537051/22625: connection to server at "aws-1-us-east-2.pooler.supabase.com" (3.148.140.216), port 5432 failed: FATAL:  (EMAXCONNSESSION) max clients reached in session mode - max clients are limited to pool_size: 15

[2026-06-23T22:21:39.047+0000] {etl_ecommerce_dag.py:300} WARNING - ⚠️ Error en registro 537051/22307: connection to server at "aws-1-us-east-2.pooler.supabase.com" (3.131.201.192), port 5432 failed: FATAL:  (EMAXCONNSESSION) max clients reached in session mode - max clients are limited to pool_size: 15

[2026-06-23T22:21:41.466+0000] {etl_ecommerce_dag.py:300} WARNING - ⚠️ Error en registro 537051/72760B: connection to server at "aws-1-us-east-2.pooler.supabase.com" (13.58.13.125), port 5432 failed: FATAL:  (EMAXCONNSESSION) max clients reached in session mode - max clients are limited to pool_size: 15

[2026-06-23T22:21:43.685+0000] {etl_ecommerce_dag.py:300} WARNING - ⚠️ Error en registro 537052/84946: connection to server at "aws-1-us-east-2.pooler.supabase.com" (3.131.201.192), port 5432 failed: FATAL:  (EMAXCONNSESSION) max clients reached in session mode - max clients are limited to pool_size: 15

[2026-06-23T22:21:49.956+0000] {etl_ecommerce_dag.py:300} WARNING - ⚠️ Error en registro 537054/22731: connection to server at "aws-1-us-east-2.pooler.supabase.com" (3.148.140.216), port 5432 failed: FATAL:  (EMAXCONNSESSION) max clients reached in session mode - max clients are limited to pool_size: 15

[2026-06-23T22:21:54.141+0000] {etl_ecommerce_dag.py:300} WARNING - ⚠️ Error en registro 537054/22737: connection to server at "aws-1-us-east-2.pooler.supabase.com" (13.58.13.125), port 5432 failed: FATAL:  (EMAXCONNSESSION) max clients reached in session mode - max clients are limited to pool_size: 15

[2026-06-23T22:22:16.105+0000] {etl_ecommerce_dag.py:300} WARNING - ⚠️ Error en registro 537054/85174: connection to server at "aws-1-us-east-2.pooler.supabase.com" (3.148.140.216), port 5432 failed: FATAL:  (EMAXCONNSESSION) max clients reached in session mode - max clients are limited to pool_size: 15

[2026-06-23T22:22:42.182+0000] {etl_ecommerce_dag.py:300} WARNING - ⚠️ Error en registro 537055/84879: connection to server at "aws-1-us-east-2.pooler.supabase.com" (3.131.201.192), port 5432 failed: FATAL:  (EMAXCONNSESSION) max clients reached in session mode - max clients are limited to pool_size: 15

[2026-06-23T22:22:48.805+0000] {etl_ecommerce_dag.py:300} WARNING - ⚠️ Error en registro 537057/22839: connection to server at "aws-1-us-east-2.pooler.supabase.com" (3.131.201.192), port 5432 failed: FATAL:  (EMAXCONNSESSION) max clients reached in session mode - max clients are limited to pool_size: 15

[2026-06-23T22:23:18.877+0000] {local_task_job_runner.py:346} WARNING - State of this instance has been externally set to None. Terminating instance.
[2026-06-23T22:23:18.878+0000] {local_task_job_runner.py:245} INFO - ::endgroup::
[2026-06-23T22:23:18.879+0000] {process_utils.py:132} INFO - Sending 15 to group 336. PIDs of all processes in the group: [336]
[2026-06-23T22:23:18.879+0000] {process_utils.py:87} INFO - Sending the signal 15 to group 336
[2026-06-23T22:23:19.228+0000] {taskinstance.py:3094} ERROR - Received SIGTERM. Terminating subprocesses.
[2026-06-23T22:23:19.230+0000] {taskinstance.py:3095} ERROR - Stacktrace: 
  File "/home/***/.local/bin/***", line 8, in <module>
    sys.exit(main())
  File "/home/***/.local/lib/python3.12/site-packages/***/__main__.py", line 62, in main
    args.func(args)
  File "/home/***/.local/lib/python3.12/site-packages/***/cli/cli_config.py", line 49, in command
    return func(*args, **kwargs)
  File "/home/***/.local/lib/python3.12/site-packages/***/utils/cli.py", line 116, in wrapper
    return f(*args, **kwargs)
  File "/home/***/.local/lib/python3.12/site-packages/***/utils/providers_configuration_loader.py", line 55, in wrapped_function
    return func(*args, **kwargs)
  File "/home/***/.local/lib/python3.12/site-packages/***/cli/commands/scheduler_command.py", line 56, in scheduler
    run_command_with_daemon_option(
  File "/home/***/.local/lib/python3.12/site-packages/***/cli/commands/daemon_utils.py", line 86, in run_command_with_daemon_option
    callback()
  File "/home/***/.local/lib/python3.12/site-packages/***/cli/commands/scheduler_command.py", line 59, in <lambda>
    callback=lambda: _run_scheduler_job(args),
  File "/home/***/.local/lib/python3.12/site-packages/***/cli/commands/scheduler_command.py", line 47, in _run_scheduler_job
    run_job(job=job_runner.job, execute_callable=job_runner._execute)
  File "/home/***/.local/lib/python3.12/site-packages/***/utils/session.py", line 97, in wrapper
    return func(*args, session=session, **kwargs)
  File "/home/***/.local/lib/python3.12/site-packages/***/jobs/job.py", line 421, in run_job
    return execute_job(job, execute_callable=execute_callable)
  File "/home/***/.local/lib/python3.12/site-packages/***/jobs/job.py", line 450, in execute_job
    ret = execute_callable()
  File "/home/***/.local/lib/python3.12/site-packages/***/jobs/scheduler_job_runner.py", line 990, in _execute
    executor.start()
  File "/home/***/.local/lib/python3.12/site-packages/***/executors/local_executor.py", line 392, in start
    self.impl.start()
  File "/home/***/.local/lib/python3.12/site-packages/***/executors/local_executor.py", line 330, in start
    worker.start()
  File "/usr/local/lib/python3.12/multiprocessing/process.py", line 121, in start
    self._popen = self._Popen(self)
  File "/usr/local/lib/python3.12/multiprocessing/context.py", line 224, in _Popen
    return _default_context.get_context().Process._Popen(process_obj)
  File "/usr/local/lib/python3.12/multiprocessing/context.py", line 282, in _Popen
    return Popen(process_obj)
  File "/usr/local/lib/python3.12/multiprocessing/popen_fork.py", line 19, in __init__
    self._launch(process_obj)
  File "/usr/local/lib/python3.12/multiprocessing/popen_fork.py", line 71, in _launch
    code = process_obj._bootstrap(parent_sentinel=child_r)
  File "/usr/local/lib/python3.12/multiprocessing/process.py", line 314, in _bootstrap
    self.run()
  File "/home/***/.local/lib/python3.12/site-packages/***/executors/local_executor.py", line 80, in run
    return super().run()
  File "/usr/local/lib/python3.12/multiprocessing/process.py", line 108, in run
    self._target(*self._args, **self._kwargs)
  File "/home/***/.local/lib/python3.12/site-packages/***/traces/tracer.py", line 58, in wrapper
    return func(*args, **kwargs)
  File "/home/***/.local/lib/python3.12/site-packages/***/executors/local_executor.py", line 211, in do_work
    self.execute_work(key=key, command=command)
  File "/home/***/.local/lib/python3.12/site-packages/***/traces/tracer.py", line 58, in wrapper
    return func(*args, **kwargs)
  File "/home/***/.local/lib/python3.12/site-packages/***/executors/local_executor.py", line 100, in execute_work
    state = self._execute_work_in_fork(command)
  File "/home/***/.local/lib/python3.12/site-packages/***/traces/tracer.py", line 58, in wrapper
    return func(*args, **kwargs)
  File "/home/***/.local/lib/python3.12/site-packages/***/executors/local_executor.py", line 142, in _execute_work_in_fork
    args.func(args)
  File "/home/***/.local/lib/python3.12/site-packages/***/cli/cli_config.py", line 49, in command
    return func(*args, **kwargs)
  File "/home/***/.local/lib/python3.12/site-packages/***/utils/cli.py", line 116, in wrapper
    return f(*args, **kwargs)
  File "/home/***/.local/lib/python3.12/site-packages/***/cli/commands/task_command.py", line 483, in task_run
    task_return_code = _run_task_by_selected_method(args, _dag, ti)
  File "/home/***/.local/lib/python3.12/site-packages/***/cli/commands/task_command.py", line 254, in _run_task_by_selected_method
    return _run_task_by_local_task_job(args, ti)
  File "/home/***/.local/lib/python3.12/site-packages/***/cli/commands/task_command.py", line 322, in _run_task_by_local_task_job
    ret = run_job(job=job_runner.job, execute_callable=job_runner._execute)
  File "/home/***/.local/lib/python3.12/site-packages/***/utils/session.py", line 97, in wrapper
    return func(*args, session=session, **kwargs)
  File "/home/***/.local/lib/python3.12/site-packages/***/jobs/job.py", line 421, in run_job
    return execute_job(job, execute_callable=execute_callable)
  File "/home/***/.local/lib/python3.12/site-packages/***/jobs/job.py", line 450, in execute_job
    ret = execute_callable()
  File "/home/***/.local/lib/python3.12/site-packages/***/jobs/local_task_job_runner.py", line 171, in _execute
    self.task_runner.start()
  File "/home/***/.local/lib/python3.12/site-packages/***/task/task_runner/standard_task_runner.py", line 55, in start
    self.process = self._start_by_fork()
  File "/home/***/.local/lib/python3.12/site-packages/***/task/task_runner/standard_task_runner.py", line 117, in _start_by_fork
    ret = args.func(args, dag=self.dag)
  File "/home/***/.local/lib/python3.12/site-packages/***/cli/cli_config.py", line 49, in command
    return func(*args, **kwargs)
  File "/home/***/.local/lib/python3.12/site-packages/***/utils/cli.py", line 116, in wrapper
    return f(*args, **kwargs)
  File "/home/***/.local/lib/python3.12/site-packages/***/cli/commands/task_command.py", line 483, in task_run
    task_return_code = _run_task_by_selected_method(args, _dag, ti)
  File "/home/***/.local/lib/python3.12/site-packages/***/cli/commands/task_command.py", line 256, in _run_task_by_selected_method
    return _run_raw_task(args, ti)
  File "/home/***/.local/lib/python3.12/site-packages/***/cli/commands/task_command.py", line 341, in _run_raw_task
    return ti._run_raw_task(
  File "/home/***/.local/lib/python3.12/site-packages/***/utils/session.py", line 97, in wrapper
    return func(*args, session=session, **kwargs)
  File "/home/***/.local/lib/python3.12/site-packages/***/models/taskinstance.py", line 3006, in _run_raw_task
    return _run_raw_task(
  File "/home/***/.local/lib/python3.12/site-packages/***/models/taskinstance.py", line 274, in _run_raw_task
    TaskInstance._execute_task_with_callbacks(
  File "/home/***/.local/lib/python3.12/site-packages/***/models/taskinstance.py", line 3161, in _execute_task_with_callbacks
    result = self._execute_task(context, task_orig)
  File "/home/***/.local/lib/python3.12/site-packages/***/models/taskinstance.py", line 3185, in _execute_task
    return _execute_task(self, context, task_orig)
  File "/home/***/.local/lib/python3.12/site-packages/***/models/taskinstance.py", line 768, in _execute_task
    result = _execute_callable(context=context, **execute_callable_kwargs)
  File "/home/***/.local/lib/python3.12/site-packages/***/models/taskinstance.py", line 734, in _execute_callable
    return ExecutionCallableRunner(
  File "/home/***/.local/lib/python3.12/site-packages/***/utils/operator_helpers.py", line 252, in run
    return self.func(*args, **kwargs)
  File "/home/***/.local/lib/python3.12/site-packages/***/models/baseoperator.py", line 424, in wrapper
    return func(self, *args, **kwargs)
  File "/home/***/.local/lib/python3.12/site-packages/***/operators/python.py", line 238, in execute
    return_value = self.execute_callable()
  File "/home/***/.local/lib/python3.12/site-packages/***/operators/python.py", line 256, in execute_callable
    return runner.run(*self.op_args, **self.op_kwargs)
  File "/home/***/.local/lib/python3.12/site-packages/***/utils/operator_helpers.py", line 252, in run
    return self.func(*args, **kwargs)
  File "/opt/***/dags/etl_ecommerce_dag.py", line 262, in load
    batch = df.iloc[i:i+BATCH_SIZE]
  File "/home/***/.local/lib/python3.12/site-packages/***/providers/postgres/hooks/postgres.py", line 165, in get_conn
    self.conn = psycopg2.connect(**conn_args)
  File "/home/***/.local/lib/python3.12/site-packages/psycopg2/__init__.py", line 122, in connect
    conn = _connect(dsn, connection_factory=connection_factory, **kwasync)
  File "/home/***/.local/lib/python3.12/site-packages/***/models/taskinstance.py", line 3095, in signal_handler
    self.log.error("Stacktrace: \n%s", "".join(traceback.format_stack()))

[2026-06-23T22:23:19.238+0000] {taskinstance.py:3313} ERROR - Task failed with exception
Traceback (most recent call last):
  File "/home/airflow/.local/lib/python3.12/site-packages/airflow/models/taskinstance.py", line 768, in _execute_task
    result = _execute_callable(context=context, **execute_callable_kwargs)
             ^^^^^^^^^^^^^^^^^^^^^^^^^^^^^^^^^^^^^^^^^^^^^^^^^^^^^^^^^^^^^
  File "/home/airflow/.local/lib/python3.12/site-packages/airflow/models/taskinstance.py", line 734, in _execute_callable
    return ExecutionCallableRunner(
           ^^^^^^^^^^^^^^^^^^^^^^^^
  File "/home/airflow/.local/lib/python3.12/site-packages/airflow/utils/operator_helpers.py", line 252, in run
    return self.func(*args, **kwargs)
           ^^^^^^^^^^^^^^^^^^^^^^^^^^
  File "/home/airflow/.local/lib/python3.12/site-packages/airflow/models/baseoperator.py", line 424, in wrapper
    return func(self, *args, **kwargs)
           ^^^^^^^^^^^^^^^^^^^^^^^^^^^
  File "/home/airflow/.local/lib/python3.12/site-packages/airflow/operators/python.py", line 238, in execute
    return_value = self.execute_callable()
                   ^^^^^^^^^^^^^^^^^^^^^^^
  File "/home/airflow/.local/lib/python3.12/site-packages/airflow/operators/python.py", line 256, in execute_callable
    return runner.run(*self.op_args, **self.op_kwargs)
           ^^^^^^^^^^^^^^^^^^^^^^^^^^^^^^^^^^^^^^^^^^^
  File "/home/airflow/.local/lib/python3.12/site-packages/airflow/utils/operator_helpers.py", line 252, in run
    return self.func(*args, **kwargs)
           ^^^^^^^^^^^^^^^^^^^^^^^^^^
  File "/opt/airflow/dags/etl_ecommerce_dag.py", line 262, in load
    batch = df.iloc[i:i+BATCH_SIZE]
                 ^^^^^^^^^^^^^^^
  File "/home/airflow/.local/lib/python3.12/site-packages/airflow/providers/postgres/hooks/postgres.py", line 165, in get_conn
    self.conn = psycopg2.connect(**conn_args)
                ^^^^^^^^^^^^^^^^^^^^^^^^^^^^^
  File "/home/airflow/.local/lib/python3.12/site-packages/psycopg2/__init__.py", line 122, in connect
    conn = _connect(dsn, connection_factory=connection_factory, **kwasync)
           ^^^^^^^^^^^^^^^^^^^^^^^^^^^^^^^^^^^^^^^^^^^^^^^^^^^^^^^^^^^^^^^
  File "/home/airflow/.local/lib/python3.12/site-packages/airflow/models/taskinstance.py", line 3097, in signal_handler
    raise AirflowTaskTerminated("Task received SIGTERM signal")
airflow.exceptions.AirflowTaskTerminated: Task received SIGTERM signal
[2026-06-23T22:23:19.240+0000] {taskinstance.py:1226} INFO - Marking task as UP_FOR_RETRY. dag_id=etl_ecommerce, task_id=load, run_id=manual__2026-06-23T20:44:52.316108+00:00, execution_date=20260623T204452, start_date=20260623T205925, end_date=20260623T222319
[2026-06-23T22:23:19.244+0000] {taskinstance.py:341} INFO - ::group::Post task execution logs
[2026-06-23T22:23:19.245+0000] {standard_task_runner.py:124} ERROR - Failed to execute job 130 for task load ((psycopg2.errors.ForeignKeyViolation) insert or update on table "task_fail" violates foreign key constraint "task_fail_ti_fkey"
DETAIL:  Key (dag_id, task_id, run_id, map_index)=(etl_ecommerce, load, manual__2026-06-23T20:44:52.316108+00:00, -1) is not present in table "task_instance".

[SQL: INSERT INTO task_fail (task_id, dag_id, run_id, map_index, start_date, end_date, duration) VALUES (%(task_id)s, %(dag_id)s, %(run_id)s, %(map_index)s, %(start_date)s, %(end_date)s, %(duration)s) RETURNING task_fail.id]
[parameters: {'task_id': 'load', 'dag_id': 'etl_ecommerce', 'run_id': 'manual__2026-06-23T20:44:52.316108+00:00', 'map_index': -1, 'start_date': datetime.datetime(2026, 6, 23, 20, 59, 25, 590712, tzinfo=Timezone('UTC')), 'end_date': datetime.datetime(2026, 6, 23, 22, 23, 19, 240495, tzinfo=Timezone('UTC')), 'duration': 5033}]
(Background on this error at: https://sqlalche.me/e/14/gkpj); 336)
Traceback (most recent call last):
  File "/home/airflow/.local/lib/python3.12/site-packages/airflow/models/taskinstance.py", line 274, in _run_raw_task
    TaskInstance._execute_task_with_callbacks(
  File "/home/airflow/.local/lib/python3.12/site-packages/airflow/models/taskinstance.py", line 3161, in _execute_task_with_callbacks
    result = self._execute_task(context, task_orig)
             ^^^^^^^^^^^^^^^^^^^^^^^^^^^^^^^^^^^^^^
  File "/home/airflow/.local/lib/python3.12/site-packages/airflow/models/taskinstance.py", line 3185, in _execute_task
    return _execute_task(self, context, task_orig)
           ^^^^^^^^^^^^^^^^^^^^^^^^^^^^^^^^^^^^^^^
  File "/home/airflow/.local/lib/python3.12/site-packages/airflow/models/taskinstance.py", line 768, in _execute_task
    result = _execute_callable(context=context, **execute_callable_kwargs)
             ^^^^^^^^^^^^^^^^^^^^^^^^^^^^^^^^^^^^^^^^^^^^^^^^^^^^^^^^^^^^^
  File "/home/airflow/.local/lib/python3.12/site-packages/airflow/models/taskinstance.py", line 734, in _execute_callable
    return ExecutionCallableRunner(
           ^^^^^^^^^^^^^^^^^^^^^^^^
  File "/home/airflow/.local/lib/python3.12/site-packages/airflow/utils/operator_helpers.py", line 252, in run
    return self.func(*args, **kwargs)
           ^^^^^^^^^^^^^^^^^^^^^^^^^^
  File "/home/airflow/.local/lib/python3.12/site-packages/airflow/models/baseoperator.py", line 424, in wrapper
    return func(self, *args, **kwargs)
           ^^^^^^^^^^^^^^^^^^^^^^^^^^^
  File "/home/airflow/.local/lib/python3.12/site-packages/airflow/operators/python.py", line 238, in execute
    return_value = self.execute_callable()
                   ^^^^^^^^^^^^^^^^^^^^^^^
  File "/home/airflow/.local/lib/python3.12/site-packages/airflow/operators/python.py", line 256, in execute_callable
    return runner.run(*self.op_args, **self.op_kwargs)
           ^^^^^^^^^^^^^^^^^^^^^^^^^^^^^^^^^^^^^^^^^^^
  File "/home/airflow/.local/lib/python3.12/site-packages/airflow/utils/operator_helpers.py", line 252, in run
    return self.func(*args, **kwargs)
           ^^^^^^^^^^^^^^^^^^^^^^^^^^
  File "/opt/airflow/dags/etl_ecommerce_dag.py", line 262, in load
    batch = df.iloc[i:i+BATCH_SIZE]
                 ^^^^^^^^^^^^^^^
  File "/home/airflow/.local/lib/python3.12/site-packages/airflow/providers/postgres/hooks/postgres.py", line 165, in get_conn
    self.conn = psycopg2.connect(**conn_args)
                ^^^^^^^^^^^^^^^^^^^^^^^^^^^^^
  File "/home/airflow/.local/lib/python3.12/site-packages/psycopg2/__init__.py", line 122, in connect
    conn = _connect(dsn, connection_factory=connection_factory, **kwasync)
           ^^^^^^^^^^^^^^^^^^^^^^^^^^^^^^^^^^^^^^^^^^^^^^^^^^^^^^^^^^^^^^^
  File "/home/airflow/.local/lib/python3.12/site-packages/airflow/models/taskinstance.py", line 3097, in signal_handler
    raise AirflowTaskTerminated("Task received SIGTERM signal")
airflow.exceptions.AirflowTaskTerminated: Task received SIGTERM signal

During handling of the above exception, another exception occurred:

Traceback (most recent call last):
  File "/home/airflow/.local/lib/python3.12/site-packages/sqlalchemy/engine/base.py", line 1910, in _execute_context
    self.dialect.do_execute(
  File "/home/airflow/.local/lib/python3.12/site-packages/sqlalchemy/engine/default.py", line 736, in do_execute
    cursor.execute(statement, parameters)
psycopg2.errors.ForeignKeyViolation: insert or update on table "task_fail" violates foreign key constraint "task_fail_ti_fkey"
DETAIL:  Key (dag_id, task_id, run_id, map_index)=(etl_ecommerce, load, manual__2026-06-23T20:44:52.316108+00:00, -1) is not present in table "task_instance".


The above exception was the direct cause of the following exception:

Traceback (most recent call last):
  File "/home/airflow/.local/lib/python3.12/site-packages/airflow/task/task_runner/standard_task_runner.py", line 117, in _start_by_fork
    ret = args.func(args, dag=self.dag)
          ^^^^^^^^^^^^^^^^^^^^^^^^^^^^^
  File "/home/airflow/.local/lib/python3.12/site-packages/airflow/cli/cli_config.py", line 49, in command
    return func(*args, **kwargs)
           ^^^^^^^^^^^^^^^^^^^^^
  File "/home/airflow/.local/lib/python3.12/site-packages/airflow/utils/cli.py", line 116, in wrapper
    return f(*args, **kwargs)
           ^^^^^^^^^^^^^^^^^^
  File "/home/airflow/.local/lib/python3.12/site-packages/airflow/cli/commands/task_command.py", line 483, in task_run
    task_return_code = _run_task_by_selected_method(args, _dag, ti)
                       ^^^^^^^^^^^^^^^^^^^^^^^^^^^^^^^^^^^^^^^^^^^^
  File "/home/airflow/.local/lib/python3.12/site-packages/airflow/cli/commands/task_command.py", line 256, in _run_task_by_selected_method
    return _run_raw_task(args, ti)
           ^^^^^^^^^^^^^^^^^^^^^^^
  File "/home/airflow/.local/lib/python3.12/site-packages/airflow/cli/commands/task_command.py", line 341, in _run_raw_task
    return ti._run_raw_task(
           ^^^^^^^^^^^^^^^^^
  File "/home/airflow/.local/lib/python3.12/site-packages/airflow/utils/session.py", line 97, in wrapper
    return func(*args, session=session, **kwargs)
           ^^^^^^^^^^^^^^^^^^^^^^^^^^^^^^^^^^^^^^
  File "/home/airflow/.local/lib/python3.12/site-packages/airflow/models/taskinstance.py", line 3006, in _run_raw_task
    return _run_raw_task(
           ^^^^^^^^^^^^^^
  File "/home/airflow/.local/lib/python3.12/site-packages/airflow/models/taskinstance.py", line 328, in _run_raw_task
    ti.handle_failure(e, test_mode, context, session=session)
  File "/home/airflow/.local/lib/python3.12/site-packages/airflow/utils/session.py", line 94, in wrapper
    return func(*args, **kwargs)
           ^^^^^^^^^^^^^^^^^^^^^
  File "/home/airflow/.local/lib/python3.12/site-packages/airflow/models/taskinstance.py", line 3434, in handle_failure
    _handle_failure(
  File "/home/airflow/.local/lib/python3.12/site-packages/airflow/utils/session.py", line 94, in wrapper
    return func(*args, **kwargs)
           ^^^^^^^^^^^^^^^^^^^^^
  File "/home/airflow/.local/lib/python3.12/site-packages/airflow/api_internal/internal_api_call.py", line 166, in wrapper
    return func(*args, **kwargs)
           ^^^^^^^^^^^^^^^^^^^^^
  File "/home/airflow/.local/lib/python3.12/site-packages/airflow/models/taskinstance.py", line 1244, in _handle_failure
    TaskInstance.save_to_db(task_instance, session)
  File "/home/airflow/.local/lib/python3.12/site-packages/airflow/api_internal/internal_api_call.py", line 166, in wrapper
    return func(*args, **kwargs)
           ^^^^^^^^^^^^^^^^^^^^^
  File "/home/airflow/.local/lib/python3.12/site-packages/airflow/utils/session.py", line 94, in wrapper
    return func(*args, **kwargs)
           ^^^^^^^^^^^^^^^^^^^^^
  File "/home/airflow/.local/lib/python3.12/site-packages/airflow/models/taskinstance.py", line 3402, in save_to_db
    ti.get_dagrun().refresh_from_db()
    ^^^^^^^^^^^^^^^
  File "/home/airflow/.local/lib/python3.12/site-packages/airflow/utils/session.py", line 96, in wrapper
    with create_session() as session:
         ^^^^^^^^^^^^^^^^
  File "/usr/local/lib/python3.12/contextlib.py", line 144, in __exit__
    next(self.gen)
  File "/home/airflow/.local/lib/python3.12/site-packages/airflow/utils/session.py", line 57, in create_session
    session.commit()
  File "/home/airflow/.local/lib/python3.12/site-packages/sqlalchemy/orm/session.py", line 1454, in commit
    self._transaction.commit(_to_root=self.future)
  File "/home/airflow/.local/lib/python3.12/site-packages/sqlalchemy/orm/session.py", line 832, in commit
    self._prepare_impl()
  File "/home/airflow/.local/lib/python3.12/site-packages/sqlalchemy/orm/session.py", line 811, in _prepare_impl
    self.session.flush()
  File "/home/airflow/.local/lib/python3.12/site-packages/sqlalchemy/orm/session.py", line 3449, in flush
    self._flush(objects)
  File "/home/airflow/.local/lib/python3.12/site-packages/sqlalchemy/orm/session.py", line 3588, in _flush
    with util.safe_reraise():
         ^^^^^^^^^^^^^^^^^^^
  File "/home/airflow/.local/lib/python3.12/site-packages/sqlalchemy/util/langhelpers.py", line 70, in __exit__
    compat.raise_(
  File "/home/airflow/.local/lib/python3.12/site-packages/sqlalchemy/util/compat.py", line 211, in raise_
    raise exception
  File "/home/airflow/.local/lib/python3.12/site-packages/sqlalchemy/orm/session.py", line 3549, in _flush
    flush_context.execute()
  File "/home/airflow/.local/lib/python3.12/site-packages/sqlalchemy/orm/unitofwork.py", line 456, in execute
    rec.execute(self)
  File "/home/airflow/.local/lib/python3.12/site-packages/sqlalchemy/orm/unitofwork.py", line 630, in execute
    util.preloaded.orm_persistence.save_obj(
  File "/home/airflow/.local/lib/python3.12/site-packages/sqlalchemy/orm/persistence.py", line 245, in save_obj
    _emit_insert_statements(
  File "/home/airflow/.local/lib/python3.12/site-packages/sqlalchemy/orm/persistence.py", line 1238, in _emit_insert_statements
    result = connection._execute_20(
             ^^^^^^^^^^^^^^^^^^^^^^^
  File "/home/airflow/.local/lib/python3.12/site-packages/sqlalchemy/engine/base.py", line 1710, in _execute_20
    return meth(self, args_10style, kwargs_10style, execution_options)
           ^^^^^^^^^^^^^^^^^^^^^^^^^^^^^^^^^^^^^^^^^^^^^^^^^^^^^^^^^^^
  File "/home/airflow/.local/lib/python3.12/site-packages/sqlalchemy/sql/elements.py", line 334, in _execute_on_connection
    return connection._execute_clauseelement(
           ^^^^^^^^^^^^^^^^^^^^^^^^^^^^^^^^^^
  File "/home/airflow/.local/lib/python3.12/site-packages/sqlalchemy/engine/base.py", line 1577, in _execute_clauseelement
    ret = self._execute_context(
          ^^^^^^^^^^^^^^^^^^^^^^
  File "/home/airflow/.local/lib/python3.12/site-packages/sqlalchemy/engine/base.py", line 1953, in _execute_context
    self._handle_dbapi_exception(
  File "/home/airflow/.local/lib/python3.12/site-packages/sqlalchemy/engine/base.py", line 2134, in _handle_dbapi_exception
    util.raise_(
  File "/home/airflow/.local/lib/python3.12/site-packages/sqlalchemy/util/compat.py", line 211, in raise_
    raise exception
  File "/home/airflow/.local/lib/python3.12/site-packages/sqlalchemy/engine/base.py", line 1910, in _execute_context
    self.dialect.do_execute(
  File "/home/airflow/.local/lib/python3.12/site-packages/sqlalchemy/engine/default.py", line 736, in do_execute
    cursor.execute(statement, parameters)
sqlalchemy.exc.IntegrityError: (psycopg2.errors.ForeignKeyViolation) insert or update on table "task_fail" violates foreign key constraint "task_fail_ti_fkey"
DETAIL:  Key (dag_id, task_id, run_id, map_index)=(etl_ecommerce, load, manual__2026-06-23T20:44:52.316108+00:00, -1) is not present in table "task_instance".

[SQL: INSERT INTO task_fail (task_id, dag_id, run_id, map_index, start_date, end_date, duration) VALUES (%(task_id)s, %(dag_id)s, %(run_id)s, %(map_index)s, %(start_date)s, %(end_date)s, %(duration)s) RETURNING task_fail.id]
[parameters: {'task_id': 'load', 'dag_id': 'etl_ecommerce', 'run_id': 'manual__2026-06-23T20:44:52.316108+00:00', 'map_index': -1, 'start_date': datetime.datetime(2026, 6, 23, 20, 59, 25, 590712, tzinfo=Timezone('UTC')), 'end_date': datetime.datetime(2026, 6, 23, 22, 23, 19, 240495, tzinfo=Timezone('UTC')), 'duration': 5033}]
(Background on this error at: https://sqlalche.me/e/14/gkpj)
[2026-06-23T22:23:19.292+0000] {process_utils.py:80} INFO - Process psutil.Process(pid=336, status='terminated', exitcode=1, started='20:59:25') (336) terminated with exit code 1
