[2026-06-23T21:04:43.241+0000] {local_task_job_runner.py:123} INFO - ::group::Pre task execution logs
[2026-06-23T21:04:43.255+0000] {taskinstance.py:2614} INFO - Dependencies all met for dep_context=non-requeueable deps ti=<TaskInstance: etl_ecommerce.extract manual__2026-06-23T21:04:39.960395+00:00 [queued]>
[2026-06-23T21:04:43.261+0000] {taskinstance.py:2614} INFO - Dependencies all met for dep_context=requeueable deps ti=<TaskInstance: etl_ecommerce.extract manual__2026-06-23T21:04:39.960395+00:00 [queued]>
[2026-06-23T21:04:43.261+0000] {taskinstance.py:2867} INFO - Starting attempt 1 of 3
[2026-06-23T21:04:43.268+0000] {taskinstance.py:2890} INFO - Executing <Task(PythonOperator): extract> on 2026-06-23 21:04:39.960395+00:00
[2026-06-23T21:04:43.274+0000] {standard_task_runner.py:104} INFO - Running: ['***', 'tasks', 'run', 'etl_ecommerce', 'extract', 'manual__2026-06-23T21:04:39.960395+00:00', '--job-id', '135', '--raw', '--subdir', 'DAGS_FOLDER/etl_ecommerce_dag.py', '--cfg-path', '/tmp/tmpxc7mobh6']
[2026-06-23T21:04:43.275+0000] {standard_task_runner.py:105} INFO - Job 135: Subtask extract
[2026-06-23T21:04:43.275+0000] {logging_mixin.py:190} WARNING - /home/***/.local/lib/python3.12/site-packages/***/task/task_runner/standard_task_runner.py:70 DeprecationWarning: This process (pid=420) is multi-threaded, use of fork() may lead to deadlocks in the child.
[2026-06-23T21:04:43.276+0000] {standard_task_runner.py:72} INFO - Started process 422 to run task
[2026-06-23T21:04:43.303+0000] {task_command.py:467} INFO - Running <TaskInstance: etl_ecommerce.extract manual__2026-06-23T21:04:39.960395+00:00 [running]> on host d2930d66fea2
[2026-06-23T21:04:43.350+0000] {taskinstance.py:3134} INFO - Exporting env vars: AIRFLOW_CTX_DAG_OWNER='juan_camilo' AIRFLOW_CTX_DAG_ID='etl_ecommerce' AIRFLOW_CTX_TASK_ID='extract' AIRFLOW_CTX_EXECUTION_DATE='2026-06-23T21:04:39.960395+00:00' AIRFLOW_CTX_TRY_NUMBER='1' AIRFLOW_CTX_DAG_RUN_ID='manual__2026-06-23T21:04:39.960395+00:00'
[2026-06-23T21:04:43.350+0000] {taskinstance.py:732} INFO - ::endgroup::
[2026-06-23T21:04:43.477+0000] {etl_ecommerce_dag.py:90} INFO - Descargando dataset: carrie1/ecommerce-data
[2026-06-23T21:04:43.478+0000] {logging_mixin.py:190} INFO - Dataset URL: https://www.kaggle.com/datasets/carrie1/ecommerce-data
[2026-06-23T21:04:44.905+0000] {etl_ecommerce_dag.py:96} INFO - ✅ Dataset descargado en /opt/***/data/raw
[2026-06-23T21:04:45.320+0000] {etl_ecommerce_dag.py:101} INFO - Registros leídos: 541909
[2026-06-23T21:04:45.320+0000] {etl_ecommerce_dag.py:102} INFO - Columnas: ['InvoiceNo', 'StockCode', 'Description', 'Quantity', 'InvoiceDate', 'UnitPrice', 'CustomerID', 'Country']
[2026-06-23T21:04:50.330+0000] {python.py:240} INFO - Done. Returned value was: None
[2026-06-23T21:04:50.338+0000] {taskinstance.py:341} INFO - ::group::Post task execution logs
[2026-06-23T21:04:50.339+0000] {taskinstance.py:353} INFO - Marking task as SUCCESS. dag_id=etl_ecommerce, task_id=extract, run_id=manual__2026-06-23T21:04:39.960395+00:00, execution_date=20260623T210439, start_date=20260623T210443, end_date=20260623T210450
[2026-06-23T21:04:50.370+0000] {local_task_job_runner.py:266} INFO - Task exited with return code 0
[2026-06-23T21:04:50.393+0000] {taskinstance.py:3901} INFO - 1 downstream tasks scheduled from follow-on schedule check
[2026-06-23T21:04:50.394+0000] {local_task_job_runner.py:245} INFO - ::endgroup::
