[2026-06-22T21:35:43.359+0000] {local_task_job_runner.py:123} INFO - ::group::Pre task execution logs
[2026-06-22T21:35:43.394+0000] {taskinstance.py:2614} INFO - Dependencies all met for dep_context=non-requeueable deps ti=<TaskInstance: etl_random_users.save_raw manual__2026-06-22T21:35:31.571502+00:00 [queued]>
[2026-06-22T21:35:43.410+0000] {taskinstance.py:2614} INFO - Dependencies all met for dep_context=requeueable deps ti=<TaskInstance: etl_random_users.save_raw manual__2026-06-22T21:35:31.571502+00:00 [queued]>
[2026-06-22T21:35:43.412+0000] {taskinstance.py:2867} INFO - Starting attempt 1 of 3
[2026-06-22T21:35:43.434+0000] {taskinstance.py:2890} INFO - Executing <Task(PythonOperator): save_raw> on 2026-06-22 21:35:31.571502+00:00
[2026-06-22T21:35:43.449+0000] {standard_task_runner.py:104} INFO - Running: ['***', 'tasks', 'run', 'etl_random_users', 'save_raw', 'manual__2026-06-22T21:35:31.571502+00:00', '--job-id', '35', '--raw', '--subdir', 'DAGS_FOLDER/hola_mundo_dag.py', '--cfg-path', '/tmp/tmp0n3sjfs5']
[2026-06-22T21:35:43.454+0000] {standard_task_runner.py:105} INFO - Job 35: Subtask save_raw
[2026-06-22T21:35:43.454+0000] {logging_mixin.py:190} WARNING - /home/***/.local/lib/python3.12/site-packages/***/task/task_runner/standard_task_runner.py:70 DeprecationWarning: This process (pid=194) is multi-threaded, use of fork() may lead to deadlocks in the child.
[2026-06-22T21:35:43.455+0000] {standard_task_runner.py:72} INFO - Started process 196 to run task
[2026-06-22T21:35:43.542+0000] {task_command.py:467} INFO - Running <TaskInstance: etl_random_users.save_raw manual__2026-06-22T21:35:31.571502+00:00 [running]> on host 70ca2221e5fd
[2026-06-22T21:35:43.660+0000] {taskinstance.py:3134} INFO - Exporting env vars: AIRFLOW_CTX_DAG_OWNER='juan_camilo' AIRFLOW_CTX_DAG_ID='etl_random_users' AIRFLOW_CTX_TASK_ID='save_raw' AIRFLOW_CTX_EXECUTION_DATE='2026-06-22T21:35:31.571502+00:00' AIRFLOW_CTX_TRY_NUMBER='1' AIRFLOW_CTX_DAG_RUN_ID='manual__2026-06-22T21:35:31.571502+00:00'
[2026-06-22T21:35:43.663+0000] {taskinstance.py:732} INFO - ::endgroup::
[2026-06-22T21:35:44.917+0000] {hola_mundo_dag.py:116} INFO - ✅ JSON crudo guardado: /opt/***/data/raw/usuarios_raw_2026-06-22_21-35-44.json
[2026-06-22T21:35:44.919+0000] {hola_mundo_dag.py:117} INFO -    Registros: 5000
[2026-06-22T21:35:44.929+0000] {python.py:240} INFO - Done. Returned value was: None
[2026-06-22T21:35:44.950+0000] {taskinstance.py:341} INFO - ::group::Post task execution logs
[2026-06-22T21:35:44.951+0000] {taskinstance.py:353} INFO - Marking task as SUCCESS. dag_id=etl_random_users, task_id=save_raw, run_id=manual__2026-06-22T21:35:31.571502+00:00, execution_date=20260622T213531, start_date=20260622T213543, end_date=20260622T213544
[2026-06-22T21:35:45.001+0000] {local_task_job_runner.py:266} INFO - Task exited with return code 0
[2026-06-22T21:35:45.041+0000] {taskinstance.py:3901} INFO - 1 downstream tasks scheduled from follow-on schedule check
[2026-06-22T21:35:45.044+0000] {local_task_job_runner.py:245} INFO - ::endgroup::
