[2026-06-23T19:47:42.377+0000] {local_task_job_runner.py:123} INFO - ::group::Pre task execution logs
[2026-06-23T19:47:42.389+0000] {taskinstance.py:2614} INFO - Dependencies all met for dep_context=non-requeueable deps ti=<TaskInstance: etl_random_users.load manual__2026-06-23T19:47:36.768528+00:00 [queued]>
[2026-06-23T19:47:42.395+0000] {taskinstance.py:2614} INFO - Dependencies all met for dep_context=requeueable deps ti=<TaskInstance: etl_random_users.load manual__2026-06-23T19:47:36.768528+00:00 [queued]>
[2026-06-23T19:47:42.395+0000] {taskinstance.py:2867} INFO - Starting attempt 1 of 3
[2026-06-23T19:47:42.401+0000] {taskinstance.py:2890} INFO - Executing <Task(PythonOperator): load> on 2026-06-23 19:47:36.768528+00:00
[2026-06-23T19:47:42.407+0000] {standard_task_runner.py:104} INFO - Running: ['***', 'tasks', 'run', 'etl_random_users', 'load', 'manual__2026-06-23T19:47:36.768528+00:00', '--job-id', '27', '--raw', '--subdir', 'DAGS_FOLDER/hola_mundo_dag.py', '--cfg-path', '/tmp/tmp0jaojil2']
[2026-06-23T19:47:42.408+0000] {standard_task_runner.py:105} INFO - Job 27: Subtask load
[2026-06-23T19:47:42.408+0000] {logging_mixin.py:190} WARNING - /home/***/.local/lib/python3.12/site-packages/***/task/task_runner/standard_task_runner.py:70 DeprecationWarning: This process (pid=194) is multi-threaded, use of fork() may lead to deadlocks in the child.
[2026-06-23T19:47:42.409+0000] {standard_task_runner.py:72} INFO - Started process 196 to run task
[2026-06-23T19:47:42.435+0000] {task_command.py:467} INFO - Running <TaskInstance: etl_random_users.load manual__2026-06-23T19:47:36.768528+00:00 [running]> on host 5e2f3db502aa
[2026-06-23T19:47:42.478+0000] {taskinstance.py:3134} INFO - Exporting env vars: AIRFLOW_CTX_DAG_OWNER='juan_camilo' AIRFLOW_CTX_DAG_ID='etl_random_users' AIRFLOW_CTX_TASK_ID='load' AIRFLOW_CTX_EXECUTION_DATE='2026-06-23T19:47:36.768528+00:00' AIRFLOW_CTX_TRY_NUMBER='1' AIRFLOW_CTX_DAG_RUN_ID='manual__2026-06-23T19:47:36.768528+00:00'
[2026-06-23T19:47:42.479+0000] {taskinstance.py:732} INFO - ::endgroup::
[2026-06-23T19:47:42.494+0000] {hola_mundo_dag.py:171} INFO - Cargando 100 usuarios en Supabase...
[2026-06-23T19:47:42.495+0000] {crypto.py:82} WARNING - empty cryptography key - values will not be stored encrypted.
[2026-06-23T19:47:42.495+0000] {base.py:84} INFO - Retrieving connection 'postgres_destino'
[2026-06-23T19:47:43.280+0000] {hola_mundo_dag.py:201} INFO - Tabla 'usuarios_crm' lista.
[2026-06-23T19:51:15.715+0000] {hola_mundo_dag.py:255} WARNING -   ⚠️ Error en registro 406865b9-f8da-49e2-8799-02ab3b4b0be9: canceling statement due to statement timeout
CONTEXT:  while inserting index tuple (149,48) in relation "usuarios_crm"

[2026-06-23T19:51:27.969+0000] {hola_mundo_dag.py:259} INFO - ✅ Carga completa — Insertados: 0 | Actualizados: 99 | Errores: 1
[2026-06-23T19:51:27.990+0000] {python.py:240} INFO - Done. Returned value was: None
[2026-06-23T19:51:28.006+0000] {taskinstance.py:341} INFO - ::group::Post task execution logs
[2026-06-23T19:51:28.007+0000] {taskinstance.py:353} INFO - Marking task as SUCCESS. dag_id=etl_random_users, task_id=load, run_id=manual__2026-06-23T19:47:36.768528+00:00, execution_date=20260623T194736, start_date=20260623T194742, end_date=20260623T195128
[2026-06-23T19:51:28.051+0000] {local_task_job_runner.py:266} INFO - Task exited with return code 0
[2026-06-23T19:51:28.095+0000] {taskinstance.py:3901} INFO - 1 downstream tasks scheduled from follow-on schedule check
[2026-06-23T19:51:28.096+0000] {local_task_job_runner.py:245} INFO - ::endgroup::
