[2026-06-22T23:46:00.534+0000] {local_task_job_runner.py:123} INFO - ::group::Pre task execution logs
[2026-06-22T23:46:00.571+0000] {taskinstance.py:2614} INFO - Dependencies all met for dep_context=non-requeueable deps ti=<TaskInstance: etl_random_users.save_local manual__2026-06-22T23:45:43.098021+00:00 [queued]>
[2026-06-22T23:46:00.595+0000] {taskinstance.py:2614} INFO - Dependencies all met for dep_context=requeueable deps ti=<TaskInstance: etl_random_users.save_local manual__2026-06-22T23:45:43.098021+00:00 [queued]>
[2026-06-22T23:46:00.600+0000] {taskinstance.py:2867} INFO - Starting attempt 1 of 3
[2026-06-22T23:46:00.629+0000] {taskinstance.py:2890} INFO - Executing <Task(PythonOperator): save_local> on 2026-06-22 23:45:43.098021+00:00
[2026-06-22T23:46:00.650+0000] {standard_task_runner.py:104} INFO - Running: ['***', 'tasks', 'run', 'etl_random_users', 'save_local', 'manual__2026-06-22T23:45:43.098021+00:00', '--job-id', '52', '--raw', '--subdir', 'DAGS_FOLDER/hola_mundo_dag.py', '--cfg-path', '/tmp/tmph00if62t']
[2026-06-22T23:46:00.654+0000] {standard_task_runner.py:105} INFO - Job 52: Subtask save_local
[2026-06-22T23:46:00.656+0000] {logging_mixin.py:190} WARNING - /home/***/.local/lib/python3.12/site-packages/***/task/task_runner/standard_task_runner.py:70 DeprecationWarning: This process (pid=834) is multi-threaded, use of fork() may lead to deadlocks in the child.
[2026-06-22T23:46:00.663+0000] {standard_task_runner.py:72} INFO - Started process 836 to run task
[2026-06-22T23:46:00.744+0000] {task_command.py:467} INFO - Running <TaskInstance: etl_random_users.save_local manual__2026-06-22T23:45:43.098021+00:00 [running]> on host c209a3d3d200
[2026-06-22T23:46:00.871+0000] {taskinstance.py:3134} INFO - Exporting env vars: AIRFLOW_CTX_DAG_OWNER='juan_camilo' AIRFLOW_CTX_DAG_ID='etl_random_users' AIRFLOW_CTX_TASK_ID='save_local' AIRFLOW_CTX_EXECUTION_DATE='2026-06-22T23:45:43.098021+00:00' AIRFLOW_CTX_TRY_NUMBER='1' AIRFLOW_CTX_DAG_RUN_ID='manual__2026-06-22T23:45:43.098021+00:00'
[2026-06-22T23:46:00.873+0000] {taskinstance.py:732} INFO - ::endgroup::
[2026-06-22T23:46:01.403+0000] {hola_mundo_dag.py:278} INFO - ✅ Archivo guardado localmente: /opt/***/data/clean/usuarios_crm_2026-06-22_23-46-01.csv
[2026-06-22T23:46:01.407+0000] {hola_mundo_dag.py:279} INFO -    Registros guardados: 5000
[2026-06-22T23:46:01.551+0000] {hola_mundo_dag.py:284} INFO - ✅ Archivo latest actualizado: /opt/***/data/usuarios_crm_latest.csv
[2026-06-22T23:46:01.606+0000] {python.py:240} INFO - Done. Returned value was: None
[2026-06-22T23:46:01.630+0000] {taskinstance.py:341} INFO - ::group::Post task execution logs
[2026-06-22T23:46:01.633+0000] {taskinstance.py:353} INFO - Marking task as SUCCESS. dag_id=etl_random_users, task_id=save_local, run_id=manual__2026-06-22T23:45:43.098021+00:00, execution_date=20260622T234543, start_date=20260622T234600, end_date=20260622T234601
[2026-06-22T23:46:01.728+0000] {local_task_job_runner.py:266} INFO - Task exited with return code 0
[2026-06-22T23:46:01.772+0000] {taskinstance.py:3901} INFO - 1 downstream tasks scheduled from follow-on schedule check
[2026-06-22T23:46:01.779+0000] {local_task_job_runner.py:245} INFO - ::endgroup::
