[2026-06-23T00:45:56.354+0000] {local_task_job_runner.py:123} INFO - ::group::Pre task execution logs
[2026-06-23T00:45:56.399+0000] {taskinstance.py:2614} INFO - Dependencies all met for dep_context=non-requeueable deps ti=<TaskInstance: etl_random_users.transform manual__2026-06-23T00:45:45.224590+00:00 [queued]>
[2026-06-23T00:45:56.424+0000] {taskinstance.py:2614} INFO - Dependencies all met for dep_context=requeueable deps ti=<TaskInstance: etl_random_users.transform manual__2026-06-23T00:45:45.224590+00:00 [queued]>
[2026-06-23T00:45:56.428+0000] {taskinstance.py:2867} INFO - Starting attempt 1 of 3
[2026-06-23T00:45:56.452+0000] {taskinstance.py:2890} INFO - Executing <Task(PythonOperator): transform> on 2026-06-23 00:45:45.224590+00:00
[2026-06-23T00:45:56.468+0000] {logging_mixin.py:190} WARNING - /home/***/.local/lib/python3.12/site-packages/***/task/task_runner/standard_task_runner.py:70 DeprecationWarning: This process (pid=738) is multi-threaded, use of fork() may lead to deadlocks in the child.
[2026-06-23T00:45:56.469+0000] {standard_task_runner.py:104} INFO - Running: ['***', 'tasks', 'run', 'etl_random_users', 'transform', 'manual__2026-06-23T00:45:45.224590+00:00', '--job-id', '128', '--raw', '--subdir', 'DAGS_FOLDER/hola_mundo_dag.py', '--cfg-path', '/tmp/tmpwo05678b']
[2026-06-23T00:45:56.474+0000] {standard_task_runner.py:72} INFO - Started process 740 to run task
[2026-06-23T00:45:56.475+0000] {standard_task_runner.py:105} INFO - Job 128: Subtask transform
[2026-06-23T00:45:56.563+0000] {task_command.py:467} INFO - Running <TaskInstance: etl_random_users.transform manual__2026-06-23T00:45:45.224590+00:00 [running]> on host 2739510d87fa
[2026-06-23T00:45:56.763+0000] {taskinstance.py:3134} INFO - Exporting env vars: AIRFLOW_CTX_DAG_OWNER='juan_camilo' AIRFLOW_CTX_DAG_ID='etl_random_users' AIRFLOW_CTX_TASK_ID='transform' AIRFLOW_CTX_EXECUTION_DATE='2026-06-23T00:45:45.224590+00:00' AIRFLOW_CTX_TRY_NUMBER='1' AIRFLOW_CTX_DAG_RUN_ID='manual__2026-06-23T00:45:45.224590+00:00'
[2026-06-23T00:45:56.766+0000] {taskinstance.py:732} INFO - ::endgroup::
[2026-06-23T00:45:56.876+0000] {hola_mundo_dag.py:108} INFO - Transformando 100 usuarios...
[2026-06-23T00:45:56.910+0000] {hola_mundo_dag.py:130} INFO - Shape inicial: (100, 13)
[2026-06-23T00:45:56.933+0000] {hola_mundo_dag.py:159} INFO - Shape final tras transformaciones: (100, 15)
[2026-06-23T00:45:56.944+0000] {hola_mundo_dag.py:160} INFO - Segmentos:
segmento_edad
Maduro    38
Senior    35
Adulto    27
[2026-06-23T00:45:57.007+0000] {python.py:240} INFO - Done. Returned value was: None
[2026-06-23T00:45:57.035+0000] {taskinstance.py:341} INFO - ::group::Post task execution logs
[2026-06-23T00:45:57.037+0000] {taskinstance.py:353} INFO - Marking task as SUCCESS. dag_id=etl_random_users, task_id=transform, run_id=manual__2026-06-23T00:45:45.224590+00:00, execution_date=20260623T004545, start_date=20260623T004556, end_date=20260623T004557
[2026-06-23T00:45:57.138+0000] {local_task_job_runner.py:266} INFO - Task exited with return code 0
[2026-06-23T00:45:57.227+0000] {taskinstance.py:3901} INFO - 1 downstream tasks scheduled from follow-on schedule check
[2026-06-23T00:45:57.232+0000] {local_task_job_runner.py:245} INFO - ::endgroup::
