[2026-06-23T00:45:47.781+0000] {local_task_job_runner.py:123} INFO - ::group::Pre task execution logs
[2026-06-23T00:45:47.814+0000] {taskinstance.py:2614} INFO - Dependencies all met for dep_context=non-requeueable deps ti=<TaskInstance: etl_random_users.setup manual__2026-06-23T00:45:45.224590+00:00 [queued]>
[2026-06-23T00:45:47.829+0000] {taskinstance.py:2614} INFO - Dependencies all met for dep_context=requeueable deps ti=<TaskInstance: etl_random_users.setup manual__2026-06-23T00:45:45.224590+00:00 [queued]>
[2026-06-23T00:45:47.831+0000] {taskinstance.py:2867} INFO - Starting attempt 1 of 3
[2026-06-23T00:45:47.857+0000] {taskinstance.py:2890} INFO - Executing <Task(PythonOperator): setup> on 2026-06-23 00:45:45.224590+00:00
[2026-06-23T00:45:47.875+0000] {logging_mixin.py:190} WARNING - /home/***/.local/lib/python3.12/site-packages/***/task/task_runner/standard_task_runner.py:70 DeprecationWarning: This process (pid=726) is multi-threaded, use of fork() may lead to deadlocks in the child.
[2026-06-23T00:45:47.878+0000] {standard_task_runner.py:72} INFO - Started process 728 to run task
[2026-06-23T00:45:47.876+0000] {standard_task_runner.py:104} INFO - Running: ['***', 'tasks', 'run', 'etl_random_users', 'setup', 'manual__2026-06-23T00:45:45.224590+00:00', '--job-id', '125', '--raw', '--subdir', 'DAGS_FOLDER/hola_mundo_dag.py', '--cfg-path', '/tmp/tmp102t_cs4']
[2026-06-23T00:45:47.882+0000] {standard_task_runner.py:105} INFO - Job 125: Subtask setup
[2026-06-23T00:45:47.983+0000] {task_command.py:467} INFO - Running <TaskInstance: etl_random_users.setup manual__2026-06-23T00:45:45.224590+00:00 [running]> on host 2739510d87fa
[2026-06-23T00:45:48.145+0000] {taskinstance.py:3134} INFO - Exporting env vars: AIRFLOW_CTX_DAG_OWNER='juan_camilo' AIRFLOW_CTX_DAG_ID='etl_random_users' AIRFLOW_CTX_TASK_ID='setup' AIRFLOW_CTX_EXECUTION_DATE='2026-06-23T00:45:45.224590+00:00' AIRFLOW_CTX_TRY_NUMBER='1' AIRFLOW_CTX_DAG_RUN_ID='manual__2026-06-23T00:45:45.224590+00:00'
[2026-06-23T00:45:48.148+0000] {taskinstance.py:732} INFO - ::endgroup::
[2026-06-23T00:45:48.168+0000] {crypto.py:82} WARNING - empty cryptography key - values will not be stored encrypted.
[2026-06-23T00:45:48.170+0000] {base.py:84} INFO - Retrieving connection 'postgres_destino'
[2026-06-23T00:45:49.316+0000] {hola_mundo_dag.py:52} INFO - ✅ Conexión a Supabase exitosa.
[2026-06-23T00:45:49.318+0000] {hola_mundo_dag.py:53} INFO -    PostgreSQL version: PostgreSQL 17.6 on aarch64-unknown-linux-gnu, compiled by gcc (GCC) 15.2.0, 64-bit
[2026-06-23T00:45:49.320+0000] {python.py:240} INFO - Done. Returned value was: None
[2026-06-23T00:45:49.343+0000] {taskinstance.py:341} INFO - ::group::Post task execution logs
[2026-06-23T00:45:49.344+0000] {taskinstance.py:353} INFO - Marking task as SUCCESS. dag_id=etl_random_users, task_id=setup, run_id=manual__2026-06-23T00:45:45.224590+00:00, execution_date=20260623T004545, start_date=20260623T004547, end_date=20260623T004549
[2026-06-23T00:45:49.426+0000] {local_task_job_runner.py:266} INFO - Task exited with return code 0
[2026-06-23T00:45:49.476+0000] {taskinstance.py:3901} INFO - 1 downstream tasks scheduled from follow-on schedule check
[2026-06-23T00:45:49.480+0000] {local_task_job_runner.py:245} INFO - ::endgroup::
