[2026-06-23T20:35:08.131+0000] {local_task_job_runner.py:123} INFO - ::group::Pre task execution logs
[2026-06-23T20:35:08.143+0000] {taskinstance.py:2614} INFO - Dependencies all met for dep_context=non-requeueable deps ti=<TaskInstance: etl_random_users.extract manual__2026-06-23T20:32:03.889638+00:00 [queued]>
[2026-06-23T20:35:08.149+0000] {taskinstance.py:2614} INFO - Dependencies all met for dep_context=requeueable deps ti=<TaskInstance: etl_random_users.extract manual__2026-06-23T20:32:03.889638+00:00 [queued]>
[2026-06-23T20:35:08.149+0000] {taskinstance.py:2867} INFO - Starting attempt 1 of 3
[2026-06-23T20:35:08.156+0000] {taskinstance.py:2890} INFO - Executing <Task(PythonOperator): extract> on 2026-06-23 20:32:03.889638+00:00
[2026-06-23T20:35:08.162+0000] {standard_task_runner.py:104} INFO - Running: ['***', 'tasks', 'run', 'etl_random_users', 'extract', 'manual__2026-06-23T20:32:03.889638+00:00', '--job-id', '61', '--raw', '--subdir', 'DAGS_FOLDER/hola_mundo_dag.py', '--cfg-path', '/tmp/tmpnw3gbk7h']
[2026-06-23T20:35:08.164+0000] {standard_task_runner.py:105} INFO - Job 61: Subtask extract
[2026-06-23T20:35:08.164+0000] {logging_mixin.py:190} WARNING - /home/***/.local/lib/python3.12/site-packages/***/task/task_runner/standard_task_runner.py:70 DeprecationWarning: This process (pid=267) is multi-threaded, use of fork() may lead to deadlocks in the child.
[2026-06-23T20:35:08.164+0000] {standard_task_runner.py:72} INFO - Started process 272 to run task
[2026-06-23T20:35:08.192+0000] {task_command.py:467} INFO - Running <TaskInstance: etl_random_users.extract manual__2026-06-23T20:32:03.889638+00:00 [running]> on host 8884758d4df3
[2026-06-23T20:35:08.241+0000] {taskinstance.py:3134} INFO - Exporting env vars: AIRFLOW_CTX_DAG_OWNER='juan_camilo' AIRFLOW_CTX_DAG_ID='etl_random_users' AIRFLOW_CTX_TASK_ID='extract' AIRFLOW_CTX_EXECUTION_DATE='2026-06-23T20:32:03.889638+00:00' AIRFLOW_CTX_TRY_NUMBER='1' AIRFLOW_CTX_DAG_RUN_ID='manual__2026-06-23T20:32:03.889638+00:00'
[2026-06-23T20:35:08.242+0000] {taskinstance.py:732} INFO - ::endgroup::
[2026-06-23T20:35:08.250+0000] {hola_mundo_dag.py:75} INFO - Iniciando extracción de 100 usuarios...
[2026-06-23T20:35:08.629+0000] {hola_mundo_dag.py:85} INFO -   Batch 1/1 — 100 usuarios obtenidos
[2026-06-23T20:35:08.630+0000] {hola_mundo_dag.py:87} INFO - Extracción completa: 100 usuarios en total.
[2026-06-23T20:35:08.671+0000] {python.py:240} INFO - Done. Returned value was: None
[2026-06-23T20:35:08.683+0000] {taskinstance.py:341} INFO - ::group::Post task execution logs
[2026-06-23T20:35:08.683+0000] {taskinstance.py:353} INFO - Marking task as SUCCESS. dag_id=etl_random_users, task_id=extract, run_id=manual__2026-06-23T20:32:03.889638+00:00, execution_date=20260623T203203, start_date=20260623T203508, end_date=20260623T203508
[2026-06-23T20:35:08.739+0000] {local_task_job_runner.py:266} INFO - Task exited with return code 0
[2026-06-23T20:35:08.767+0000] {taskinstance.py:3901} INFO - 1 downstream tasks scheduled from follow-on schedule check
[2026-06-23T20:35:08.768+0000] {local_task_job_runner.py:245} INFO - ::endgroup::
