[2026-06-23T20:25:56.024+0000] {local_task_job_runner.py:123} INFO - ::group::Pre task execution logs
[2026-06-23T20:25:56.038+0000] {taskinstance.py:2614} INFO - Dependencies all met for dep_context=non-requeueable deps ti=<TaskInstance: etl_random_users.setup manual__2026-06-23T20:15:41.287615+00:00 [queued]>
[2026-06-23T20:25:56.043+0000] {taskinstance.py:2614} INFO - Dependencies all met for dep_context=requeueable deps ti=<TaskInstance: etl_random_users.setup manual__2026-06-23T20:15:41.287615+00:00 [queued]>
[2026-06-23T20:25:56.043+0000] {taskinstance.py:2867} INFO - Starting attempt 3 of 3
[2026-06-23T20:25:56.052+0000] {taskinstance.py:2890} INFO - Executing <Task(PythonOperator): setup> on 2026-06-23 20:15:41.287615+00:00
[2026-06-23T20:25:56.058+0000] {standard_task_runner.py:104} INFO - Running: ['***', 'tasks', 'run', 'etl_random_users', 'setup', 'manual__2026-06-23T20:15:41.287615+00:00', '--job-id', '48', '--raw', '--subdir', 'DAGS_FOLDER/hola_mundo_dag.py', '--cfg-path', '/tmp/tmpd_8y1rdi']
[2026-06-23T20:25:56.059+0000] {standard_task_runner.py:105} INFO - Job 48: Subtask setup
[2026-06-23T20:25:56.059+0000] {logging_mixin.py:190} WARNING - /home/***/.local/lib/python3.12/site-packages/***/task/task_runner/standard_task_runner.py:70 DeprecationWarning: This process (pid=172) is multi-threaded, use of fork() may lead to deadlocks in the child.
[2026-06-23T20:25:56.060+0000] {standard_task_runner.py:72} INFO - Started process 180 to run task
[2026-06-23T20:25:56.089+0000] {task_command.py:467} INFO - Running <TaskInstance: etl_random_users.setup manual__2026-06-23T20:15:41.287615+00:00 [running]> on host 99d084219011
[2026-06-23T20:25:56.152+0000] {taskinstance.py:3134} INFO - Exporting env vars: AIRFLOW_CTX_DAG_OWNER='juan_camilo' AIRFLOW_CTX_DAG_ID='etl_random_users' AIRFLOW_CTX_TASK_ID='setup' AIRFLOW_CTX_EXECUTION_DATE='2026-06-23T20:15:41.287615+00:00' AIRFLOW_CTX_TRY_NUMBER='3' AIRFLOW_CTX_DAG_RUN_ID='manual__2026-06-23T20:15:41.287615+00:00'
[2026-06-23T20:25:56.152+0000] {taskinstance.py:732} INFO - ::endgroup::
[2026-06-23T20:25:56.183+0000] {crypto.py:82} WARNING - empty cryptography key - values will not be stored encrypted.
[2026-06-23T20:25:56.183+0000] {base.py:84} INFO - Retrieving connection 'postgres_destino'
[2026-06-23T20:25:56.890+0000] {hola_mundo_dag.py:54} INFO - ✅ Conexión a Supabase exitosa.
[2026-06-23T20:25:56.890+0000] {hola_mundo_dag.py:55} INFO -    PostgreSQL version: PostgreSQL 17.6 on aarch64-unknown-linux-gnu, compiled by gcc (GCC) 15.2.0, 64-bit
[2026-06-23T20:25:57.058+0000] {logging_mixin.py:190} INFO - Authentication required to call the Kaggle API.

First, you will need a Kaggle account. You can sign up at
  https://www.kaggle.com/account/login

Recommended: log in with OAuth via a web-based authorization flow.
No token to manage; credentials are cached locally for you.
    kaggle auth login

If you'd rather not use OAuth, generate an API token at
  https://www.kaggle.com/settings/api  (click "Generate New Token" under "API")
and supply it to the CLI in one of these ways:

  Option A: Environment variable
    export KAGGLE_API_TOKEN=xxxxxxxxxxxxxx  # token copied from the settings UI

  Option B: API token file
    Save the token to ~/.kaggle/access_token
[2026-06-23T20:25:57.059+0000] {taskinstance.py:3315} ERROR - Task failed due to SystemExit(1)
[2026-06-23T20:25:57.064+0000] {taskinstance.py:1226} INFO - Marking task as FAILED. dag_id=etl_random_users, task_id=setup, run_id=manual__2026-06-23T20:15:41.287615+00:00, execution_date=20260623T201541, start_date=20260623T202556, end_date=20260623T202557
[2026-06-23T20:25:57.080+0000] {taskinstance.py:341} INFO - ::group::Post task execution logs
[2026-06-23T20:25:57.080+0000] {standard_task_runner.py:124} ERROR - Failed to execute job 48 for task setup (Task failed due to SystemExit(1); 180)
Traceback (most recent call last):
  File "/home/airflow/.local/lib/python3.12/site-packages/airflow/models/taskinstance.py", line 274, in _run_raw_task
    TaskInstance._execute_task_with_callbacks(
  File "/home/airflow/.local/lib/python3.12/site-packages/airflow/models/taskinstance.py", line 3161, in _execute_task_with_callbacks
    result = self._execute_task(context, task_orig)
             ^^^^^^^^^^^^^^^^^^^^^^^^^^^^^^^^^^^^^^
  File "/home/airflow/.local/lib/python3.12/site-packages/airflow/models/taskinstance.py", line 3185, in _execute_task
    return _execute_task(self, context, task_orig)
           ^^^^^^^^^^^^^^^^^^^^^^^^^^^^^^^^^^^^^^^
  File "/home/airflow/.local/lib/python3.12/site-packages/airflow/models/taskinstance.py", line 768, in _execute_task
    result = _execute_callable(context=context, **execute_callable_kwargs)
             ^^^^^^^^^^^^^^^^^^^^^^^^^^^^^^^^^^^^^^^^^^^^^^^^^^^^^^^^^^^^^
  File "/home/airflow/.local/lib/python3.12/site-packages/airflow/models/taskinstance.py", line 734, in _execute_callable
    return ExecutionCallableRunner(
           ^^^^^^^^^^^^^^^^^^^^^^^^
  File "/home/airflow/.local/lib/python3.12/site-packages/airflow/utils/operator_helpers.py", line 252, in run
    return self.func(*args, **kwargs)
           ^^^^^^^^^^^^^^^^^^^^^^^^^^
  File "/home/airflow/.local/lib/python3.12/site-packages/airflow/models/baseoperator.py", line 424, in wrapper
    return func(self, *args, **kwargs)
           ^^^^^^^^^^^^^^^^^^^^^^^^^^^
  File "/home/airflow/.local/lib/python3.12/site-packages/airflow/operators/python.py", line 238, in execute
    return_value = self.execute_callable()
                   ^^^^^^^^^^^^^^^^^^^^^^^
  File "/home/airflow/.local/lib/python3.12/site-packages/airflow/operators/python.py", line 256, in execute_callable
    return runner.run(*self.op_args, **self.op_kwargs)
           ^^^^^^^^^^^^^^^^^^^^^^^^^^^^^^^^^^^^^^^^^^^
  File "/home/airflow/.local/lib/python3.12/site-packages/airflow/utils/operator_helpers.py", line 252, in run
    return self.func(*args, **kwargs)
           ^^^^^^^^^^^^^^^^^^^^^^^^^^
  File "/opt/airflow/dags/hola_mundo_dag.py", line 59, in setup
    import kaggle
  File "/home/airflow/.local/lib/python3.12/site-packages/kaggle/__init__.py", line 8, in <module>
    api.authenticate()
  File "/home/airflow/.local/lib/python3.12/site-packages/kaggle/api/kaggle_api_extended.py", line 1009, in authenticate
    exit(1)
  File "<frozen _sitebuiltins>", line 26, in __call__
SystemExit: 1

During handling of the above exception, another exception occurred:

Traceback (most recent call last):
  File "/home/airflow/.local/lib/python3.12/site-packages/airflow/task/task_runner/standard_task_runner.py", line 117, in _start_by_fork
    ret = args.func(args, dag=self.dag)
          ^^^^^^^^^^^^^^^^^^^^^^^^^^^^^
  File "/home/airflow/.local/lib/python3.12/site-packages/airflow/cli/cli_config.py", line 49, in command
    return func(*args, **kwargs)
           ^^^^^^^^^^^^^^^^^^^^^
  File "/home/airflow/.local/lib/python3.12/site-packages/airflow/utils/cli.py", line 116, in wrapper
    return f(*args, **kwargs)
           ^^^^^^^^^^^^^^^^^^
  File "/home/airflow/.local/lib/python3.12/site-packages/airflow/cli/commands/task_command.py", line 483, in task_run
    task_return_code = _run_task_by_selected_method(args, _dag, ti)
                       ^^^^^^^^^^^^^^^^^^^^^^^^^^^^^^^^^^^^^^^^^^^^
  File "/home/airflow/.local/lib/python3.12/site-packages/airflow/cli/commands/task_command.py", line 256, in _run_task_by_selected_method
    return _run_raw_task(args, ti)
           ^^^^^^^^^^^^^^^^^^^^^^^
  File "/home/airflow/.local/lib/python3.12/site-packages/airflow/cli/commands/task_command.py", line 341, in _run_raw_task
    return ti._run_raw_task(
           ^^^^^^^^^^^^^^^^^
  File "/home/airflow/.local/lib/python3.12/site-packages/airflow/utils/session.py", line 97, in wrapper
    return func(*args, session=session, **kwargs)
           ^^^^^^^^^^^^^^^^^^^^^^^^^^^^^^^^^^^^^^
  File "/home/airflow/.local/lib/python3.12/site-packages/airflow/models/taskinstance.py", line 3006, in _run_raw_task
    return _run_raw_task(
           ^^^^^^^^^^^^^^
  File "/home/airflow/.local/lib/python3.12/site-packages/airflow/models/taskinstance.py", line 335, in _run_raw_task
    raise AirflowException(msg)
airflow.exceptions.AirflowException: Task failed due to SystemExit(1)
[2026-06-23T20:25:57.115+0000] {local_task_job_runner.py:266} INFO - Task exited with return code 1
[2026-06-23T20:25:57.130+0000] {taskinstance.py:3901} INFO - 0 downstream tasks scheduled from follow-on schedule check
[2026-06-23T20:25:57.133+0000] {local_task_job_runner.py:245} INFO - ::endgroup::
