[2026-06-23T20:50:58.940+0000] {local_task_job_runner.py:123} INFO - ::group::Pre task execution logs
[2026-06-23T20:50:58.953+0000] {taskinstance.py:2614} INFO - Dependencies all met for dep_context=non-requeueable deps ti=<TaskInstance: etl_ecommerce.extract scheduled__2026-06-22T06:00:00+00:00 [queued]>
[2026-06-23T20:50:58.959+0000] {taskinstance.py:2614} INFO - Dependencies all met for dep_context=requeueable deps ti=<TaskInstance: etl_ecommerce.extract scheduled__2026-06-22T06:00:00+00:00 [queued]>
[2026-06-23T20:50:58.959+0000] {taskinstance.py:2867} INFO - Starting attempt 1 of 3
[2026-06-23T20:50:58.966+0000] {taskinstance.py:2890} INFO - Executing <Task(PythonOperator): extract> on 2026-06-22 06:00:00+00:00
[2026-06-23T20:50:58.972+0000] {logging_mixin.py:190} WARNING - /home/***/.local/lib/python3.12/site-packages/***/task/task_runner/standard_task_runner.py:70 DeprecationWarning: This process (pid=701) is multi-threaded, use of fork() may lead to deadlocks in the child.
[2026-06-23T20:50:58.973+0000] {standard_task_runner.py:72} INFO - Started process 704 to run task
[2026-06-23T20:50:58.973+0000] {standard_task_runner.py:104} INFO - Running: ['***', 'tasks', 'run', 'etl_ecommerce', 'extract', 'scheduled__2026-06-22T06:00:00+00:00', '--job-id', '97', '--raw', '--subdir', 'DAGS_FOLDER/hola_mundo_dag.py', '--cfg-path', '/tmp/tmp0t75rs_6']
[2026-06-23T20:50:58.974+0000] {standard_task_runner.py:105} INFO - Job 97: Subtask extract
[2026-06-23T20:50:59.003+0000] {task_command.py:467} INFO - Running <TaskInstance: etl_ecommerce.extract scheduled__2026-06-22T06:00:00+00:00 [running]> on host 8884758d4df3
[2026-06-23T20:50:59.050+0000] {taskinstance.py:3134} INFO - Exporting env vars: AIRFLOW_CTX_DAG_OWNER='juan_camilo' AIRFLOW_CTX_DAG_ID='etl_ecommerce' AIRFLOW_CTX_TASK_ID='extract' AIRFLOW_CTX_EXECUTION_DATE='2026-06-22T06:00:00+00:00' AIRFLOW_CTX_TRY_NUMBER='1' AIRFLOW_CTX_DAG_RUN_ID='scheduled__2026-06-22T06:00:00+00:00'
[2026-06-23T20:50:59.051+0000] {taskinstance.py:732} INFO - ::endgroup::
[2026-06-23T20:50:59.165+0000] {hola_mundo_dag.py:91} INFO - Descargando dataset: carrie1/ecommerce-data
[2026-06-23T20:50:59.165+0000] {logging_mixin.py:190} INFO - Dataset URL: https://www.kaggle.com/datasets/carrie1/ecommerce-data
[2026-06-23T20:51:04.921+0000] {hola_mundo_dag.py:97} INFO - ✅ Dataset descargado en /opt/***/data/raw
[2026-06-23T20:51:05.302+0000] {hola_mundo_dag.py:102} INFO - Registros leídos: 541909
[2026-06-23T20:51:05.303+0000] {hola_mundo_dag.py:103} INFO - Columnas: ['InvoiceNo', 'StockCode', 'Description', 'Quantity', 'InvoiceDate', 'UnitPrice', 'CustomerID', 'Country']
[2026-06-23T20:51:10.374+0000] {python.py:240} INFO - Done. Returned value was: None
[2026-06-23T20:51:10.383+0000] {taskinstance.py:341} INFO - ::group::Post task execution logs
[2026-06-23T20:51:10.384+0000] {taskinstance.py:353} INFO - Marking task as SUCCESS. dag_id=etl_ecommerce, task_id=extract, run_id=scheduled__2026-06-22T06:00:00+00:00, execution_date=20260622T060000, start_date=20260623T205058, end_date=20260623T205110
[2026-06-23T20:51:10.426+0000] {local_task_job_runner.py:266} INFO - Task exited with return code 0
[2026-06-23T20:51:10.443+0000] {taskinstance.py:3901} INFO - 1 downstream tasks scheduled from follow-on schedule check
[2026-06-23T20:51:10.444+0000] {local_task_job_runner.py:245} INFO - ::endgroup::
[2026-06-23T22:23:16.546+0000] {local_task_job_runner.py:123} INFO - ::group::Pre task execution logs
[2026-06-23T22:23:16.560+0000] {taskinstance.py:2614} INFO - Dependencies all met for dep_context=non-requeueable deps ti=<TaskInstance: etl_ecommerce.extract scheduled__2026-06-22T06:00:00+00:00 [queued]>
[2026-06-23T22:23:16.566+0000] {taskinstance.py:2614} INFO - Dependencies all met for dep_context=requeueable deps ti=<TaskInstance: etl_ecommerce.extract scheduled__2026-06-22T06:00:00+00:00 [queued]>
[2026-06-23T22:23:16.566+0000] {taskinstance.py:2867} INFO - Starting attempt 1 of 3
[2026-06-23T22:23:16.573+0000] {taskinstance.py:2890} INFO - Executing <Task(PythonOperator): extract> on 2026-06-22 06:00:00+00:00
[2026-06-23T22:23:16.579+0000] {logging_mixin.py:190} WARNING - /home/***/.local/lib/python3.12/site-packages/***/task/task_runner/standard_task_runner.py:70 DeprecationWarning: This process (pid=1663) is multi-threaded, use of fork() may lead to deadlocks in the child.
[2026-06-23T22:23:16.580+0000] {standard_task_runner.py:72} INFO - Started process 1665 to run task
[2026-06-23T22:23:16.580+0000] {standard_task_runner.py:104} INFO - Running: ['***', 'tasks', 'run', 'etl_ecommerce', 'extract', 'scheduled__2026-06-22T06:00:00+00:00', '--job-id', '191', '--raw', '--subdir', 'DAGS_FOLDER/etl_ecommerce_dag.py', '--cfg-path', '/tmp/tmp06utqn6g']
[2026-06-23T22:23:16.581+0000] {standard_task_runner.py:105} INFO - Job 191: Subtask extract
[2026-06-23T22:23:16.609+0000] {task_command.py:467} INFO - Running <TaskInstance: etl_ecommerce.extract scheduled__2026-06-22T06:00:00+00:00 [running]> on host d2930d66fea2
[2026-06-23T22:23:16.655+0000] {taskinstance.py:3134} INFO - Exporting env vars: AIRFLOW_CTX_DAG_OWNER='juan_camilo' AIRFLOW_CTX_DAG_ID='etl_ecommerce' AIRFLOW_CTX_TASK_ID='extract' AIRFLOW_CTX_EXECUTION_DATE='2026-06-22T06:00:00+00:00' AIRFLOW_CTX_TRY_NUMBER='1' AIRFLOW_CTX_DAG_RUN_ID='scheduled__2026-06-22T06:00:00+00:00'
[2026-06-23T22:23:16.655+0000] {taskinstance.py:732} INFO - ::endgroup::
[2026-06-23T22:23:16.780+0000] {etl_ecommerce_dag.py:91} INFO - Descargando dataset: carrie1/ecommerce-data
[2026-06-23T22:23:16.780+0000] {logging_mixin.py:190} INFO - Dataset URL: https://www.kaggle.com/datasets/carrie1/ecommerce-data
[2026-06-23T22:23:18.254+0000] {etl_ecommerce_dag.py:97} INFO - ✅ Dataset descargado en /opt/***/data/raw
[2026-06-23T22:23:18.730+0000] {etl_ecommerce_dag.py:102} INFO - Registros leídos: 541909
[2026-06-23T22:23:18.730+0000] {etl_ecommerce_dag.py:103} INFO - Columnas: ['InvoiceNo', 'StockCode', 'Description', 'Quantity', 'InvoiceDate', 'UnitPrice', 'CustomerID', 'Country']
[2026-06-23T22:23:24.150+0000] {python.py:240} INFO - Done. Returned value was: None
[2026-06-23T22:23:24.157+0000] {taskinstance.py:341} INFO - ::group::Post task execution logs
[2026-06-23T22:23:24.157+0000] {taskinstance.py:353} INFO - Marking task as SUCCESS. dag_id=etl_ecommerce, task_id=extract, run_id=scheduled__2026-06-22T06:00:00+00:00, execution_date=20260622T060000, start_date=20260623T222316, end_date=20260623T222324
[2026-06-23T22:23:24.202+0000] {local_task_job_runner.py:266} INFO - Task exited with return code 0
[2026-06-23T22:23:24.225+0000] {taskinstance.py:3901} INFO - 1 downstream tasks scheduled from follow-on schedule check
[2026-06-23T22:23:24.226+0000] {local_task_job_runner.py:245} INFO - ::endgroup::
