[2026-06-23T00:45:51.459+0000] {local_task_job_runner.py:123} INFO - ::group::Pre task execution logs
[2026-06-23T00:45:51.506+0000] {taskinstance.py:2614} INFO - Dependencies all met for dep_context=non-requeueable deps ti=<TaskInstance: etl_random_users.extract manual__2026-06-23T00:45:45.224590+00:00 [queued]>
[2026-06-23T00:45:51.529+0000] {taskinstance.py:2614} INFO - Dependencies all met for dep_context=requeueable deps ti=<TaskInstance: etl_random_users.extract manual__2026-06-23T00:45:45.224590+00:00 [queued]>
[2026-06-23T00:45:51.538+0000] {taskinstance.py:2867} INFO - Starting attempt 1 of 3
[2026-06-23T00:45:51.575+0000] {taskinstance.py:2890} INFO - Executing <Task(PythonOperator): extract> on 2026-06-23 00:45:45.224590+00:00
[2026-06-23T00:45:51.596+0000] {logging_mixin.py:190} WARNING - /home/***/.local/lib/python3.12/site-packages/***/task/task_runner/standard_task_runner.py:70 DeprecationWarning: This process (pid=730) is multi-threaded, use of fork() may lead to deadlocks in the child.
[2026-06-23T00:45:51.596+0000] {standard_task_runner.py:104} INFO - Running: ['***', 'tasks', 'run', 'etl_random_users', 'extract', 'manual__2026-06-23T00:45:45.224590+00:00', '--job-id', '126', '--raw', '--subdir', 'DAGS_FOLDER/hola_mundo_dag.py', '--cfg-path', '/tmp/tmpnvv58s8g']
[2026-06-23T00:45:51.602+0000] {standard_task_runner.py:72} INFO - Started process 732 to run task
[2026-06-23T00:45:51.603+0000] {standard_task_runner.py:105} INFO - Job 126: Subtask extract
[2026-06-23T00:45:51.707+0000] {task_command.py:467} INFO - Running <TaskInstance: etl_random_users.extract manual__2026-06-23T00:45:45.224590+00:00 [running]> on host 2739510d87fa
[2026-06-23T00:45:51.848+0000] {taskinstance.py:3134} INFO - Exporting env vars: AIRFLOW_CTX_DAG_OWNER='juan_camilo' AIRFLOW_CTX_DAG_ID='etl_random_users' AIRFLOW_CTX_TASK_ID='extract' AIRFLOW_CTX_EXECUTION_DATE='2026-06-23T00:45:45.224590+00:00' AIRFLOW_CTX_TRY_NUMBER='1' AIRFLOW_CTX_DAG_RUN_ID='manual__2026-06-23T00:45:45.224590+00:00'
[2026-06-23T00:45:51.850+0000] {taskinstance.py:732} INFO - ::endgroup::
[2026-06-23T00:45:51.875+0000] {hola_mundo_dag.py:63} INFO - Iniciando extracción de 100 usuarios...
[2026-06-23T00:45:52.287+0000] {hola_mundo_dag.py:73} INFO -   Batch 1/1 — 100 usuarios obtenidos
[2026-06-23T00:45:52.289+0000] {hola_mundo_dag.py:75} INFO - Extracción completa: 100 usuarios en total.
[2026-06-23T00:45:52.334+0000] {python.py:240} INFO - Done. Returned value was: None
[2026-06-23T00:45:52.354+0000] {taskinstance.py:341} INFO - ::group::Post task execution logs
[2026-06-23T00:45:52.356+0000] {taskinstance.py:353} INFO - Marking task as SUCCESS. dag_id=etl_random_users, task_id=extract, run_id=manual__2026-06-23T00:45:45.224590+00:00, execution_date=20260623T004545, start_date=20260623T004551, end_date=20260623T004552
[2026-06-23T00:45:52.463+0000] {local_task_job_runner.py:266} INFO - Task exited with return code 0
[2026-06-23T00:45:52.488+0000] {local_task_job_runner.py:245} INFO - ::endgroup::
