[2026-06-23T20:58:56.932+0000] {local_task_job_runner.py:123} INFO - ::group::Pre task execution logs
[2026-06-23T20:58:56.944+0000] {taskinstance.py:2614} INFO - Dependencies all met for dep_context=non-requeueable deps ti=<TaskInstance: etl_ecommerce.transform manual__2026-06-23T20:49:02.808373+00:00 [queued]>
[2026-06-23T20:58:56.949+0000] {taskinstance.py:2614} INFO - Dependencies all met for dep_context=requeueable deps ti=<TaskInstance: etl_ecommerce.transform manual__2026-06-23T20:49:02.808373+00:00 [queued]>
[2026-06-23T20:58:56.949+0000] {taskinstance.py:2867} INFO - Starting attempt 1 of 3
[2026-06-23T20:58:56.956+0000] {taskinstance.py:2890} INFO - Executing <Task(PythonOperator): transform> on 2026-06-23 20:49:02.808373+00:00
[2026-06-23T20:58:56.962+0000] {standard_task_runner.py:104} INFO - Running: ['***', 'tasks', 'run', 'etl_ecommerce', 'transform', 'manual__2026-06-23T20:49:02.808373+00:00', '--job-id', '126', '--raw', '--subdir', 'DAGS_FOLDER/etl_ecommerce_dag.py', '--cfg-path', '/tmp/tmpoky7nm25']
[2026-06-23T20:58:56.963+0000] {standard_task_runner.py:105} INFO - Job 126: Subtask transform
[2026-06-23T20:58:56.963+0000] {logging_mixin.py:190} WARNING - /home/***/.local/lib/python3.12/site-packages/***/task/task_runner/standard_task_runner.py:70 DeprecationWarning: This process (pid=311) is multi-threaded, use of fork() may lead to deadlocks in the child.
[2026-06-23T20:58:56.964+0000] {standard_task_runner.py:72} INFO - Started process 313 to run task
[2026-06-23T20:58:56.990+0000] {task_command.py:467} INFO - Running <TaskInstance: etl_ecommerce.transform manual__2026-06-23T20:49:02.808373+00:00 [running]> on host d2930d66fea2
[2026-06-23T20:58:57.034+0000] {taskinstance.py:3134} INFO - Exporting env vars: AIRFLOW_CTX_DAG_OWNER='juan_camilo' AIRFLOW_CTX_DAG_ID='etl_ecommerce' AIRFLOW_CTX_TASK_ID='transform' AIRFLOW_CTX_EXECUTION_DATE='2026-06-23T20:49:02.808373+00:00' AIRFLOW_CTX_TRY_NUMBER='1' AIRFLOW_CTX_DAG_RUN_ID='manual__2026-06-23T20:49:02.808373+00:00'
[2026-06-23T20:58:57.035+0000] {taskinstance.py:732} INFO - ::endgroup::
[2026-06-23T20:58:59.927+0000] {etl_ecommerce_dag.py:146} INFO - Shape inicial: (541909, 8)
[2026-06-23T20:59:00.110+0000] {etl_ecommerce_dag.py:150} INFO - Tras eliminar cancelaciones: (532621, 8)
[2026-06-23T20:59:00.168+0000] {etl_ecommerce_dag.py:154} INFO - Tras eliminar sin CustomerID: (397924, 8)
[2026-06-23T20:59:00.215+0000] {etl_ecommerce_dag.py:158} INFO - Tras filtrar cantidades/precios inválidos: (397884, 8)
[2026-06-23T20:59:02.041+0000] {etl_ecommerce_dag.py:210} INFO - Shape final: (392692, 12)
[2026-06-23T20:59:02.051+0000] {etl_ecommerce_dag.py:211} INFO - Segmentos de venta:
segmento_venta
Medio      195473
Bajo       170009
Alto        23157
Premium      4053
[2026-06-23T20:59:02.070+0000] {etl_ecommerce_dag.py:212} INFO - Países únicos: 37
[2026-06-23T20:59:07.292+0000] {python.py:240} INFO - Done. Returned value was: None
[2026-06-23T20:59:07.298+0000] {taskinstance.py:341} INFO - ::group::Post task execution logs
[2026-06-23T20:59:07.298+0000] {taskinstance.py:353} INFO - Marking task as SUCCESS. dag_id=etl_ecommerce, task_id=transform, run_id=manual__2026-06-23T20:49:02.808373+00:00, execution_date=20260623T204902, start_date=20260623T205856, end_date=20260623T205907
[2026-06-23T20:59:07.334+0000] {local_task_job_runner.py:266} INFO - Task exited with return code 0
[2026-06-23T20:59:07.353+0000] {taskinstance.py:3901} INFO - 1 downstream tasks scheduled from follow-on schedule check
[2026-06-23T20:59:07.354+0000] {local_task_job_runner.py:245} INFO - ::endgroup::
