[2026-06-23T19:47:39.145+0000] {local_task_job_runner.py:123} INFO - ::group::Pre task execution logs
[2026-06-23T19:47:39.160+0000] {taskinstance.py:2614} INFO - Dependencies all met for dep_context=non-requeueable deps ti=<TaskInstance: etl_random_users.extract manual__2026-06-23T19:47:36.768528+00:00 [queued]>
[2026-06-23T19:47:39.166+0000] {taskinstance.py:2614} INFO - Dependencies all met for dep_context=requeueable deps ti=<TaskInstance: etl_random_users.extract manual__2026-06-23T19:47:36.768528+00:00 [queued]>
[2026-06-23T19:47:39.166+0000] {taskinstance.py:2867} INFO - Starting attempt 1 of 3
[2026-06-23T19:47:39.176+0000] {taskinstance.py:2890} INFO - Executing <Task(PythonOperator): extract> on 2026-06-23 19:47:36.768528+00:00
[2026-06-23T19:47:39.181+0000] {standard_task_runner.py:104} INFO - Running: ['***', 'tasks', 'run', 'etl_random_users', 'extract', 'manual__2026-06-23T19:47:36.768528+00:00', '--job-id', '24', '--raw', '--subdir', 'DAGS_FOLDER/hola_mundo_dag.py', '--cfg-path', '/tmp/tmp1_a2wk05']
[2026-06-23T19:47:39.182+0000] {standard_task_runner.py:105} INFO - Job 24: Subtask extract
[2026-06-23T19:47:39.183+0000] {logging_mixin.py:190} WARNING - /home/***/.local/lib/python3.12/site-packages/***/task/task_runner/standard_task_runner.py:70 DeprecationWarning: This process (pid=182) is multi-threaded, use of fork() may lead to deadlocks in the child.
[2026-06-23T19:47:39.183+0000] {standard_task_runner.py:72} INFO - Started process 184 to run task
[2026-06-23T19:47:39.214+0000] {task_command.py:467} INFO - Running <TaskInstance: etl_random_users.extract manual__2026-06-23T19:47:36.768528+00:00 [running]> on host 5e2f3db502aa
[2026-06-23T19:47:39.263+0000] {taskinstance.py:3134} INFO - Exporting env vars: AIRFLOW_CTX_DAG_OWNER='juan_camilo' AIRFLOW_CTX_DAG_ID='etl_random_users' AIRFLOW_CTX_TASK_ID='extract' AIRFLOW_CTX_EXECUTION_DATE='2026-06-23T19:47:36.768528+00:00' AIRFLOW_CTX_TRY_NUMBER='1' AIRFLOW_CTX_DAG_RUN_ID='manual__2026-06-23T19:47:36.768528+00:00'
[2026-06-23T19:47:39.263+0000] {taskinstance.py:732} INFO - ::endgroup::
[2026-06-23T19:47:39.273+0000] {hola_mundo_dag.py:63} INFO - Iniciando extracción de 100 usuarios...
[2026-06-23T19:47:39.657+0000] {hola_mundo_dag.py:73} INFO -   Batch 1/1 — 100 usuarios obtenidos
[2026-06-23T19:47:39.657+0000] {hola_mundo_dag.py:75} INFO - Extracción completa: 100 usuarios en total.
[2026-06-23T19:47:39.671+0000] {python.py:240} INFO - Done. Returned value was: None
[2026-06-23T19:47:39.677+0000] {taskinstance.py:341} INFO - ::group::Post task execution logs
[2026-06-23T19:47:39.678+0000] {taskinstance.py:353} INFO - Marking task as SUCCESS. dag_id=etl_random_users, task_id=extract, run_id=manual__2026-06-23T19:47:36.768528+00:00, execution_date=20260623T194736, start_date=20260623T194739, end_date=20260623T194739
[2026-06-23T19:47:39.717+0000] {local_task_job_runner.py:266} INFO - Task exited with return code 0
[2026-06-23T19:47:39.735+0000] {taskinstance.py:3901} INFO - 1 downstream tasks scheduled from follow-on schedule check
[2026-06-23T19:47:39.736+0000] {local_task_job_runner.py:245} INFO - ::endgroup::
