[2026-06-23T20:35:10.662+0000] {local_task_job_runner.py:123} INFO - ::group::Pre task execution logs
[2026-06-23T20:35:10.674+0000] {taskinstance.py:2614} INFO - Dependencies all met for dep_context=non-requeueable deps ti=<TaskInstance: etl_random_users.transform manual__2026-06-23T20:32:03.889638+00:00 [queued]>
[2026-06-23T20:35:10.679+0000] {taskinstance.py:2614} INFO - Dependencies all met for dep_context=requeueable deps ti=<TaskInstance: etl_random_users.transform manual__2026-06-23T20:32:03.889638+00:00 [queued]>
[2026-06-23T20:35:10.680+0000] {taskinstance.py:2867} INFO - Starting attempt 1 of 3
[2026-06-23T20:35:10.687+0000] {taskinstance.py:2890} INFO - Executing <Task(PythonOperator): transform> on 2026-06-23 20:32:03.889638+00:00
[2026-06-23T20:35:10.693+0000] {standard_task_runner.py:104} INFO - Running: ['***', 'tasks', 'run', 'etl_random_users', 'transform', 'manual__2026-06-23T20:32:03.889638+00:00', '--job-id', '64', '--raw', '--subdir', 'DAGS_FOLDER/hola_mundo_dag.py', '--cfg-path', '/tmp/tmpylwsd75h']
[2026-06-23T20:35:10.694+0000] {standard_task_runner.py:105} INFO - Job 64: Subtask transform
[2026-06-23T20:35:10.694+0000] {logging_mixin.py:190} WARNING - /home/***/.local/lib/python3.12/site-packages/***/task/task_runner/standard_task_runner.py:70 DeprecationWarning: This process (pid=282) is multi-threaded, use of fork() may lead to deadlocks in the child.
[2026-06-23T20:35:10.695+0000] {standard_task_runner.py:72} INFO - Started process 287 to run task
[2026-06-23T20:35:10.720+0000] {task_command.py:467} INFO - Running <TaskInstance: etl_random_users.transform manual__2026-06-23T20:32:03.889638+00:00 [running]> on host 8884758d4df3
[2026-06-23T20:35:10.768+0000] {taskinstance.py:3134} INFO - Exporting env vars: AIRFLOW_CTX_DAG_OWNER='juan_camilo' AIRFLOW_CTX_DAG_ID='etl_random_users' AIRFLOW_CTX_TASK_ID='transform' AIRFLOW_CTX_EXECUTION_DATE='2026-06-23T20:32:03.889638+00:00' AIRFLOW_CTX_TRY_NUMBER='1' AIRFLOW_CTX_DAG_RUN_ID='manual__2026-06-23T20:32:03.889638+00:00'
[2026-06-23T20:35:10.769+0000] {taskinstance.py:732} INFO - ::endgroup::
[2026-06-23T20:35:10.788+0000] {hola_mundo_dag.py:120} INFO - Transformando 100 usuarios...
[2026-06-23T20:35:10.790+0000] {hola_mundo_dag.py:142} INFO - Shape inicial: (100, 13)
[2026-06-23T20:35:10.794+0000] {hola_mundo_dag.py:171} INFO - Shape final tras transformaciones: (100, 15)
[2026-06-23T20:35:10.795+0000] {hola_mundo_dag.py:172} INFO - Segmentos:
segmento_edad
Maduro    38
Senior    35
Adulto    27
[2026-06-23T20:35:10.806+0000] {python.py:240} INFO - Done. Returned value was: None
[2026-06-23T20:35:10.812+0000] {taskinstance.py:341} INFO - ::group::Post task execution logs
[2026-06-23T20:35:10.812+0000] {taskinstance.py:353} INFO - Marking task as SUCCESS. dag_id=etl_random_users, task_id=transform, run_id=manual__2026-06-23T20:32:03.889638+00:00, execution_date=20260623T203203, start_date=20260623T203510, end_date=20260623T203510
[2026-06-23T20:35:10.868+0000] {local_task_job_runner.py:266} INFO - Task exited with return code 0
[2026-06-23T20:35:10.891+0000] {taskinstance.py:3901} INFO - 1 downstream tasks scheduled from follow-on schedule check
[2026-06-23T20:35:10.892+0000] {local_task_job_runner.py:245} INFO - ::endgroup::
