[2026-06-23T21:13:14.322+0000] {local_task_job_runner.py:123} INFO - ::group::Pre task execution logs
[2026-06-23T21:13:14.334+0000] {taskinstance.py:2614} INFO - Dependencies all met for dep_context=non-requeueable deps ti=<TaskInstance: etl_ecommerce.load manual__2026-06-23T21:12:44.245461+00:00 [queued]>
[2026-06-23T21:13:14.340+0000] {taskinstance.py:2614} INFO - Dependencies all met for dep_context=requeueable deps ti=<TaskInstance: etl_ecommerce.load manual__2026-06-23T21:12:44.245461+00:00 [queued]>
[2026-06-23T21:13:14.340+0000] {taskinstance.py:2867} INFO - Starting attempt 1 of 3
[2026-06-23T21:13:14.347+0000] {taskinstance.py:2890} INFO - Executing <Task(PythonOperator): load> on 2026-06-23 21:12:44.245461+00:00
[2026-06-23T21:13:14.352+0000] {logging_mixin.py:190} WARNING - /home/***/.local/lib/python3.12/site-packages/***/task/task_runner/standard_task_runner.py:70 DeprecationWarning: This process (pid=618) is multi-threaded, use of fork() may lead to deadlocks in the child.
[2026-06-23T21:13:14.353+0000] {standard_task_runner.py:72} INFO - Started process 620 to run task
[2026-06-23T21:13:14.353+0000] {standard_task_runner.py:104} INFO - Running: ['***', 'tasks', 'run', 'etl_ecommerce', 'load', 'manual__2026-06-23T21:12:44.245461+00:00', '--job-id', '157', '--raw', '--subdir', 'DAGS_FOLDER/etl_ecommerce_dag.py', '--cfg-path', '/tmp/tmpdkun7dwz']
[2026-06-23T21:13:14.354+0000] {standard_task_runner.py:105} INFO - Job 157: Subtask load
[2026-06-23T21:13:14.381+0000] {task_command.py:467} INFO - Running <TaskInstance: etl_ecommerce.load manual__2026-06-23T21:12:44.245461+00:00 [running]> on host d2930d66fea2
[2026-06-23T21:13:14.425+0000] {taskinstance.py:3134} INFO - Exporting env vars: AIRFLOW_CTX_DAG_OWNER='juan_camilo' AIRFLOW_CTX_DAG_ID='etl_ecommerce' AIRFLOW_CTX_TASK_ID='load' AIRFLOW_CTX_EXECUTION_DATE='2026-06-23T21:12:44.245461+00:00' AIRFLOW_CTX_TRY_NUMBER='1' AIRFLOW_CTX_DAG_RUN_ID='manual__2026-06-23T21:12:44.245461+00:00'
[2026-06-23T21:13:14.425+0000] {taskinstance.py:732} INFO - ::endgroup::
[2026-06-23T21:13:16.979+0000] {etl_ecommerce_dag.py:224} INFO - Cargando 387841 registros en Supabase...
[2026-06-23T21:13:16.980+0000] {crypto.py:82} WARNING - empty cryptography key - values will not be stored encrypted.
[2026-06-23T21:13:16.980+0000] {base.py:84} INFO - Retrieving connection 'postgres_destino'
[2026-06-23T21:13:17.909+0000] {etl_ecommerce_dag.py:250} INFO - Tabla 'ecommerce_transacciones' lista.
[2026-06-23T21:13:19.742+0000] {etl_ecommerce_dag.py:289} INFO -   Lote 1 — 1000/387841 registros insertados
[2026-06-23T21:13:21.020+0000] {etl_ecommerce_dag.py:289} INFO -   Lote 2 — 2000/387841 registros insertados
[2026-06-23T21:13:22.277+0000] {etl_ecommerce_dag.py:289} INFO -   Lote 3 — 3000/387841 registros insertados
[2026-06-23T21:13:23.545+0000] {etl_ecommerce_dag.py:289} INFO -   Lote 4 — 4000/387841 registros insertados
[2026-06-23T21:13:24.823+0000] {etl_ecommerce_dag.py:289} INFO -   Lote 5 — 5000/387841 registros insertados
[2026-06-23T21:13:26.083+0000] {etl_ecommerce_dag.py:289} INFO -   Lote 6 — 6000/387841 registros insertados
[2026-06-23T21:13:27.351+0000] {etl_ecommerce_dag.py:289} INFO -   Lote 7 — 7000/387841 registros insertados
[2026-06-23T21:13:28.601+0000] {etl_ecommerce_dag.py:289} INFO -   Lote 8 — 8000/387841 registros insertados
[2026-06-23T21:13:29.879+0000] {etl_ecommerce_dag.py:289} INFO -   Lote 9 — 9000/387841 registros insertados
[2026-06-23T21:13:31.158+0000] {etl_ecommerce_dag.py:289} INFO -   Lote 10 — 10000/387841 registros insertados
[2026-06-23T21:13:32.426+0000] {etl_ecommerce_dag.py:289} INFO -   Lote 11 — 11000/387841 registros insertados
[2026-06-23T21:13:33.688+0000] {etl_ecommerce_dag.py:289} INFO -   Lote 12 — 12000/387841 registros insertados
[2026-06-23T21:13:34.951+0000] {etl_ecommerce_dag.py:289} INFO -   Lote 13 — 13000/387841 registros insertados
[2026-06-23T21:13:36.217+0000] {etl_ecommerce_dag.py:289} INFO -   Lote 14 — 14000/387841 registros insertados
[2026-06-23T21:13:37.478+0000] {etl_ecommerce_dag.py:289} INFO -   Lote 15 — 15000/387841 registros insertados
[2026-06-23T21:13:38.733+0000] {etl_ecommerce_dag.py:289} INFO -   Lote 16 — 16000/387841 registros insertados
[2026-06-23T21:13:39.976+0000] {etl_ecommerce_dag.py:289} INFO -   Lote 17 — 17000/387841 registros insertados
[2026-06-23T21:13:41.232+0000] {etl_ecommerce_dag.py:289} INFO -   Lote 18 — 18000/387841 registros insertados
[2026-06-23T21:13:42.476+0000] {etl_ecommerce_dag.py:289} INFO -   Lote 19 — 19000/387841 registros insertados
[2026-06-23T21:13:43.732+0000] {etl_ecommerce_dag.py:289} INFO -   Lote 20 — 20000/387841 registros insertados
[2026-06-23T21:13:44.983+0000] {etl_ecommerce_dag.py:289} INFO -   Lote 21 — 21000/387841 registros insertados
[2026-06-23T21:13:46.238+0000] {etl_ecommerce_dag.py:289} INFO -   Lote 22 — 22000/387841 registros insertados
[2026-06-23T21:13:47.493+0000] {etl_ecommerce_dag.py:289} INFO -   Lote 23 — 23000/387841 registros insertados
[2026-06-23T21:13:48.728+0000] {etl_ecommerce_dag.py:289} INFO -   Lote 24 — 24000/387841 registros insertados
[2026-06-23T21:13:49.973+0000] {etl_ecommerce_dag.py:289} INFO -   Lote 25 — 25000/387841 registros insertados
[2026-06-23T21:13:51.218+0000] {etl_ecommerce_dag.py:289} INFO -   Lote 26 — 26000/387841 registros insertados
[2026-06-23T21:13:52.471+0000] {etl_ecommerce_dag.py:289} INFO -   Lote 27 — 27000/387841 registros insertados
[2026-06-23T21:13:53.735+0000] {etl_ecommerce_dag.py:289} INFO -   Lote 28 — 28000/387841 registros insertados
[2026-06-23T21:13:55.293+0000] {etl_ecommerce_dag.py:289} INFO -   Lote 29 — 29000/387841 registros insertados
[2026-06-23T21:13:56.547+0000] {etl_ecommerce_dag.py:289} INFO -   Lote 30 — 30000/387841 registros insertados
[2026-06-23T21:13:57.801+0000] {etl_ecommerce_dag.py:289} INFO -   Lote 31 — 31000/387841 registros insertados
[2026-06-23T21:13:59.059+0000] {etl_ecommerce_dag.py:289} INFO -   Lote 32 — 32000/387841 registros insertados
[2026-06-23T21:14:00.303+0000] {etl_ecommerce_dag.py:289} INFO -   Lote 33 — 33000/387841 registros insertados
[2026-06-23T21:14:01.549+0000] {etl_ecommerce_dag.py:289} INFO -   Lote 34 — 34000/387841 registros insertados
[2026-06-23T21:14:02.792+0000] {etl_ecommerce_dag.py:289} INFO -   Lote 35 — 35000/387841 registros insertados
[2026-06-23T21:14:04.042+0000] {etl_ecommerce_dag.py:289} INFO -   Lote 36 — 36000/387841 registros insertados
[2026-06-23T21:14:05.299+0000] {etl_ecommerce_dag.py:289} INFO -   Lote 37 — 37000/387841 registros insertados
[2026-06-23T21:14:06.558+0000] {etl_ecommerce_dag.py:289} INFO -   Lote 38 — 38000/387841 registros insertados
[2026-06-23T21:14:07.876+0000] {etl_ecommerce_dag.py:289} INFO -   Lote 39 — 39000/387841 registros insertados
[2026-06-23T21:14:09.114+0000] {etl_ecommerce_dag.py:289} INFO -   Lote 40 — 40000/387841 registros insertados
[2026-06-23T21:14:10.358+0000] {etl_ecommerce_dag.py:289} INFO -   Lote 41 — 41000/387841 registros insertados
[2026-06-23T21:14:11.608+0000] {etl_ecommerce_dag.py:289} INFO -   Lote 42 — 42000/387841 registros insertados
[2026-06-23T21:14:12.864+0000] {etl_ecommerce_dag.py:289} INFO -   Lote 43 — 43000/387841 registros insertados
[2026-06-23T21:14:14.125+0000] {etl_ecommerce_dag.py:289} INFO -   Lote 44 — 44000/387841 registros insertados
[2026-06-23T21:14:15.380+0000] {etl_ecommerce_dag.py:289} INFO -   Lote 45 — 45000/387841 registros insertados
[2026-06-23T21:14:16.612+0000] {etl_ecommerce_dag.py:289} INFO -   Lote 46 — 46000/387841 registros insertados
[2026-06-23T21:14:17.862+0000] {etl_ecommerce_dag.py:289} INFO -   Lote 47 — 47000/387841 registros insertados
[2026-06-23T21:14:19.102+0000] {etl_ecommerce_dag.py:289} INFO -   Lote 48 — 48000/387841 registros insertados
[2026-06-23T21:14:20.348+0000] {etl_ecommerce_dag.py:289} INFO -   Lote 49 — 49000/387841 registros insertados
[2026-06-23T21:14:21.589+0000] {etl_ecommerce_dag.py:289} INFO -   Lote 50 — 50000/387841 registros insertados
[2026-06-23T21:14:22.820+0000] {etl_ecommerce_dag.py:289} INFO -   Lote 51 — 51000/387841 registros insertados
[2026-06-23T21:14:24.046+0000] {etl_ecommerce_dag.py:289} INFO -   Lote 52 — 52000/387841 registros insertados
[2026-06-23T21:14:25.263+0000] {etl_ecommerce_dag.py:289} INFO -   Lote 53 — 53000/387841 registros insertados
[2026-06-23T21:14:26.506+0000] {etl_ecommerce_dag.py:289} INFO -   Lote 54 — 54000/387841 registros insertados
[2026-06-23T21:14:27.720+0000] {etl_ecommerce_dag.py:289} INFO -   Lote 55 — 55000/387841 registros insertados
[2026-06-23T21:14:28.947+0000] {etl_ecommerce_dag.py:289} INFO -   Lote 56 — 56000/387841 registros insertados
[2026-06-23T21:14:30.195+0000] {etl_ecommerce_dag.py:289} INFO -   Lote 57 — 57000/387841 registros insertados
[2026-06-23T21:14:31.446+0000] {etl_ecommerce_dag.py:289} INFO -   Lote 58 — 58000/387841 registros insertados
[2026-06-23T21:14:32.694+0000] {etl_ecommerce_dag.py:289} INFO -   Lote 59 — 59000/387841 registros insertados
[2026-06-23T21:14:33.926+0000] {etl_ecommerce_dag.py:289} INFO -   Lote 60 — 60000/387841 registros insertados
[2026-06-23T21:14:35.177+0000] {etl_ecommerce_dag.py:289} INFO -   Lote 61 — 61000/387841 registros insertados
[2026-06-23T21:14:36.431+0000] {etl_ecommerce_dag.py:289} INFO -   Lote 62 — 62000/387841 registros insertados
[2026-06-23T21:14:37.668+0000] {etl_ecommerce_dag.py:289} INFO -   Lote 63 — 63000/387841 registros insertados
[2026-06-23T21:14:38.921+0000] {etl_ecommerce_dag.py:289} INFO -   Lote 64 — 64000/387841 registros insertados
[2026-06-23T21:14:40.169+0000] {etl_ecommerce_dag.py:289} INFO -   Lote 65 — 65000/387841 registros insertados
[2026-06-23T21:14:41.389+0000] {etl_ecommerce_dag.py:289} INFO -   Lote 66 — 66000/387841 registros insertados
[2026-06-23T21:14:42.501+0000] {etl_ecommerce_dag.py:289} INFO -   Lote 67 — 67000/387841 registros insertados
[2026-06-23T21:14:43.676+0000] {etl_ecommerce_dag.py:289} INFO -   Lote 68 — 68000/387841 registros insertados
[2026-06-23T21:14:44.912+0000] {etl_ecommerce_dag.py:289} INFO -   Lote 69 — 69000/387841 registros insertados
[2026-06-23T21:14:46.162+0000] {etl_ecommerce_dag.py:289} INFO -   Lote 70 — 70000/387841 registros insertados
[2026-06-23T21:14:47.413+0000] {etl_ecommerce_dag.py:289} INFO -   Lote 71 — 71000/387841 registros insertados
[2026-06-23T21:14:48.665+0000] {etl_ecommerce_dag.py:289} INFO -   Lote 72 — 72000/387841 registros insertados
[2026-06-23T21:14:49.926+0000] {etl_ecommerce_dag.py:289} INFO -   Lote 73 — 73000/387841 registros insertados
[2026-06-23T21:14:51.181+0000] {etl_ecommerce_dag.py:289} INFO -   Lote 74 — 74000/387841 registros insertados
[2026-06-23T21:14:52.433+0000] {etl_ecommerce_dag.py:289} INFO -   Lote 75 — 75000/387841 registros insertados
[2026-06-23T21:14:53.691+0000] {etl_ecommerce_dag.py:289} INFO -   Lote 76 — 76000/387841 registros insertados
[2026-06-23T21:14:54.953+0000] {etl_ecommerce_dag.py:289} INFO -   Lote 77 — 77000/387841 registros insertados
[2026-06-23T21:14:56.210+0000] {etl_ecommerce_dag.py:289} INFO -   Lote 78 — 78000/387841 registros insertados
[2026-06-23T21:14:57.485+0000] {etl_ecommerce_dag.py:289} INFO -   Lote 79 — 79000/387841 registros insertados
[2026-06-23T21:14:58.741+0000] {etl_ecommerce_dag.py:289} INFO -   Lote 80 — 80000/387841 registros insertados
[2026-06-23T21:14:59.996+0000] {etl_ecommerce_dag.py:289} INFO -   Lote 81 — 81000/387841 registros insertados
[2026-06-23T21:15:01.249+0000] {etl_ecommerce_dag.py:289} INFO -   Lote 82 — 82000/387841 registros insertados
[2026-06-23T21:15:02.502+0000] {etl_ecommerce_dag.py:289} INFO -   Lote 83 — 83000/387841 registros insertados
[2026-06-23T21:15:03.742+0000] {etl_ecommerce_dag.py:289} INFO -   Lote 84 — 84000/387841 registros insertados
[2026-06-23T21:15:05.001+0000] {etl_ecommerce_dag.py:289} INFO -   Lote 85 — 85000/387841 registros insertados
[2026-06-23T21:15:06.258+0000] {etl_ecommerce_dag.py:289} INFO -   Lote 86 — 86000/387841 registros insertados
[2026-06-23T21:15:07.493+0000] {etl_ecommerce_dag.py:289} INFO -   Lote 87 — 87000/387841 registros insertados
[2026-06-23T21:15:08.735+0000] {etl_ecommerce_dag.py:289} INFO -   Lote 88 — 88000/387841 registros insertados
[2026-06-23T21:15:09.988+0000] {etl_ecommerce_dag.py:289} INFO -   Lote 89 — 89000/387841 registros insertados
[2026-06-23T21:15:11.243+0000] {etl_ecommerce_dag.py:289} INFO -   Lote 90 — 90000/387841 registros insertados
[2026-06-23T21:15:12.497+0000] {etl_ecommerce_dag.py:289} INFO -   Lote 91 — 91000/387841 registros insertados
[2026-06-23T21:15:13.746+0000] {etl_ecommerce_dag.py:289} INFO -   Lote 92 — 92000/387841 registros insertados
[2026-06-23T21:15:14.996+0000] {etl_ecommerce_dag.py:289} INFO -   Lote 93 — 93000/387841 registros insertados
[2026-06-23T21:15:16.247+0000] {etl_ecommerce_dag.py:289} INFO -   Lote 94 — 94000/387841 registros insertados
[2026-06-23T21:15:17.472+0000] {etl_ecommerce_dag.py:289} INFO -   Lote 95 — 95000/387841 registros insertados
[2026-06-23T21:15:18.738+0000] {etl_ecommerce_dag.py:289} INFO -   Lote 96 — 96000/387841 registros insertados
[2026-06-23T21:15:19.979+0000] {etl_ecommerce_dag.py:289} INFO -   Lote 97 — 97000/387841 registros insertados
[2026-06-23T21:15:21.221+0000] {etl_ecommerce_dag.py:289} INFO -   Lote 98 — 98000/387841 registros insertados
[2026-06-23T21:15:22.472+0000] {etl_ecommerce_dag.py:289} INFO -   Lote 99 — 99000/387841 registros insertados
[2026-06-23T21:15:23.728+0000] {etl_ecommerce_dag.py:289} INFO -   Lote 100 — 100000/387841 registros insertados
[2026-06-23T21:15:24.978+0000] {etl_ecommerce_dag.py:289} INFO -   Lote 101 — 101000/387841 registros insertados
[2026-06-23T21:15:26.227+0000] {etl_ecommerce_dag.py:289} INFO -   Lote 102 — 102000/387841 registros insertados
[2026-06-23T21:15:27.474+0000] {etl_ecommerce_dag.py:289} INFO -   Lote 103 — 103000/387841 registros insertados
[2026-06-23T21:15:28.730+0000] {etl_ecommerce_dag.py:289} INFO -   Lote 104 — 104000/387841 registros insertados
[2026-06-23T21:15:29.957+0000] {etl_ecommerce_dag.py:289} INFO -   Lote 105 — 105000/387841 registros insertados
[2026-06-23T21:15:31.187+0000] {etl_ecommerce_dag.py:289} INFO -   Lote 106 — 106000/387841 registros insertados
[2026-06-23T21:15:32.440+0000] {etl_ecommerce_dag.py:289} INFO -   Lote 107 — 107000/387841 registros insertados
[2026-06-23T21:15:33.693+0000] {etl_ecommerce_dag.py:289} INFO -   Lote 108 — 108000/387841 registros insertados
[2026-06-23T21:15:34.941+0000] {etl_ecommerce_dag.py:289} INFO -   Lote 109 — 109000/387841 registros insertados
[2026-06-23T21:15:36.193+0000] {etl_ecommerce_dag.py:289} INFO -   Lote 110 — 110000/387841 registros insertados
[2026-06-23T21:15:37.421+0000] {etl_ecommerce_dag.py:289} INFO -   Lote 111 — 111000/387841 registros insertados
[2026-06-23T21:15:38.656+0000] {etl_ecommerce_dag.py:289} INFO -   Lote 112 — 112000/387841 registros insertados
[2026-06-23T21:15:39.906+0000] {etl_ecommerce_dag.py:289} INFO -   Lote 113 — 113000/387841 registros insertados
[2026-06-23T21:15:41.157+0000] {etl_ecommerce_dag.py:289} INFO -   Lote 114 — 114000/387841 registros insertados
[2026-06-23T21:15:42.410+0000] {etl_ecommerce_dag.py:289} INFO -   Lote 115 — 115000/387841 registros insertados
[2026-06-23T21:15:43.662+0000] {etl_ecommerce_dag.py:289} INFO -   Lote 116 — 116000/387841 registros insertados
[2026-06-23T21:15:44.891+0000] {etl_ecommerce_dag.py:289} INFO -   Lote 117 — 117000/387841 registros insertados
[2026-06-23T21:15:46.141+0000] {etl_ecommerce_dag.py:289} INFO -   Lote 118 — 118000/387841 registros insertados
[2026-06-23T21:15:47.371+0000] {etl_ecommerce_dag.py:289} INFO -   Lote 119 — 119000/387841 registros insertados
[2026-06-23T21:15:48.602+0000] {etl_ecommerce_dag.py:289} INFO -   Lote 120 — 120000/387841 registros insertados
[2026-06-23T21:15:49.844+0000] {etl_ecommerce_dag.py:289} INFO -   Lote 121 — 121000/387841 registros insertados
[2026-06-23T21:15:51.095+0000] {etl_ecommerce_dag.py:289} INFO -   Lote 122 — 122000/387841 registros insertados
[2026-06-23T21:15:52.333+0000] {etl_ecommerce_dag.py:289} INFO -   Lote 123 — 123000/387841 registros insertados
[2026-06-23T21:15:53.578+0000] {etl_ecommerce_dag.py:289} INFO -   Lote 124 — 124000/387841 registros insertados
[2026-06-23T21:15:54.823+0000] {etl_ecommerce_dag.py:289} INFO -   Lote 125 — 125000/387841 registros insertados
[2026-06-23T21:15:56.079+0000] {etl_ecommerce_dag.py:289} INFO -   Lote 126 — 126000/387841 registros insertados
[2026-06-23T21:15:57.332+0000] {etl_ecommerce_dag.py:289} INFO -   Lote 127 — 127000/387841 registros insertados
[2026-06-23T21:15:58.582+0000] {etl_ecommerce_dag.py:289} INFO -   Lote 128 — 128000/387841 registros insertados
[2026-06-23T21:15:59.789+0000] {etl_ecommerce_dag.py:289} INFO -   Lote 129 — 129000/387841 registros insertados
[2026-06-23T21:16:01.039+0000] {etl_ecommerce_dag.py:289} INFO -   Lote 130 — 130000/387841 registros insertados
[2026-06-23T21:16:02.290+0000] {etl_ecommerce_dag.py:289} INFO -   Lote 131 — 131000/387841 registros insertados
[2026-06-23T21:16:03.530+0000] {etl_ecommerce_dag.py:289} INFO -   Lote 132 — 132000/387841 registros insertados
[2026-06-23T21:16:04.776+0000] {etl_ecommerce_dag.py:289} INFO -   Lote 133 — 133000/387841 registros insertados
[2026-06-23T21:16:06.031+0000] {etl_ecommerce_dag.py:289} INFO -   Lote 134 — 134000/387841 registros insertados
[2026-06-23T21:16:07.281+0000] {etl_ecommerce_dag.py:289} INFO -   Lote 135 — 135000/387841 registros insertados
[2026-06-23T21:16:08.524+0000] {etl_ecommerce_dag.py:289} INFO -   Lote 136 — 136000/387841 registros insertados
[2026-06-23T21:16:09.784+0000] {etl_ecommerce_dag.py:289} INFO -   Lote 137 — 137000/387841 registros insertados
[2026-06-23T21:16:11.155+0000] {etl_ecommerce_dag.py:289} INFO -   Lote 138 — 138000/387841 registros insertados
[2026-06-23T21:16:12.417+0000] {etl_ecommerce_dag.py:289} INFO -   Lote 139 — 139000/387841 registros insertados
[2026-06-23T21:16:13.655+0000] {etl_ecommerce_dag.py:289} INFO -   Lote 140 — 140000/387841 registros insertados
[2026-06-23T21:16:14.903+0000] {etl_ecommerce_dag.py:289} INFO -   Lote 141 — 141000/387841 registros insertados
[2026-06-23T21:16:16.156+0000] {etl_ecommerce_dag.py:289} INFO -   Lote 142 — 142000/387841 registros insertados
[2026-06-23T21:16:17.404+0000] {etl_ecommerce_dag.py:289} INFO -   Lote 143 — 143000/387841 registros insertados
[2026-06-23T21:16:18.665+0000] {etl_ecommerce_dag.py:289} INFO -   Lote 144 — 144000/387841 registros insertados
[2026-06-23T21:16:19.915+0000] {etl_ecommerce_dag.py:289} INFO -   Lote 145 — 145000/387841 registros insertados
[2026-06-23T21:16:21.168+0000] {etl_ecommerce_dag.py:289} INFO -   Lote 146 — 146000/387841 registros insertados
[2026-06-23T21:16:22.407+0000] {etl_ecommerce_dag.py:289} INFO -   Lote 147 — 147000/387841 registros insertados
[2026-06-23T21:16:23.655+0000] {etl_ecommerce_dag.py:289} INFO -   Lote 148 — 148000/387841 registros insertados
[2026-06-23T21:16:24.908+0000] {etl_ecommerce_dag.py:289} INFO -   Lote 149 — 149000/387841 registros insertados
[2026-06-23T21:16:26.157+0000] {etl_ecommerce_dag.py:289} INFO -   Lote 150 — 150000/387841 registros insertados
[2026-06-23T21:16:27.409+0000] {etl_ecommerce_dag.py:289} INFO -   Lote 151 — 151000/387841 registros insertados
[2026-06-23T21:16:28.649+0000] {etl_ecommerce_dag.py:289} INFO -   Lote 152 — 152000/387841 registros insertados
[2026-06-23T21:16:29.922+0000] {etl_ecommerce_dag.py:289} INFO -   Lote 153 — 153000/387841 registros insertados
[2026-06-23T21:16:31.164+0000] {etl_ecommerce_dag.py:289} INFO -   Lote 154 — 154000/387841 registros insertados
[2026-06-23T21:16:32.415+0000] {etl_ecommerce_dag.py:289} INFO -   Lote 155 — 155000/387841 registros insertados
[2026-06-23T21:16:33.686+0000] {etl_ecommerce_dag.py:289} INFO -   Lote 156 — 156000/387841 registros insertados
[2026-06-23T21:16:34.931+0000] {etl_ecommerce_dag.py:289} INFO -   Lote 157 — 157000/387841 registros insertados
[2026-06-23T21:16:36.177+0000] {etl_ecommerce_dag.py:289} INFO -   Lote 158 — 158000/387841 registros insertados
[2026-06-23T21:16:37.423+0000] {etl_ecommerce_dag.py:289} INFO -   Lote 159 — 159000/387841 registros insertados
[2026-06-23T21:16:38.665+0000] {etl_ecommerce_dag.py:289} INFO -   Lote 160 — 160000/387841 registros insertados
[2026-06-23T21:16:39.912+0000] {etl_ecommerce_dag.py:289} INFO -   Lote 161 — 161000/387841 registros insertados
[2026-06-23T21:16:41.165+0000] {etl_ecommerce_dag.py:289} INFO -   Lote 162 — 162000/387841 registros insertados
[2026-06-23T21:16:42.408+0000] {etl_ecommerce_dag.py:289} INFO -   Lote 163 — 163000/387841 registros insertados
[2026-06-23T21:16:43.661+0000] {etl_ecommerce_dag.py:289} INFO -   Lote 164 — 164000/387841 registros insertados
[2026-06-23T21:16:44.905+0000] {etl_ecommerce_dag.py:289} INFO -   Lote 165 — 165000/387841 registros insertados
[2026-06-23T21:16:46.157+0000] {etl_ecommerce_dag.py:289} INFO -   Lote 166 — 166000/387841 registros insertados
[2026-06-23T21:16:47.412+0000] {etl_ecommerce_dag.py:289} INFO -   Lote 167 — 167000/387841 registros insertados
[2026-06-23T21:16:48.662+0000] {etl_ecommerce_dag.py:289} INFO -   Lote 168 — 168000/387841 registros insertados
[2026-06-23T21:16:49.912+0000] {etl_ecommerce_dag.py:289} INFO -   Lote 169 — 169000/387841 registros insertados
[2026-06-23T21:16:51.156+0000] {etl_ecommerce_dag.py:289} INFO -   Lote 170 — 170000/387841 registros insertados
[2026-06-23T21:16:52.398+0000] {etl_ecommerce_dag.py:289} INFO -   Lote 171 — 171000/387841 registros insertados
[2026-06-23T21:16:53.640+0000] {etl_ecommerce_dag.py:289} INFO -   Lote 172 — 172000/387841 registros insertados
[2026-06-23T21:16:54.884+0000] {etl_ecommerce_dag.py:289} INFO -   Lote 173 — 173000/387841 registros insertados
[2026-06-23T21:16:56.154+0000] {etl_ecommerce_dag.py:289} INFO -   Lote 174 — 174000/387841 registros insertados
[2026-06-23T21:16:57.406+0000] {etl_ecommerce_dag.py:289} INFO -   Lote 175 — 175000/387841 registros insertados
[2026-06-23T21:16:58.654+0000] {etl_ecommerce_dag.py:289} INFO -   Lote 176 — 176000/387841 registros insertados
[2026-06-23T21:16:59.902+0000] {etl_ecommerce_dag.py:289} INFO -   Lote 177 — 177000/387841 registros insertados
[2026-06-23T21:17:01.156+0000] {etl_ecommerce_dag.py:289} INFO -   Lote 178 — 178000/387841 registros insertados
[2026-06-23T21:17:02.410+0000] {etl_ecommerce_dag.py:289} INFO -   Lote 179 — 179000/387841 registros insertados
[2026-06-23T21:17:03.652+0000] {etl_ecommerce_dag.py:289} INFO -   Lote 180 — 180000/387841 registros insertados
[2026-06-23T21:17:04.896+0000] {etl_ecommerce_dag.py:289} INFO -   Lote 181 — 181000/387841 registros insertados
[2026-06-23T21:17:06.143+0000] {etl_ecommerce_dag.py:289} INFO -   Lote 182 — 182000/387841 registros insertados
[2026-06-23T21:17:07.397+0000] {etl_ecommerce_dag.py:289} INFO -   Lote 183 — 183000/387841 registros insertados
[2026-06-23T21:17:08.640+0000] {etl_ecommerce_dag.py:289} INFO -   Lote 184 — 184000/387841 registros insertados
[2026-06-23T21:17:09.876+0000] {etl_ecommerce_dag.py:289} INFO -   Lote 185 — 185000/387841 registros insertados
[2026-06-23T21:17:11.126+0000] {etl_ecommerce_dag.py:289} INFO -   Lote 186 — 186000/387841 registros insertados
[2026-06-23T21:17:12.377+0000] {etl_ecommerce_dag.py:289} INFO -   Lote 187 — 187000/387841 registros insertados
[2026-06-23T21:17:13.629+0000] {etl_ecommerce_dag.py:289} INFO -   Lote 188 — 188000/387841 registros insertados
[2026-06-23T21:17:14.873+0000] {etl_ecommerce_dag.py:289} INFO -   Lote 189 — 189000/387841 registros insertados
[2026-06-23T21:17:16.127+0000] {etl_ecommerce_dag.py:289} INFO -   Lote 190 — 190000/387841 registros insertados
[2026-06-23T21:17:17.376+0000] {etl_ecommerce_dag.py:289} INFO -   Lote 191 — 191000/387841 registros insertados
[2026-06-23T21:17:18.627+0000] {etl_ecommerce_dag.py:289} INFO -   Lote 192 — 192000/387841 registros insertados
[2026-06-23T21:17:19.870+0000] {etl_ecommerce_dag.py:289} INFO -   Lote 193 — 193000/387841 registros insertados
[2026-06-23T21:17:21.120+0000] {etl_ecommerce_dag.py:289} INFO -   Lote 194 — 194000/387841 registros insertados
[2026-06-23T21:17:22.366+0000] {etl_ecommerce_dag.py:289} INFO -   Lote 195 — 195000/387841 registros insertados
[2026-06-23T21:17:23.602+0000] {etl_ecommerce_dag.py:289} INFO -   Lote 196 — 196000/387841 registros insertados
[2026-06-23T21:17:24.835+0000] {etl_ecommerce_dag.py:289} INFO -   Lote 197 — 197000/387841 registros insertados
[2026-06-23T21:17:26.086+0000] {etl_ecommerce_dag.py:289} INFO -   Lote 198 — 198000/387841 registros insertados
[2026-06-23T21:17:27.340+0000] {etl_ecommerce_dag.py:289} INFO -   Lote 199 — 199000/387841 registros insertados
[2026-06-23T21:17:28.593+0000] {etl_ecommerce_dag.py:289} INFO -   Lote 200 — 200000/387841 registros insertados
[2026-06-23T21:17:29.844+0000] {etl_ecommerce_dag.py:289} INFO -   Lote 201 — 201000/387841 registros insertados
[2026-06-23T21:17:31.089+0000] {etl_ecommerce_dag.py:289} INFO -   Lote 202 — 202000/387841 registros insertados
[2026-06-23T21:17:32.339+0000] {etl_ecommerce_dag.py:289} INFO -   Lote 203 — 203000/387841 registros insertados
[2026-06-23T21:17:33.593+0000] {etl_ecommerce_dag.py:289} INFO -   Lote 204 — 204000/387841 registros insertados
[2026-06-23T21:17:34.827+0000] {etl_ecommerce_dag.py:289} INFO -   Lote 205 — 205000/387841 registros insertados
[2026-06-23T21:17:36.077+0000] {etl_ecommerce_dag.py:289} INFO -   Lote 206 — 206000/387841 registros insertados
[2026-06-23T21:17:37.325+0000] {etl_ecommerce_dag.py:289} INFO -   Lote 207 — 207000/387841 registros insertados
[2026-06-23T21:17:38.570+0000] {etl_ecommerce_dag.py:289} INFO -   Lote 208 — 208000/387841 registros insertados
[2026-06-23T21:17:39.820+0000] {etl_ecommerce_dag.py:289} INFO -   Lote 209 — 209000/387841 registros insertados
[2026-06-23T21:17:41.056+0000] {etl_ecommerce_dag.py:289} INFO -   Lote 210 — 210000/387841 registros insertados
[2026-06-23T21:17:42.295+0000] {etl_ecommerce_dag.py:289} INFO -   Lote 211 — 211000/387841 registros insertados
[2026-06-23T21:17:43.539+0000] {etl_ecommerce_dag.py:289} INFO -   Lote 212 — 212000/387841 registros insertados
[2026-06-23T21:17:44.767+0000] {etl_ecommerce_dag.py:289} INFO -   Lote 213 — 213000/387841 registros insertados
[2026-06-23T21:17:45.989+0000] {etl_ecommerce_dag.py:289} INFO -   Lote 214 — 214000/387841 registros insertados
[2026-06-23T21:17:47.220+0000] {etl_ecommerce_dag.py:289} INFO -   Lote 215 — 215000/387841 registros insertados
[2026-06-23T21:17:48.472+0000] {etl_ecommerce_dag.py:289} INFO -   Lote 216 — 216000/387841 registros insertados
[2026-06-23T21:17:49.721+0000] {etl_ecommerce_dag.py:289} INFO -   Lote 217 — 217000/387841 registros insertados
[2026-06-23T21:17:50.958+0000] {etl_ecommerce_dag.py:289} INFO -   Lote 218 — 218000/387841 registros insertados
[2026-06-23T21:17:52.212+0000] {etl_ecommerce_dag.py:289} INFO -   Lote 219 — 219000/387841 registros insertados
[2026-06-23T21:17:53.448+0000] {etl_ecommerce_dag.py:289} INFO -   Lote 220 — 220000/387841 registros insertados
[2026-06-23T21:17:54.695+0000] {etl_ecommerce_dag.py:289} INFO -   Lote 221 — 221000/387841 registros insertados
[2026-06-23T21:17:55.939+0000] {etl_ecommerce_dag.py:289} INFO -   Lote 222 — 222000/387841 registros insertados
[2026-06-23T21:17:57.191+0000] {etl_ecommerce_dag.py:289} INFO -   Lote 223 — 223000/387841 registros insertados
[2026-06-23T21:17:58.442+0000] {etl_ecommerce_dag.py:289} INFO -   Lote 224 — 224000/387841 registros insertados
[2026-06-23T21:17:59.683+0000] {etl_ecommerce_dag.py:289} INFO -   Lote 225 — 225000/387841 registros insertados
[2026-06-23T21:18:00.925+0000] {etl_ecommerce_dag.py:289} INFO -   Lote 226 — 226000/387841 registros insertados
[2026-06-23T21:18:02.175+0000] {etl_ecommerce_dag.py:289} INFO -   Lote 227 — 227000/387841 registros insertados
[2026-06-23T21:18:03.414+0000] {etl_ecommerce_dag.py:289} INFO -   Lote 228 — 228000/387841 registros insertados
[2026-06-23T21:18:04.650+0000] {etl_ecommerce_dag.py:289} INFO -   Lote 229 — 229000/387841 registros insertados
[2026-06-23T21:18:05.901+0000] {etl_ecommerce_dag.py:289} INFO -   Lote 230 — 230000/387841 registros insertados
[2026-06-23T21:18:07.142+0000] {etl_ecommerce_dag.py:289} INFO -   Lote 231 — 231000/387841 registros insertados
[2026-06-23T21:18:08.384+0000] {etl_ecommerce_dag.py:289} INFO -   Lote 232 — 232000/387841 registros insertados
[2026-06-23T21:18:09.640+0000] {etl_ecommerce_dag.py:289} INFO -   Lote 233 — 233000/387841 registros insertados
[2026-06-23T21:18:10.859+0000] {etl_ecommerce_dag.py:289} INFO -   Lote 234 — 234000/387841 registros insertados
[2026-06-23T21:18:12.108+0000] {etl_ecommerce_dag.py:289} INFO -   Lote 235 — 235000/387841 registros insertados
[2026-06-23T21:18:13.358+0000] {etl_ecommerce_dag.py:289} INFO -   Lote 236 — 236000/387841 registros insertados
[2026-06-23T21:18:14.609+0000] {etl_ecommerce_dag.py:289} INFO -   Lote 237 — 237000/387841 registros insertados
[2026-06-23T21:18:15.859+0000] {etl_ecommerce_dag.py:289} INFO -   Lote 238 — 238000/387841 registros insertados
[2026-06-23T21:18:17.113+0000] {etl_ecommerce_dag.py:289} INFO -   Lote 239 — 239000/387841 registros insertados
[2026-06-23T21:18:18.364+0000] {etl_ecommerce_dag.py:289} INFO -   Lote 240 — 240000/387841 registros insertados
[2026-06-23T21:18:19.602+0000] {etl_ecommerce_dag.py:289} INFO -   Lote 241 — 241000/387841 registros insertados
[2026-06-23T21:18:20.840+0000] {etl_ecommerce_dag.py:289} INFO -   Lote 242 — 242000/387841 registros insertados
[2026-06-23T21:18:22.092+0000] {etl_ecommerce_dag.py:289} INFO -   Lote 243 — 243000/387841 registros insertados
[2026-06-23T21:18:23.626+0000] {etl_ecommerce_dag.py:289} INFO -   Lote 244 — 244000/387841 registros insertados
[2026-06-23T21:18:25.181+0000] {etl_ecommerce_dag.py:289} INFO -   Lote 245 — 245000/387841 registros insertados
[2026-06-23T21:18:26.434+0000] {etl_ecommerce_dag.py:289} INFO -   Lote 246 — 246000/387841 registros insertados
[2026-06-23T21:18:27.691+0000] {etl_ecommerce_dag.py:289} INFO -   Lote 247 — 247000/387841 registros insertados
[2026-06-23T21:18:28.950+0000] {etl_ecommerce_dag.py:289} INFO -   Lote 248 — 248000/387841 registros insertados
[2026-06-23T21:18:30.197+0000] {etl_ecommerce_dag.py:289} INFO -   Lote 249 — 249000/387841 registros insertados
[2026-06-23T21:18:31.447+0000] {etl_ecommerce_dag.py:289} INFO -   Lote 250 — 250000/387841 registros insertados
[2026-06-23T21:18:32.700+0000] {etl_ecommerce_dag.py:289} INFO -   Lote 251 — 251000/387841 registros insertados
[2026-06-23T21:18:33.951+0000] {etl_ecommerce_dag.py:289} INFO -   Lote 252 — 252000/387841 registros insertados
[2026-06-23T21:18:35.201+0000] {etl_ecommerce_dag.py:289} INFO -   Lote 253 — 253000/387841 registros insertados
[2026-06-23T21:18:36.454+0000] {etl_ecommerce_dag.py:289} INFO -   Lote 254 — 254000/387841 registros insertados
[2026-06-23T21:18:37.706+0000] {etl_ecommerce_dag.py:289} INFO -   Lote 255 — 255000/387841 registros insertados
[2026-06-23T21:18:38.955+0000] {etl_ecommerce_dag.py:289} INFO -   Lote 256 — 256000/387841 registros insertados
[2026-06-23T21:18:40.207+0000] {etl_ecommerce_dag.py:289} INFO -   Lote 257 — 257000/387841 registros insertados
[2026-06-23T21:18:41.453+0000] {etl_ecommerce_dag.py:289} INFO -   Lote 258 — 258000/387841 registros insertados
[2026-06-23T21:18:42.706+0000] {etl_ecommerce_dag.py:289} INFO -   Lote 259 — 259000/387841 registros insertados
[2026-06-23T21:18:43.956+0000] {etl_ecommerce_dag.py:289} INFO -   Lote 260 — 260000/387841 registros insertados
[2026-06-23T21:18:45.205+0000] {etl_ecommerce_dag.py:289} INFO -   Lote 261 — 261000/387841 registros insertados
[2026-06-23T21:18:46.455+0000] {etl_ecommerce_dag.py:289} INFO -   Lote 262 — 262000/387841 registros insertados
[2026-06-23T21:18:47.692+0000] {etl_ecommerce_dag.py:289} INFO -   Lote 263 — 263000/387841 registros insertados
[2026-06-23T21:18:48.941+0000] {etl_ecommerce_dag.py:289} INFO -   Lote 264 — 264000/387841 registros insertados
[2026-06-23T21:18:50.187+0000] {etl_ecommerce_dag.py:289} INFO -   Lote 265 — 265000/387841 registros insertados
[2026-06-23T21:18:51.803+0000] {etl_ecommerce_dag.py:289} INFO -   Lote 266 — 266000/387841 registros insertados
[2026-06-23T21:18:53.422+0000] {etl_ecommerce_dag.py:289} INFO -   Lote 267 — 267000/387841 registros insertados
[2026-06-23T21:18:55.234+0000] {etl_ecommerce_dag.py:289} INFO -   Lote 268 — 268000/387841 registros insertados
[2026-06-23T21:18:58.494+0000] {etl_ecommerce_dag.py:289} INFO -   Lote 269 — 269000/387841 registros insertados
[2026-06-23T21:19:01.899+0000] {etl_ecommerce_dag.py:289} INFO -   Lote 270 — 270000/387841 registros insertados
[2026-06-23T21:19:04.909+0000] {etl_ecommerce_dag.py:289} INFO -   Lote 271 — 271000/387841 registros insertados
[2026-06-23T21:19:07.549+0000] {etl_ecommerce_dag.py:289} INFO -   Lote 272 — 272000/387841 registros insertados
[2026-06-23T21:19:08.798+0000] {etl_ecommerce_dag.py:289} INFO -   Lote 273 — 273000/387841 registros insertados
[2026-06-23T21:19:10.049+0000] {etl_ecommerce_dag.py:289} INFO -   Lote 274 — 274000/387841 registros insertados
[2026-06-23T21:19:11.277+0000] {etl_ecommerce_dag.py:289} INFO -   Lote 275 — 275000/387841 registros insertados
[2026-06-23T21:19:12.526+0000] {etl_ecommerce_dag.py:289} INFO -   Lote 276 — 276000/387841 registros insertados
[2026-06-23T21:19:13.777+0000] {etl_ecommerce_dag.py:289} INFO -   Lote 277 — 277000/387841 registros insertados
[2026-06-23T21:19:15.022+0000] {etl_ecommerce_dag.py:289} INFO -   Lote 278 — 278000/387841 registros insertados
[2026-06-23T21:19:16.274+0000] {etl_ecommerce_dag.py:289} INFO -   Lote 279 — 279000/387841 registros insertados
[2026-06-23T21:19:17.523+0000] {etl_ecommerce_dag.py:289} INFO -   Lote 280 — 280000/387841 registros insertados
[2026-06-23T21:19:18.776+0000] {etl_ecommerce_dag.py:289} INFO -   Lote 281 — 281000/387841 registros insertados
[2026-06-23T21:19:20.002+0000] {etl_ecommerce_dag.py:289} INFO -   Lote 282 — 282000/387841 registros insertados
[2026-06-23T21:19:21.256+0000] {etl_ecommerce_dag.py:289} INFO -   Lote 283 — 283000/387841 registros insertados
[2026-06-23T21:19:22.506+0000] {etl_ecommerce_dag.py:289} INFO -   Lote 284 — 284000/387841 registros insertados
[2026-06-23T21:19:23.757+0000] {etl_ecommerce_dag.py:289} INFO -   Lote 285 — 285000/387841 registros insertados
[2026-06-23T21:19:25.011+0000] {etl_ecommerce_dag.py:289} INFO -   Lote 286 — 286000/387841 registros insertados
[2026-06-23T21:19:26.254+0000] {etl_ecommerce_dag.py:289} INFO -   Lote 287 — 287000/387841 registros insertados
[2026-06-23T21:19:27.489+0000] {etl_ecommerce_dag.py:289} INFO -   Lote 288 — 288000/387841 registros insertados
[2026-06-23T21:19:28.745+0000] {etl_ecommerce_dag.py:289} INFO -   Lote 289 — 289000/387841 registros insertados
[2026-06-23T21:19:30.001+0000] {etl_ecommerce_dag.py:289} INFO -   Lote 290 — 290000/387841 registros insertados
[2026-06-23T21:19:31.256+0000] {etl_ecommerce_dag.py:289} INFO -   Lote 291 — 291000/387841 registros insertados
[2026-06-23T21:19:32.512+0000] {etl_ecommerce_dag.py:289} INFO -   Lote 292 — 292000/387841 registros insertados
[2026-06-23T21:19:33.710+0000] {etl_ecommerce_dag.py:289} INFO -   Lote 293 — 293000/387841 registros insertados
[2026-06-23T21:19:34.967+0000] {etl_ecommerce_dag.py:289} INFO -   Lote 294 — 294000/387841 registros insertados
[2026-06-23T21:19:36.215+0000] {etl_ecommerce_dag.py:289} INFO -   Lote 295 — 295000/387841 registros insertados
[2026-06-23T21:19:37.461+0000] {etl_ecommerce_dag.py:289} INFO -   Lote 296 — 296000/387841 registros insertados
[2026-06-23T21:19:38.699+0000] {etl_ecommerce_dag.py:289} INFO -   Lote 297 — 297000/387841 registros insertados
[2026-06-23T21:19:39.949+0000] {etl_ecommerce_dag.py:289} INFO -   Lote 298 — 298000/387841 registros insertados
[2026-06-23T21:19:41.205+0000] {etl_ecommerce_dag.py:289} INFO -   Lote 299 — 299000/387841 registros insertados
[2026-06-23T21:19:42.451+0000] {etl_ecommerce_dag.py:289} INFO -   Lote 300 — 300000/387841 registros insertados
[2026-06-23T21:19:43.699+0000] {etl_ecommerce_dag.py:289} INFO -   Lote 301 — 301000/387841 registros insertados
[2026-06-23T21:19:44.956+0000] {etl_ecommerce_dag.py:289} INFO -   Lote 302 — 302000/387841 registros insertados
[2026-06-23T21:19:46.206+0000] {etl_ecommerce_dag.py:289} INFO -   Lote 303 — 303000/387841 registros insertados
[2026-06-23T21:19:47.458+0000] {etl_ecommerce_dag.py:289} INFO -   Lote 304 — 304000/387841 registros insertados
[2026-06-23T21:19:48.712+0000] {etl_ecommerce_dag.py:289} INFO -   Lote 305 — 305000/387841 registros insertados
[2026-06-23T21:19:49.959+0000] {etl_ecommerce_dag.py:289} INFO -   Lote 306 — 306000/387841 registros insertados
[2026-06-23T21:19:51.199+0000] {etl_ecommerce_dag.py:289} INFO -   Lote 307 — 307000/387841 registros insertados
[2026-06-23T21:19:52.453+0000] {etl_ecommerce_dag.py:289} INFO -   Lote 308 — 308000/387841 registros insertados
[2026-06-23T21:19:53.707+0000] {etl_ecommerce_dag.py:289} INFO -   Lote 309 — 309000/387841 registros insertados
[2026-06-23T21:19:54.948+0000] {etl_ecommerce_dag.py:289} INFO -   Lote 310 — 310000/387841 registros insertados
[2026-06-23T21:19:56.199+0000] {etl_ecommerce_dag.py:289} INFO -   Lote 311 — 311000/387841 registros insertados
[2026-06-23T21:19:57.456+0000] {etl_ecommerce_dag.py:289} INFO -   Lote 312 — 312000/387841 registros insertados
[2026-06-23T21:19:58.710+0000] {etl_ecommerce_dag.py:289} INFO -   Lote 313 — 313000/387841 registros insertados
[2026-06-23T21:19:59.964+0000] {etl_ecommerce_dag.py:289} INFO -   Lote 314 — 314000/387841 registros insertados
[2026-06-23T21:20:01.213+0000] {etl_ecommerce_dag.py:289} INFO -   Lote 315 — 315000/387841 registros insertados
[2026-06-23T21:20:02.466+0000] {etl_ecommerce_dag.py:289} INFO -   Lote 316 — 316000/387841 registros insertados
[2026-06-23T21:20:03.689+0000] {etl_ecommerce_dag.py:289} INFO -   Lote 317 — 317000/387841 registros insertados
[2026-06-23T21:20:04.942+0000] {etl_ecommerce_dag.py:289} INFO -   Lote 318 — 318000/387841 registros insertados
[2026-06-23T21:20:06.190+0000] {etl_ecommerce_dag.py:289} INFO -   Lote 319 — 319000/387841 registros insertados
[2026-06-23T21:20:07.419+0000] {etl_ecommerce_dag.py:289} INFO -   Lote 320 — 320000/387841 registros insertados
[2026-06-23T21:20:08.660+0000] {etl_ecommerce_dag.py:289} INFO -   Lote 321 — 321000/387841 registros insertados
[2026-06-23T21:20:09.900+0000] {etl_ecommerce_dag.py:289} INFO -   Lote 322 — 322000/387841 registros insertados
[2026-06-23T21:20:11.131+0000] {etl_ecommerce_dag.py:289} INFO -   Lote 323 — 323000/387841 registros insertados
[2026-06-23T21:20:12.350+0000] {etl_ecommerce_dag.py:289} INFO -   Lote 324 — 324000/387841 registros insertados
[2026-06-23T21:20:13.567+0000] {etl_ecommerce_dag.py:289} INFO -   Lote 325 — 325000/387841 registros insertados
[2026-06-23T21:20:14.830+0000] {etl_ecommerce_dag.py:289} INFO -   Lote 326 — 326000/387841 registros insertados
[2026-06-23T21:20:16.080+0000] {etl_ecommerce_dag.py:289} INFO -   Lote 327 — 327000/387841 registros insertados
[2026-06-23T21:20:17.325+0000] {etl_ecommerce_dag.py:289} INFO -   Lote 328 — 328000/387841 registros insertados
[2026-06-23T21:20:18.585+0000] {etl_ecommerce_dag.py:289} INFO -   Lote 329 — 329000/387841 registros insertados
[2026-06-23T21:20:19.838+0000] {etl_ecommerce_dag.py:289} INFO -   Lote 330 — 330000/387841 registros insertados
[2026-06-23T21:20:21.080+0000] {etl_ecommerce_dag.py:289} INFO -   Lote 331 — 331000/387841 registros insertados
[2026-06-23T21:20:22.332+0000] {etl_ecommerce_dag.py:289} INFO -   Lote 332 — 332000/387841 registros insertados
[2026-06-23T21:20:23.577+0000] {etl_ecommerce_dag.py:289} INFO -   Lote 333 — 333000/387841 registros insertados
[2026-06-23T21:20:24.825+0000] {etl_ecommerce_dag.py:289} INFO -   Lote 334 — 334000/387841 registros insertados
[2026-06-23T21:20:26.061+0000] {etl_ecommerce_dag.py:289} INFO -   Lote 335 — 335000/387841 registros insertados
[2026-06-23T21:20:27.310+0000] {etl_ecommerce_dag.py:289} INFO -   Lote 336 — 336000/387841 registros insertados
[2026-06-23T21:20:28.549+0000] {etl_ecommerce_dag.py:289} INFO -   Lote 337 — 337000/387841 registros insertados
[2026-06-23T21:20:29.791+0000] {etl_ecommerce_dag.py:289} INFO -   Lote 338 — 338000/387841 registros insertados
[2026-06-23T21:20:31.031+0000] {etl_ecommerce_dag.py:289} INFO -   Lote 339 — 339000/387841 registros insertados
[2026-06-23T21:20:32.286+0000] {etl_ecommerce_dag.py:289} INFO -   Lote 340 — 340000/387841 registros insertados
[2026-06-23T21:20:33.534+0000] {etl_ecommerce_dag.py:289} INFO -   Lote 341 — 341000/387841 registros insertados
[2026-06-23T21:20:34.774+0000] {etl_ecommerce_dag.py:289} INFO -   Lote 342 — 342000/387841 registros insertados
[2026-06-23T21:20:35.997+0000] {etl_ecommerce_dag.py:289} INFO -   Lote 343 — 343000/387841 registros insertados
[2026-06-23T21:20:37.214+0000] {etl_ecommerce_dag.py:289} INFO -   Lote 344 — 344000/387841 registros insertados
[2026-06-23T21:20:38.444+0000] {etl_ecommerce_dag.py:289} INFO -   Lote 345 — 345000/387841 registros insertados
[2026-06-23T21:20:39.672+0000] {etl_ecommerce_dag.py:289} INFO -   Lote 346 — 346000/387841 registros insertados
[2026-06-23T21:20:40.916+0000] {etl_ecommerce_dag.py:289} INFO -   Lote 347 — 347000/387841 registros insertados
[2026-06-23T21:20:42.142+0000] {etl_ecommerce_dag.py:289} INFO -   Lote 348 — 348000/387841 registros insertados
[2026-06-23T21:20:43.379+0000] {etl_ecommerce_dag.py:289} INFO -   Lote 349 — 349000/387841 registros insertados
[2026-06-23T21:20:44.620+0000] {etl_ecommerce_dag.py:289} INFO -   Lote 350 — 350000/387841 registros insertados
[2026-06-23T21:20:45.835+0000] {etl_ecommerce_dag.py:289} INFO -   Lote 351 — 351000/387841 registros insertados
[2026-06-23T21:20:47.073+0000] {etl_ecommerce_dag.py:289} INFO -   Lote 352 — 352000/387841 registros insertados
[2026-06-23T21:20:48.329+0000] {etl_ecommerce_dag.py:289} INFO -   Lote 353 — 353000/387841 registros insertados
[2026-06-23T21:20:49.562+0000] {etl_ecommerce_dag.py:289} INFO -   Lote 354 — 354000/387841 registros insertados
[2026-06-23T21:20:50.799+0000] {etl_ecommerce_dag.py:289} INFO -   Lote 355 — 355000/387841 registros insertados
[2026-06-23T21:20:52.040+0000] {etl_ecommerce_dag.py:289} INFO -   Lote 356 — 356000/387841 registros insertados
[2026-06-23T21:20:53.276+0000] {etl_ecommerce_dag.py:289} INFO -   Lote 357 — 357000/387841 registros insertados
[2026-06-23T21:20:54.503+0000] {etl_ecommerce_dag.py:289} INFO -   Lote 358 — 358000/387841 registros insertados
[2026-06-23T21:20:55.731+0000] {etl_ecommerce_dag.py:289} INFO -   Lote 359 — 359000/387841 registros insertados
[2026-06-23T21:20:56.977+0000] {etl_ecommerce_dag.py:289} INFO -   Lote 360 — 360000/387841 registros insertados
[2026-06-23T21:20:58.220+0000] {etl_ecommerce_dag.py:289} INFO -   Lote 361 — 361000/387841 registros insertados
[2026-06-23T21:20:59.445+0000] {etl_ecommerce_dag.py:289} INFO -   Lote 362 — 362000/387841 registros insertados
[2026-06-23T21:21:00.665+0000] {etl_ecommerce_dag.py:289} INFO -   Lote 363 — 363000/387841 registros insertados
[2026-06-23T21:21:01.917+0000] {etl_ecommerce_dag.py:289} INFO -   Lote 364 — 364000/387841 registros insertados
[2026-06-23T21:21:03.161+0000] {etl_ecommerce_dag.py:289} INFO -   Lote 365 — 365000/387841 registros insertados
[2026-06-23T21:21:04.398+0000] {etl_ecommerce_dag.py:289} INFO -   Lote 366 — 366000/387841 registros insertados
[2026-06-23T21:21:05.664+0000] {etl_ecommerce_dag.py:289} INFO -   Lote 367 — 367000/387841 registros insertados
[2026-06-23T21:21:06.923+0000] {etl_ecommerce_dag.py:289} INFO -   Lote 368 — 368000/387841 registros insertados
[2026-06-23T21:21:08.179+0000] {etl_ecommerce_dag.py:289} INFO -   Lote 369 — 369000/387841 registros insertados
[2026-06-23T21:21:09.410+0000] {etl_ecommerce_dag.py:289} INFO -   Lote 370 — 370000/387841 registros insertados
[2026-06-23T21:21:10.671+0000] {etl_ecommerce_dag.py:289} INFO -   Lote 371 — 371000/387841 registros insertados
[2026-06-23T21:21:11.929+0000] {etl_ecommerce_dag.py:289} INFO -   Lote 372 — 372000/387841 registros insertados
[2026-06-23T21:21:13.179+0000] {etl_ecommerce_dag.py:289} INFO -   Lote 373 — 373000/387841 registros insertados
[2026-06-23T21:21:14.464+0000] {etl_ecommerce_dag.py:289} INFO -   Lote 374 — 374000/387841 registros insertados
[2026-06-23T21:21:15.729+0000] {etl_ecommerce_dag.py:289} INFO -   Lote 375 — 375000/387841 registros insertados
[2026-06-23T21:21:16.981+0000] {etl_ecommerce_dag.py:289} INFO -   Lote 376 — 376000/387841 registros insertados
[2026-06-23T21:21:18.239+0000] {etl_ecommerce_dag.py:289} INFO -   Lote 377 — 377000/387841 registros insertados
[2026-06-23T21:21:19.492+0000] {etl_ecommerce_dag.py:289} INFO -   Lote 378 — 378000/387841 registros insertados
[2026-06-23T21:21:20.743+0000] {etl_ecommerce_dag.py:289} INFO -   Lote 379 — 379000/387841 registros insertados
[2026-06-23T21:21:21.996+0000] {etl_ecommerce_dag.py:289} INFO -   Lote 380 — 380000/387841 registros insertados
[2026-06-23T21:21:23.249+0000] {etl_ecommerce_dag.py:289} INFO -   Lote 381 — 381000/387841 registros insertados
[2026-06-23T21:21:24.506+0000] {etl_ecommerce_dag.py:289} INFO -   Lote 382 — 382000/387841 registros insertados
[2026-06-23T21:21:25.749+0000] {etl_ecommerce_dag.py:289} INFO -   Lote 383 — 383000/387841 registros insertados
[2026-06-23T21:21:26.996+0000] {etl_ecommerce_dag.py:289} INFO -   Lote 384 — 384000/387841 registros insertados
[2026-06-23T21:21:28.257+0000] {etl_ecommerce_dag.py:289} INFO -   Lote 385 — 385000/387841 registros insertados
[2026-06-23T21:21:29.509+0000] {etl_ecommerce_dag.py:289} INFO -   Lote 386 — 386000/387841 registros insertados
[2026-06-23T21:21:30.751+0000] {etl_ecommerce_dag.py:289} INFO -   Lote 387 — 387000/387841 registros insertados
[2026-06-23T21:21:31.893+0000] {etl_ecommerce_dag.py:289} INFO -   Lote 388 — 387841/387841 registros insertados
[2026-06-23T21:21:31.893+0000] {etl_ecommerce_dag.py:294} INFO - ✅ Carga completa — 387841 registros en 388 lotes
[2026-06-23T21:21:32.014+0000] {python.py:240} INFO - Done. Returned value was: None
[2026-06-23T21:21:32.021+0000] {taskinstance.py:341} INFO - ::group::Post task execution logs
[2026-06-23T21:21:32.021+0000] {taskinstance.py:353} INFO - Marking task as SUCCESS. dag_id=etl_ecommerce, task_id=load, run_id=manual__2026-06-23T21:12:44.245461+00:00, execution_date=20260623T211244, start_date=20260623T211314, end_date=20260623T212132
[2026-06-23T21:21:32.073+0000] {local_task_job_runner.py:266} INFO - Task exited with return code 0
[2026-06-23T21:21:32.115+0000] {taskinstance.py:3901} INFO - 1 downstream tasks scheduled from follow-on schedule check
[2026-06-23T21:21:32.116+0000] {local_task_job_runner.py:245} INFO - ::endgroup::
