[2026-06-23T21:21:39.407+0000] {local_task_job_runner.py:123} INFO - ::group::Pre task execution logs
[2026-06-23T21:21:39.419+0000] {taskinstance.py:2614} INFO - Dependencies all met for dep_context=non-requeueable deps ti=<TaskInstance: etl_ecommerce.notify manual__2026-06-23T21:12:44.245461+00:00 [queued]>
[2026-06-23T21:21:39.425+0000] {taskinstance.py:2614} INFO - Dependencies all met for dep_context=requeueable deps ti=<TaskInstance: etl_ecommerce.notify manual__2026-06-23T21:12:44.245461+00:00 [queued]>
[2026-06-23T21:21:39.425+0000] {taskinstance.py:2867} INFO - Starting attempt 1 of 3
[2026-06-23T21:21:39.432+0000] {taskinstance.py:2890} INFO - Executing <Task(PythonOperator): notify> on 2026-06-23 21:12:44.245461+00:00
[2026-06-23T21:21:39.438+0000] {logging_mixin.py:190} WARNING - /home/***/.local/lib/python3.12/site-packages/***/task/task_runner/standard_task_runner.py:70 DeprecationWarning: This process (pid=744) is multi-threaded, use of fork() may lead to deadlocks in the child.
[2026-06-23T21:21:39.438+0000] {standard_task_runner.py:72} INFO - Started process 746 to run task
[2026-06-23T21:21:39.438+0000] {standard_task_runner.py:104} INFO - Running: ['***', 'tasks', 'run', 'etl_ecommerce', 'notify', 'manual__2026-06-23T21:12:44.245461+00:00', '--job-id', '163', '--raw', '--subdir', 'DAGS_FOLDER/etl_ecommerce_dag.py', '--cfg-path', '/tmp/tmpws6vhpah']
[2026-06-23T21:21:39.439+0000] {standard_task_runner.py:105} INFO - Job 163: Subtask notify
[2026-06-23T21:21:39.465+0000] {task_command.py:467} INFO - Running <TaskInstance: etl_ecommerce.notify manual__2026-06-23T21:12:44.245461+00:00 [running]> on host d2930d66fea2
[2026-06-23T21:21:39.510+0000] {taskinstance.py:3134} INFO - Exporting env vars: AIRFLOW_CTX_DAG_OWNER='juan_camilo' AIRFLOW_CTX_DAG_ID='etl_ecommerce' AIRFLOW_CTX_TASK_ID='notify' AIRFLOW_CTX_EXECUTION_DATE='2026-06-23T21:12:44.245461+00:00' AIRFLOW_CTX_TRY_NUMBER='1' AIRFLOW_CTX_DAG_RUN_ID='manual__2026-06-23T21:12:44.245461+00:00'
[2026-06-23T21:21:39.510+0000] {taskinstance.py:732} INFO - ::endgroup::
[2026-06-23T21:21:39.529+0000] {etl_ecommerce_dag.py:337} INFO - =======================================================
[2026-06-23T21:21:39.530+0000] {etl_ecommerce_dag.py:338} INFO - 📊 RESUMEN DEL PIPELINE ETL — ECOMMERCE TRANSACCIONES
[2026-06-23T21:21:39.530+0000] {etl_ecommerce_dag.py:339} INFO - =======================================================
[2026-06-23T21:21:39.530+0000] {etl_ecommerce_dag.py:340} INFO -   Total procesados : 387841
[2026-06-23T21:21:39.530+0000] {etl_ecommerce_dag.py:341} INFO -   Insertados       : 387841
[2026-06-23T21:21:39.530+0000] {etl_ecommerce_dag.py:342} INFO -   Actualizados     : 0
[2026-06-23T21:21:39.530+0000] {etl_ecommerce_dag.py:343} INFO -   Errores          : 0
[2026-06-23T21:21:39.530+0000] {etl_ecommerce_dag.py:344} INFO -   CSV generado     : /opt/***/data/clean/ecommerce_clean_2026-06-23_21-21-36.csv
[2026-06-23T21:21:39.530+0000] {etl_ecommerce_dag.py:345} INFO -   Fecha ejecución  : 2026-06-23 21:21:39
[2026-06-23T21:21:39.530+0000] {etl_ecommerce_dag.py:346} INFO - =======================================================
[2026-06-23T21:21:39.531+0000] {python.py:240} INFO - Done. Returned value was: None
[2026-06-23T21:21:39.536+0000] {taskinstance.py:341} INFO - ::group::Post task execution logs
[2026-06-23T21:21:39.537+0000] {taskinstance.py:353} INFO - Marking task as SUCCESS. dag_id=etl_ecommerce, task_id=notify, run_id=manual__2026-06-23T21:12:44.245461+00:00, execution_date=20260623T211244, start_date=20260623T212139, end_date=20260623T212139
[2026-06-23T21:21:39.571+0000] {local_task_job_runner.py:266} INFO - Task exited with return code 0
[2026-06-23T21:21:39.581+0000] {taskinstance.py:3901} INFO - 0 downstream tasks scheduled from follow-on schedule check
[2026-06-23T21:21:39.582+0000] {local_task_job_runner.py:245} INFO - ::endgroup::
