[2026-06-22T23:45:45.887+0000] {local_task_job_runner.py:123} INFO - ::group::Pre task execution logs
[2026-06-22T23:45:45.913+0000] {taskinstance.py:2614} INFO - Dependencies all met for dep_context=non-requeueable deps ti=<TaskInstance: etl_random_users.extract manual__2026-06-22T23:45:43.098021+00:00 [queued]>
[2026-06-22T23:45:45.927+0000] {taskinstance.py:2614} INFO - Dependencies all met for dep_context=requeueable deps ti=<TaskInstance: etl_random_users.extract manual__2026-06-22T23:45:43.098021+00:00 [queued]>
[2026-06-22T23:45:45.929+0000] {taskinstance.py:2867} INFO - Starting attempt 1 of 3
[2026-06-22T23:45:45.950+0000] {taskinstance.py:2890} INFO - Executing <Task(PythonOperator): extract> on 2026-06-22 23:45:43.098021+00:00
[2026-06-22T23:45:45.966+0000] {standard_task_runner.py:104} INFO - Running: ['***', 'tasks', 'run', 'etl_random_users', 'extract', 'manual__2026-06-22T23:45:43.098021+00:00', '--job-id', '49', '--raw', '--subdir', 'DAGS_FOLDER/hola_mundo_dag.py', '--cfg-path', '/tmp/tmpubsu8std']
[2026-06-22T23:45:45.970+0000] {logging_mixin.py:190} WARNING - /home/***/.local/lib/python3.12/site-packages/***/task/task_runner/standard_task_runner.py:70 DeprecationWarning: This process (pid=822) is multi-threaded, use of fork() may lead to deadlocks in the child.
[2026-06-22T23:45:45.971+0000] {standard_task_runner.py:105} INFO - Job 49: Subtask extract
[2026-06-22T23:45:45.972+0000] {standard_task_runner.py:72} INFO - Started process 824 to run task
[2026-06-22T23:45:46.064+0000] {task_command.py:467} INFO - Running <TaskInstance: etl_random_users.extract manual__2026-06-22T23:45:43.098021+00:00 [running]> on host c209a3d3d200
[2026-06-22T23:45:46.220+0000] {taskinstance.py:3134} INFO - Exporting env vars: AIRFLOW_CTX_DAG_OWNER='juan_camilo' AIRFLOW_CTX_DAG_ID='etl_random_users' AIRFLOW_CTX_TASK_ID='extract' AIRFLOW_CTX_EXECUTION_DATE='2026-06-22T23:45:43.098021+00:00' AIRFLOW_CTX_TRY_NUMBER='1' AIRFLOW_CTX_DAG_RUN_ID='manual__2026-06-22T23:45:43.098021+00:00'
[2026-06-22T23:45:46.224+0000] {taskinstance.py:732} INFO - ::endgroup::
[2026-06-22T23:45:46.255+0000] {hola_mundo_dag.py:61} INFO - Iniciando extracción de 5000 usuarios...
[2026-06-22T23:45:47.261+0000] {hola_mundo_dag.py:71} INFO -   Batch 1/10 — 500 usuarios obtenidos
[2026-06-22T23:45:47.812+0000] {hola_mundo_dag.py:71} INFO -   Batch 2/10 — 500 usuarios obtenidos
[2026-06-22T23:45:48.740+0000] {hola_mundo_dag.py:71} INFO -   Batch 3/10 — 500 usuarios obtenidos
[2026-06-22T23:45:49.329+0000] {hola_mundo_dag.py:71} INFO -   Batch 4/10 — 500 usuarios obtenidos
[2026-06-22T23:45:49.852+0000] {hola_mundo_dag.py:71} INFO -   Batch 5/10 — 500 usuarios obtenidos
[2026-06-22T23:45:50.532+0000] {hola_mundo_dag.py:71} INFO -   Batch 6/10 — 500 usuarios obtenidos
[2026-06-22T23:45:51.142+0000] {hola_mundo_dag.py:71} INFO -   Batch 7/10 — 500 usuarios obtenidos
[2026-06-22T23:45:51.666+0000] {hola_mundo_dag.py:71} INFO -   Batch 8/10 — 500 usuarios obtenidos
[2026-06-22T23:45:52.319+0000] {hola_mundo_dag.py:71} INFO -   Batch 9/10 — 500 usuarios obtenidos
[2026-06-22T23:45:52.869+0000] {hola_mundo_dag.py:71} INFO -   Batch 10/10 — 500 usuarios obtenidos
[2026-06-22T23:45:52.872+0000] {hola_mundo_dag.py:73} INFO - Extracción completa: 5000 usuarios en total.
[2026-06-22T23:45:53.383+0000] {python.py:240} INFO - Done. Returned value was: None
[2026-06-22T23:45:53.401+0000] {taskinstance.py:341} INFO - ::group::Post task execution logs
[2026-06-22T23:45:53.408+0000] {taskinstance.py:353} INFO - Marking task as SUCCESS. dag_id=etl_random_users, task_id=extract, run_id=manual__2026-06-22T23:45:43.098021+00:00, execution_date=20260622T234543, start_date=20260622T234545, end_date=20260622T234553
[2026-06-22T23:45:53.520+0000] {local_task_job_runner.py:266} INFO - Task exited with return code 0
[2026-06-22T23:45:53.573+0000] {taskinstance.py:3901} INFO - 1 downstream tasks scheduled from follow-on schedule check
[2026-06-22T23:45:53.577+0000] {local_task_job_runner.py:245} INFO - ::endgroup::
