[2026-06-23T19:51:29.765+0000] {local_task_job_runner.py:123} INFO - ::group::Pre task execution logs
[2026-06-23T19:51:29.777+0000] {taskinstance.py:2614} INFO - Dependencies all met for dep_context=non-requeueable deps ti=<TaskInstance: etl_random_users.notify manual__2026-06-23T19:47:36.768528+00:00 [queued]>
[2026-06-23T19:51:29.782+0000] {taskinstance.py:2614} INFO - Dependencies all met for dep_context=requeueable deps ti=<TaskInstance: etl_random_users.notify manual__2026-06-23T19:47:36.768528+00:00 [queued]>
[2026-06-23T19:51:29.782+0000] {taskinstance.py:2867} INFO - Starting attempt 1 of 3
[2026-06-23T19:51:29.788+0000] {taskinstance.py:2890} INFO - Executing <Task(PythonOperator): notify> on 2026-06-23 19:47:36.768528+00:00
[2026-06-23T19:51:29.794+0000] {standard_task_runner.py:104} INFO - Running: ['***', 'tasks', 'run', 'etl_random_users', 'notify', 'manual__2026-06-23T19:47:36.768528+00:00', '--job-id', '29', '--raw', '--subdir', 'DAGS_FOLDER/hola_mundo_dag.py', '--cfg-path', '/tmp/tmp7s6uvr34']
[2026-06-23T19:51:29.795+0000] {standard_task_runner.py:105} INFO - Job 29: Subtask notify
[2026-06-23T19:51:29.795+0000] {logging_mixin.py:190} WARNING - /home/***/.local/lib/python3.12/site-packages/***/task/task_runner/standard_task_runner.py:70 DeprecationWarning: This process (pid=250) is multi-threaded, use of fork() may lead to deadlocks in the child.
[2026-06-23T19:51:29.795+0000] {standard_task_runner.py:72} INFO - Started process 252 to run task
[2026-06-23T19:51:29.822+0000] {task_command.py:467} INFO - Running <TaskInstance: etl_random_users.notify manual__2026-06-23T19:47:36.768528+00:00 [running]> on host 5e2f3db502aa
[2026-06-23T19:51:29.863+0000] {taskinstance.py:3134} INFO - Exporting env vars: AIRFLOW_CTX_DAG_OWNER='juan_camilo' AIRFLOW_CTX_DAG_ID='etl_random_users' AIRFLOW_CTX_TASK_ID='notify' AIRFLOW_CTX_EXECUTION_DATE='2026-06-23T19:47:36.768528+00:00' AIRFLOW_CTX_TRY_NUMBER='1' AIRFLOW_CTX_DAG_RUN_ID='manual__2026-06-23T19:47:36.768528+00:00'
[2026-06-23T19:51:29.864+0000] {taskinstance.py:732} INFO - ::endgroup::
[2026-06-23T19:51:29.882+0000] {hola_mundo_dag.py:310} INFO - ==================================================
[2026-06-23T19:51:29.883+0000] {hola_mundo_dag.py:311} INFO - 📊 RESUMEN DEL PIPELINE ETL — USUARIOS CRM
[2026-06-23T19:51:29.883+0000] {hola_mundo_dag.py:312} INFO - ==================================================
[2026-06-23T19:51:29.883+0000] {hola_mundo_dag.py:313} INFO -   Total procesados : 100
[2026-06-23T19:51:29.883+0000] {hola_mundo_dag.py:314} INFO -   Insertados       : 0
[2026-06-23T19:51:29.883+0000] {hola_mundo_dag.py:315} INFO -   Actualizados     : 99
[2026-06-23T19:51:29.883+0000] {hola_mundo_dag.py:316} INFO -   CSV generado     : /opt/***/data/clean/usuarios_crm_2026-06-23_19-51-28.csv
[2026-06-23T19:51:29.883+0000] {hola_mundo_dag.py:317} INFO -   Fecha ejecución  : 2026-06-23 19:51:29
[2026-06-23T19:51:29.883+0000] {hola_mundo_dag.py:318} INFO - ==================================================
[2026-06-23T19:51:29.883+0000] {python.py:240} INFO - Done. Returned value was: None
[2026-06-23T19:51:29.889+0000] {taskinstance.py:341} INFO - ::group::Post task execution logs
[2026-06-23T19:51:29.889+0000] {taskinstance.py:353} INFO - Marking task as SUCCESS. dag_id=etl_random_users, task_id=notify, run_id=manual__2026-06-23T19:47:36.768528+00:00, execution_date=20260623T194736, start_date=20260623T195129, end_date=20260623T195129
[2026-06-23T19:51:29.928+0000] {local_task_job_runner.py:266} INFO - Task exited with return code 0
[2026-06-23T19:51:29.962+0000] {taskinstance.py:3901} INFO - 0 downstream tasks scheduled from follow-on schedule check
[2026-06-23T19:51:29.964+0000] {local_task_job_runner.py:245} INFO - ::endgroup::
