[2026-06-23T00:22:38.731+0000] {local_task_job_runner.py:123} INFO - ::group::Pre task execution logs
[2026-06-23T00:22:38.774+0000] {taskinstance.py:2614} INFO - Dependencies all met for dep_context=non-requeueable deps ti=<TaskInstance: etl_random_users.transform manual__2026-06-23T00:22:20.718308+00:00 [queued]>
[2026-06-23T00:22:38.798+0000] {taskinstance.py:2614} INFO - Dependencies all met for dep_context=requeueable deps ti=<TaskInstance: etl_random_users.transform manual__2026-06-23T00:22:20.718308+00:00 [queued]>
[2026-06-23T00:22:38.800+0000] {taskinstance.py:2867} INFO - Starting attempt 1 of 3
[2026-06-23T00:22:38.821+0000] {taskinstance.py:2890} INFO - Executing <Task(PythonOperator): transform> on 2026-06-23 00:22:20.718308+00:00
[2026-06-23T00:22:38.837+0000] {standard_task_runner.py:104} INFO - Running: ['***', 'tasks', 'run', 'etl_random_users', 'transform', 'manual__2026-06-23T00:22:20.718308+00:00', '--job-id', '83', '--raw', '--subdir', 'DAGS_FOLDER/hola_mundo_dag.py', '--cfg-path', '/tmp/tmpes2fgnl9']
[2026-06-23T00:22:38.842+0000] {standard_task_runner.py:105} INFO - Job 83: Subtask transform
[2026-06-23T00:22:38.844+0000] {logging_mixin.py:190} WARNING - /home/***/.local/lib/python3.12/site-packages/***/task/task_runner/standard_task_runner.py:70 DeprecationWarning: This process (pid=282) is multi-threaded, use of fork() may lead to deadlocks in the child.
[2026-06-23T00:22:38.845+0000] {standard_task_runner.py:72} INFO - Started process 284 to run task
[2026-06-23T00:22:38.948+0000] {task_command.py:467} INFO - Running <TaskInstance: etl_random_users.transform manual__2026-06-23T00:22:20.718308+00:00 [running]> on host 2739510d87fa
[2026-06-23T00:22:39.101+0000] {taskinstance.py:3134} INFO - Exporting env vars: AIRFLOW_CTX_DAG_OWNER='juan_camilo' AIRFLOW_CTX_DAG_ID='etl_random_users' AIRFLOW_CTX_TASK_ID='transform' AIRFLOW_CTX_EXECUTION_DATE='2026-06-23T00:22:20.718308+00:00' AIRFLOW_CTX_TRY_NUMBER='1' AIRFLOW_CTX_DAG_RUN_ID='manual__2026-06-23T00:22:20.718308+00:00'
[2026-06-23T00:22:39.104+0000] {taskinstance.py:732} INFO - ::endgroup::
[2026-06-23T00:22:39.531+0000] {hola_mundo_dag.py:106} INFO - Transformando 5000 usuarios...
[2026-06-23T00:22:39.561+0000] {hola_mundo_dag.py:128} INFO - Shape inicial: (5000, 13)
[2026-06-23T00:22:39.598+0000] {hola_mundo_dag.py:157} INFO - Shape final tras transformaciones: (5000, 15)
[2026-06-23T00:22:39.604+0000] {hola_mundo_dag.py:158} INFO - Segmentos:
segmento_edad
Maduro    1751
Adulto    1732
Senior    1517
[2026-06-23T00:22:39.863+0000] {python.py:240} INFO - Done. Returned value was: None
[2026-06-23T00:22:39.878+0000] {taskinstance.py:341} INFO - ::group::Post task execution logs
[2026-06-23T00:22:39.879+0000] {taskinstance.py:353} INFO - Marking task as SUCCESS. dag_id=etl_random_users, task_id=transform, run_id=manual__2026-06-23T00:22:20.718308+00:00, execution_date=20260623T002220, start_date=20260623T002238, end_date=20260623T002239
[2026-06-23T00:22:39.947+0000] {local_task_job_runner.py:266} INFO - Task exited with return code 0
[2026-06-23T00:22:39.996+0000] {taskinstance.py:3901} INFO - 1 downstream tasks scheduled from follow-on schedule check
[2026-06-23T00:22:40.000+0000] {local_task_job_runner.py:245} INFO - ::endgroup::
