[2026-06-23T20:50:27.389+0000] {local_task_job_runner.py:123} INFO - ::group::Pre task execution logs
[2026-06-23T20:50:27.399+0000] {taskinstance.py:2614} INFO - Dependencies all met for dep_context=non-requeueable deps ti=<TaskInstance: etl_ecommerce.setup manual__2026-06-23T20:50:26.401106+00:00 [queued]>
[2026-06-23T20:50:27.404+0000] {taskinstance.py:2614} INFO - Dependencies all met for dep_context=requeueable deps ti=<TaskInstance: etl_ecommerce.setup manual__2026-06-23T20:50:26.401106+00:00 [queued]>
[2026-06-23T20:50:27.404+0000] {taskinstance.py:2867} INFO - Starting attempt 1 of 3
[2026-06-23T20:50:27.410+0000] {taskinstance.py:2890} INFO - Executing <Task(PythonOperator): setup> on 2026-06-23 20:50:26.401106+00:00
[2026-06-23T20:50:27.416+0000] {logging_mixin.py:190} WARNING - /home/***/.local/lib/python3.12/site-packages/***/task/task_runner/standard_task_runner.py:70 DeprecationWarning: This process (pid=669) is multi-threaded, use of fork() may lead to deadlocks in the child.
[2026-06-23T20:50:27.417+0000] {standard_task_runner.py:72} INFO - Started process 671 to run task
[2026-06-23T20:50:27.416+0000] {standard_task_runner.py:104} INFO - Running: ['***', 'tasks', 'run', 'etl_ecommerce', 'setup', 'manual__2026-06-23T20:50:26.401106+00:00', '--job-id', '91', '--raw', '--subdir', 'DAGS_FOLDER/hola_mundo_dag.py', '--cfg-path', '/tmp/tmpq62afb3y']
[2026-06-23T20:50:27.418+0000] {standard_task_runner.py:105} INFO - Job 91: Subtask setup
[2026-06-23T20:50:27.446+0000] {task_command.py:467} INFO - Running <TaskInstance: etl_ecommerce.setup manual__2026-06-23T20:50:26.401106+00:00 [running]> on host 8884758d4df3
[2026-06-23T20:50:27.493+0000] {taskinstance.py:3134} INFO - Exporting env vars: AIRFLOW_CTX_DAG_OWNER='juan_camilo' AIRFLOW_CTX_DAG_ID='etl_ecommerce' AIRFLOW_CTX_TASK_ID='setup' AIRFLOW_CTX_EXECUTION_DATE='2026-06-23T20:50:26.401106+00:00' AIRFLOW_CTX_TRY_NUMBER='1' AIRFLOW_CTX_DAG_RUN_ID='manual__2026-06-23T20:50:26.401106+00:00'
[2026-06-23T20:50:27.493+0000] {taskinstance.py:732} INFO - ::endgroup::
[2026-06-23T20:50:27.502+0000] {crypto.py:82} WARNING - empty cryptography key - values will not be stored encrypted.
[2026-06-23T20:50:27.503+0000] {base.py:84} INFO - Retrieving connection 'postgres_destino'
[2026-06-23T20:50:28.321+0000] {hola_mundo_dag.py:49} INFO - ✅ Conexión a Supabase exitosa.
[2026-06-23T20:50:28.322+0000] {hola_mundo_dag.py:50} INFO -    PostgreSQL version: PostgreSQL 17.6 on aarch64-unknown-linux-gnu, compiled by gcc (GCC) 15.2.0, 64-bit
[2026-06-23T20:50:28.442+0000] {hola_mundo_dag.py:70} INFO - ✅ Kaggle autenticado correctamente. Usuario: camiloguengue
[2026-06-23T20:50:28.443+0000] {python.py:240} INFO - Done. Returned value was: None
[2026-06-23T20:50:28.450+0000] {taskinstance.py:341} INFO - ::group::Post task execution logs
[2026-06-23T20:50:28.450+0000] {taskinstance.py:353} INFO - Marking task as SUCCESS. dag_id=etl_ecommerce, task_id=setup, run_id=manual__2026-06-23T20:50:26.401106+00:00, execution_date=20260623T205026, start_date=20260623T205027, end_date=20260623T205028
[2026-06-23T20:50:28.513+0000] {local_task_job_runner.py:266} INFO - Task exited with return code 0
[2026-06-23T20:50:28.563+0000] {taskinstance.py:3901} INFO - 1 downstream tasks scheduled from follow-on schedule check
[2026-06-23T20:50:28.564+0000] {local_task_job_runner.py:245} INFO - ::endgroup::
