[2026-06-22T21:17:37.042+0000] {local_task_job_runner.py:123} INFO - ::group::Pre task execution logs
[2026-06-22T21:17:37.075+0000] {taskinstance.py:2614} INFO - Dependencies all met for dep_context=non-requeueable deps ti=<TaskInstance: etl_random_users.save_raw manual__2026-06-22T21:12:14.966403+00:00 [queued]>
[2026-06-22T21:17:37.093+0000] {taskinstance.py:2614} INFO - Dependencies all met for dep_context=requeueable deps ti=<TaskInstance: etl_random_users.save_raw manual__2026-06-22T21:12:14.966403+00:00 [queued]>
[2026-06-22T21:17:37.097+0000] {taskinstance.py:2867} INFO - Starting attempt 1 of 3
[2026-06-22T21:17:37.126+0000] {taskinstance.py:2890} INFO - Executing <Task(PythonOperator): save_raw> on 2026-06-22 21:12:14.966403+00:00
[2026-06-22T21:17:37.142+0000] {standard_task_runner.py:104} INFO - Running: ['***', 'tasks', 'run', 'etl_random_users', 'save_raw', 'manual__2026-06-22T21:12:14.966403+00:00', '--job-id', '21', '--raw', '--subdir', 'DAGS_FOLDER/hola_mundo_dag.py', '--cfg-path', '/tmp/tmpof1clsjb']
[2026-06-22T21:17:37.147+0000] {logging_mixin.py:190} WARNING - /home/***/.local/lib/python3.12/site-packages/***/task/task_runner/standard_task_runner.py:70 DeprecationWarning: This process (pid=213) is multi-threaded, use of fork() may lead to deadlocks in the child.
[2026-06-22T21:17:37.148+0000] {standard_task_runner.py:105} INFO - Job 21: Subtask save_raw
[2026-06-22T21:17:37.148+0000] {standard_task_runner.py:72} INFO - Started process 215 to run task
[2026-06-22T21:17:37.254+0000] {task_command.py:467} INFO - Running <TaskInstance: etl_random_users.save_raw manual__2026-06-22T21:12:14.966403+00:00 [running]> on host fea59c8fa3d1
[2026-06-22T21:17:37.392+0000] {taskinstance.py:3134} INFO - Exporting env vars: AIRFLOW_CTX_DAG_OWNER='juan_camilo' AIRFLOW_CTX_DAG_ID='etl_random_users' AIRFLOW_CTX_TASK_ID='save_raw' AIRFLOW_CTX_EXECUTION_DATE='2026-06-22T21:12:14.966403+00:00' AIRFLOW_CTX_TRY_NUMBER='1' AIRFLOW_CTX_DAG_RUN_ID='manual__2026-06-22T21:12:14.966403+00:00'
[2026-06-22T21:17:37.395+0000] {taskinstance.py:732} INFO - ::endgroup::
[2026-06-22T21:17:38.152+0000] {hola_mundo_dag.py:116} INFO - ✅ JSON crudo guardado: /opt/***/data/raw/usuarios_raw_2026-06-22_21-17-37.json
[2026-06-22T21:17:38.153+0000] {hola_mundo_dag.py:117} INFO -    Registros: 5000
[2026-06-22T21:17:38.164+0000] {python.py:240} INFO - Done. Returned value was: None
[2026-06-22T21:17:38.187+0000] {taskinstance.py:341} INFO - ::group::Post task execution logs
[2026-06-22T21:17:38.188+0000] {taskinstance.py:353} INFO - Marking task as SUCCESS. dag_id=etl_random_users, task_id=save_raw, run_id=manual__2026-06-22T21:12:14.966403+00:00, execution_date=20260622T211214, start_date=20260622T211737, end_date=20260622T211738
[2026-06-22T21:17:38.295+0000] {local_task_job_runner.py:266} INFO - Task exited with return code 0
[2026-06-22T21:17:38.359+0000] {taskinstance.py:3901} INFO - 1 downstream tasks scheduled from follow-on schedule check
[2026-06-22T21:17:38.373+0000] {local_task_job_runner.py:245} INFO - ::endgroup::
