[2026-06-23T19:12:50.466+0000] {local_task_job_runner.py:123} INFO - ::group::Pre task execution logs
[2026-06-23T19:12:50.479+0000] {taskinstance.py:2614} INFO - Dependencies all met for dep_context=non-requeueable deps ti=<TaskInstance: etl_random_users.save_local scheduled__2026-06-22T06:00:00+00:00 [queued]>
[2026-06-23T19:12:50.485+0000] {taskinstance.py:2614} INFO - Dependencies all met for dep_context=requeueable deps ti=<TaskInstance: etl_random_users.save_local scheduled__2026-06-22T06:00:00+00:00 [queued]>
[2026-06-23T19:12:50.485+0000] {taskinstance.py:2867} INFO - Starting attempt 1 of 3
[2026-06-23T19:12:50.492+0000] {taskinstance.py:2890} INFO - Executing <Task(PythonOperator): save_local> on 2026-06-22 06:00:00+00:00
[2026-06-23T19:12:50.497+0000] {standard_task_runner.py:104} INFO - Running: ['***', 'tasks', 'run', 'etl_random_users', 'save_local', 'scheduled__2026-06-22T06:00:00+00:00', '--job-id', '8', '--raw', '--subdir', 'DAGS_FOLDER/hola_mundo_dag.py', '--cfg-path', '/tmp/tmp9z18fv7v']
[2026-06-23T19:12:50.499+0000] {standard_task_runner.py:105} INFO - Job 8: Subtask save_local
[2026-06-23T19:12:50.499+0000] {logging_mixin.py:190} WARNING - /home/***/.local/lib/python3.12/site-packages/***/task/task_runner/standard_task_runner.py:70 DeprecationWarning: This process (pid=211) is multi-threaded, use of fork() may lead to deadlocks in the child.
[2026-06-23T19:12:50.499+0000] {standard_task_runner.py:72} INFO - Started process 214 to run task
[2026-06-23T19:12:50.528+0000] {task_command.py:467} INFO - Running <TaskInstance: etl_random_users.save_local scheduled__2026-06-22T06:00:00+00:00 [running]> on host 5c137d78ff0c
[2026-06-23T19:12:50.574+0000] {taskinstance.py:3134} INFO - Exporting env vars: AIRFLOW_CTX_DAG_OWNER='juan_camilo' AIRFLOW_CTX_DAG_ID='etl_random_users' AIRFLOW_CTX_TASK_ID='save_local' AIRFLOW_CTX_EXECUTION_DATE='2026-06-22T06:00:00+00:00' AIRFLOW_CTX_TRY_NUMBER='1' AIRFLOW_CTX_DAG_RUN_ID='scheduled__2026-06-22T06:00:00+00:00'
[2026-06-23T19:12:50.575+0000] {taskinstance.py:732} INFO - ::endgroup::
[2026-06-23T19:12:50.664+0000] {hola_mundo_dag.py:301} INFO - ✅ Archivo guardado localmente: /opt/***/data/clean/usuarios_crm_2026-06-23_19-12-50.csv
[2026-06-23T19:12:50.664+0000] {hola_mundo_dag.py:302} INFO -    Registros guardados: 5000
[2026-06-23T19:12:50.683+0000] {hola_mundo_dag.py:307} INFO - ✅ Archivo latest actualizado: /opt/***/data/usuarios_crm_latest.csv
[2026-06-23T19:12:50.692+0000] {python.py:240} INFO - Done. Returned value was: None
[2026-06-23T19:12:50.699+0000] {taskinstance.py:341} INFO - ::group::Post task execution logs
[2026-06-23T19:12:50.699+0000] {taskinstance.py:353} INFO - Marking task as SUCCESS. dag_id=etl_random_users, task_id=save_local, run_id=scheduled__2026-06-22T06:00:00+00:00, execution_date=20260622T060000, start_date=20260623T191250, end_date=20260623T191250
[2026-06-23T19:12:50.752+0000] {local_task_job_runner.py:266} INFO - Task exited with return code 0
[2026-06-23T19:12:50.766+0000] {taskinstance.py:3901} INFO - 1 downstream tasks scheduled from follow-on schedule check
[2026-06-23T19:12:50.767+0000] {local_task_job_runner.py:245} INFO - ::endgroup::
