[2026-06-23T20:34:26.169+0000] {local_task_job_runner.py:123} INFO - ::group::Pre task execution logs
[2026-06-23T20:34:26.180+0000] {taskinstance.py:2614} INFO - Dependencies all met for dep_context=non-requeueable deps ti=<TaskInstance: etl_random_users.load manual__2026-06-23T20:34:18.731829+00:00 [queued]>
[2026-06-23T20:34:26.186+0000] {taskinstance.py:2614} INFO - Dependencies all met for dep_context=requeueable deps ti=<TaskInstance: etl_random_users.load manual__2026-06-23T20:34:18.731829+00:00 [queued]>
[2026-06-23T20:34:26.186+0000] {taskinstance.py:2867} INFO - Starting attempt 1 of 3
[2026-06-23T20:34:26.193+0000] {taskinstance.py:2890} INFO - Executing <Task(PythonOperator): load> on 2026-06-23 20:34:18.731829+00:00
[2026-06-23T20:34:26.198+0000] {standard_task_runner.py:104} INFO - Running: ['***', 'tasks', 'run', 'etl_random_users', 'load', 'manual__2026-06-23T20:34:18.731829+00:00', '--job-id', '58', '--raw', '--subdir', 'DAGS_FOLDER/hola_mundo_dag.py', '--cfg-path', '/tmp/tmpqoyks0dz']
[2026-06-23T20:34:26.200+0000] {standard_task_runner.py:105} INFO - Job 58: Subtask load
[2026-06-23T20:34:26.200+0000] {logging_mixin.py:190} WARNING - /home/***/.local/lib/python3.12/site-packages/***/task/task_runner/standard_task_runner.py:70 DeprecationWarning: This process (pid=246) is multi-threaded, use of fork() may lead to deadlocks in the child.
[2026-06-23T20:34:26.200+0000] {standard_task_runner.py:72} INFO - Started process 248 to run task
[2026-06-23T20:34:26.226+0000] {task_command.py:467} INFO - Running <TaskInstance: etl_random_users.load manual__2026-06-23T20:34:18.731829+00:00 [running]> on host 8884758d4df3
[2026-06-23T20:34:26.272+0000] {taskinstance.py:3134} INFO - Exporting env vars: AIRFLOW_CTX_DAG_OWNER='juan_camilo' AIRFLOW_CTX_DAG_ID='etl_random_users' AIRFLOW_CTX_TASK_ID='load' AIRFLOW_CTX_EXECUTION_DATE='2026-06-23T20:34:18.731829+00:00' AIRFLOW_CTX_TRY_NUMBER='1' AIRFLOW_CTX_DAG_RUN_ID='manual__2026-06-23T20:34:18.731829+00:00'
[2026-06-23T20:34:26.273+0000] {taskinstance.py:732} INFO - ::endgroup::
[2026-06-23T20:34:26.288+0000] {hola_mundo_dag.py:183} INFO - Cargando 100 usuarios en Supabase...
[2026-06-23T20:34:26.289+0000] {crypto.py:82} WARNING - empty cryptography key - values will not be stored encrypted.
[2026-06-23T20:34:26.289+0000] {base.py:84} INFO - Retrieving connection 'postgres_destino'
[2026-06-23T20:34:27.050+0000] {hola_mundo_dag.py:213} INFO - Tabla 'usuarios_crm' lista.
[2026-06-23T20:35:59.088+0000] {hola_mundo_dag.py:271} INFO - ✅ Carga completa — Insertados: 0 | Actualizados: 100 | Errores: 0
[2026-06-23T20:35:59.110+0000] {python.py:240} INFO - Done. Returned value was: None
[2026-06-23T20:35:59.117+0000] {taskinstance.py:341} INFO - ::group::Post task execution logs
[2026-06-23T20:35:59.117+0000] {taskinstance.py:353} INFO - Marking task as SUCCESS. dag_id=etl_random_users, task_id=load, run_id=manual__2026-06-23T20:34:18.731829+00:00, execution_date=20260623T203418, start_date=20260623T203426, end_date=20260623T203559
[2026-06-23T20:35:59.167+0000] {local_task_job_runner.py:266} INFO - Task exited with return code 0
[2026-06-23T20:35:59.199+0000] {taskinstance.py:3901} INFO - 1 downstream tasks scheduled from follow-on schedule check
[2026-06-23T20:35:59.200+0000] {local_task_job_runner.py:245} INFO - ::endgroup::
