[2026-06-23T22:13:12.160+0000] {local_task_job_runner.py:123} INFO - ::group::Pre task execution logs
[2026-06-23T22:13:12.173+0000] {taskinstance.py:2614} INFO - Dependencies all met for dep_context=non-requeueable deps ti=<TaskInstance: etl_ecommerce.save_raw manual__2026-06-23T22:13:00.973517+00:00 [queued]>
[2026-06-23T22:13:12.179+0000] {taskinstance.py:2614} INFO - Dependencies all met for dep_context=requeueable deps ti=<TaskInstance: etl_ecommerce.save_raw manual__2026-06-23T22:13:00.973517+00:00 [queued]>
[2026-06-23T22:13:12.179+0000] {taskinstance.py:2867} INFO - Starting attempt 1 of 3
[2026-06-23T22:13:12.185+0000] {taskinstance.py:2890} INFO - Executing <Task(PythonOperator): save_raw> on 2026-06-23 22:13:00.973517+00:00
[2026-06-23T22:13:12.191+0000] {logging_mixin.py:190} WARNING - /home/***/.local/lib/python3.12/site-packages/***/task/task_runner/standard_task_runner.py:70 DeprecationWarning: This process (pid=1481) is multi-threaded, use of fork() may lead to deadlocks in the child.
[2026-06-23T22:13:12.192+0000] {standard_task_runner.py:72} INFO - Started process 1483 to run task
[2026-06-23T22:13:12.192+0000] {standard_task_runner.py:104} INFO - Running: ['***', 'tasks', 'run', 'etl_ecommerce', 'save_raw', 'manual__2026-06-23T22:13:00.973517+00:00', '--job-id', '180', '--raw', '--subdir', 'DAGS_FOLDER/etl_ecommerce_dag.py', '--cfg-path', '/tmp/tmpn5pivxvy']
[2026-06-23T22:13:12.193+0000] {standard_task_runner.py:105} INFO - Job 180: Subtask save_raw
[2026-06-23T22:13:12.220+0000] {task_command.py:467} INFO - Running <TaskInstance: etl_ecommerce.save_raw manual__2026-06-23T22:13:00.973517+00:00 [running]> on host d2930d66fea2
[2026-06-23T22:13:12.268+0000] {taskinstance.py:3134} INFO - Exporting env vars: AIRFLOW_CTX_DAG_OWNER='juan_camilo' AIRFLOW_CTX_DAG_ID='etl_ecommerce' AIRFLOW_CTX_TASK_ID='save_raw' AIRFLOW_CTX_EXECUTION_DATE='2026-06-23T22:13:00.973517+00:00' AIRFLOW_CTX_TRY_NUMBER='1' AIRFLOW_CTX_DAG_RUN_ID='manual__2026-06-23T22:13:00.973517+00:00'
[2026-06-23T22:13:12.268+0000] {taskinstance.py:732} INFO - ::endgroup::
[2026-06-23T22:13:18.078+0000] {etl_ecommerce_dag.py:128} INFO - ✅ JSON crudo guardado: /opt/***/data/raw/ecommerce_raw_2026-06-23_22-13-14.json
[2026-06-23T22:13:18.078+0000] {etl_ecommerce_dag.py:129} INFO -    Registros: 541909
[2026-06-23T22:13:18.144+0000] {python.py:240} INFO - Done. Returned value was: None
[2026-06-23T22:13:18.150+0000] {taskinstance.py:341} INFO - ::group::Post task execution logs
[2026-06-23T22:13:18.150+0000] {taskinstance.py:353} INFO - Marking task as SUCCESS. dag_id=etl_ecommerce, task_id=save_raw, run_id=manual__2026-06-23T22:13:00.973517+00:00, execution_date=20260623T221300, start_date=20260623T221312, end_date=20260623T221318
[2026-06-23T22:13:18.202+0000] {local_task_job_runner.py:266} INFO - Task exited with return code 0
[2026-06-23T22:13:18.223+0000] {taskinstance.py:3901} INFO - 1 downstream tasks scheduled from follow-on schedule check
[2026-06-23T22:13:18.224+0000] {local_task_job_runner.py:245} INFO - ::endgroup::
