[2026-06-23T00:28:16.055+0000] {local_task_job_runner.py:123} INFO - ::group::Pre task execution logs
[2026-06-23T00:28:16.151+0000] {taskinstance.py:2614} INFO - Dependencies all met for dep_context=non-requeueable deps ti=<TaskInstance: etl_random_users.load manual__2026-06-23T00:18:24.771190+00:00 [queued]>
[2026-06-23T00:28:16.238+0000] {taskinstance.py:2614} INFO - Dependencies all met for dep_context=requeueable deps ti=<TaskInstance: etl_random_users.load manual__2026-06-23T00:18:24.771190+00:00 [queued]>
[2026-06-23T00:28:16.244+0000] {taskinstance.py:2867} INFO - Starting attempt 1 of 3
[2026-06-23T00:28:16.295+0000] {taskinstance.py:2890} INFO - Executing <Task(PythonOperator): load> on 2026-06-23 00:18:24.771190+00:00
[2026-06-23T00:28:16.317+0000] {standard_task_runner.py:104} INFO - Running: ['***', 'tasks', 'run', 'etl_random_users', 'load', 'manual__2026-06-23T00:18:24.771190+00:00', '--job-id', '94', '--raw', '--subdir', 'DAGS_FOLDER/hola_mundo_dag.py', '--cfg-path', '/tmp/tmp5e10hqj7']
[2026-06-23T00:28:16.329+0000] {standard_task_runner.py:105} INFO - Job 94: Subtask load
[2026-06-23T00:28:16.328+0000] {logging_mixin.py:190} WARNING - /home/***/.local/lib/python3.12/site-packages/***/task/task_runner/standard_task_runner.py:70 DeprecationWarning: This process (pid=398) is multi-threaded, use of fork() may lead to deadlocks in the child.
[2026-06-23T00:28:16.331+0000] {standard_task_runner.py:72} INFO - Started process 404 to run task
[2026-06-23T00:28:16.461+0000] {task_command.py:467} INFO - Running <TaskInstance: etl_random_users.load manual__2026-06-23T00:18:24.771190+00:00 [running]> on host 2739510d87fa
[2026-06-23T00:28:16.668+0000] {taskinstance.py:3134} INFO - Exporting env vars: AIRFLOW_CTX_DAG_OWNER='juan_camilo' AIRFLOW_CTX_DAG_ID='etl_random_users' AIRFLOW_CTX_TASK_ID='load' AIRFLOW_CTX_EXECUTION_DATE='2026-06-23T00:18:24.771190+00:00' AIRFLOW_CTX_TRY_NUMBER='1' AIRFLOW_CTX_DAG_RUN_ID='manual__2026-06-23T00:18:24.771190+00:00'
[2026-06-23T00:28:16.670+0000] {taskinstance.py:732} INFO - ::endgroup::
[2026-06-23T00:28:16.832+0000] {hola_mundo_dag.py:175} INFO - Cargando 5000 usuarios en Supabase...
[2026-06-23T00:28:16.834+0000] {crypto.py:82} WARNING - empty cryptography key - values will not be stored encrypted.
[2026-06-23T00:28:16.836+0000] {base.py:84} INFO - Retrieving connection 'postgres_destino'
[2026-06-23T00:28:18.046+0000] {hola_mundo_dag.py:204} INFO - Tabla 'usuarios_crm' lista (creada o ya existía).
[2026-06-23T00:45:58.372+0000] {hola_mundo_dag.py:245} INFO - ✅ Carga completa — Insertados: 5000 | Actualizados: 0
[2026-06-23T00:45:58.440+0000] {python.py:240} INFO - Done. Returned value was: None
[2026-06-23T00:45:58.474+0000] {taskinstance.py:341} INFO - ::group::Post task execution logs
[2026-06-23T00:45:58.476+0000] {taskinstance.py:353} INFO - Marking task as SUCCESS. dag_id=etl_random_users, task_id=load, run_id=manual__2026-06-23T00:18:24.771190+00:00, execution_date=20260623T001824, start_date=20260623T002816, end_date=20260623T004558
[2026-06-23T00:45:58.624+0000] {local_task_job_runner.py:266} INFO - Task exited with return code 0
[2026-06-23T00:45:58.680+0000] {taskinstance.py:3901} INFO - 0 downstream tasks scheduled from follow-on schedule check
[2026-06-23T00:45:58.685+0000] {local_task_job_runner.py:245} INFO - ::endgroup::
