[2026-06-23T20:59:46.549+0000] {local_task_job_runner.py:123} INFO - ::group::Pre task execution logs
[2026-06-23T20:59:46.562+0000] {taskinstance.py:2614} INFO - Dependencies all met for dep_context=non-requeueable deps ti=<TaskInstance: etl_ecommerce.load manual__2026-06-23T20:56:13.471814+00:00 [queued]>
[2026-06-23T20:59:46.567+0000] {taskinstance.py:2614} INFO - Dependencies all met for dep_context=requeueable deps ti=<TaskInstance: etl_ecommerce.load manual__2026-06-23T20:56:13.471814+00:00 [queued]>
[2026-06-23T20:59:46.567+0000] {taskinstance.py:2867} INFO - Starting attempt 1 of 3
[2026-06-23T20:59:46.574+0000] {taskinstance.py:2890} INFO - Executing <Task(PythonOperator): load> on 2026-06-23 20:56:13.471814+00:00
[2026-06-23T20:59:46.579+0000] {standard_task_runner.py:104} INFO - Running: ['***', 'tasks', 'run', 'etl_ecommerce', 'load', 'manual__2026-06-23T20:56:13.471814+00:00', '--job-id', '133', '--raw', '--subdir', 'DAGS_FOLDER/etl_ecommerce_dag.py', '--cfg-path', '/tmp/tmpaq8526yh']
[2026-06-23T20:59:46.580+0000] {standard_task_runner.py:105} INFO - Job 133: Subtask load
[2026-06-23T20:59:46.581+0000] {logging_mixin.py:190} WARNING - /home/***/.local/lib/python3.12/site-packages/***/task/task_runner/standard_task_runner.py:70 DeprecationWarning: This process (pid=352) is multi-threaded, use of fork() may lead to deadlocks in the child.
[2026-06-23T20:59:46.581+0000] {standard_task_runner.py:72} INFO - Started process 354 to run task
[2026-06-23T20:59:46.607+0000] {task_command.py:467} INFO - Running <TaskInstance: etl_ecommerce.load manual__2026-06-23T20:56:13.471814+00:00 [running]> on host d2930d66fea2
[2026-06-23T20:59:46.650+0000] {taskinstance.py:3134} INFO - Exporting env vars: AIRFLOW_CTX_DAG_OWNER='juan_camilo' AIRFLOW_CTX_DAG_ID='etl_ecommerce' AIRFLOW_CTX_TASK_ID='load' AIRFLOW_CTX_EXECUTION_DATE='2026-06-23T20:56:13.471814+00:00' AIRFLOW_CTX_TRY_NUMBER='1' AIRFLOW_CTX_DAG_RUN_ID='manual__2026-06-23T20:56:13.471814+00:00'
[2026-06-23T20:59:46.650+0000] {taskinstance.py:732} INFO - ::endgroup::
[2026-06-23T20:59:49.148+0000] {etl_ecommerce_dag.py:225} INFO - Cargando 392692 registros en Supabase...
[2026-06-23T20:59:49.149+0000] {crypto.py:82} WARNING - empty cryptography key - values will not be stored encrypted.
[2026-06-23T20:59:49.149+0000] {base.py:84} INFO - Retrieving connection 'postgres_destino'
[2026-06-23T20:59:49.882+0000] {etl_ecommerce_dag.py:253} INFO - Tabla 'ecommerce_transacciones' lista.
[2026-06-23T21:09:49.830+0000] {etl_ecommerce_dag.py:300} WARNING - ⚠️ Error en registro 536415/21212: relation "ecommerce_transacciones" does not exist
LINE 1: SELECT 1 FROM ecommerce_transacciones WHERE invoice_no = '53...
                      ^

[2026-06-23T21:09:50.515+0000] {etl_ecommerce_dag.py:300} WARNING - ⚠️ Error en registro 536415/21976: relation "ecommerce_transacciones" does not exist
LINE 1: SELECT 1 FROM ecommerce_transacciones WHERE invoice_no = '53...
                      ^

[2026-06-23T21:09:51.298+0000] {etl_ecommerce_dag.py:300} WARNING - ⚠️ Error en registro 536415/22951: relation "ecommerce_transacciones" does not exist
LINE 1: SELECT 1 FROM ecommerce_transacciones WHERE invoice_no = '53...
                      ^

[2026-06-23T21:09:52.087+0000] {etl_ecommerce_dag.py:300} WARNING - ⚠️ Error en registro 536415/21977: relation "ecommerce_transacciones" does not exist
LINE 1: SELECT 1 FROM ecommerce_transacciones WHERE invoice_no = '53...
                      ^

[2026-06-23T21:09:52.844+0000] {etl_ecommerce_dag.py:300} WARNING - ⚠️ Error en registro 536415/22834: relation "ecommerce_transacciones" does not exist
LINE 1: SELECT 1 FROM ecommerce_transacciones WHERE invoice_no = '53...
                      ^

[2026-06-23T21:09:53.594+0000] {etl_ecommerce_dag.py:300} WARNING - ⚠️ Error en registro 536415/22867: relation "ecommerce_transacciones" does not exist
LINE 1: SELECT 1 FROM ecommerce_transacciones WHERE invoice_no = '53...
                      ^

[2026-06-23T21:09:54.343+0000] {etl_ecommerce_dag.py:300} WARNING - ⚠️ Error en registro 536415/22865: relation "ecommerce_transacciones" does not exist
LINE 1: SELECT 1 FROM ecommerce_transacciones WHERE invoice_no = '53...
                      ^

[2026-06-23T21:09:55.107+0000] {etl_ecommerce_dag.py:300} WARNING - ⚠️ Error en registro 536415/22632: relation "ecommerce_transacciones" does not exist
LINE 1: SELECT 1 FROM ecommerce_transacciones WHERE invoice_no = '53...
                      ^

[2026-06-23T21:09:55.905+0000] {etl_ecommerce_dag.py:300} WARNING - ⚠️ Error en registro 536415/21916: relation "ecommerce_transacciones" does not exist
LINE 1: SELECT 1 FROM ecommerce_transacciones WHERE invoice_no = '53...
                      ^

[2026-06-23T21:09:56.814+0000] {etl_ecommerce_dag.py:300} WARNING - ⚠️ Error en registro 536415/22587: relation "ecommerce_transacciones" does not exist
LINE 1: SELECT 1 FROM ecommerce_transacciones WHERE invoice_no = '53...
                      ^

[2026-06-23T21:09:57.667+0000] {etl_ecommerce_dag.py:300} WARNING - ⚠️ Error en registro 536415/22566: relation "ecommerce_transacciones" does not exist
LINE 1: SELECT 1 FROM ecommerce_transacciones WHERE invoice_no = '53...
                      ^

[2026-06-23T21:09:58.393+0000] {etl_ecommerce_dag.py:300} WARNING - ⚠️ Error en registro 536415/22565: relation "ecommerce_transacciones" does not exist
LINE 1: SELECT 1 FROM ecommerce_transacciones WHERE invoice_no = '53...
                      ^

[2026-06-23T21:09:59.079+0000] {etl_ecommerce_dag.py:300} WARNING - ⚠️ Error en registro 536415/22472: relation "ecommerce_transacciones" does not exist
LINE 1: SELECT 1 FROM ecommerce_transacciones WHERE invoice_no = '53...
                      ^

[2026-06-23T21:09:59.825+0000] {etl_ecommerce_dag.py:300} WARNING - ⚠️ Error en registro 536415/22557: relation "ecommerce_transacciones" does not exist
LINE 1: SELECT 1 FROM ecommerce_transacciones WHERE invoice_no = '53...
                      ^

[2026-06-23T21:10:00.542+0000] {etl_ecommerce_dag.py:300} WARNING - ⚠️ Error en registro 536415/22551: relation "ecommerce_transacciones" does not exist
LINE 1: SELECT 1 FROM ecommerce_transacciones WHERE invoice_no = '53...
                      ^

[2026-06-23T21:10:01.303+0000] {etl_ecommerce_dag.py:300} WARNING - ⚠️ Error en registro 536415/22554: relation "ecommerce_transacciones" does not exist
LINE 1: SELECT 1 FROM ecommerce_transacciones WHERE invoice_no = '53...
                      ^

[2026-06-23T21:10:02.161+0000] {etl_ecommerce_dag.py:300} WARNING - ⚠️ Error en registro 536415/22534: relation "ecommerce_transacciones" does not exist
LINE 1: SELECT 1 FROM ecommerce_transacciones WHERE invoice_no = '53...
                      ^

[2026-06-23T21:10:02.980+0000] {etl_ecommerce_dag.py:300} WARNING - ⚠️ Error en registro 536415/22531: relation "ecommerce_transacciones" does not exist
LINE 1: SELECT 1 FROM ecommerce_transacciones WHERE invoice_no = '53...
                      ^

[2026-06-23T21:10:03.695+0000] {etl_ecommerce_dag.py:300} WARNING - ⚠️ Error en registro 536415/22529: relation "ecommerce_transacciones" does not exist
LINE 1: SELECT 1 FROM ecommerce_transacciones WHERE invoice_no = '53...
                      ^

[2026-06-23T21:10:04.520+0000] {etl_ecommerce_dag.py:300} WARNING - ⚠️ Error en registro 536415/22530: relation "ecommerce_transacciones" does not exist
LINE 1: SELECT 1 FROM ecommerce_transacciones WHERE invoice_no = '53...
                      ^

[2026-06-23T21:10:05.239+0000] {etl_ecommerce_dag.py:300} WARNING - ⚠️ Error en registro 536415/84032B: relation "ecommerce_transacciones" does not exist
LINE 1: SELECT 1 FROM ecommerce_transacciones WHERE invoice_no = '53...
                      ^

[2026-06-23T21:10:06.028+0000] {etl_ecommerce_dag.py:300} WARNING - ⚠️ Error en registro 536415/22837: relation "ecommerce_transacciones" does not exist
LINE 1: SELECT 1 FROM ecommerce_transacciones WHERE invoice_no = '53...
                      ^

[2026-06-23T21:10:06.798+0000] {etl_ecommerce_dag.py:300} WARNING - ⚠️ Error en registro 536415/85049H: relation "ecommerce_transacciones" does not exist
LINE 1: SELECT 1 FROM ecommerce_transacciones WHERE invoice_no = '53...
                      ^

[2026-06-23T21:10:07.551+0000] {etl_ecommerce_dag.py:300} WARNING - ⚠️ Error en registro 536415/22749: relation "ecommerce_transacciones" does not exist
LINE 1: SELECT 1 FROM ecommerce_transacciones WHERE invoice_no = '53...
                      ^

[2026-06-23T21:10:08.339+0000] {etl_ecommerce_dag.py:300} WARNING - ⚠️ Error en registro 536415/22807: relation "ecommerce_transacciones" does not exist
LINE 1: SELECT 1 FROM ecommerce_transacciones WHERE invoice_no = '53...
                      ^

[2026-06-23T21:10:09.027+0000] {etl_ecommerce_dag.py:300} WARNING - ⚠️ Error en registro 536416/21494: relation "ecommerce_transacciones" does not exist
LINE 1: SELECT 1 FROM ecommerce_transacciones WHERE invoice_no = '53...
                      ^

[2026-06-23T21:10:09.766+0000] {etl_ecommerce_dag.py:300} WARNING - ⚠️ Error en registro 536416/21915: relation "ecommerce_transacciones" does not exist
LINE 1: SELECT 1 FROM ecommerce_transacciones WHERE invoice_no = '53...
                      ^

[2026-06-23T21:10:10.534+0000] {etl_ecommerce_dag.py:300} WARNING - ⚠️ Error en registro 536416/22938: relation "ecommerce_transacciones" does not exist
LINE 1: SELECT 1 FROM ecommerce_transacciones WHERE invoice_no = '53...
                      ^

[2026-06-23T21:10:11.355+0000] {etl_ecommerce_dag.py:300} WARNING - ⚠️ Error en registro 536416/22768: relation "ecommerce_transacciones" does not exist
LINE 1: SELECT 1 FROM ecommerce_transacciones WHERE invoice_no = '53...
                      ^

[2026-06-23T21:10:12.200+0000] {etl_ecommerce_dag.py:300} WARNING - ⚠️ Error en registro 536416/22767: relation "ecommerce_transacciones" does not exist
LINE 1: SELECT 1 FROM ecommerce_transacciones WHERE invoice_no = '53...
                      ^

[2026-06-23T21:10:12.906+0000] {etl_ecommerce_dag.py:300} WARNING - ⚠️ Error en registro 536416/82494L: relation "ecommerce_transacciones" does not exist
LINE 1: SELECT 1 FROM ecommerce_transacciones WHERE invoice_no = '53...
                      ^

[2026-06-23T21:10:13.620+0000] {etl_ecommerce_dag.py:300} WARNING - ⚠️ Error en registro 536420/21889: relation "ecommerce_transacciones" does not exist
LINE 1: SELECT 1 FROM ecommerce_transacciones WHERE invoice_no = '53...
                      ^

[2026-06-23T21:10:14.408+0000] {etl_ecommerce_dag.py:300} WARNING - ⚠️ Error en registro 536420/21892: relation "ecommerce_transacciones" does not exist
LINE 1: SELECT 1 FROM ecommerce_transacciones WHERE invoice_no = '53...
                      ^

[2026-06-23T21:10:15.167+0000] {etl_ecommerce_dag.py:300} WARNING - ⚠️ Error en registro 536420/21891: relation "ecommerce_transacciones" does not exist
LINE 1: SELECT 1 FROM ecommerce_transacciones WHERE invoice_no = '53...
                      ^

[2026-06-23T21:10:15.857+0000] {etl_ecommerce_dag.py:300} WARNING - ⚠️ Error en registro 536420/21890: relation "ecommerce_transacciones" does not exist
LINE 1: SELECT 1 FROM ecommerce_transacciones WHERE invoice_no = '53...
                      ^

[2026-06-23T21:10:16.642+0000] {etl_ecommerce_dag.py:300} WARNING - ⚠️ Error en registro 536420/21718: relation "ecommerce_transacciones" does not exist
LINE 1: SELECT 1 FROM ecommerce_transacciones WHERE invoice_no = '53...
                      ^

[2026-06-23T21:10:17.292+0000] {etl_ecommerce_dag.py:300} WARNING - ⚠️ Error en registro 536420/21716: relation "ecommerce_transacciones" does not exist
LINE 1: SELECT 1 FROM ecommerce_transacciones WHERE invoice_no = '53...
                      ^

[2026-06-23T21:10:18.033+0000] {etl_ecommerce_dag.py:300} WARNING - ⚠️ Error en registro 536420/21715: relation "ecommerce_transacciones" does not exist
LINE 1: SELECT 1 FROM ecommerce_transacciones WHERE invoice_no = '53...
                      ^

[2026-06-23T21:10:18.736+0000] {etl_ecommerce_dag.py:300} WARNING - ⚠️ Error en registro 536420/22113: relation "ecommerce_transacciones" does not exist
LINE 1: SELECT 1 FROM ecommerce_transacciones WHERE invoice_no = '53...
                      ^

[2026-06-23T21:10:19.474+0000] {etl_ecommerce_dag.py:300} WARNING - ⚠️ Error en registro 536420/22111: relation "ecommerce_transacciones" does not exist
LINE 1: SELECT 1 FROM ecommerce_transacciones WHERE invoice_no = '53...
                      ^

[2026-06-23T21:10:20.260+0000] {etl_ecommerce_dag.py:300} WARNING - ⚠️ Error en registro 536420/22110: relation "ecommerce_transacciones" does not exist
LINE 1: SELECT 1 FROM ecommerce_transacciones WHERE invoice_no = '53...
                      ^

[2026-06-23T21:10:20.927+0000] {etl_ecommerce_dag.py:300} WARNING - ⚠️ Error en registro 536420/22358: relation "ecommerce_transacciones" does not exist
LINE 1: SELECT 1 FROM ecommerce_transacciones WHERE invoice_no = '53...
                      ^

[2026-06-23T21:10:21.559+0000] {etl_ecommerce_dag.py:300} WARNING - ⚠️ Error en registro 536420/22357: relation "ecommerce_transacciones" does not exist
LINE 1: SELECT 1 FROM ecommerce_transacciones WHERE invoice_no = '53...
                      ^

[2026-06-23T21:10:22.203+0000] {etl_ecommerce_dag.py:300} WARNING - ⚠️ Error en registro 536420/22115: relation "ecommerce_transacciones" does not exist
LINE 1: SELECT 1 FROM ecommerce_transacciones WHERE invoice_no = '53...
                      ^

[2026-06-23T21:10:22.918+0000] {etl_ecommerce_dag.py:300} WARNING - ⚠️ Error en registro 536420/22969: relation "ecommerce_transacciones" does not exist
LINE 1: SELECT 1 FROM ecommerce_transacciones WHERE invoice_no = '53...
                      ^

[2026-06-23T21:10:23.590+0000] {etl_ecommerce_dag.py:300} WARNING - ⚠️ Error en registro 536423/22619: relation "ecommerce_transacciones" does not exist
LINE 1: SELECT 1 FROM ecommerce_transacciones WHERE invoice_no = '53...
                      ^

[2026-06-23T21:10:24.328+0000] {etl_ecommerce_dag.py:300} WARNING - ⚠️ Error en registro 536423/21481: relation "ecommerce_transacciones" does not exist
LINE 1: SELECT 1 FROM ecommerce_transacciones WHERE invoice_no = '53...
                      ^

[2026-06-23T21:10:25.036+0000] {etl_ecommerce_dag.py:300} WARNING - ⚠️ Error en registro 536423/22632: relation "ecommerce_transacciones" does not exist
LINE 1: SELECT 1 FROM ecommerce_transacciones WHERE invoice_no = '53...
                      ^

[2026-06-23T21:10:25.713+0000] {etl_ecommerce_dag.py:300} WARNING - ⚠️ Error en registro 536423/22837: relation "ecommerce_transacciones" does not exist
LINE 1: SELECT 1 FROM ecommerce_transacciones WHERE invoice_no = '53...
                      ^

[2026-06-23T21:10:26.408+0000] {etl_ecommerce_dag.py:300} WARNING - ⚠️ Error en registro 536423/21479: relation "ecommerce_transacciones" does not exist
LINE 1: SELECT 1 FROM ecommerce_transacciones WHERE invoice_no = '53...
                      ^

[2026-06-23T21:10:27.182+0000] {etl_ecommerce_dag.py:300} WARNING - ⚠️ Error en registro 536423/21485: relation "ecommerce_transacciones" does not exist
LINE 1: SELECT 1 FROM ecommerce_transacciones WHERE invoice_no = '53...
                      ^

[2026-06-23T21:10:27.901+0000] {etl_ecommerce_dag.py:300} WARNING - ⚠️ Error en registro 536423/84029E: relation "ecommerce_transacciones" does not exist
LINE 1: SELECT 1 FROM ecommerce_transacciones WHERE invoice_no = '53...
                      ^

[2026-06-23T21:10:28.721+0000] {etl_ecommerce_dag.py:300} WARNING - ⚠️ Error en registro 536423/22111: relation "ecommerce_transacciones" does not exist
LINE 1: SELECT 1 FROM ecommerce_transacciones WHERE invoice_no = '53...
                      ^

[2026-06-23T21:10:29.513+0000] {etl_ecommerce_dag.py:300} WARNING - ⚠️ Error en registro 536423/22113: relation "ecommerce_transacciones" does not exist
LINE 1: SELECT 1 FROM ecommerce_transacciones WHERE invoice_no = '53...
                      ^

[2026-06-23T21:10:30.213+0000] {etl_ecommerce_dag.py:300} WARNING - ⚠️ Error en registro 536425/22837: relation "ecommerce_transacciones" does not exist
LINE 1: SELECT 1 FROM ecommerce_transacciones WHERE invoice_no = '53...
                      ^

[2026-06-23T21:10:31.065+0000] {etl_ecommerce_dag.py:300} WARNING - ⚠️ Error en registro 536425/22585: relation "ecommerce_transacciones" does not exist
LINE 1: SELECT 1 FROM ecommerce_transacciones WHERE invoice_no = '53...
                      ^

[2026-06-23T21:10:31.797+0000] {etl_ecommerce_dag.py:300} WARNING - ⚠️ Error en registro 536425/79321: relation "ecommerce_transacciones" does not exist
LINE 1: SELECT 1 FROM ecommerce_transacciones WHERE invoice_no = '53...
                      ^

[2026-06-23T21:10:32.480+0000] {etl_ecommerce_dag.py:300} WARNING - ⚠️ Error en registro 536425/22637: relation "ecommerce_transacciones" does not exist
LINE 1: SELECT 1 FROM ecommerce_transacciones WHERE invoice_no = '53...
                      ^

[2026-06-23T21:10:33.266+0000] {etl_ecommerce_dag.py:300} WARNING - ⚠️ Error en registro 536425/21556: relation "ecommerce_transacciones" does not exist
LINE 1: SELECT 1 FROM ecommerce_transacciones WHERE invoice_no = '53...
                      ^

[2026-06-23T21:10:34.121+0000] {etl_ecommerce_dag.py:300} WARNING - ⚠️ Error en registro 536425/22646: relation "ecommerce_transacciones" does not exist
LINE 1: SELECT 1 FROM ecommerce_transacciones WHERE invoice_no = '53...
                      ^

[2026-06-23T21:10:34.934+0000] {etl_ecommerce_dag.py:300} WARNING - ⚠️ Error en registro 536425/22644: relation "ecommerce_transacciones" does not exist
LINE 1: SELECT 1 FROM ecommerce_transacciones WHERE invoice_no = '53...
                      ^

[2026-06-23T21:10:35.689+0000] {etl_ecommerce_dag.py:300} WARNING - ⚠️ Error en registro 536425/22645: relation "ecommerce_transacciones" does not exist
LINE 1: SELECT 1 FROM ecommerce_transacciones WHERE invoice_no = '53...
                      ^

[2026-06-23T21:12:36.335+0000] {etl_ecommerce_dag.py:300} WARNING - ⚠️ Error en registro 536464/85231G: relation "ecommerce_transacciones" does not exist
LINE 1: SELECT 1 FROM ecommerce_transacciones WHERE invoice_no = '53...
                      ^

[2026-06-23T21:12:37.089+0000] {etl_ecommerce_dag.py:300} WARNING - ⚠️ Error en registro 536464/22082: relation "ecommerce_transacciones" does not exist
LINE 1: SELECT 1 FROM ecommerce_transacciones WHERE invoice_no = '53...
                      ^

[2026-06-23T21:12:37.821+0000] {etl_ecommerce_dag.py:300} WARNING - ⚠️ Error en registro 536464/22500: relation "ecommerce_transacciones" does not exist
LINE 1: SELECT 1 FROM ecommerce_transacciones WHERE invoice_no = '53...
                      ^

[2026-06-23T21:12:38.623+0000] {etl_ecommerce_dag.py:300} WARNING - ⚠️ Error en registro 536464/22742: relation "ecommerce_transacciones" does not exist
LINE 1: SELECT 1 FROM ecommerce_transacciones WHERE invoice_no = '53...
                      ^

[2026-06-23T21:12:39.368+0000] {etl_ecommerce_dag.py:300} WARNING - ⚠️ Error en registro 536464/21329: relation "ecommerce_transacciones" does not exist
LINE 1: SELECT 1 FROM ecommerce_transacciones WHERE invoice_no = '53...
                      ^

[2026-06-23T21:12:40.167+0000] {etl_ecommerce_dag.py:300} WARNING - ⚠️ Error en registro 536464/21328: relation "ecommerce_transacciones" does not exist
LINE 1: SELECT 1 FROM ecommerce_transacciones WHERE invoice_no = '53...
                      ^

[2026-06-23T21:12:40.987+0000] {etl_ecommerce_dag.py:300} WARNING - ⚠️ Error en registro 536464/21327: relation "ecommerce_transacciones" does not exist
LINE 1: SELECT 1 FROM ecommerce_transacciones WHERE invoice_no = '53...
                      ^

[2026-06-23T21:12:41.713+0000] {etl_ecommerce_dag.py:300} WARNING - ⚠️ Error en registro 536464/21738: relation "ecommerce_transacciones" does not exist
LINE 1: SELECT 1 FROM ecommerce_transacciones WHERE invoice_no = '53...
                      ^

[2026-06-23T21:12:42.462+0000] {etl_ecommerce_dag.py:300} WARNING - ⚠️ Error en registro 536464/48173C: relation "ecommerce_transacciones" does not exist
LINE 1: SELECT 1 FROM ecommerce_transacciones WHERE invoice_no = '53...
                      ^

[2026-06-23T21:12:43.124+0000] {etl_ecommerce_dag.py:300} WARNING - ⚠️ Error en registro 536464/85099C: relation "ecommerce_transacciones" does not exist
LINE 1: SELECT 1 FROM ecommerce_transacciones WHERE invoice_no = '53...
                      ^

[2026-06-23T21:12:43.835+0000] {etl_ecommerce_dag.py:300} WARNING - ⚠️ Error en registro 536464/22960: relation "ecommerce_transacciones" does not exist
LINE 1: SELECT 1 FROM ecommerce_transacciones WHERE invoice_no = '53...
                      ^

[2026-06-23T21:12:44.499+0000] {etl_ecommerce_dag.py:300} WARNING - ⚠️ Error en registro 536464/85231G: relation "ecommerce_transacciones" does not exist
LINE 1: SELECT 1 FROM ecommerce_transacciones WHERE invoice_no = '53...
                      ^

[2026-06-23T21:12:45.283+0000] {etl_ecommerce_dag.py:300} WARNING - ⚠️ Error en registro 536464/85231B: relation "ecommerce_transacciones" does not exist
LINE 1: SELECT 1 FROM ecommerce_transacciones WHERE invoice_no = '53...
                      ^

[2026-06-23T21:12:46.107+0000] {etl_ecommerce_dag.py:300} WARNING - ⚠️ Error en registro 536464/72818: relation "ecommerce_transacciones" does not exist
LINE 1: SELECT 1 FROM ecommerce_transacciones WHERE invoice_no = '53...
                      ^

[2026-06-23T21:12:46.726+0000] {etl_ecommerce_dag.py:300} WARNING - ⚠️ Error en registro 536464/21814: relation "ecommerce_transacciones" does not exist
LINE 1: SELECT 1 FROM ecommerce_transacciones WHERE invoice_no = '53...
                      ^

[2026-06-23T21:12:47.441+0000] {etl_ecommerce_dag.py:300} WARNING - ⚠️ Error en registro 536464/22441: relation "ecommerce_transacciones" does not exist
LINE 1: SELECT 1 FROM ecommerce_transacciones WHERE invoice_no = '53...
                      ^

[2026-06-23T21:12:48.196+0000] {etl_ecommerce_dag.py:300} WARNING - ⚠️ Error en registro 536464/22312: relation "ecommerce_transacciones" does not exist
LINE 1: SELECT 1 FROM ecommerce_transacciones WHERE invoice_no = '53...
                      ^

[2026-06-23T21:12:48.877+0000] {etl_ecommerce_dag.py:300} WARNING - ⚠️ Error en registro 536464/22197: relation "ecommerce_transacciones" does not exist
LINE 1: SELECT 1 FROM ecommerce_transacciones WHERE invoice_no = '53...
                      ^

[2026-06-23T21:12:49.587+0000] {etl_ecommerce_dag.py:300} WARNING - ⚠️ Error en registro 536464/22663: relation "ecommerce_transacciones" does not exist
LINE 1: SELECT 1 FROM ecommerce_transacciones WHERE invoice_no = '53...
                      ^

[2026-06-23T21:12:50.311+0000] {etl_ecommerce_dag.py:300} WARNING - ⚠️ Error en registro 536466/22960: relation "ecommerce_transacciones" does not exist
LINE 1: SELECT 1 FROM ecommerce_transacciones WHERE invoice_no = '53...
                      ^

[2026-06-23T21:12:51.168+0000] {etl_ecommerce_dag.py:300} WARNING - ⚠️ Error en registro 536466/22961: relation "ecommerce_transacciones" does not exist
LINE 1: SELECT 1 FROM ecommerce_transacciones WHERE invoice_no = '53...
                      ^

[2026-06-23T21:12:51.870+0000] {etl_ecommerce_dag.py:300} WARNING - ⚠️ Error en registro 536477/21314: relation "ecommerce_transacciones" does not exist
LINE 1: SELECT 1 FROM ecommerce_transacciones WHERE invoice_no = '53...
                      ^

[2026-06-23T21:12:52.488+0000] {etl_ecommerce_dag.py:300} WARNING - ⚠️ Error en registro 536477/84029E: relation "ecommerce_transacciones" does not exist
LINE 1: SELECT 1 FROM ecommerce_transacciones WHERE invoice_no = '53...
                      ^

[2026-06-23T21:12:53.236+0000] {etl_ecommerce_dag.py:300} WARNING - ⚠️ Error en registro 536477/21137: relation "ecommerce_transacciones" does not exist
LINE 1: SELECT 1 FROM ecommerce_transacciones WHERE invoice_no = '53...
                      ^

[2026-06-23T21:12:53.982+0000] {etl_ecommerce_dag.py:300} WARNING - ⚠️ Error en registro 536477/22041: relation "ecommerce_transacciones" does not exist
LINE 1: SELECT 1 FROM ecommerce_transacciones WHERE invoice_no = '53...
                      ^

[2026-06-23T21:12:54.680+0000] {etl_ecommerce_dag.py:300} WARNING - ⚠️ Error en registro 536477/20979: relation "ecommerce_transacciones" does not exist
LINE 1: SELECT 1 FROM ecommerce_transacciones WHERE invoice_no = '53...
                      ^

[2026-06-23T21:12:55.584+0000] {etl_ecommerce_dag.py:300} WARNING - ⚠️ Error en registro 536477/20977: relation "ecommerce_transacciones" does not exist
LINE 1: SELECT 1 FROM ecommerce_transacciones WHERE invoice_no = '53...
                      ^

[2026-06-23T21:12:56.353+0000] {etl_ecommerce_dag.py:300} WARNING - ⚠️ Error en registro 536477/22619: relation "ecommerce_transacciones" does not exist
LINE 1: SELECT 1 FROM ecommerce_transacciones WHERE invoice_no = '53...
                      ^

[2026-06-23T21:12:57.098+0000] {etl_ecommerce_dag.py:300} WARNING - ⚠️ Error en registro 536477/22571: relation "ecommerce_transacciones" does not exist
LINE 1: SELECT 1 FROM ecommerce_transacciones WHERE invoice_no = '53...
                      ^

[2026-06-23T21:12:57.891+0000] {etl_ecommerce_dag.py:300} WARNING - ⚠️ Error en registro 536477/22595: relation "ecommerce_transacciones" does not exist
LINE 1: SELECT 1 FROM ecommerce_transacciones WHERE invoice_no = '53...
                      ^

[2026-06-23T21:12:58.788+0000] {etl_ecommerce_dag.py:300} WARNING - ⚠️ Error en registro 536477/22593: relation "ecommerce_transacciones" does not exist
LINE 1: SELECT 1 FROM ecommerce_transacciones WHERE invoice_no = '53...
                      ^

[2026-06-23T21:12:59.707+0000] {etl_ecommerce_dag.py:300} WARNING - ⚠️ Error en registro 536477/22633: relation "ecommerce_transacciones" does not exist
LINE 1: SELECT 1 FROM ecommerce_transacciones WHERE invoice_no = '53...
                      ^

[2026-06-23T21:13:00.542+0000] {etl_ecommerce_dag.py:300} WARNING - ⚠️ Error en registro 536477/22632: relation "ecommerce_transacciones" does not exist
LINE 1: SELECT 1 FROM ecommerce_transacciones WHERE invoice_no = '53...
                      ^

[2026-06-23T21:13:01.155+0000] {etl_ecommerce_dag.py:300} WARNING - ⚠️ Error en registro 536477/22423: relation "ecommerce_transacciones" does not exist
LINE 1: SELECT 1 FROM ecommerce_transacciones WHERE invoice_no = '53...
                      ^

[2026-06-23T21:13:01.984+0000] {etl_ecommerce_dag.py:300} WARNING - ⚠️ Error en registro 536477/22411: relation "ecommerce_transacciones" does not exist
LINE 1: SELECT 1 FROM ecommerce_transacciones WHERE invoice_no = '53...
                      ^

[2026-06-23T21:13:02.829+0000] {etl_ecommerce_dag.py:300} WARNING - ⚠️ Error en registro 536488/22738: relation "ecommerce_transacciones" does not exist
LINE 1: SELECT 1 FROM ecommerce_transacciones WHERE invoice_no = '53...
                      ^

[2026-06-23T21:13:03.568+0000] {etl_ecommerce_dag.py:300} WARNING - ⚠️ Error en registro 536488/21621: relation "ecommerce_transacciones" does not exist
LINE 1: SELECT 1 FROM ecommerce_transacciones WHERE invoice_no = '53...
                      ^

[2026-06-23T21:13:04.330+0000] {etl_ecommerce_dag.py:300} WARNING - ⚠️ Error en registro 536488/22960: relation "ecommerce_transacciones" does not exist
LINE 1: SELECT 1 FROM ecommerce_transacciones WHERE invoice_no = '53...
                      ^

[2026-06-23T21:13:05.130+0000] {etl_ecommerce_dag.py:300} WARNING - ⚠️ Error en registro 536488/22082: relation "ecommerce_transacciones" does not exist
LINE 1: SELECT 1 FROM ecommerce_transacciones WHERE invoice_no = '53...
                      ^

[2026-06-23T21:13:05.825+0000] {etl_ecommerce_dag.py:300} WARNING - ⚠️ Error en registro 536488/47563A: relation "ecommerce_transacciones" does not exist
LINE 1: SELECT 1 FROM ecommerce_transacciones WHERE invoice_no = '53...
                      ^

[2026-06-23T21:13:06.594+0000] {etl_ecommerce_dag.py:300} WARNING - ⚠️ Error en registro 536488/84558A: relation "ecommerce_transacciones" does not exist
LINE 1: SELECT 1 FROM ecommerce_transacciones WHERE invoice_no = '53...
                      ^

[2026-06-23T21:13:07.324+0000] {etl_ecommerce_dag.py:300} WARNING - ⚠️ Error en registro 536488/21592: relation "ecommerce_transacciones" does not exist
LINE 1: SELECT 1 FROM ecommerce_transacciones WHERE invoice_no = '53...
                      ^

[2026-06-23T21:13:08.178+0000] {etl_ecommerce_dag.py:300} WARNING - ⚠️ Error en registro 536488/20878: relation "ecommerce_transacciones" does not exist
LINE 1: SELECT 1 FROM ecommerce_transacciones WHERE invoice_no = '53...
                      ^

[2026-06-23T21:13:09.036+0000] {etl_ecommerce_dag.py:300} WARNING - ⚠️ Error en registro 536488/84347: relation "ecommerce_transacciones" does not exist
LINE 1: SELECT 1 FROM ecommerce_transacciones WHERE invoice_no = '53...
                      ^

[2026-06-23T21:13:09.815+0000] {etl_ecommerce_dag.py:300} WARNING - ⚠️ Error en registro 536488/21577: relation "ecommerce_transacciones" does not exist
LINE 1: SELECT 1 FROM ecommerce_transacciones WHERE invoice_no = '53...
                      ^

[2026-06-23T21:13:10.485+0000] {etl_ecommerce_dag.py:300} WARNING - ⚠️ Error en registro 536488/22909: relation "ecommerce_transacciones" does not exist
LINE 1: SELECT 1 FROM ecommerce_transacciones WHERE invoice_no = '53...
                      ^

[2026-06-23T21:13:11.293+0000] {etl_ecommerce_dag.py:300} WARNING - ⚠️ Error en registro 536488/22087: relation "ecommerce_transacciones" does not exist
LINE 1: SELECT 1 FROM ecommerce_transacciones WHERE invoice_no = '53...
                      ^

[2026-06-23T21:13:11.991+0000] {etl_ecommerce_dag.py:300} WARNING - ⚠️ Error en registro 536488/22651: relation "ecommerce_transacciones" does not exist
LINE 1: SELECT 1 FROM ecommerce_transacciones WHERE invoice_no = '53...
                      ^

[2026-06-23T21:13:12.761+0000] {etl_ecommerce_dag.py:300} WARNING - ⚠️ Error en registro 536488/22713: relation "ecommerce_transacciones" does not exist
LINE 1: SELECT 1 FROM ecommerce_transacciones WHERE invoice_no = '53...
                      ^

[2026-06-23T21:13:13.635+0000] {etl_ecommerce_dag.py:300} WARNING - ⚠️ Error en registro 536488/22910: relation "ecommerce_transacciones" does not exist
LINE 1: SELECT 1 FROM ecommerce_transacciones WHERE invoice_no = '53...
                      ^

[2026-06-23T21:13:14.329+0000] {etl_ecommerce_dag.py:300} WARNING - ⚠️ Error en registro 536488/21370: relation "ecommerce_transacciones" does not exist
LINE 1: SELECT 1 FROM ecommerce_transacciones WHERE invoice_no = '53...
                      ^

[2026-06-23T21:13:14.975+0000] {etl_ecommerce_dag.py:300} WARNING - ⚠️ Error en registro 536488/21367: relation "ecommerce_transacciones" does not exist
LINE 1: SELECT 1 FROM ecommerce_transacciones WHERE invoice_no = '53...
                      ^

[2026-06-23T21:13:15.722+0000] {etl_ecommerce_dag.py:300} WARNING - ⚠️ Error en registro 536488/22376: relation "ecommerce_transacciones" does not exist
LINE 1: SELECT 1 FROM ecommerce_transacciones WHERE invoice_no = '53...
                      ^

[2026-06-23T21:13:16.555+0000] {etl_ecommerce_dag.py:300} WARNING - ⚠️ Error en registro 536488/22961: relation "ecommerce_transacciones" does not exist
LINE 1: SELECT 1 FROM ecommerce_transacciones WHERE invoice_no = '53...
                      ^

[2026-06-23T21:13:17.318+0000] {etl_ecommerce_dag.py:300} WARNING - ⚠️ Error en registro 536488/21895: relation "ecommerce_transacciones" does not exist
LINE 1: SELECT 1 FROM ecommerce_transacciones WHERE invoice_no = '53...
                      ^

