[2026-06-23T21:10:20.793+0000] {local_task_job_runner.py:123} INFO - ::group::Pre task execution logs
[2026-06-23T21:10:20.806+0000] {taskinstance.py:2614} INFO - Dependencies all met for dep_context=non-requeueable deps ti=<TaskInstance: etl_ecommerce.transform manual__2026-06-23T21:10:03.432676+00:00 [queued]>
[2026-06-23T21:10:20.812+0000] {taskinstance.py:2614} INFO - Dependencies all met for dep_context=requeueable deps ti=<TaskInstance: etl_ecommerce.transform manual__2026-06-23T21:10:03.432676+00:00 [queued]>
[2026-06-23T21:10:20.812+0000] {taskinstance.py:2867} INFO - Starting attempt 1 of 3
[2026-06-23T21:10:20.819+0000] {taskinstance.py:2890} INFO - Executing <Task(PythonOperator): transform> on 2026-06-23 21:10:03.432676+00:00
[2026-06-23T21:10:20.824+0000] {logging_mixin.py:190} WARNING - /home/***/.local/lib/python3.12/site-packages/***/task/task_runner/standard_task_runner.py:70 DeprecationWarning: This process (pid=536) is multi-threaded, use of fork() may lead to deadlocks in the child.
[2026-06-23T21:10:20.825+0000] {standard_task_runner.py:72} INFO - Started process 538 to run task
[2026-06-23T21:10:20.825+0000] {standard_task_runner.py:104} INFO - Running: ['***', 'tasks', 'run', 'etl_ecommerce', 'transform', 'manual__2026-06-23T21:10:03.432676+00:00', '--job-id', '147', '--raw', '--subdir', 'DAGS_FOLDER/etl_ecommerce_dag.py', '--cfg-path', '/tmp/tmprado34sl']
[2026-06-23T21:10:20.826+0000] {standard_task_runner.py:105} INFO - Job 147: Subtask transform
[2026-06-23T21:10:20.853+0000] {task_command.py:467} INFO - Running <TaskInstance: etl_ecommerce.transform manual__2026-06-23T21:10:03.432676+00:00 [running]> on host d2930d66fea2
[2026-06-23T21:10:20.898+0000] {taskinstance.py:3134} INFO - Exporting env vars: AIRFLOW_CTX_DAG_OWNER='juan_camilo' AIRFLOW_CTX_DAG_ID='etl_ecommerce' AIRFLOW_CTX_TASK_ID='transform' AIRFLOW_CTX_EXECUTION_DATE='2026-06-23T21:10:03.432676+00:00' AIRFLOW_CTX_TRY_NUMBER='1' AIRFLOW_CTX_DAG_RUN_ID='manual__2026-06-23T21:10:03.432676+00:00'
[2026-06-23T21:10:20.898+0000] {taskinstance.py:732} INFO - ::endgroup::
[2026-06-23T21:10:23.859+0000] {etl_ecommerce_dag.py:146} INFO - Shape inicial: (541909, 8)
[2026-06-23T21:10:24.047+0000] {etl_ecommerce_dag.py:150} INFO - Tras eliminar cancelaciones: (532621, 8)
[2026-06-23T21:10:24.107+0000] {etl_ecommerce_dag.py:154} INFO - Tras eliminar sin CustomerID: (397924, 8)
[2026-06-23T21:10:24.156+0000] {etl_ecommerce_dag.py:158} INFO - Tras filtrar cantidades/precios inválidos: (397884, 8)
[2026-06-23T21:10:26.020+0000] {etl_ecommerce_dag.py:210} INFO - Shape final: (392692, 12)
[2026-06-23T21:10:26.030+0000] {etl_ecommerce_dag.py:211} INFO - Segmentos de venta:
segmento_venta
Medio      195473
Bajo       170009
Alto        23157
Premium      4053
[2026-06-23T21:10:26.050+0000] {etl_ecommerce_dag.py:212} INFO - Países únicos: 37
[2026-06-23T21:10:31.332+0000] {python.py:240} INFO - Done. Returned value was: None
[2026-06-23T21:10:31.339+0000] {taskinstance.py:341} INFO - ::group::Post task execution logs
[2026-06-23T21:10:31.339+0000] {taskinstance.py:353} INFO - Marking task as SUCCESS. dag_id=etl_ecommerce, task_id=transform, run_id=manual__2026-06-23T21:10:03.432676+00:00, execution_date=20260623T211003, start_date=20260623T211020, end_date=20260623T211031
[2026-06-23T21:10:31.397+0000] {local_task_job_runner.py:266} INFO - Task exited with return code 0
[2026-06-23T21:10:31.441+0000] {taskinstance.py:3901} INFO - 1 downstream tasks scheduled from follow-on schedule check
[2026-06-23T21:10:31.442+0000] {local_task_job_runner.py:245} INFO - ::endgroup::
