[2026-06-23T20:59:21.191+0000] {local_task_job_runner.py:123} INFO - ::group::Pre task execution logs
[2026-06-23T20:59:21.204+0000] {taskinstance.py:2614} INFO - Dependencies all met for dep_context=non-requeueable deps ti=<TaskInstance: etl_ecommerce.extract manual__2026-06-23T20:56:13.471814+00:00 [queued]>
[2026-06-23T20:59:21.209+0000] {taskinstance.py:2614} INFO - Dependencies all met for dep_context=requeueable deps ti=<TaskInstance: etl_ecommerce.extract manual__2026-06-23T20:56:13.471814+00:00 [queued]>
[2026-06-23T20:59:21.210+0000] {taskinstance.py:2867} INFO - Starting attempt 1 of 3
[2026-06-23T20:59:21.216+0000] {taskinstance.py:2890} INFO - Executing <Task(PythonOperator): extract> on 2026-06-23 20:56:13.471814+00:00
[2026-06-23T20:59:21.222+0000] {standard_task_runner.py:104} INFO - Running: ['***', 'tasks', 'run', 'etl_ecommerce', 'extract', 'manual__2026-06-23T20:56:13.471814+00:00', '--job-id', '129', '--raw', '--subdir', 'DAGS_FOLDER/etl_ecommerce_dag.py', '--cfg-path', '/tmp/tmpbfpssqme']
[2026-06-23T20:59:21.223+0000] {standard_task_runner.py:105} INFO - Job 129: Subtask extract
[2026-06-23T20:59:21.224+0000] {logging_mixin.py:190} WARNING - /home/***/.local/lib/python3.12/site-packages/***/task/task_runner/standard_task_runner.py:70 DeprecationWarning: This process (pid=329) is multi-threaded, use of fork() may lead to deadlocks in the child.
[2026-06-23T20:59:21.224+0000] {standard_task_runner.py:72} INFO - Started process 331 to run task
[2026-06-23T20:59:21.251+0000] {task_command.py:467} INFO - Running <TaskInstance: etl_ecommerce.extract manual__2026-06-23T20:56:13.471814+00:00 [running]> on host d2930d66fea2
[2026-06-23T20:59:21.295+0000] {taskinstance.py:3134} INFO - Exporting env vars: AIRFLOW_CTX_DAG_OWNER='juan_camilo' AIRFLOW_CTX_DAG_ID='etl_ecommerce' AIRFLOW_CTX_TASK_ID='extract' AIRFLOW_CTX_EXECUTION_DATE='2026-06-23T20:56:13.471814+00:00' AIRFLOW_CTX_TRY_NUMBER='1' AIRFLOW_CTX_DAG_RUN_ID='manual__2026-06-23T20:56:13.471814+00:00'
[2026-06-23T20:59:21.296+0000] {taskinstance.py:732} INFO - ::endgroup::
[2026-06-23T20:59:21.399+0000] {etl_ecommerce_dag.py:90} INFO - Descargando dataset: carrie1/ecommerce-data
[2026-06-23T20:59:21.399+0000] {logging_mixin.py:190} INFO - Dataset URL: https://www.kaggle.com/datasets/carrie1/ecommerce-data
[2026-06-23T20:59:22.815+0000] {etl_ecommerce_dag.py:96} INFO - ✅ Dataset descargado en /opt/***/data/raw
[2026-06-23T20:59:23.220+0000] {etl_ecommerce_dag.py:101} INFO - Registros leídos: 541909
[2026-06-23T20:59:23.220+0000] {etl_ecommerce_dag.py:102} INFO - Columnas: ['InvoiceNo', 'StockCode', 'Description', 'Quantity', 'InvoiceDate', 'UnitPrice', 'CustomerID', 'Country']
[2026-06-23T20:59:28.056+0000] {python.py:240} INFO - Done. Returned value was: None
[2026-06-23T20:59:28.062+0000] {taskinstance.py:341} INFO - ::group::Post task execution logs
[2026-06-23T20:59:28.063+0000] {taskinstance.py:353} INFO - Marking task as SUCCESS. dag_id=etl_ecommerce, task_id=extract, run_id=manual__2026-06-23T20:56:13.471814+00:00, execution_date=20260623T205613, start_date=20260623T205921, end_date=20260623T205928
[2026-06-23T20:59:28.121+0000] {local_task_job_runner.py:266} INFO - Task exited with return code 0
[2026-06-23T20:59:28.136+0000] {taskinstance.py:3901} INFO - 1 downstream tasks scheduled from follow-on schedule check
[2026-06-23T20:59:28.137+0000] {local_task_job_runner.py:245} INFO - ::endgroup::
