[2026-06-23T22:38:28.068+0000] {local_task_job_runner.py:123} INFO - ::group::Pre task execution logs
[2026-06-23T22:38:28.080+0000] {taskinstance.py:2614} INFO - Dependencies all met for dep_context=non-requeueable deps ti=<TaskInstance: etl_ecommerce.save_local scheduled__2026-06-22T06:00:00+00:00 [queued]>
[2026-06-23T22:38:28.085+0000] {taskinstance.py:2614} INFO - Dependencies all met for dep_context=requeueable deps ti=<TaskInstance: etl_ecommerce.save_local scheduled__2026-06-22T06:00:00+00:00 [queued]>
[2026-06-23T22:38:28.085+0000] {taskinstance.py:2867} INFO - Starting attempt 1 of 3
[2026-06-23T22:38:28.092+0000] {taskinstance.py:2890} INFO - Executing <Task(PythonOperator): save_local> on 2026-06-22 06:00:00+00:00
[2026-06-23T22:38:28.097+0000] {logging_mixin.py:190} WARNING - /home/***/.local/lib/python3.12/site-packages/***/task/task_runner/standard_task_runner.py:70 DeprecationWarning: This process (pid=1858) is multi-threaded, use of fork() may lead to deadlocks in the child.
[2026-06-23T22:38:28.098+0000] {standard_task_runner.py:72} INFO - Started process 1860 to run task
[2026-06-23T22:38:28.098+0000] {standard_task_runner.py:104} INFO - Running: ['***', 'tasks', 'run', 'etl_ecommerce', 'save_local', 'scheduled__2026-06-22T06:00:00+00:00', '--job-id', '196', '--raw', '--subdir', 'DAGS_FOLDER/etl_ecommerce_dag.py', '--cfg-path', '/tmp/tmpdnhmin5x']
[2026-06-23T22:38:28.099+0000] {standard_task_runner.py:105} INFO - Job 196: Subtask save_local
[2026-06-23T22:38:28.127+0000] {task_command.py:467} INFO - Running <TaskInstance: etl_ecommerce.save_local scheduled__2026-06-22T06:00:00+00:00 [running]> on host d2930d66fea2
[2026-06-23T22:38:28.170+0000] {taskinstance.py:3134} INFO - Exporting env vars: AIRFLOW_CTX_DAG_OWNER='juan_camilo' AIRFLOW_CTX_DAG_ID='etl_ecommerce' AIRFLOW_CTX_TASK_ID='save_local' AIRFLOW_CTX_EXECUTION_DATE='2026-06-22T06:00:00+00:00' AIRFLOW_CTX_TRY_NUMBER='1' AIRFLOW_CTX_DAG_RUN_ID='scheduled__2026-06-22T06:00:00+00:00'
[2026-06-23T22:38:28.171+0000] {taskinstance.py:732} INFO - ::endgroup::
[2026-06-23T22:38:32.281+0000] {etl_ecommerce_dag.py:387} INFO - ✅ Archivo guardado: /opt/***/data/clean/ecommerce_clean_2026-06-23_22-38-31.csv (387841 registros)
[2026-06-23T22:38:33.402+0000] {etl_ecommerce_dag.py:391} INFO - ✅ Archivo latest actualizado: /opt/***/data/ecommerce_latest.csv
[2026-06-23T22:38:33.543+0000] {python.py:240} INFO - Done. Returned value was: None
[2026-06-23T22:38:33.549+0000] {taskinstance.py:341} INFO - ::group::Post task execution logs
[2026-06-23T22:38:33.549+0000] {taskinstance.py:353} INFO - Marking task as SUCCESS. dag_id=etl_ecommerce, task_id=save_local, run_id=scheduled__2026-06-22T06:00:00+00:00, execution_date=20260622T060000, start_date=20260623T223828, end_date=20260623T223833
[2026-06-23T22:38:33.590+0000] {local_task_job_runner.py:266} INFO - Task exited with return code 0
[2026-06-23T22:38:33.622+0000] {taskinstance.py:3901} INFO - 1 downstream tasks scheduled from follow-on schedule check
[2026-06-23T22:38:33.623+0000] {local_task_job_runner.py:245} INFO - ::endgroup::
