[2026-06-23T20:39:00.444+0000] {local_task_job_runner.py:123} INFO - ::group::Pre task execution logs
[2026-06-23T20:39:00.456+0000] {taskinstance.py:2614} INFO - Dependencies all met for dep_context=non-requeueable deps ti=<TaskInstance: etl_random_users.save_local manual__2026-06-23T20:34:18.731829+00:00 [queued]>
[2026-06-23T20:39:00.461+0000] {taskinstance.py:2614} INFO - Dependencies all met for dep_context=requeueable deps ti=<TaskInstance: etl_random_users.save_local manual__2026-06-23T20:34:18.731829+00:00 [queued]>
[2026-06-23T20:39:00.461+0000] {taskinstance.py:2867} INFO - Starting attempt 2 of 3
[2026-06-23T20:39:00.467+0000] {taskinstance.py:2890} INFO - Executing <Task(PythonOperator): save_local> on 2026-06-23 20:34:18.731829+00:00
[2026-06-23T20:39:00.473+0000] {standard_task_runner.py:104} INFO - Running: ['***', 'tasks', 'run', 'etl_random_users', 'save_local', 'manual__2026-06-23T20:34:18.731829+00:00', '--job-id', '80', '--raw', '--subdir', 'DAGS_FOLDER/hola_mundo_dag.py', '--cfg-path', '/tmp/tmpua1yc1q7']
[2026-06-23T20:39:00.474+0000] {standard_task_runner.py:105} INFO - Job 80: Subtask save_local
[2026-06-23T20:39:00.475+0000] {logging_mixin.py:190} WARNING - /home/***/.local/lib/python3.12/site-packages/***/task/task_runner/standard_task_runner.py:70 DeprecationWarning: This process (pid=405) is multi-threaded, use of fork() may lead to deadlocks in the child.
[2026-06-23T20:39:00.475+0000] {standard_task_runner.py:72} INFO - Started process 407 to run task
[2026-06-23T20:39:00.500+0000] {task_command.py:467} INFO - Running <TaskInstance: etl_random_users.save_local manual__2026-06-23T20:34:18.731829+00:00 [running]> on host 8884758d4df3
[2026-06-23T20:39:00.546+0000] {taskinstance.py:3134} INFO - Exporting env vars: AIRFLOW_CTX_DAG_OWNER='juan_camilo' AIRFLOW_CTX_DAG_ID='etl_random_users' AIRFLOW_CTX_TASK_ID='save_local' AIRFLOW_CTX_EXECUTION_DATE='2026-06-23T20:34:18.731829+00:00' AIRFLOW_CTX_TRY_NUMBER='2' AIRFLOW_CTX_DAG_RUN_ID='manual__2026-06-23T20:34:18.731829+00:00'
[2026-06-23T20:39:00.547+0000] {taskinstance.py:732} INFO - ::endgroup::
[2026-06-23T20:39:00.566+0000] {hola_mundo_dag.py:322} INFO - ✅ Archivo guardado localmente: /opt/***/data/clean/usuarios_crm_2026-06-23_20-39-00.csv
[2026-06-23T20:39:00.566+0000] {hola_mundo_dag.py:323} INFO -    Registros guardados: 100
[2026-06-23T20:39:00.567+0000] {hola_mundo_dag.py:328} INFO - ✅ Archivo latest actualizado: /opt/***/data/usuarios_crm_latest.csv
[2026-06-23T20:39:00.575+0000] {python.py:240} INFO - Done. Returned value was: None
[2026-06-23T20:39:00.580+0000] {taskinstance.py:341} INFO - ::group::Post task execution logs
[2026-06-23T20:39:00.581+0000] {taskinstance.py:353} INFO - Marking task as SUCCESS. dag_id=etl_random_users, task_id=save_local, run_id=manual__2026-06-23T20:34:18.731829+00:00, execution_date=20260623T203418, start_date=20260623T203900, end_date=20260623T203900
[2026-06-23T20:39:00.608+0000] {local_task_job_runner.py:266} INFO - Task exited with return code 0
[2026-06-23T20:39:00.622+0000] {taskinstance.py:3901} INFO - 1 downstream tasks scheduled from follow-on schedule check
[2026-06-23T20:39:00.623+0000] {local_task_job_runner.py:245} INFO - ::endgroup::
