[2026-06-23T20:56:21.572+0000] {local_task_job_runner.py:123} INFO - ::group::Pre task execution logs
[2026-06-23T20:56:21.588+0000] {taskinstance.py:2614} INFO - Dependencies all met for dep_context=non-requeueable deps ti=<TaskInstance: etl_ecommerce.load scheduled__2026-06-22T06:00:00+00:00 [queued]>
[2026-06-23T20:56:21.594+0000] {taskinstance.py:2614} INFO - Dependencies all met for dep_context=requeueable deps ti=<TaskInstance: etl_ecommerce.load scheduled__2026-06-22T06:00:00+00:00 [queued]>
[2026-06-23T20:56:21.594+0000] {taskinstance.py:2867} INFO - Starting attempt 1 of 3
[2026-06-23T20:56:21.601+0000] {taskinstance.py:2890} INFO - Executing <Task(PythonOperator): load> on 2026-06-22 06:00:00+00:00
[2026-06-23T20:56:21.607+0000] {standard_task_runner.py:104} INFO - Running: ['***', 'tasks', 'run', 'etl_ecommerce', 'load', 'scheduled__2026-06-22T06:00:00+00:00', '--job-id', '118', '--raw', '--subdir', 'DAGS_FOLDER/etl_ecommerce_dag.py', '--cfg-path', '/tmp/tmp0yz90ykf']
[2026-06-23T20:56:21.608+0000] {standard_task_runner.py:105} INFO - Job 118: Subtask load
[2026-06-23T20:56:21.609+0000] {logging_mixin.py:190} WARNING - /home/***/.local/lib/python3.12/site-packages/***/task/task_runner/standard_task_runner.py:70 DeprecationWarning: This process (pid=224) is multi-threaded, use of fork() may lead to deadlocks in the child.
[2026-06-23T20:56:21.609+0000] {standard_task_runner.py:72} INFO - Started process 226 to run task
[2026-06-23T20:56:21.637+0000] {task_command.py:467} INFO - Running <TaskInstance: etl_ecommerce.load scheduled__2026-06-22T06:00:00+00:00 [running]> on host d2930d66fea2
[2026-06-23T20:56:21.684+0000] {taskinstance.py:3134} INFO - Exporting env vars: AIRFLOW_CTX_DAG_OWNER='juan_camilo' AIRFLOW_CTX_DAG_ID='etl_ecommerce' AIRFLOW_CTX_TASK_ID='load' AIRFLOW_CTX_EXECUTION_DATE='2026-06-22T06:00:00+00:00' AIRFLOW_CTX_TRY_NUMBER='1' AIRFLOW_CTX_DAG_RUN_ID='scheduled__2026-06-22T06:00:00+00:00'
[2026-06-23T20:56:21.685+0000] {taskinstance.py:732} INFO - ::endgroup::
[2026-06-23T20:56:24.342+0000] {etl_ecommerce_dag.py:226} INFO - Cargando 392692 registros en Supabase...
[2026-06-23T20:56:24.343+0000] {crypto.py:82} WARNING - empty cryptography key - values will not be stored encrypted.
[2026-06-23T20:56:24.344+0000] {base.py:84} INFO - Retrieving connection 'postgres_destino'
[2026-06-23T20:56:25.184+0000] {etl_ecommerce_dag.py:254} INFO - Tabla 'ecommerce_transacciones' lista.
[2026-06-23T21:09:49.405+0000] {etl_ecommerce_dag.py:301} WARNING - ⚠️ Error en registro 536488/22376: relation "ecommerce_transacciones" does not exist
LINE 1: SELECT 1 FROM ecommerce_transacciones WHERE invoice_no = '53...
                      ^

[2026-06-23T21:09:50.213+0000] {etl_ecommerce_dag.py:301} WARNING - ⚠️ Error en registro 536488/22961: relation "ecommerce_transacciones" does not exist
LINE 1: SELECT 1 FROM ecommerce_transacciones WHERE invoice_no = '53...
                      ^

[2026-06-23T21:09:50.999+0000] {etl_ecommerce_dag.py:301} WARNING - ⚠️ Error en registro 536488/21895: relation "ecommerce_transacciones" does not exist
LINE 1: SELECT 1 FROM ecommerce_transacciones WHERE invoice_no = '53...
                      ^

[2026-06-23T21:09:51.709+0000] {etl_ecommerce_dag.py:301} WARNING - ⚠️ Error en registro 536488/22468: relation "ecommerce_transacciones" does not exist
LINE 1: SELECT 1 FROM ecommerce_transacciones WHERE invoice_no = '53...
                      ^

[2026-06-23T21:09:52.488+0000] {etl_ecommerce_dag.py:301} WARNING - ⚠️ Error en registro 536488/21034: relation "ecommerce_transacciones" does not exist
LINE 1: SELECT 1 FROM ecommerce_transacciones WHERE invoice_no = '53...
                      ^

[2026-06-23T21:09:53.229+0000] {etl_ecommerce_dag.py:301} WARNING - ⚠️ Error en registro 536488/22372: relation "ecommerce_transacciones" does not exist
LINE 1: SELECT 1 FROM ecommerce_transacciones WHERE invoice_no = '53...
                      ^

[2026-06-23T21:09:53.980+0000] {etl_ecommerce_dag.py:301} WARNING - ⚠️ Error en registro 536488/22867: relation "ecommerce_transacciones" does not exist
LINE 1: SELECT 1 FROM ecommerce_transacciones WHERE invoice_no = '53...
                      ^

[2026-06-23T21:09:54.632+0000] {etl_ecommerce_dag.py:301} WARNING - ⚠️ Error en registro 536488/22144: relation "ecommerce_transacciones" does not exist
LINE 1: SELECT 1 FROM ecommerce_transacciones WHERE invoice_no = '53...
                      ^

[2026-06-23T21:09:55.378+0000] {etl_ecommerce_dag.py:301} WARNING - ⚠️ Error en registro 536488/21190: relation "ecommerce_transacciones" does not exist
LINE 1: SELECT 1 FROM ecommerce_transacciones WHERE invoice_no = '53...
                      ^

[2026-06-23T21:09:56.092+0000] {etl_ecommerce_dag.py:301} WARNING - ⚠️ Error en registro 536488/21894: relation "ecommerce_transacciones" does not exist
LINE 1: SELECT 1 FROM ecommerce_transacciones WHERE invoice_no = '53...
                      ^

[2026-06-23T21:09:56.808+0000] {etl_ecommerce_dag.py:301} WARNING - ⚠️ Error en registro 536488/70007: relation "ecommerce_transacciones" does not exist
LINE 1: SELECT 1 FROM ecommerce_transacciones WHERE invoice_no = '53...
                      ^

[2026-06-23T21:09:57.492+0000] {etl_ecommerce_dag.py:301} WARNING - ⚠️ Error en registro 536488/22940: relation "ecommerce_transacciones" does not exist
LINE 1: SELECT 1 FROM ecommerce_transacciones WHERE invoice_no = '53...
                      ^

[2026-06-23T21:09:58.212+0000] {etl_ecommerce_dag.py:301} WARNING - ⚠️ Error en registro 536488/70007: relation "ecommerce_transacciones" does not exist
LINE 1: SELECT 1 FROM ecommerce_transacciones WHERE invoice_no = '53...
                      ^

[2026-06-23T21:09:58.940+0000] {etl_ecommerce_dag.py:301} WARNING - ⚠️ Error en registro 536488/84347: relation "ecommerce_transacciones" does not exist
LINE 1: SELECT 1 FROM ecommerce_transacciones WHERE invoice_no = '53...
                      ^

[2026-06-23T21:09:59.637+0000] {etl_ecommerce_dag.py:301} WARNING - ⚠️ Error en registro 536488/22150: relation "ecommerce_transacciones" does not exist
LINE 1: SELECT 1 FROM ecommerce_transacciones WHERE invoice_no = '53...
                      ^

[2026-06-23T21:10:00.406+0000] {etl_ecommerce_dag.py:301} WARNING - ⚠️ Error en registro 536488/22149: relation "ecommerce_transacciones" does not exist
LINE 1: SELECT 1 FROM ecommerce_transacciones WHERE invoice_no = '53...
                      ^

[2026-06-23T21:10:01.091+0000] {etl_ecommerce_dag.py:301} WARNING - ⚠️ Error en registro 536488/22144: relation "ecommerce_transacciones" does not exist
LINE 1: SELECT 1 FROM ecommerce_transacciones WHERE invoice_no = '53...
                      ^

[2026-06-23T21:10:01.866+0000] {etl_ecommerce_dag.py:301} WARNING - ⚠️ Error en registro 536500/21622: relation "ecommerce_transacciones" does not exist
LINE 1: SELECT 1 FROM ecommerce_transacciones WHERE invoice_no = '53...
                      ^

[2026-06-23T21:10:02.658+0000] {etl_ecommerce_dag.py:301} WARNING - ⚠️ Error en registro 536500/46000M: relation "ecommerce_transacciones" does not exist
LINE 1: SELECT 1 FROM ecommerce_transacciones WHERE invoice_no = '53...
                      ^

[2026-06-23T21:10:03.480+0000] {etl_ecommerce_dag.py:301} WARNING - ⚠️ Error en registro 536500/22630: relation "ecommerce_transacciones" does not exist
LINE 1: SELECT 1 FROM ecommerce_transacciones WHERE invoice_no = '53...
                      ^

[2026-06-23T21:10:04.286+0000] {etl_ecommerce_dag.py:301} WARNING - ⚠️ Error en registro 536500/22616: relation "ecommerce_transacciones" does not exist
LINE 1: SELECT 1 FROM ecommerce_transacciones WHERE invoice_no = '53...
                      ^

[2026-06-23T21:10:05.004+0000] {etl_ecommerce_dag.py:301} WARNING - ⚠️ Error en registro 536500/22712: relation "ecommerce_transacciones" does not exist
LINE 1: SELECT 1 FROM ecommerce_transacciones WHERE invoice_no = '53...
                      ^

[2026-06-23T21:10:05.667+0000] {etl_ecommerce_dag.py:301} WARNING - ⚠️ Error en registro 536500/22983: relation "ecommerce_transacciones" does not exist
LINE 1: SELECT 1 FROM ecommerce_transacciones WHERE invoice_no = '53...
                      ^

[2026-06-23T21:10:06.436+0000] {etl_ecommerce_dag.py:301} WARNING - ⚠️ Error en registro 536500/22024: relation "ecommerce_transacciones" does not exist
LINE 1: SELECT 1 FROM ecommerce_transacciones WHERE invoice_no = '53...
                      ^

[2026-06-23T21:10:07.107+0000] {etl_ecommerce_dag.py:301} WARNING - ⚠️ Error en registro 536500/22113: relation "ecommerce_transacciones" does not exist
LINE 1: SELECT 1 FROM ecommerce_transacciones WHERE invoice_no = '53...
                      ^

[2026-06-23T21:10:07.809+0000] {etl_ecommerce_dag.py:301} WARNING - ⚠️ Error en registro 536500/84029E: relation "ecommerce_transacciones" does not exist
LINE 1: SELECT 1 FROM ecommerce_transacciones WHERE invoice_no = '53...
                      ^

[2026-06-23T21:10:08.639+0000] {etl_ecommerce_dag.py:301} WARNING - ⚠️ Error en registro 536500/21488: relation "ecommerce_transacciones" does not exist
LINE 1: SELECT 1 FROM ecommerce_transacciones WHERE invoice_no = '53...
                      ^

[2026-06-23T21:10:09.308+0000] {etl_ecommerce_dag.py:301} WARNING - ⚠️ Error en registro 536500/22900: relation "ecommerce_transacciones" does not exist
LINE 1: SELECT 1 FROM ecommerce_transacciones WHERE invoice_no = '53...
                      ^

[2026-06-23T21:10:10.009+0000] {etl_ecommerce_dag.py:301} WARNING - ⚠️ Error en registro 536500/22895: relation "ecommerce_transacciones" does not exist
LINE 1: SELECT 1 FROM ecommerce_transacciones WHERE invoice_no = '53...
                      ^

[2026-06-23T21:10:10.762+0000] {etl_ecommerce_dag.py:301} WARNING - ⚠️ Error en registro 536500/21035: relation "ecommerce_transacciones" does not exist
LINE 1: SELECT 1 FROM ecommerce_transacciones WHERE invoice_no = '53...
                      ^

[2026-06-23T21:10:11.458+0000] {etl_ecommerce_dag.py:301} WARNING - ⚠️ Error en registro 536500/21755: relation "ecommerce_transacciones" does not exist
LINE 1: SELECT 1 FROM ecommerce_transacciones WHERE invoice_no = '53...
                      ^

[2026-06-23T21:10:12.299+0000] {etl_ecommerce_dag.py:301} WARNING - ⚠️ Error en registro 536500/21754: relation "ecommerce_transacciones" does not exist
LINE 1: SELECT 1 FROM ecommerce_transacciones WHERE invoice_no = '53...
                      ^

[2026-06-23T21:10:13.043+0000] {etl_ecommerce_dag.py:301} WARNING - ⚠️ Error en registro 536502/84879: relation "ecommerce_transacciones" does not exist
LINE 1: SELECT 1 FROM ecommerce_transacciones WHERE invoice_no = '53...
                      ^

[2026-06-23T21:10:13.787+0000] {etl_ecommerce_dag.py:301} WARNING - ⚠️ Error en registro 536502/22784: relation "ecommerce_transacciones" does not exist
LINE 1: SELECT 1 FROM ecommerce_transacciones WHERE invoice_no = '53...
                      ^

[2026-06-23T21:10:14.534+0000] {etl_ecommerce_dag.py:301} WARNING - ⚠️ Error en registro 536502/21441: relation "ecommerce_transacciones" does not exist
LINE 1: SELECT 1 FROM ecommerce_transacciones WHERE invoice_no = '53...
                      ^

[2026-06-23T21:10:15.289+0000] {etl_ecommerce_dag.py:301} WARNING - ⚠️ Error en registro 536502/85123A: relation "ecommerce_transacciones" does not exist
LINE 1: SELECT 1 FROM ecommerce_transacciones WHERE invoice_no = '53...
                      ^

[2026-06-23T21:10:16.073+0000] {etl_ecommerce_dag.py:301} WARNING - ⚠️ Error en registro 536502/22423: relation "ecommerce_transacciones" does not exist
LINE 1: SELECT 1 FROM ecommerce_transacciones WHERE invoice_no = '53...
                      ^

[2026-06-23T21:10:16.782+0000] {etl_ecommerce_dag.py:301} WARNING - ⚠️ Error en registro 536508/84947: relation "ecommerce_transacciones" does not exist
LINE 1: SELECT 1 FROM ecommerce_transacciones WHERE invoice_no = '53...
                      ^

[2026-06-23T21:10:17.475+0000] {etl_ecommerce_dag.py:301} WARNING - ⚠️ Error en registro 536508/21326: relation "ecommerce_transacciones" does not exist
LINE 1: SELECT 1 FROM ecommerce_transacciones WHERE invoice_no = '53...
                      ^

[2026-06-23T21:10:18.201+0000] {etl_ecommerce_dag.py:301} WARNING - ⚠️ Error en registro 536514/22865: relation "ecommerce_transacciones" does not exist
LINE 1: SELECT 1 FROM ecommerce_transacciones WHERE invoice_no = '53...
                      ^

[2026-06-23T21:10:19.018+0000] {etl_ecommerce_dag.py:301} WARNING - ⚠️ Error en registro 536514/22485: relation "ecommerce_transacciones" does not exist
LINE 1: SELECT 1 FROM ecommerce_transacciones WHERE invoice_no = '53...
                      ^

[2026-06-23T21:10:19.846+0000] {etl_ecommerce_dag.py:301} WARNING - ⚠️ Error en registro 536514/22807: relation "ecommerce_transacciones" does not exist
LINE 1: SELECT 1 FROM ecommerce_transacciones WHERE invoice_no = '53...
                      ^

[2026-06-23T21:10:20.571+0000] {etl_ecommerce_dag.py:301} WARNING - ⚠️ Error en registro 536514/22633: relation "ecommerce_transacciones" does not exist
LINE 1: SELECT 1 FROM ecommerce_transacciones WHERE invoice_no = '53...
                      ^

[2026-06-23T21:10:21.346+0000] {etl_ecommerce_dag.py:301} WARNING - ⚠️ Error en registro 536514/22866: relation "ecommerce_transacciones" does not exist
LINE 1: SELECT 1 FROM ecommerce_transacciones WHERE invoice_no = '53...
                      ^

[2026-06-23T21:10:21.938+0000] {etl_ecommerce_dag.py:301} WARNING - ⚠️ Error en registro 536520/21794: relation "ecommerce_transacciones" does not exist
LINE 1: SELECT 1 FROM ecommerce_transacciones WHERE invoice_no = '53...
                      ^

[2026-06-23T21:10:22.653+0000] {etl_ecommerce_dag.py:301} WARNING - ⚠️ Error en registro 536520/20707: relation "ecommerce_transacciones" does not exist
LINE 1: SELECT 1 FROM ecommerce_transacciones WHERE invoice_no = '53...
                      ^

[2026-06-23T21:10:23.320+0000] {etl_ecommerce_dag.py:301} WARNING - ⚠️ Error en registro 536520/21175: relation "ecommerce_transacciones" does not exist
LINE 1: SELECT 1 FROM ecommerce_transacciones WHERE invoice_no = '53...
                      ^

[2026-06-23T21:10:24.022+0000] {etl_ecommerce_dag.py:301} WARNING - ⚠️ Error en registro 536520/22926: relation "ecommerce_transacciones" does not exist
LINE 1: SELECT 1 FROM ecommerce_transacciones WHERE invoice_no = '53...
                      ^

[2026-06-23T21:10:24.793+0000] {etl_ecommerce_dag.py:301} WARNING - ⚠️ Error en registro 536520/22588: relation "ecommerce_transacciones" does not exist
LINE 1: SELECT 1 FROM ecommerce_transacciones WHERE invoice_no = '53...
                      ^

[2026-06-23T21:10:25.495+0000] {etl_ecommerce_dag.py:301} WARNING - ⚠️ Error en registro 536520/21292: relation "ecommerce_transacciones" does not exist
LINE 1: SELECT 1 FROM ecommerce_transacciones WHERE invoice_no = '53...
                      ^

[2026-06-23T21:10:26.178+0000] {etl_ecommerce_dag.py:301} WARNING - ⚠️ Error en registro 536520/21890: relation "ecommerce_transacciones" does not exist
LINE 1: SELECT 1 FROM ecommerce_transacciones WHERE invoice_no = '53...
                      ^

[2026-06-23T21:10:26.966+0000] {etl_ecommerce_dag.py:301} WARNING - ⚠️ Error en registro 536520/22632: relation "ecommerce_transacciones" does not exist
LINE 1: SELECT 1 FROM ecommerce_transacciones WHERE invoice_no = '53...
                      ^

[2026-06-23T21:10:27.684+0000] {etl_ecommerce_dag.py:301} WARNING - ⚠️ Error en registro 536520/22633: relation "ecommerce_transacciones" does not exist
LINE 1: SELECT 1 FROM ecommerce_transacciones WHERE invoice_no = '53...
                      ^

[2026-06-23T21:10:28.362+0000] {etl_ecommerce_dag.py:301} WARNING - ⚠️ Error en registro 536520/22670: relation "ecommerce_transacciones" does not exist
LINE 1: SELECT 1 FROM ecommerce_transacciones WHERE invoice_no = '53...
                      ^

[2026-06-23T21:10:29.189+0000] {etl_ecommerce_dag.py:301} WARNING - ⚠️ Error en registro 536520/21867: relation "ecommerce_transacciones" does not exist
LINE 1: SELECT 1 FROM ecommerce_transacciones WHERE invoice_no = '53...
                      ^

[2026-06-23T21:10:29.896+0000] {etl_ecommerce_dag.py:301} WARNING - ⚠️ Error en registro 536520/22760: relation "ecommerce_transacciones" does not exist
LINE 1: SELECT 1 FROM ecommerce_transacciones WHERE invoice_no = '53...
                      ^

[2026-06-23T21:10:30.576+0000] {etl_ecommerce_dag.py:301} WARNING - ⚠️ Error en registro 536520/22107: relation "ecommerce_transacciones" does not exist
LINE 1: SELECT 1 FROM ecommerce_transacciones WHERE invoice_no = '53...
                      ^

[2026-06-23T21:10:31.412+0000] {etl_ecommerce_dag.py:301} WARNING - ⚠️ Error en registro 536520/22470: relation "ecommerce_transacciones" does not exist
LINE 1: SELECT 1 FROM ecommerce_transacciones WHERE invoice_no = '53...
                      ^

[2026-06-23T21:10:32.089+0000] {etl_ecommerce_dag.py:301} WARNING - ⚠️ Error en registro 536520/21486: relation "ecommerce_transacciones" does not exist
LINE 1: SELECT 1 FROM ecommerce_transacciones WHERE invoice_no = '53...
                      ^

[2026-06-23T21:10:32.784+0000] {etl_ecommerce_dag.py:301} WARNING - ⚠️ Error en registro 536520/22151: relation "ecommerce_transacciones" does not exist
LINE 1: SELECT 1 FROM ecommerce_transacciones WHERE invoice_no = '53...
                      ^

[2026-06-23T21:10:33.551+0000] {etl_ecommerce_dag.py:301} WARNING - ⚠️ Error en registro 536520/22643: relation "ecommerce_transacciones" does not exist
LINE 1: SELECT 1 FROM ecommerce_transacciones WHERE invoice_no = '53...
                      ^

[2026-06-23T21:10:34.331+0000] {etl_ecommerce_dag.py:301} WARNING - ⚠️ Error en registro 536520/22642: relation "ecommerce_transacciones" does not exist
LINE 1: SELECT 1 FROM ecommerce_transacciones WHERE invoice_no = '53...
                      ^

[2026-06-23T21:10:35.018+0000] {etl_ecommerce_dag.py:301} WARNING - ⚠️ Error en registro 536520/22604: relation "ecommerce_transacciones" does not exist
LINE 1: SELECT 1 FROM ecommerce_transacciones WHERE invoice_no = '53...
                      ^

[2026-06-23T21:10:35.734+0000] {etl_ecommerce_dag.py:301} WARNING - ⚠️ Error en registro 536520/22099: relation "ecommerce_transacciones" does not exist
LINE 1: SELECT 1 FROM ecommerce_transacciones WHERE invoice_no = '53...
                      ^

[2026-06-23T21:12:36.024+0000] {etl_ecommerce_dag.py:301} WARNING - ⚠️ Error en registro 536525/22428: relation "ecommerce_transacciones" does not exist
LINE 1: SELECT 1 FROM ecommerce_transacciones WHERE invoice_no = '53...
                      ^

[2026-06-23T21:12:36.825+0000] {etl_ecommerce_dag.py:301} WARNING - ⚠️ Error en registro 536525/20974: relation "ecommerce_transacciones" does not exist
LINE 1: SELECT 1 FROM ecommerce_transacciones WHERE invoice_no = '53...
                      ^

[2026-06-23T21:12:37.503+0000] {etl_ecommerce_dag.py:301} WARNING - ⚠️ Error en registro 536525/20973: relation "ecommerce_transacciones" does not exist
LINE 1: SELECT 1 FROM ecommerce_transacciones WHERE invoice_no = '53...
                      ^

[2026-06-23T21:12:38.229+0000] {etl_ecommerce_dag.py:301} WARNING - ⚠️ Error en registro 536525/15044B: relation "ecommerce_transacciones" does not exist
LINE 1: SELECT 1 FROM ecommerce_transacciones WHERE invoice_no = '53...
                      ^

[2026-06-23T21:12:38.909+0000] {etl_ecommerce_dag.py:301} WARNING - ⚠️ Error en registro 536525/21324: relation "ecommerce_transacciones" does not exist
LINE 1: SELECT 1 FROM ecommerce_transacciones WHERE invoice_no = '53...
                      ^

[2026-06-23T21:12:39.649+0000] {etl_ecommerce_dag.py:301} WARNING - ⚠️ Error en registro 536525/20750: relation "ecommerce_transacciones" does not exist
LINE 1: SELECT 1 FROM ecommerce_transacciones WHERE invoice_no = '53...
                      ^

[2026-06-23T21:12:40.337+0000] {etl_ecommerce_dag.py:301} WARNING - ⚠️ Error en registro 536526/21135: relation "ecommerce_transacciones" does not exist
LINE 1: SELECT 1 FROM ecommerce_transacciones WHERE invoice_no = '53...
                      ^

[2026-06-23T21:12:41.132+0000] {etl_ecommerce_dag.py:301} WARNING - ⚠️ Error en registro 536526/22173: relation "ecommerce_transacciones" does not exist
LINE 1: SELECT 1 FROM ecommerce_transacciones WHERE invoice_no = '53...
                      ^

[2026-06-23T21:12:41.952+0000] {etl_ecommerce_dag.py:301} WARNING - ⚠️ Error en registro 536526/22626: relation "ecommerce_transacciones" does not exist
LINE 1: SELECT 1 FROM ecommerce_transacciones WHERE invoice_no = '53...
                      ^

[2026-06-23T21:12:42.706+0000] {etl_ecommerce_dag.py:301} WARNING - ⚠️ Error en registro 536526/22625: relation "ecommerce_transacciones" does not exist
LINE 1: SELECT 1 FROM ecommerce_transacciones WHERE invoice_no = '53...
                      ^

[2026-06-23T21:12:43.432+0000] {etl_ecommerce_dag.py:301} WARNING - ⚠️ Error en registro 536526/22624: relation "ecommerce_transacciones" does not exist
LINE 1: SELECT 1 FROM ecommerce_transacciones WHERE invoice_no = '53...
                      ^

[2026-06-23T21:12:44.204+0000] {etl_ecommerce_dag.py:301} WARNING - ⚠️ Error en registro 536526/21929: relation "ecommerce_transacciones" does not exist
LINE 1: SELECT 1 FROM ecommerce_transacciones WHERE invoice_no = '53...
                      ^

[2026-06-23T21:12:44.916+0000] {etl_ecommerce_dag.py:301} WARNING - ⚠️ Error en registro 536526/85099B: relation "ecommerce_transacciones" does not exist
LINE 1: SELECT 1 FROM ecommerce_transacciones WHERE invoice_no = '53...
                      ^

[2026-06-23T21:12:45.678+0000] {etl_ecommerce_dag.py:301} WARNING - ⚠️ Error en registro 536526/22411: relation "ecommerce_transacciones" does not exist
LINE 1: SELECT 1 FROM ecommerce_transacciones WHERE invoice_no = '53...
                      ^

[2026-06-23T21:12:46.515+0000] {etl_ecommerce_dag.py:301} WARNING - ⚠️ Error en registro 536526/22113: relation "ecommerce_transacciones" does not exist
LINE 1: SELECT 1 FROM ecommerce_transacciones WHERE invoice_no = '53...
                      ^

[2026-06-23T21:12:47.234+0000] {etl_ecommerce_dag.py:301} WARNING - ⚠️ Error en registro 536527/22809: relation "ecommerce_transacciones" does not exist
LINE 1: SELECT 1 FROM ecommerce_transacciones WHERE invoice_no = '53...
                      ^

[2026-06-23T21:12:48.017+0000] {etl_ecommerce_dag.py:301} WARNING - ⚠️ Error en registro 536527/84347: relation "ecommerce_transacciones" does not exist
LINE 1: SELECT 1 FROM ecommerce_transacciones WHERE invoice_no = '53...
                      ^

[2026-06-23T21:12:48.745+0000] {etl_ecommerce_dag.py:301} WARNING - ⚠️ Error en registro 536527/84945: relation "ecommerce_transacciones" does not exist
LINE 1: SELECT 1 FROM ecommerce_transacciones WHERE invoice_no = '53...
                      ^

[2026-06-23T21:12:49.499+0000] {etl_ecommerce_dag.py:301} WARNING - ⚠️ Error en registro 536527/22242: relation "ecommerce_transacciones" does not exist
LINE 1: SELECT 1 FROM ecommerce_transacciones WHERE invoice_no = '53...
                      ^

[2026-06-23T21:12:50.328+0000] {etl_ecommerce_dag.py:301} WARNING - ⚠️ Error en registro 536527/22244: relation "ecommerce_transacciones" does not exist
LINE 1: SELECT 1 FROM ecommerce_transacciones WHERE invoice_no = '53...
                      ^

[2026-06-23T21:12:51.092+0000] {etl_ecommerce_dag.py:301} WARNING - ⚠️ Error en registro 536527/22243: relation "ecommerce_transacciones" does not exist
LINE 1: SELECT 1 FROM ecommerce_transacciones WHERE invoice_no = '53...
                      ^

[2026-06-23T21:12:51.761+0000] {etl_ecommerce_dag.py:301} WARNING - ⚠️ Error en registro 536527/47421: relation "ecommerce_transacciones" does not exist
LINE 1: SELECT 1 FROM ecommerce_transacciones WHERE invoice_no = '53...
                      ^

[2026-06-23T21:12:52.602+0000] {etl_ecommerce_dag.py:301} WARNING - ⚠️ Error en registro 536527/20712: relation "ecommerce_transacciones" does not exist
LINE 1: SELECT 1 FROM ecommerce_transacciones WHERE invoice_no = '53...
                      ^

[2026-06-23T21:12:53.385+0000] {etl_ecommerce_dag.py:301} WARNING - ⚠️ Error en registro 536527/20713: relation "ecommerce_transacciones" does not exist
LINE 1: SELECT 1 FROM ecommerce_transacciones WHERE invoice_no = '53...
                      ^

[2026-06-23T21:12:54.080+0000] {etl_ecommerce_dag.py:301} WARNING - ⚠️ Error en registro 536527/22837: relation "ecommerce_transacciones" does not exist
LINE 1: SELECT 1 FROM ecommerce_transacciones WHERE invoice_no = '53...
                      ^

[2026-06-23T21:12:54.789+0000] {etl_ecommerce_dag.py:301} WARNING - ⚠️ Error en registro 536527/22969: relation "ecommerce_transacciones" does not exist
LINE 1: SELECT 1 FROM ecommerce_transacciones WHERE invoice_no = '53...
                      ^

[2026-06-23T21:12:55.577+0000] {etl_ecommerce_dag.py:301} WARNING - ⚠️ Error en registro 536527/22973: relation "ecommerce_transacciones" does not exist
LINE 1: SELECT 1 FROM ecommerce_transacciones WHERE invoice_no = '53...
                      ^

[2026-06-23T21:12:56.307+0000] {etl_ecommerce_dag.py:301} WARNING - ⚠️ Error en registro 536527/84569B: relation "ecommerce_transacciones" does not exist
LINE 1: SELECT 1 FROM ecommerce_transacciones WHERE invoice_no = '53...
                      ^

[2026-06-23T21:12:56.965+0000] {etl_ecommerce_dag.py:301} WARNING - ⚠️ Error en registro 536527/22549: relation "ecommerce_transacciones" does not exist
LINE 1: SELECT 1 FROM ecommerce_transacciones WHERE invoice_no = '53...
                      ^

[2026-06-23T21:12:57.786+0000] {etl_ecommerce_dag.py:301} WARNING - ⚠️ Error en registro 536527/POST: relation "ecommerce_transacciones" does not exist
LINE 1: SELECT 1 FROM ecommerce_transacciones WHERE invoice_no = '53...
                      ^

[2026-06-23T21:12:58.614+0000] {etl_ecommerce_dag.py:301} WARNING - ⚠️ Error en registro 536528/22815: relation "ecommerce_transacciones" does not exist
LINE 1: SELECT 1 FROM ecommerce_transacciones WHERE invoice_no = '53...
                      ^

[2026-06-23T21:12:59.293+0000] {etl_ecommerce_dag.py:301} WARNING - ⚠️ Error en registro 536528/22865: relation "ecommerce_transacciones" does not exist
LINE 1: SELECT 1 FROM ecommerce_transacciones WHERE invoice_no = '53...
                      ^

[2026-06-23T21:13:00.029+0000] {etl_ecommerce_dag.py:301} WARNING - ⚠️ Error en registro 536528/22585: relation "ecommerce_transacciones" does not exist
LINE 1: SELECT 1 FROM ecommerce_transacciones WHERE invoice_no = '53...
                      ^

[2026-06-23T21:13:00.769+0000] {etl_ecommerce_dag.py:301} WARNING - ⚠️ Error en registro 536528/21587: relation "ecommerce_transacciones" does not exist
LINE 1: SELECT 1 FROM ecommerce_transacciones WHERE invoice_no = '53...
                      ^

[2026-06-23T21:13:01.502+0000] {etl_ecommerce_dag.py:301} WARNING - ⚠️ Error en registro 536528/84985A: relation "ecommerce_transacciones" does not exist
LINE 1: SELECT 1 FROM ecommerce_transacciones WHERE invoice_no = '53...
                      ^

[2026-06-23T21:13:02.204+0000] {etl_ecommerce_dag.py:301} WARNING - ⚠️ Error en registro 536528/85114B: relation "ecommerce_transacciones" does not exist
LINE 1: SELECT 1 FROM ecommerce_transacciones WHERE invoice_no = '53...
                      ^

[2026-06-23T21:13:02.879+0000] {etl_ecommerce_dag.py:301} WARNING - ⚠️ Error en registro 536528/22813: relation "ecommerce_transacciones" does not exist
LINE 1: SELECT 1 FROM ecommerce_transacciones WHERE invoice_no = '53...
                      ^

[2026-06-23T21:13:03.583+0000] {etl_ecommerce_dag.py:301} WARNING - ⚠️ Error en registro 536528/22128: relation "ecommerce_transacciones" does not exist
LINE 1: SELECT 1 FROM ecommerce_transacciones WHERE invoice_no = '53...
                      ^

[2026-06-23T21:13:04.335+0000] {etl_ecommerce_dag.py:301} WARNING - ⚠️ Error en registro 536528/22839: relation "ecommerce_transacciones" does not exist
LINE 1: SELECT 1 FROM ecommerce_transacciones WHERE invoice_no = '53...
                      ^

[2026-06-23T21:13:05.012+0000] {etl_ecommerce_dag.py:301} WARNING - ⚠️ Error en registro 536528/22584: relation "ecommerce_transacciones" does not exist
LINE 1: SELECT 1 FROM ecommerce_transacciones WHERE invoice_no = '53...
                      ^

[2026-06-23T21:13:05.776+0000] {etl_ecommerce_dag.py:301} WARNING - ⚠️ Error en registro 536528/22130: relation "ecommerce_transacciones" does not exist
LINE 1: SELECT 1 FROM ecommerce_transacciones WHERE invoice_no = '53...
                      ^

[2026-06-23T21:13:06.492+0000] {etl_ecommerce_dag.py:301} WARNING - ⚠️ Error en registro 536528/22938: relation "ecommerce_transacciones" does not exist
LINE 1: SELECT 1 FROM ecommerce_transacciones WHERE invoice_no = '53...
                      ^

[2026-06-23T21:13:07.263+0000] {etl_ecommerce_dag.py:301} WARNING - ⚠️ Error en registro 536528/22411: relation "ecommerce_transacciones" does not exist
LINE 1: SELECT 1 FROM ecommerce_transacciones WHERE invoice_no = '53...
                      ^

[2026-06-23T21:13:08.007+0000] {etl_ecommerce_dag.py:301} WARNING - ⚠️ Error en registro 536528/21731: relation "ecommerce_transacciones" does not exist
LINE 1: SELECT 1 FROM ecommerce_transacciones WHERE invoice_no = '53...
                      ^

[2026-06-23T21:13:08.724+0000] {etl_ecommerce_dag.py:301} WARNING - ⚠️ Error en registro 536528/22616: relation "ecommerce_transacciones" does not exist
LINE 1: SELECT 1 FROM ecommerce_transacciones WHERE invoice_no = '53...
                      ^

[2026-06-23T21:13:09.478+0000] {etl_ecommerce_dag.py:301} WARNING - ⚠️ Error en registro 536528/22454: relation "ecommerce_transacciones" does not exist
LINE 1: SELECT 1 FROM ecommerce_transacciones WHERE invoice_no = '53...
                      ^

[2026-06-23T21:13:10.219+0000] {etl_ecommerce_dag.py:301} WARNING - ⚠️ Error en registro 536528/21992: relation "ecommerce_transacciones" does not exist
LINE 1: SELECT 1 FROM ecommerce_transacciones WHERE invoice_no = '53...
                      ^

[2026-06-23T21:13:10.981+0000] {etl_ecommerce_dag.py:301} WARNING - ⚠️ Error en registro 536528/22326: relation "ecommerce_transacciones" does not exist
LINE 1: SELECT 1 FROM ecommerce_transacciones WHERE invoice_no = '53...
                      ^

[2026-06-23T21:13:11.690+0000] {etl_ecommerce_dag.py:301} WARNING - ⚠️ Error en registro 536528/22082: relation "ecommerce_transacciones" does not exist
LINE 1: SELECT 1 FROM ecommerce_transacciones WHERE invoice_no = '53...
                      ^

[2026-06-23T21:13:12.459+0000] {etl_ecommerce_dag.py:301} WARNING - ⚠️ Error en registro 536528/85049E: relation "ecommerce_transacciones" does not exist
LINE 1: SELECT 1 FROM ecommerce_transacciones WHERE invoice_no = '53...
                      ^

[2026-06-23T21:13:13.215+0000] {etl_ecommerce_dag.py:301} WARNING - ⚠️ Error en registro 536528/22077: relation "ecommerce_transacciones" does not exist
LINE 1: SELECT 1 FROM ecommerce_transacciones WHERE invoice_no = '53...
                      ^

[2026-06-23T21:13:13.962+0000] {etl_ecommerce_dag.py:301} WARNING - ⚠️ Error en registro 536528/85049A: relation "ecommerce_transacciones" does not exist
LINE 1: SELECT 1 FROM ecommerce_transacciones WHERE invoice_no = '53...
                      ^

[2026-06-23T21:13:14.653+0000] {etl_ecommerce_dag.py:301} WARNING - ⚠️ Error en registro 536528/22865: relation "ecommerce_transacciones" does not exist
LINE 1: SELECT 1 FROM ecommerce_transacciones WHERE invoice_no = '53...
                      ^

[2026-06-23T21:13:15.450+0000] {etl_ecommerce_dag.py:301} WARNING - ⚠️ Error en registro 536528/22867: relation "ecommerce_transacciones" does not exist
LINE 1: SELECT 1 FROM ecommerce_transacciones WHERE invoice_no = '53...
                      ^

[2026-06-23T21:13:16.113+0000] {etl_ecommerce_dag.py:301} WARNING - ⚠️ Error en registro 536528/22910: relation "ecommerce_transacciones" does not exist
LINE 1: SELECT 1 FROM ecommerce_transacciones WHERE invoice_no = '53...
                      ^

[2026-06-23T21:13:16.861+0000] {etl_ecommerce_dag.py:301} WARNING - ⚠️ Error en registro 536528/22963: relation "ecommerce_transacciones" does not exist
LINE 1: SELECT 1 FROM ecommerce_transacciones WHERE invoice_no = '53...
                      ^

[2026-06-23T21:13:17.749+0000] {etl_ecommerce_dag.py:301} WARNING - ⚠️ Error en registro 536528/22960: relation "ecommerce_transacciones" does not exist
LINE 1: SELECT 1 FROM ecommerce_transacciones WHERE invoice_no = '53...
                      ^

