[2026-06-23T20:50:37.456+0000] {local_task_job_runner.py:123} INFO - ::group::Pre task execution logs
[2026-06-23T20:50:37.468+0000] {taskinstance.py:2614} INFO - Dependencies all met for dep_context=non-requeueable deps ti=<TaskInstance: etl_ecommerce.save_raw manual__2026-06-23T20:50:26.401106+00:00 [queued]>
[2026-06-23T20:50:37.474+0000] {taskinstance.py:2614} INFO - Dependencies all met for dep_context=requeueable deps ti=<TaskInstance: etl_ecommerce.save_raw manual__2026-06-23T20:50:26.401106+00:00 [queued]>
[2026-06-23T20:50:37.474+0000] {taskinstance.py:2867} INFO - Starting attempt 1 of 3
[2026-06-23T20:50:37.481+0000] {taskinstance.py:2890} INFO - Executing <Task(PythonOperator): save_raw> on 2026-06-23 20:50:26.401106+00:00
[2026-06-23T20:50:37.487+0000] {logging_mixin.py:190} WARNING - /home/***/.local/lib/python3.12/site-packages/***/task/task_runner/standard_task_runner.py:70 DeprecationWarning: This process (pid=678) is multi-threaded, use of fork() may lead to deadlocks in the child.
[2026-06-23T20:50:37.488+0000] {standard_task_runner.py:72} INFO - Started process 680 to run task
[2026-06-23T20:50:37.487+0000] {standard_task_runner.py:104} INFO - Running: ['***', 'tasks', 'run', 'etl_ecommerce', 'save_raw', 'manual__2026-06-23T20:50:26.401106+00:00', '--job-id', '93', '--raw', '--subdir', 'DAGS_FOLDER/hola_mundo_dag.py', '--cfg-path', '/tmp/tmp5ombh9iv']
[2026-06-23T20:50:37.488+0000] {standard_task_runner.py:105} INFO - Job 93: Subtask save_raw
[2026-06-23T20:50:37.516+0000] {task_command.py:467} INFO - Running <TaskInstance: etl_ecommerce.save_raw manual__2026-06-23T20:50:26.401106+00:00 [running]> on host 8884758d4df3
[2026-06-23T20:50:37.561+0000] {taskinstance.py:3134} INFO - Exporting env vars: AIRFLOW_CTX_DAG_OWNER='juan_camilo' AIRFLOW_CTX_DAG_ID='etl_ecommerce' AIRFLOW_CTX_TASK_ID='save_raw' AIRFLOW_CTX_EXECUTION_DATE='2026-06-23T20:50:26.401106+00:00' AIRFLOW_CTX_TRY_NUMBER='1' AIRFLOW_CTX_DAG_RUN_ID='manual__2026-06-23T20:50:26.401106+00:00'
[2026-06-23T20:50:37.562+0000] {taskinstance.py:732} INFO - ::endgroup::
[2026-06-23T20:50:43.258+0000] {hola_mundo_dag.py:128} INFO - ✅ JSON crudo guardado: /opt/***/data/raw/ecommerce_raw_2026-06-23_20-50-40.json
[2026-06-23T20:50:43.258+0000] {hola_mundo_dag.py:129} INFO -    Registros: 541909
[2026-06-23T20:50:43.319+0000] {python.py:240} INFO - Done. Returned value was: None
[2026-06-23T20:50:43.325+0000] {taskinstance.py:341} INFO - ::group::Post task execution logs
[2026-06-23T20:50:43.326+0000] {taskinstance.py:353} INFO - Marking task as SUCCESS. dag_id=etl_ecommerce, task_id=save_raw, run_id=manual__2026-06-23T20:50:26.401106+00:00, execution_date=20260623T205026, start_date=20260623T205037, end_date=20260623T205043
[2026-06-23T20:50:43.379+0000] {local_task_job_runner.py:266} INFO - Task exited with return code 0
[2026-06-23T20:50:43.421+0000] {taskinstance.py:3901} INFO - 1 downstream tasks scheduled from follow-on schedule check
[2026-06-23T20:50:43.422+0000] {local_task_job_runner.py:245} INFO - ::endgroup::
