[2026-06-23T00:22:34.634+0000] {local_task_job_runner.py:123} INFO - ::group::Pre task execution logs
[2026-06-23T00:22:34.693+0000] {taskinstance.py:2614} INFO - Dependencies all met for dep_context=non-requeueable deps ti=<TaskInstance: etl_random_users.save_raw manual__2026-06-23T00:22:20.718308+00:00 [queued]>
[2026-06-23T00:22:34.717+0000] {taskinstance.py:2614} INFO - Dependencies all met for dep_context=requeueable deps ti=<TaskInstance: etl_random_users.save_raw manual__2026-06-23T00:22:20.718308+00:00 [queued]>
[2026-06-23T00:22:34.728+0000] {taskinstance.py:2867} INFO - Starting attempt 1 of 3
[2026-06-23T00:22:34.771+0000] {taskinstance.py:2890} INFO - Executing <Task(PythonOperator): save_raw> on 2026-06-23 00:22:20.718308+00:00
[2026-06-23T00:22:34.805+0000] {standard_task_runner.py:104} INFO - Running: ['***', 'tasks', 'run', 'etl_random_users', 'save_raw', 'manual__2026-06-23T00:22:20.718308+00:00', '--job-id', '82', '--raw', '--subdir', 'DAGS_FOLDER/hola_mundo_dag.py', '--cfg-path', '/tmp/tmpy_wyao_x']
[2026-06-23T00:22:34.820+0000] {standard_task_runner.py:105} INFO - Job 82: Subtask save_raw
[2026-06-23T00:22:34.824+0000] {logging_mixin.py:190} WARNING - /home/***/.local/lib/python3.12/site-packages/***/task/task_runner/standard_task_runner.py:70 DeprecationWarning: This process (pid=278) is multi-threaded, use of fork() may lead to deadlocks in the child.
[2026-06-23T00:22:34.826+0000] {standard_task_runner.py:72} INFO - Started process 280 to run task
[2026-06-23T00:22:35.018+0000] {task_command.py:467} INFO - Running <TaskInstance: etl_random_users.save_raw manual__2026-06-23T00:22:20.718308+00:00 [running]> on host 2739510d87fa
[2026-06-23T00:22:35.277+0000] {taskinstance.py:3134} INFO - Exporting env vars: AIRFLOW_CTX_DAG_OWNER='juan_camilo' AIRFLOW_CTX_DAG_ID='etl_random_users' AIRFLOW_CTX_TASK_ID='save_raw' AIRFLOW_CTX_EXECUTION_DATE='2026-06-23T00:22:20.718308+00:00' AIRFLOW_CTX_TRY_NUMBER='1' AIRFLOW_CTX_DAG_RUN_ID='manual__2026-06-23T00:22:20.718308+00:00'
[2026-06-23T00:22:35.282+0000] {taskinstance.py:732} INFO - ::endgroup::
[2026-06-23T00:22:36.863+0000] {hola_mundo_dag.py:93} INFO - ✅ JSON crudo guardado: /opt/***/data/raw/usuarios_raw_2026-06-23_00-22-35.json
[2026-06-23T00:22:36.865+0000] {hola_mundo_dag.py:94} INFO -    Registros: 5000
[2026-06-23T00:22:36.876+0000] {python.py:240} INFO - Done. Returned value was: None
[2026-06-23T00:22:36.898+0000] {taskinstance.py:341} INFO - ::group::Post task execution logs
[2026-06-23T00:22:36.900+0000] {taskinstance.py:353} INFO - Marking task as SUCCESS. dag_id=etl_random_users, task_id=save_raw, run_id=manual__2026-06-23T00:22:20.718308+00:00, execution_date=20260623T002220, start_date=20260623T002234, end_date=20260623T002236
[2026-06-23T00:22:36.986+0000] {local_task_job_runner.py:266} INFO - Task exited with return code 0
[2026-06-23T00:22:37.043+0000] {taskinstance.py:3901} INFO - 1 downstream tasks scheduled from follow-on schedule check
[2026-06-23T00:22:37.054+0000] {local_task_job_runner.py:245} INFO - ::endgroup::
