[2026-06-22T21:40:37.248+0000] {local_task_job_runner.py:123} INFO - ::group::Pre task execution logs
[2026-06-22T21:40:37.278+0000] {taskinstance.py:2614} INFO - Dependencies all met for dep_context=non-requeueable deps ti=<TaskInstance: etl_random_users.save_raw manual__2026-06-22T21:40:28.777085+00:00 [queued]>
[2026-06-22T21:40:37.289+0000] {taskinstance.py:2614} INFO - Dependencies all met for dep_context=requeueable deps ti=<TaskInstance: etl_random_users.save_raw manual__2026-06-22T21:40:28.777085+00:00 [queued]>
[2026-06-22T21:40:37.291+0000] {taskinstance.py:2867} INFO - Starting attempt 1 of 3
[2026-06-22T21:40:37.307+0000] {taskinstance.py:2890} INFO - Executing <Task(PythonOperator): save_raw> on 2026-06-22 21:40:28.777085+00:00
[2026-06-22T21:40:37.322+0000] {logging_mixin.py:190} WARNING - /home/***/.local/lib/python3.12/site-packages/***/task/task_runner/standard_task_runner.py:70 DeprecationWarning: This process (pid=194) is multi-threaded, use of fork() may lead to deadlocks in the child.
[2026-06-22T21:40:37.320+0000] {standard_task_runner.py:104} INFO - Running: ['***', 'tasks', 'run', 'etl_random_users', 'save_raw', 'manual__2026-06-22T21:40:28.777085+00:00', '--job-id', '42', '--raw', '--subdir', 'DAGS_FOLDER/hola_mundo_dag.py', '--cfg-path', '/tmp/tmp6ygakbp0']
[2026-06-22T21:40:37.323+0000] {standard_task_runner.py:72} INFO - Started process 196 to run task
[2026-06-22T21:40:37.324+0000] {standard_task_runner.py:105} INFO - Job 42: Subtask save_raw
[2026-06-22T21:40:37.389+0000] {task_command.py:467} INFO - Running <TaskInstance: etl_random_users.save_raw manual__2026-06-22T21:40:28.777085+00:00 [running]> on host c209a3d3d200
[2026-06-22T21:40:37.488+0000] {taskinstance.py:3134} INFO - Exporting env vars: AIRFLOW_CTX_DAG_OWNER='juan_camilo' AIRFLOW_CTX_DAG_ID='etl_random_users' AIRFLOW_CTX_TASK_ID='save_raw' AIRFLOW_CTX_EXECUTION_DATE='2026-06-22T21:40:28.777085+00:00' AIRFLOW_CTX_TRY_NUMBER='1' AIRFLOW_CTX_DAG_RUN_ID='manual__2026-06-22T21:40:28.777085+00:00'
[2026-06-22T21:40:37.490+0000] {taskinstance.py:732} INFO - ::endgroup::
[2026-06-22T21:40:38.521+0000] {hola_mundo_dag.py:116} INFO - ✅ JSON crudo guardado: /opt/***/data/raw/usuarios_raw_2026-06-22_21-40-37.json
[2026-06-22T21:40:38.522+0000] {hola_mundo_dag.py:117} INFO -    Registros: 5000
[2026-06-22T21:40:38.530+0000] {python.py:240} INFO - Done. Returned value was: None
[2026-06-22T21:40:38.543+0000] {taskinstance.py:341} INFO - ::group::Post task execution logs
[2026-06-22T21:40:38.544+0000] {taskinstance.py:353} INFO - Marking task as SUCCESS. dag_id=etl_random_users, task_id=save_raw, run_id=manual__2026-06-22T21:40:28.777085+00:00, execution_date=20260622T214028, start_date=20260622T214037, end_date=20260622T214038
[2026-06-22T21:40:38.625+0000] {local_task_job_runner.py:266} INFO - Task exited with return code 0
[2026-06-22T21:40:38.660+0000] {taskinstance.py:3901} INFO - 1 downstream tasks scheduled from follow-on schedule check
[2026-06-22T21:40:38.663+0000] {local_task_job_runner.py:245} INFO - ::endgroup::
