[2026-06-23T20:35:11.786+0000] {local_task_job_runner.py:123} INFO - ::group::Pre task execution logs
[2026-06-23T20:35:11.799+0000] {taskinstance.py:2614} INFO - Dependencies all met for dep_context=non-requeueable deps ti=<TaskInstance: etl_random_users.load manual__2026-06-23T20:32:03.889638+00:00 [queued]>
[2026-06-23T20:35:11.804+0000] {taskinstance.py:2614} INFO - Dependencies all met for dep_context=requeueable deps ti=<TaskInstance: etl_random_users.load manual__2026-06-23T20:32:03.889638+00:00 [queued]>
[2026-06-23T20:35:11.804+0000] {taskinstance.py:2867} INFO - Starting attempt 1 of 3
[2026-06-23T20:35:11.812+0000] {taskinstance.py:2890} INFO - Executing <Task(PythonOperator): load> on 2026-06-23 20:32:03.889638+00:00
[2026-06-23T20:35:11.818+0000] {standard_task_runner.py:104} INFO - Running: ['***', 'tasks', 'run', 'etl_random_users', 'load', 'manual__2026-06-23T20:32:03.889638+00:00', '--job-id', '66', '--raw', '--subdir', 'DAGS_FOLDER/hola_mundo_dag.py', '--cfg-path', '/tmp/tmpg4g0sh7l']
[2026-06-23T20:35:11.819+0000] {standard_task_runner.py:105} INFO - Job 66: Subtask load
[2026-06-23T20:35:11.819+0000] {logging_mixin.py:190} WARNING - /home/***/.local/lib/python3.12/site-packages/***/task/task_runner/standard_task_runner.py:70 DeprecationWarning: This process (pid=291) is multi-threaded, use of fork() may lead to deadlocks in the child.
[2026-06-23T20:35:11.820+0000] {standard_task_runner.py:72} INFO - Started process 294 to run task
[2026-06-23T20:35:11.846+0000] {task_command.py:467} INFO - Running <TaskInstance: etl_random_users.load manual__2026-06-23T20:32:03.889638+00:00 [running]> on host 8884758d4df3
[2026-06-23T20:35:11.916+0000] {taskinstance.py:3134} INFO - Exporting env vars: AIRFLOW_CTX_DAG_OWNER='juan_camilo' AIRFLOW_CTX_DAG_ID='etl_random_users' AIRFLOW_CTX_TASK_ID='load' AIRFLOW_CTX_EXECUTION_DATE='2026-06-23T20:32:03.889638+00:00' AIRFLOW_CTX_TRY_NUMBER='1' AIRFLOW_CTX_DAG_RUN_ID='manual__2026-06-23T20:32:03.889638+00:00'
[2026-06-23T20:35:11.917+0000] {taskinstance.py:732} INFO - ::endgroup::
[2026-06-23T20:35:11.935+0000] {hola_mundo_dag.py:183} INFO - Cargando 100 usuarios en Supabase...
[2026-06-23T20:35:11.936+0000] {crypto.py:82} WARNING - empty cryptography key - values will not be stored encrypted.
[2026-06-23T20:35:11.936+0000] {base.py:84} INFO - Retrieving connection 'postgres_destino'
[2026-06-23T20:35:12.843+0000] {hola_mundo_dag.py:213} INFO - Tabla 'usuarios_crm' lista.
[2026-06-23T20:36:44.762+0000] {hola_mundo_dag.py:271} INFO - ✅ Carga completa — Insertados: 0 | Actualizados: 100 | Errores: 0
[2026-06-23T20:36:44.772+0000] {python.py:240} INFO - Done. Returned value was: None
[2026-06-23T20:36:44.778+0000] {taskinstance.py:341} INFO - ::group::Post task execution logs
[2026-06-23T20:36:44.779+0000] {taskinstance.py:353} INFO - Marking task as SUCCESS. dag_id=etl_random_users, task_id=load, run_id=manual__2026-06-23T20:32:03.889638+00:00, execution_date=20260623T203203, start_date=20260623T203511, end_date=20260623T203644
[2026-06-23T20:36:44.843+0000] {local_task_job_runner.py:266} INFO - Task exited with return code 0
[2026-06-23T20:36:44.859+0000] {taskinstance.py:3901} INFO - 1 downstream tasks scheduled from follow-on schedule check
[2026-06-23T20:36:44.860+0000] {local_task_job_runner.py:245} INFO - ::endgroup::
