[2026-06-22T21:40:30.964+0000] {local_task_job_runner.py:123} INFO - ::group::Pre task execution logs
[2026-06-22T21:40:30.988+0000] {taskinstance.py:2614} INFO - Dependencies all met for dep_context=non-requeueable deps ti=<TaskInstance: etl_random_users.extract manual__2026-06-22T21:40:28.777085+00:00 [queued]>
[2026-06-22T21:40:31.001+0000] {taskinstance.py:2614} INFO - Dependencies all met for dep_context=requeueable deps ti=<TaskInstance: etl_random_users.extract manual__2026-06-22T21:40:28.777085+00:00 [queued]>
[2026-06-22T21:40:31.003+0000] {taskinstance.py:2867} INFO - Starting attempt 1 of 3
[2026-06-22T21:40:31.023+0000] {taskinstance.py:2890} INFO - Executing <Task(PythonOperator): extract> on 2026-06-22 21:40:28.777085+00:00
[2026-06-22T21:40:31.034+0000] {standard_task_runner.py:104} INFO - Running: ['***', 'tasks', 'run', 'etl_random_users', 'extract', 'manual__2026-06-22T21:40:28.777085+00:00', '--job-id', '41', '--raw', '--subdir', 'DAGS_FOLDER/hola_mundo_dag.py', '--cfg-path', '/tmp/tmpgdxjwno7']
[2026-06-22T21:40:31.038+0000] {logging_mixin.py:190} WARNING - /home/***/.local/lib/python3.12/site-packages/***/task/task_runner/standard_task_runner.py:70 DeprecationWarning: This process (pid=190) is multi-threaded, use of fork() may lead to deadlocks in the child.
[2026-06-22T21:40:31.039+0000] {standard_task_runner.py:105} INFO - Job 41: Subtask extract
[2026-06-22T21:40:31.040+0000] {standard_task_runner.py:72} INFO - Started process 192 to run task
[2026-06-22T21:40:31.126+0000] {task_command.py:467} INFO - Running <TaskInstance: etl_random_users.extract manual__2026-06-22T21:40:28.777085+00:00 [running]> on host c209a3d3d200
[2026-06-22T21:40:31.260+0000] {taskinstance.py:3134} INFO - Exporting env vars: AIRFLOW_CTX_DAG_OWNER='juan_camilo' AIRFLOW_CTX_DAG_ID='etl_random_users' AIRFLOW_CTX_TASK_ID='extract' AIRFLOW_CTX_EXECUTION_DATE='2026-06-22T21:40:28.777085+00:00' AIRFLOW_CTX_TRY_NUMBER='1' AIRFLOW_CTX_DAG_RUN_ID='manual__2026-06-22T21:40:28.777085+00:00'
[2026-06-22T21:40:31.262+0000] {taskinstance.py:732} INFO - ::endgroup::
[2026-06-22T21:40:31.307+0000] {hola_mundo_dag.py:84} INFO - Iniciando extracción de 5000 usuarios...
[2026-06-22T21:40:31.794+0000] {hola_mundo_dag.py:94} INFO -   Batch 1/10 — 500 usuarios obtenidos
[2026-06-22T21:40:32.262+0000] {hola_mundo_dag.py:94} INFO -   Batch 2/10 — 500 usuarios obtenidos
[2026-06-22T21:40:32.719+0000] {hola_mundo_dag.py:94} INFO -   Batch 3/10 — 500 usuarios obtenidos
[2026-06-22T21:40:33.124+0000] {hola_mundo_dag.py:94} INFO -   Batch 4/10 — 500 usuarios obtenidos
[2026-06-22T21:40:33.524+0000] {hola_mundo_dag.py:94} INFO -   Batch 5/10 — 500 usuarios obtenidos
[2026-06-22T21:40:33.967+0000] {hola_mundo_dag.py:94} INFO -   Batch 6/10 — 500 usuarios obtenidos
[2026-06-22T21:40:34.364+0000] {hola_mundo_dag.py:94} INFO -   Batch 7/10 — 500 usuarios obtenidos
[2026-06-22T21:40:34.825+0000] {hola_mundo_dag.py:94} INFO -   Batch 8/10 — 500 usuarios obtenidos
[2026-06-22T21:40:35.226+0000] {hola_mundo_dag.py:94} INFO -   Batch 9/10 — 500 usuarios obtenidos
[2026-06-22T21:40:35.761+0000] {hola_mundo_dag.py:94} INFO -   Batch 10/10 — 500 usuarios obtenidos
[2026-06-22T21:40:35.762+0000] {hola_mundo_dag.py:96} INFO - Extracción completa: 5000 usuarios en total.
[2026-06-22T21:40:36.203+0000] {python.py:240} INFO - Done. Returned value was: None
[2026-06-22T21:40:36.217+0000] {taskinstance.py:341} INFO - ::group::Post task execution logs
[2026-06-22T21:40:36.218+0000] {taskinstance.py:353} INFO - Marking task as SUCCESS. dag_id=etl_random_users, task_id=extract, run_id=manual__2026-06-22T21:40:28.777085+00:00, execution_date=20260622T214028, start_date=20260622T214030, end_date=20260622T214036
[2026-06-22T21:40:36.270+0000] {local_task_job_runner.py:266} INFO - Task exited with return code 0
[2026-06-22T21:40:36.307+0000] {taskinstance.py:3901} INFO - 1 downstream tasks scheduled from follow-on schedule check
[2026-06-22T21:40:36.313+0000] {local_task_job_runner.py:245} INFO - ::endgroup::
