[2026-06-23T00:45:59.691+0000] {local_task_job_runner.py:123} INFO - ::group::Pre task execution logs
[2026-06-23T00:45:59.735+0000] {taskinstance.py:2614} INFO - Dependencies all met for dep_context=non-requeueable deps ti=<TaskInstance: etl_random_users.load manual__2026-06-23T00:45:45.224590+00:00 [queued]>
[2026-06-23T00:45:59.752+0000] {taskinstance.py:2614} INFO - Dependencies all met for dep_context=requeueable deps ti=<TaskInstance: etl_random_users.load manual__2026-06-23T00:45:45.224590+00:00 [queued]>
[2026-06-23T00:45:59.754+0000] {taskinstance.py:2867} INFO - Starting attempt 1 of 3
[2026-06-23T00:45:59.778+0000] {taskinstance.py:2890} INFO - Executing <Task(PythonOperator): load> on 2026-06-23 00:45:45.224590+00:00
[2026-06-23T00:45:59.796+0000] {logging_mixin.py:190} WARNING - /home/***/.local/lib/python3.12/site-packages/***/task/task_runner/standard_task_runner.py:70 DeprecationWarning: This process (pid=742) is multi-threaded, use of fork() may lead to deadlocks in the child.
[2026-06-23T00:45:59.798+0000] {standard_task_runner.py:72} INFO - Started process 744 to run task
[2026-06-23T00:45:59.797+0000] {standard_task_runner.py:104} INFO - Running: ['***', 'tasks', 'run', 'etl_random_users', 'load', 'manual__2026-06-23T00:45:45.224590+00:00', '--job-id', '129', '--raw', '--subdir', 'DAGS_FOLDER/hola_mundo_dag.py', '--cfg-path', '/tmp/tmprei4wx9u']
[2026-06-23T00:45:59.801+0000] {standard_task_runner.py:105} INFO - Job 129: Subtask load
[2026-06-23T00:45:59.891+0000] {task_command.py:467} INFO - Running <TaskInstance: etl_random_users.load manual__2026-06-23T00:45:45.224590+00:00 [running]> on host 2739510d87fa
[2026-06-23T00:46:00.026+0000] {taskinstance.py:3134} INFO - Exporting env vars: AIRFLOW_CTX_DAG_OWNER='juan_camilo' AIRFLOW_CTX_DAG_ID='etl_random_users' AIRFLOW_CTX_TASK_ID='load' AIRFLOW_CTX_EXECUTION_DATE='2026-06-23T00:45:45.224590+00:00' AIRFLOW_CTX_TRY_NUMBER='1' AIRFLOW_CTX_DAG_RUN_ID='manual__2026-06-23T00:45:45.224590+00:00'
[2026-06-23T00:46:00.028+0000] {taskinstance.py:732} INFO - ::endgroup::
[2026-06-23T00:46:00.076+0000] {hola_mundo_dag.py:171} INFO - Cargando 100 usuarios en Supabase...
[2026-06-23T00:46:00.079+0000] {crypto.py:82} WARNING - empty cryptography key - values will not be stored encrypted.
[2026-06-23T00:46:00.080+0000] {base.py:84} INFO - Retrieving connection 'postgres_destino'
[2026-06-23T00:46:01.188+0000] {hola_mundo_dag.py:201} INFO - Tabla 'usuarios_crm' lista.
[2026-06-23T00:48:09.240+0000] {hola_mundo_dag.py:259} INFO - ✅ Carga completa — Insertados: 0 | Actualizados: 100 | Errores: 0
[2026-06-23T00:48:09.288+0000] {python.py:240} INFO - Done. Returned value was: None
[2026-06-23T00:48:09.311+0000] {taskinstance.py:341} INFO - ::group::Post task execution logs
[2026-06-23T00:48:09.313+0000] {taskinstance.py:353} INFO - Marking task as SUCCESS. dag_id=etl_random_users, task_id=load, run_id=manual__2026-06-23T00:45:45.224590+00:00, execution_date=20260623T004545, start_date=20260623T004559, end_date=20260623T004809
[2026-06-23T00:48:09.381+0000] {local_task_job_runner.py:266} INFO - Task exited with return code 0
[2026-06-23T00:48:09.442+0000] {taskinstance.py:3901} INFO - 1 downstream tasks scheduled from follow-on schedule check
[2026-06-23T00:48:09.446+0000] {local_task_job_runner.py:245} INFO - ::endgroup::
