[2026-06-23T22:13:31.685+0000] {local_task_job_runner.py:123} INFO - ::group::Pre task execution logs
[2026-06-23T22:13:31.697+0000] {taskinstance.py:2614} INFO - Dependencies all met for dep_context=non-requeueable deps ti=<TaskInstance: etl_ecommerce.load_raw manual__2026-06-23T22:13:00.973517+00:00 [queued]>
[2026-06-23T22:13:31.703+0000] {taskinstance.py:2614} INFO - Dependencies all met for dep_context=requeueable deps ti=<TaskInstance: etl_ecommerce.load_raw manual__2026-06-23T22:13:00.973517+00:00 [queued]>
[2026-06-23T22:13:31.703+0000] {taskinstance.py:2867} INFO - Starting attempt 1 of 3
[2026-06-23T22:13:31.710+0000] {taskinstance.py:2890} INFO - Executing <Task(PythonOperator): load_raw> on 2026-06-23 22:13:00.973517+00:00
[2026-06-23T22:13:31.716+0000] {logging_mixin.py:190} WARNING - /home/***/.local/lib/python3.12/site-packages/***/task/task_runner/standard_task_runner.py:70 DeprecationWarning: This process (pid=1495) is multi-threaded, use of fork() may lead to deadlocks in the child.
[2026-06-23T22:13:31.717+0000] {standard_task_runner.py:72} INFO - Started process 1497 to run task
[2026-06-23T22:13:31.716+0000] {standard_task_runner.py:104} INFO - Running: ['***', 'tasks', 'run', 'etl_ecommerce', 'load_raw', 'manual__2026-06-23T22:13:00.973517+00:00', '--job-id', '182', '--raw', '--subdir', 'DAGS_FOLDER/etl_ecommerce_dag.py', '--cfg-path', '/tmp/tmp8virxa8f']
[2026-06-23T22:13:31.718+0000] {standard_task_runner.py:105} INFO - Job 182: Subtask load_raw
[2026-06-23T22:13:31.745+0000] {task_command.py:467} INFO - Running <TaskInstance: etl_ecommerce.load_raw manual__2026-06-23T22:13:00.973517+00:00 [running]> on host d2930d66fea2
[2026-06-23T22:13:31.795+0000] {taskinstance.py:3134} INFO - Exporting env vars: AIRFLOW_CTX_DAG_OWNER='juan_camilo' AIRFLOW_CTX_DAG_ID='etl_ecommerce' AIRFLOW_CTX_TASK_ID='load_raw' AIRFLOW_CTX_EXECUTION_DATE='2026-06-23T22:13:00.973517+00:00' AIRFLOW_CTX_TRY_NUMBER='1' AIRFLOW_CTX_DAG_RUN_ID='manual__2026-06-23T22:13:00.973517+00:00'
[2026-06-23T22:13:31.795+0000] {taskinstance.py:732} INFO - ::endgroup::
[2026-06-23T22:13:32.321+0000] {etl_ecommerce_dag.py:236} INFO - Registros crudos a cargar: 541909
[2026-06-23T22:13:32.322+0000] {crypto.py:82} WARNING - empty cryptography key - values will not be stored encrypted.
[2026-06-23T22:13:32.323+0000] {base.py:84} INFO - Retrieving connection 'postgres_destino'
[2026-06-23T22:13:33.251+0000] {etl_ecommerce_dag.py:258} INFO - Tabla Bronze 'ecommerce_transacciones_raw' lista.
[2026-06-23T22:13:34.363+0000] {etl_ecommerce_dag.py:285} INFO -   Bronze — Lote 1 — 1000/541909
[2026-06-23T22:13:35.464+0000] {etl_ecommerce_dag.py:285} INFO -   Bronze — Lote 2 — 2000/541909
[2026-06-23T22:13:36.574+0000] {etl_ecommerce_dag.py:285} INFO -   Bronze — Lote 3 — 3000/541909
[2026-06-23T22:13:37.662+0000] {etl_ecommerce_dag.py:285} INFO -   Bronze — Lote 4 — 4000/541909
[2026-06-23T22:13:38.746+0000] {etl_ecommerce_dag.py:285} INFO -   Bronze — Lote 5 — 5000/541909
[2026-06-23T22:13:39.845+0000] {etl_ecommerce_dag.py:285} INFO -   Bronze — Lote 6 — 6000/541909
[2026-06-23T22:13:40.930+0000] {etl_ecommerce_dag.py:285} INFO -   Bronze — Lote 7 — 7000/541909
[2026-06-23T22:13:42.039+0000] {etl_ecommerce_dag.py:285} INFO -   Bronze — Lote 8 — 8000/541909
[2026-06-23T22:13:43.119+0000] {etl_ecommerce_dag.py:285} INFO -   Bronze — Lote 9 — 9000/541909
[2026-06-23T22:13:44.202+0000] {etl_ecommerce_dag.py:285} INFO -   Bronze — Lote 10 — 10000/541909
[2026-06-23T22:13:45.310+0000] {etl_ecommerce_dag.py:285} INFO -   Bronze — Lote 11 — 11000/541909
[2026-06-23T22:13:46.405+0000] {etl_ecommerce_dag.py:285} INFO -   Bronze — Lote 12 — 12000/541909
[2026-06-23T22:13:47.489+0000] {etl_ecommerce_dag.py:285} INFO -   Bronze — Lote 13 — 13000/541909
[2026-06-23T22:13:48.600+0000] {etl_ecommerce_dag.py:285} INFO -   Bronze — Lote 14 — 14000/541909
[2026-06-23T22:13:49.710+0000] {etl_ecommerce_dag.py:285} INFO -   Bronze — Lote 15 — 15000/541909
[2026-06-23T22:13:50.818+0000] {etl_ecommerce_dag.py:285} INFO -   Bronze — Lote 16 — 16000/541909
[2026-06-23T22:13:51.916+0000] {etl_ecommerce_dag.py:285} INFO -   Bronze — Lote 17 — 17000/541909
[2026-06-23T22:13:53.022+0000] {etl_ecommerce_dag.py:285} INFO -   Bronze — Lote 18 — 18000/541909
[2026-06-23T22:13:54.113+0000] {etl_ecommerce_dag.py:285} INFO -   Bronze — Lote 19 — 19000/541909
[2026-06-23T22:13:55.212+0000] {etl_ecommerce_dag.py:285} INFO -   Bronze — Lote 20 — 20000/541909
[2026-06-23T22:13:56.322+0000] {etl_ecommerce_dag.py:285} INFO -   Bronze — Lote 21 — 21000/541909
[2026-06-23T22:13:57.426+0000] {etl_ecommerce_dag.py:285} INFO -   Bronze — Lote 22 — 22000/541909
[2026-06-23T22:13:58.531+0000] {etl_ecommerce_dag.py:285} INFO -   Bronze — Lote 23 — 23000/541909
[2026-06-23T22:13:59.639+0000] {etl_ecommerce_dag.py:285} INFO -   Bronze — Lote 24 — 24000/541909
[2026-06-23T22:14:00.734+0000] {etl_ecommerce_dag.py:285} INFO -   Bronze — Lote 25 — 25000/541909
[2026-06-23T22:14:01.828+0000] {etl_ecommerce_dag.py:285} INFO -   Bronze — Lote 26 — 26000/541909
[2026-06-23T22:14:02.928+0000] {etl_ecommerce_dag.py:285} INFO -   Bronze — Lote 27 — 27000/541909
[2026-06-23T22:14:04.027+0000] {etl_ecommerce_dag.py:285} INFO -   Bronze — Lote 28 — 28000/541909
[2026-06-23T22:14:05.114+0000] {etl_ecommerce_dag.py:285} INFO -   Bronze — Lote 29 — 29000/541909
[2026-06-23T22:14:06.223+0000] {etl_ecommerce_dag.py:285} INFO -   Bronze — Lote 30 — 30000/541909
[2026-06-23T22:14:07.327+0000] {etl_ecommerce_dag.py:285} INFO -   Bronze — Lote 31 — 31000/541909
[2026-06-23T22:14:08.431+0000] {etl_ecommerce_dag.py:285} INFO -   Bronze — Lote 32 — 32000/541909
[2026-06-23T22:14:09.535+0000] {etl_ecommerce_dag.py:285} INFO -   Bronze — Lote 33 — 33000/541909
[2026-06-23T22:14:10.632+0000] {etl_ecommerce_dag.py:285} INFO -   Bronze — Lote 34 — 34000/541909
[2026-06-23T22:14:11.736+0000] {etl_ecommerce_dag.py:285} INFO -   Bronze — Lote 35 — 35000/541909
[2026-06-23T22:14:12.846+0000] {etl_ecommerce_dag.py:285} INFO -   Bronze — Lote 36 — 36000/541909
[2026-06-23T22:14:13.944+0000] {etl_ecommerce_dag.py:285} INFO -   Bronze — Lote 37 — 37000/541909
[2026-06-23T22:14:15.048+0000] {etl_ecommerce_dag.py:285} INFO -   Bronze — Lote 38 — 38000/541909
[2026-06-23T22:14:16.138+0000] {etl_ecommerce_dag.py:285} INFO -   Bronze — Lote 39 — 39000/541909
[2026-06-23T22:14:17.243+0000] {etl_ecommerce_dag.py:285} INFO -   Bronze — Lote 40 — 40000/541909
[2026-06-23T22:14:18.339+0000] {etl_ecommerce_dag.py:285} INFO -   Bronze — Lote 41 — 41000/541909
[2026-06-23T22:14:19.434+0000] {etl_ecommerce_dag.py:285} INFO -   Bronze — Lote 42 — 42000/541909
[2026-06-23T22:14:20.537+0000] {etl_ecommerce_dag.py:285} INFO -   Bronze — Lote 43 — 43000/541909
[2026-06-23T22:14:21.645+0000] {etl_ecommerce_dag.py:285} INFO -   Bronze — Lote 44 — 44000/541909
[2026-06-23T22:14:22.742+0000] {etl_ecommerce_dag.py:285} INFO -   Bronze — Lote 45 — 45000/541909
[2026-06-23T22:14:23.847+0000] {etl_ecommerce_dag.py:285} INFO -   Bronze — Lote 46 — 46000/541909
[2026-06-23T22:14:24.949+0000] {etl_ecommerce_dag.py:285} INFO -   Bronze — Lote 47 — 47000/541909
[2026-06-23T22:14:26.055+0000] {etl_ecommerce_dag.py:285} INFO -   Bronze — Lote 48 — 48000/541909
[2026-06-23T22:14:27.162+0000] {etl_ecommerce_dag.py:285} INFO -   Bronze — Lote 49 — 49000/541909
[2026-06-23T22:14:28.267+0000] {etl_ecommerce_dag.py:285} INFO -   Bronze — Lote 50 — 50000/541909
[2026-06-23T22:14:29.374+0000] {etl_ecommerce_dag.py:285} INFO -   Bronze — Lote 51 — 51000/541909
[2026-06-23T22:14:30.479+0000] {etl_ecommerce_dag.py:285} INFO -   Bronze — Lote 52 — 52000/541909
[2026-06-23T22:14:31.588+0000] {etl_ecommerce_dag.py:285} INFO -   Bronze — Lote 53 — 53000/541909
[2026-06-23T22:14:32.698+0000] {etl_ecommerce_dag.py:285} INFO -   Bronze — Lote 54 — 54000/541909
[2026-06-23T22:14:33.802+0000] {etl_ecommerce_dag.py:285} INFO -   Bronze — Lote 55 — 55000/541909
[2026-06-23T22:14:34.916+0000] {etl_ecommerce_dag.py:285} INFO -   Bronze — Lote 56 — 56000/541909
[2026-06-23T22:14:36.020+0000] {etl_ecommerce_dag.py:285} INFO -   Bronze — Lote 57 — 57000/541909
[2026-06-23T22:14:37.104+0000] {etl_ecommerce_dag.py:285} INFO -   Bronze — Lote 58 — 58000/541909
[2026-06-23T22:14:38.201+0000] {etl_ecommerce_dag.py:285} INFO -   Bronze — Lote 59 — 59000/541909
[2026-06-23T22:14:39.305+0000] {etl_ecommerce_dag.py:285} INFO -   Bronze — Lote 60 — 60000/541909
[2026-06-23T22:14:40.401+0000] {etl_ecommerce_dag.py:285} INFO -   Bronze — Lote 61 — 61000/541909
[2026-06-23T22:14:41.499+0000] {etl_ecommerce_dag.py:285} INFO -   Bronze — Lote 62 — 62000/541909
[2026-06-23T22:14:42.586+0000] {etl_ecommerce_dag.py:285} INFO -   Bronze — Lote 63 — 63000/541909
[2026-06-23T22:14:43.667+0000] {etl_ecommerce_dag.py:285} INFO -   Bronze — Lote 64 — 64000/541909
[2026-06-23T22:14:44.756+0000] {etl_ecommerce_dag.py:285} INFO -   Bronze — Lote 65 — 65000/541909
[2026-06-23T22:14:45.854+0000] {etl_ecommerce_dag.py:285} INFO -   Bronze — Lote 66 — 66000/541909
[2026-06-23T22:14:46.958+0000] {etl_ecommerce_dag.py:285} INFO -   Bronze — Lote 67 — 67000/541909
[2026-06-23T22:14:48.066+0000] {etl_ecommerce_dag.py:285} INFO -   Bronze — Lote 68 — 68000/541909
[2026-06-23T22:14:49.161+0000] {etl_ecommerce_dag.py:285} INFO -   Bronze — Lote 69 — 69000/541909
[2026-06-23T22:14:50.258+0000] {etl_ecommerce_dag.py:285} INFO -   Bronze — Lote 70 — 70000/541909
[2026-06-23T22:14:51.356+0000] {etl_ecommerce_dag.py:285} INFO -   Bronze — Lote 71 — 71000/541909
[2026-06-23T22:14:52.450+0000] {etl_ecommerce_dag.py:285} INFO -   Bronze — Lote 72 — 72000/541909
[2026-06-23T22:14:53.550+0000] {etl_ecommerce_dag.py:285} INFO -   Bronze — Lote 73 — 73000/541909
[2026-06-23T22:14:54.631+0000] {etl_ecommerce_dag.py:285} INFO -   Bronze — Lote 74 — 74000/541909
[2026-06-23T22:14:55.722+0000] {etl_ecommerce_dag.py:285} INFO -   Bronze — Lote 75 — 75000/541909
[2026-06-23T22:14:56.810+0000] {etl_ecommerce_dag.py:285} INFO -   Bronze — Lote 76 — 76000/541909
[2026-06-23T22:14:57.916+0000] {etl_ecommerce_dag.py:285} INFO -   Bronze — Lote 77 — 77000/541909
[2026-06-23T22:14:59.018+0000] {etl_ecommerce_dag.py:285} INFO -   Bronze — Lote 78 — 78000/541909
[2026-06-23T22:15:00.121+0000] {etl_ecommerce_dag.py:285} INFO -   Bronze — Lote 79 — 79000/541909
[2026-06-23T22:15:01.227+0000] {etl_ecommerce_dag.py:285} INFO -   Bronze — Lote 80 — 80000/541909
[2026-06-23T22:15:02.328+0000] {etl_ecommerce_dag.py:285} INFO -   Bronze — Lote 81 — 81000/541909
[2026-06-23T22:15:03.422+0000] {etl_ecommerce_dag.py:285} INFO -   Bronze — Lote 82 — 82000/541909
[2026-06-23T22:15:04.532+0000] {etl_ecommerce_dag.py:285} INFO -   Bronze — Lote 83 — 83000/541909
[2026-06-23T22:15:05.632+0000] {etl_ecommerce_dag.py:285} INFO -   Bronze — Lote 84 — 84000/541909
[2026-06-23T22:15:06.737+0000] {etl_ecommerce_dag.py:285} INFO -   Bronze — Lote 85 — 85000/541909
[2026-06-23T22:15:07.829+0000] {etl_ecommerce_dag.py:285} INFO -   Bronze — Lote 86 — 86000/541909
[2026-06-23T22:15:08.937+0000] {etl_ecommerce_dag.py:285} INFO -   Bronze — Lote 87 — 87000/541909
[2026-06-23T22:15:10.039+0000] {etl_ecommerce_dag.py:285} INFO -   Bronze — Lote 88 — 88000/541909
[2026-06-23T22:15:11.143+0000] {etl_ecommerce_dag.py:285} INFO -   Bronze — Lote 89 — 89000/541909
[2026-06-23T22:15:12.249+0000] {etl_ecommerce_dag.py:285} INFO -   Bronze — Lote 90 — 90000/541909
[2026-06-23T22:15:13.350+0000] {etl_ecommerce_dag.py:285} INFO -   Bronze — Lote 91 — 91000/541909
[2026-06-23T22:15:14.449+0000] {etl_ecommerce_dag.py:285} INFO -   Bronze — Lote 92 — 92000/541909
[2026-06-23T22:15:15.554+0000] {etl_ecommerce_dag.py:285} INFO -   Bronze — Lote 93 — 93000/541909
[2026-06-23T22:15:16.656+0000] {etl_ecommerce_dag.py:285} INFO -   Bronze — Lote 94 — 94000/541909
[2026-06-23T22:15:17.759+0000] {etl_ecommerce_dag.py:285} INFO -   Bronze — Lote 95 — 95000/541909
[2026-06-23T22:15:18.866+0000] {etl_ecommerce_dag.py:285} INFO -   Bronze — Lote 96 — 96000/541909
[2026-06-23T22:15:19.979+0000] {etl_ecommerce_dag.py:285} INFO -   Bronze — Lote 97 — 97000/541909
[2026-06-23T22:15:21.074+0000] {etl_ecommerce_dag.py:285} INFO -   Bronze — Lote 98 — 98000/541909
[2026-06-23T22:15:22.179+0000] {etl_ecommerce_dag.py:285} INFO -   Bronze — Lote 99 — 99000/541909
[2026-06-23T22:15:23.270+0000] {etl_ecommerce_dag.py:285} INFO -   Bronze — Lote 100 — 100000/541909
[2026-06-23T22:15:24.364+0000] {etl_ecommerce_dag.py:285} INFO -   Bronze — Lote 101 — 101000/541909
[2026-06-23T22:15:25.444+0000] {etl_ecommerce_dag.py:285} INFO -   Bronze — Lote 102 — 102000/541909
[2026-06-23T22:15:26.547+0000] {etl_ecommerce_dag.py:285} INFO -   Bronze — Lote 103 — 103000/541909
[2026-06-23T22:15:27.647+0000] {etl_ecommerce_dag.py:285} INFO -   Bronze — Lote 104 — 104000/541909
[2026-06-23T22:15:28.748+0000] {etl_ecommerce_dag.py:285} INFO -   Bronze — Lote 105 — 105000/541909
[2026-06-23T22:15:29.847+0000] {etl_ecommerce_dag.py:285} INFO -   Bronze — Lote 106 — 106000/541909
[2026-06-23T22:15:30.949+0000] {etl_ecommerce_dag.py:285} INFO -   Bronze — Lote 107 — 107000/541909
[2026-06-23T22:15:32.049+0000] {etl_ecommerce_dag.py:285} INFO -   Bronze — Lote 108 — 108000/541909
[2026-06-23T22:15:33.139+0000] {etl_ecommerce_dag.py:285} INFO -   Bronze — Lote 109 — 109000/541909
[2026-06-23T22:15:34.240+0000] {etl_ecommerce_dag.py:285} INFO -   Bronze — Lote 110 — 110000/541909
[2026-06-23T22:15:35.322+0000] {etl_ecommerce_dag.py:285} INFO -   Bronze — Lote 111 — 111000/541909
[2026-06-23T22:15:36.405+0000] {etl_ecommerce_dag.py:285} INFO -   Bronze — Lote 112 — 112000/541909
[2026-06-23T22:15:37.489+0000] {etl_ecommerce_dag.py:285} INFO -   Bronze — Lote 113 — 113000/541909
[2026-06-23T22:15:38.581+0000] {etl_ecommerce_dag.py:285} INFO -   Bronze — Lote 114 — 114000/541909
[2026-06-23T22:15:39.679+0000] {etl_ecommerce_dag.py:285} INFO -   Bronze — Lote 115 — 115000/541909
[2026-06-23T22:15:41.093+0000] {etl_ecommerce_dag.py:285} INFO -   Bronze — Lote 116 — 116000/541909
[2026-06-23T22:15:42.500+0000] {etl_ecommerce_dag.py:285} INFO -   Bronze — Lote 117 — 117000/541909
[2026-06-23T22:15:43.586+0000] {etl_ecommerce_dag.py:285} INFO -   Bronze — Lote 118 — 118000/541909
[2026-06-23T22:15:44.684+0000] {etl_ecommerce_dag.py:285} INFO -   Bronze — Lote 119 — 119000/541909
[2026-06-23T22:15:45.775+0000] {etl_ecommerce_dag.py:285} INFO -   Bronze — Lote 120 — 120000/541909
[2026-06-23T22:15:46.864+0000] {etl_ecommerce_dag.py:285} INFO -   Bronze — Lote 121 — 121000/541909
[2026-06-23T22:15:47.964+0000] {etl_ecommerce_dag.py:285} INFO -   Bronze — Lote 122 — 122000/541909
[2026-06-23T22:15:49.063+0000] {etl_ecommerce_dag.py:285} INFO -   Bronze — Lote 123 — 123000/541909
[2026-06-23T22:15:50.153+0000] {etl_ecommerce_dag.py:285} INFO -   Bronze — Lote 124 — 124000/541909
[2026-06-23T22:15:51.235+0000] {etl_ecommerce_dag.py:285} INFO -   Bronze — Lote 125 — 125000/541909
[2026-06-23T22:15:52.327+0000] {etl_ecommerce_dag.py:285} INFO -   Bronze — Lote 126 — 126000/541909
[2026-06-23T22:15:53.420+0000] {etl_ecommerce_dag.py:285} INFO -   Bronze — Lote 127 — 127000/541909
[2026-06-23T22:15:54.511+0000] {etl_ecommerce_dag.py:285} INFO -   Bronze — Lote 128 — 128000/541909
[2026-06-23T22:15:55.579+0000] {etl_ecommerce_dag.py:285} INFO -   Bronze — Lote 129 — 129000/541909
[2026-06-23T22:15:56.659+0000] {etl_ecommerce_dag.py:285} INFO -   Bronze — Lote 130 — 130000/541909
[2026-06-23T22:15:57.743+0000] {etl_ecommerce_dag.py:285} INFO -   Bronze — Lote 131 — 131000/541909
[2026-06-23T22:15:58.838+0000] {etl_ecommerce_dag.py:285} INFO -   Bronze — Lote 132 — 132000/541909
[2026-06-23T22:15:59.931+0000] {etl_ecommerce_dag.py:285} INFO -   Bronze — Lote 133 — 133000/541909
[2026-06-23T22:16:01.028+0000] {etl_ecommerce_dag.py:285} INFO -   Bronze — Lote 134 — 134000/541909
[2026-06-23T22:16:02.119+0000] {etl_ecommerce_dag.py:285} INFO -   Bronze — Lote 135 — 135000/541909
[2026-06-23T22:16:03.214+0000] {etl_ecommerce_dag.py:285} INFO -   Bronze — Lote 136 — 136000/541909
[2026-06-23T22:16:04.294+0000] {etl_ecommerce_dag.py:285} INFO -   Bronze — Lote 137 — 137000/541909
[2026-06-23T22:16:05.378+0000] {etl_ecommerce_dag.py:285} INFO -   Bronze — Lote 138 — 138000/541909
[2026-06-23T22:16:06.459+0000] {etl_ecommerce_dag.py:285} INFO -   Bronze — Lote 139 — 139000/541909
[2026-06-23T22:16:07.551+0000] {etl_ecommerce_dag.py:285} INFO -   Bronze — Lote 140 — 140000/541909
[2026-06-23T22:16:08.643+0000] {etl_ecommerce_dag.py:285} INFO -   Bronze — Lote 141 — 141000/541909
[2026-06-23T22:16:09.736+0000] {etl_ecommerce_dag.py:285} INFO -   Bronze — Lote 142 — 142000/541909
[2026-06-23T22:16:10.829+0000] {etl_ecommerce_dag.py:285} INFO -   Bronze — Lote 143 — 143000/541909
[2026-06-23T22:16:11.918+0000] {etl_ecommerce_dag.py:285} INFO -   Bronze — Lote 144 — 144000/541909
[2026-06-23T22:16:13.005+0000] {etl_ecommerce_dag.py:285} INFO -   Bronze — Lote 145 — 145000/541909
[2026-06-23T22:16:14.096+0000] {etl_ecommerce_dag.py:285} INFO -   Bronze — Lote 146 — 146000/541909
[2026-06-23T22:16:15.190+0000] {etl_ecommerce_dag.py:285} INFO -   Bronze — Lote 147 — 147000/541909
[2026-06-23T22:16:16.280+0000] {etl_ecommerce_dag.py:285} INFO -   Bronze — Lote 148 — 148000/541909
[2026-06-23T22:16:17.382+0000] {etl_ecommerce_dag.py:285} INFO -   Bronze — Lote 149 — 149000/541909
[2026-06-23T22:16:18.478+0000] {etl_ecommerce_dag.py:285} INFO -   Bronze — Lote 150 — 150000/541909
[2026-06-23T22:16:19.572+0000] {etl_ecommerce_dag.py:285} INFO -   Bronze — Lote 151 — 151000/541909
[2026-06-23T22:16:20.671+0000] {etl_ecommerce_dag.py:285} INFO -   Bronze — Lote 152 — 152000/541909
[2026-06-23T22:16:21.768+0000] {etl_ecommerce_dag.py:285} INFO -   Bronze — Lote 153 — 153000/541909
[2026-06-23T22:16:22.848+0000] {etl_ecommerce_dag.py:285} INFO -   Bronze — Lote 154 — 154000/541909
[2026-06-23T22:16:23.948+0000] {etl_ecommerce_dag.py:285} INFO -   Bronze — Lote 155 — 155000/541909
[2026-06-23T22:16:25.041+0000] {etl_ecommerce_dag.py:285} INFO -   Bronze — Lote 156 — 156000/541909
[2026-06-23T22:16:26.138+0000] {etl_ecommerce_dag.py:285} INFO -   Bronze — Lote 157 — 157000/541909
[2026-06-23T22:16:27.234+0000] {etl_ecommerce_dag.py:285} INFO -   Bronze — Lote 158 — 158000/541909
[2026-06-23T22:16:28.314+0000] {etl_ecommerce_dag.py:285} INFO -   Bronze — Lote 159 — 159000/541909
[2026-06-23T22:16:29.410+0000] {etl_ecommerce_dag.py:285} INFO -   Bronze — Lote 160 — 160000/541909
[2026-06-23T22:16:30.514+0000] {etl_ecommerce_dag.py:285} INFO -   Bronze — Lote 161 — 161000/541909
[2026-06-23T22:16:31.639+0000] {etl_ecommerce_dag.py:285} INFO -   Bronze — Lote 162 — 162000/541909
[2026-06-23T22:16:32.763+0000] {etl_ecommerce_dag.py:285} INFO -   Bronze — Lote 163 — 163000/541909
[2026-06-23T22:16:33.874+0000] {etl_ecommerce_dag.py:285} INFO -   Bronze — Lote 164 — 164000/541909
[2026-06-23T22:16:34.977+0000] {etl_ecommerce_dag.py:285} INFO -   Bronze — Lote 165 — 165000/541909
[2026-06-23T22:16:36.073+0000] {etl_ecommerce_dag.py:285} INFO -   Bronze — Lote 166 — 166000/541909
[2026-06-23T22:16:37.173+0000] {etl_ecommerce_dag.py:285} INFO -   Bronze — Lote 167 — 167000/541909
[2026-06-23T22:16:38.268+0000] {etl_ecommerce_dag.py:285} INFO -   Bronze — Lote 168 — 168000/541909
[2026-06-23T22:16:39.347+0000] {etl_ecommerce_dag.py:285} INFO -   Bronze — Lote 169 — 169000/541909
[2026-06-23T22:16:40.421+0000] {etl_ecommerce_dag.py:285} INFO -   Bronze — Lote 170 — 170000/541909
[2026-06-23T22:16:41.514+0000] {etl_ecommerce_dag.py:285} INFO -   Bronze — Lote 171 — 171000/541909
[2026-06-23T22:16:42.607+0000] {etl_ecommerce_dag.py:285} INFO -   Bronze — Lote 172 — 172000/541909
[2026-06-23T22:16:43.682+0000] {etl_ecommerce_dag.py:285} INFO -   Bronze — Lote 173 — 173000/541909
[2026-06-23T22:16:44.783+0000] {etl_ecommerce_dag.py:285} INFO -   Bronze — Lote 174 — 174000/541909
[2026-06-23T22:16:45.884+0000] {etl_ecommerce_dag.py:285} INFO -   Bronze — Lote 175 — 175000/541909
[2026-06-23T22:16:46.985+0000] {etl_ecommerce_dag.py:285} INFO -   Bronze — Lote 176 — 176000/541909
[2026-06-23T22:16:48.069+0000] {etl_ecommerce_dag.py:285} INFO -   Bronze — Lote 177 — 177000/541909
[2026-06-23T22:16:49.155+0000] {etl_ecommerce_dag.py:285} INFO -   Bronze — Lote 178 — 178000/541909
[2026-06-23T22:16:50.227+0000] {etl_ecommerce_dag.py:285} INFO -   Bronze — Lote 179 — 179000/541909
[2026-06-23T22:16:51.326+0000] {etl_ecommerce_dag.py:285} INFO -   Bronze — Lote 180 — 180000/541909
[2026-06-23T22:16:52.417+0000] {etl_ecommerce_dag.py:285} INFO -   Bronze — Lote 181 — 181000/541909
[2026-06-23T22:16:53.521+0000] {etl_ecommerce_dag.py:285} INFO -   Bronze — Lote 182 — 182000/541909
[2026-06-23T22:16:54.614+0000] {etl_ecommerce_dag.py:285} INFO -   Bronze — Lote 183 — 183000/541909
[2026-06-23T22:16:55.716+0000] {etl_ecommerce_dag.py:285} INFO -   Bronze — Lote 184 — 184000/541909
[2026-06-23T22:16:56.825+0000] {etl_ecommerce_dag.py:285} INFO -   Bronze — Lote 185 — 185000/541909
[2026-06-23T22:16:57.927+0000] {etl_ecommerce_dag.py:285} INFO -   Bronze — Lote 186 — 186000/541909
[2026-06-23T22:16:59.029+0000] {etl_ecommerce_dag.py:285} INFO -   Bronze — Lote 187 — 187000/541909
[2026-06-23T22:17:00.134+0000] {etl_ecommerce_dag.py:285} INFO -   Bronze — Lote 188 — 188000/541909
[2026-06-23T22:17:01.235+0000] {etl_ecommerce_dag.py:285} INFO -   Bronze — Lote 189 — 189000/541909
[2026-06-23T22:17:02.323+0000] {etl_ecommerce_dag.py:285} INFO -   Bronze — Lote 190 — 190000/541909
[2026-06-23T22:17:03.428+0000] {etl_ecommerce_dag.py:285} INFO -   Bronze — Lote 191 — 191000/541909
[2026-06-23T22:17:04.533+0000] {etl_ecommerce_dag.py:285} INFO -   Bronze — Lote 192 — 192000/541909
[2026-06-23T22:17:05.624+0000] {etl_ecommerce_dag.py:285} INFO -   Bronze — Lote 193 — 193000/541909
[2026-06-23T22:17:06.727+0000] {etl_ecommerce_dag.py:285} INFO -   Bronze — Lote 194 — 194000/541909
[2026-06-23T22:17:07.830+0000] {etl_ecommerce_dag.py:285} INFO -   Bronze — Lote 195 — 195000/541909
[2026-06-23T22:17:08.929+0000] {etl_ecommerce_dag.py:285} INFO -   Bronze — Lote 196 — 196000/541909
[2026-06-23T22:17:10.032+0000] {etl_ecommerce_dag.py:285} INFO -   Bronze — Lote 197 — 197000/541909
[2026-06-23T22:17:11.139+0000] {etl_ecommerce_dag.py:285} INFO -   Bronze — Lote 198 — 198000/541909
[2026-06-23T22:17:12.253+0000] {etl_ecommerce_dag.py:285} INFO -   Bronze — Lote 199 — 199000/541909
[2026-06-23T22:17:13.353+0000] {etl_ecommerce_dag.py:285} INFO -   Bronze — Lote 200 — 200000/541909
[2026-06-23T22:17:14.449+0000] {etl_ecommerce_dag.py:285} INFO -   Bronze — Lote 201 — 201000/541909
[2026-06-23T22:17:15.554+0000] {etl_ecommerce_dag.py:285} INFO -   Bronze — Lote 202 — 202000/541909
[2026-06-23T22:17:16.658+0000] {etl_ecommerce_dag.py:285} INFO -   Bronze — Lote 203 — 203000/541909
[2026-06-23T22:17:17.743+0000] {etl_ecommerce_dag.py:285} INFO -   Bronze — Lote 204 — 204000/541909
[2026-06-23T22:17:18.839+0000] {etl_ecommerce_dag.py:285} INFO -   Bronze — Lote 205 — 205000/541909
[2026-06-23T22:17:19.942+0000] {etl_ecommerce_dag.py:285} INFO -   Bronze — Lote 206 — 206000/541909
[2026-06-23T22:17:21.037+0000] {etl_ecommerce_dag.py:285} INFO -   Bronze — Lote 207 — 207000/541909
[2026-06-23T22:17:22.139+0000] {etl_ecommerce_dag.py:285} INFO -   Bronze — Lote 208 — 208000/541909
[2026-06-23T22:17:23.233+0000] {etl_ecommerce_dag.py:285} INFO -   Bronze — Lote 209 — 209000/541909
[2026-06-23T22:17:24.339+0000] {etl_ecommerce_dag.py:285} INFO -   Bronze — Lote 210 — 210000/541909
[2026-06-23T22:17:25.424+0000] {etl_ecommerce_dag.py:285} INFO -   Bronze — Lote 211 — 211000/541909
[2026-06-23T22:17:26.522+0000] {etl_ecommerce_dag.py:285} INFO -   Bronze — Lote 212 — 212000/541909
[2026-06-23T22:17:27.621+0000] {etl_ecommerce_dag.py:285} INFO -   Bronze — Lote 213 — 213000/541909
[2026-06-23T22:17:28.719+0000] {etl_ecommerce_dag.py:285} INFO -   Bronze — Lote 214 — 214000/541909
[2026-06-23T22:17:29.800+0000] {etl_ecommerce_dag.py:285} INFO -   Bronze — Lote 215 — 215000/541909
[2026-06-23T22:17:30.893+0000] {etl_ecommerce_dag.py:285} INFO -   Bronze — Lote 216 — 216000/541909
[2026-06-23T22:17:32.001+0000] {etl_ecommerce_dag.py:285} INFO -   Bronze — Lote 217 — 217000/541909
[2026-06-23T22:17:33.094+0000] {etl_ecommerce_dag.py:285} INFO -   Bronze — Lote 218 — 218000/541909
[2026-06-23T22:17:34.191+0000] {etl_ecommerce_dag.py:285} INFO -   Bronze — Lote 219 — 219000/541909
[2026-06-23T22:17:35.280+0000] {etl_ecommerce_dag.py:285} INFO -   Bronze — Lote 220 — 220000/541909
[2026-06-23T22:17:36.362+0000] {etl_ecommerce_dag.py:285} INFO -   Bronze — Lote 221 — 221000/541909
[2026-06-23T22:17:37.457+0000] {etl_ecommerce_dag.py:285} INFO -   Bronze — Lote 222 — 222000/541909
[2026-06-23T22:17:38.552+0000] {etl_ecommerce_dag.py:285} INFO -   Bronze — Lote 223 — 223000/541909
[2026-06-23T22:17:39.633+0000] {etl_ecommerce_dag.py:285} INFO -   Bronze — Lote 224 — 224000/541909
[2026-06-23T22:17:40.723+0000] {etl_ecommerce_dag.py:285} INFO -   Bronze — Lote 225 — 225000/541909
[2026-06-23T22:17:41.809+0000] {etl_ecommerce_dag.py:285} INFO -   Bronze — Lote 226 — 226000/541909
[2026-06-23T22:17:42.913+0000] {etl_ecommerce_dag.py:285} INFO -   Bronze — Lote 227 — 227000/541909
[2026-06-23T22:17:44.001+0000] {etl_ecommerce_dag.py:285} INFO -   Bronze — Lote 228 — 228000/541909
[2026-06-23T22:17:45.091+0000] {etl_ecommerce_dag.py:285} INFO -   Bronze — Lote 229 — 229000/541909
[2026-06-23T22:17:46.187+0000] {etl_ecommerce_dag.py:285} INFO -   Bronze — Lote 230 — 230000/541909
[2026-06-23T22:17:47.291+0000] {etl_ecommerce_dag.py:285} INFO -   Bronze — Lote 231 — 231000/541909
[2026-06-23T22:17:48.380+0000] {etl_ecommerce_dag.py:285} INFO -   Bronze — Lote 232 — 232000/541909
[2026-06-23T22:17:49.471+0000] {etl_ecommerce_dag.py:285} INFO -   Bronze — Lote 233 — 233000/541909
[2026-06-23T22:17:50.561+0000] {etl_ecommerce_dag.py:285} INFO -   Bronze — Lote 234 — 234000/541909
[2026-06-23T22:17:51.652+0000] {etl_ecommerce_dag.py:285} INFO -   Bronze — Lote 235 — 235000/541909
[2026-06-23T22:17:52.731+0000] {etl_ecommerce_dag.py:285} INFO -   Bronze — Lote 236 — 236000/541909
[2026-06-23T22:17:53.827+0000] {etl_ecommerce_dag.py:285} INFO -   Bronze — Lote 237 — 237000/541909
[2026-06-23T22:17:54.941+0000] {etl_ecommerce_dag.py:285} INFO -   Bronze — Lote 238 — 238000/541909
[2026-06-23T22:17:56.038+0000] {etl_ecommerce_dag.py:285} INFO -   Bronze — Lote 239 — 239000/541909
[2026-06-23T22:17:57.131+0000] {etl_ecommerce_dag.py:285} INFO -   Bronze — Lote 240 — 240000/541909
[2026-06-23T22:17:58.228+0000] {etl_ecommerce_dag.py:285} INFO -   Bronze — Lote 241 — 241000/541909
[2026-06-23T22:17:59.334+0000] {etl_ecommerce_dag.py:285} INFO -   Bronze — Lote 242 — 242000/541909
[2026-06-23T22:18:00.414+0000] {etl_ecommerce_dag.py:285} INFO -   Bronze — Lote 243 — 243000/541909
[2026-06-23T22:18:01.495+0000] {etl_ecommerce_dag.py:285} INFO -   Bronze — Lote 244 — 244000/541909
[2026-06-23T22:18:02.586+0000] {etl_ecommerce_dag.py:285} INFO -   Bronze — Lote 245 — 245000/541909
[2026-06-23T22:18:03.702+0000] {etl_ecommerce_dag.py:285} INFO -   Bronze — Lote 246 — 246000/541909
[2026-06-23T22:18:04.811+0000] {etl_ecommerce_dag.py:285} INFO -   Bronze — Lote 247 — 247000/541909
[2026-06-23T22:18:05.903+0000] {etl_ecommerce_dag.py:285} INFO -   Bronze — Lote 248 — 248000/541909
[2026-06-23T22:18:07.018+0000] {etl_ecommerce_dag.py:285} INFO -   Bronze — Lote 249 — 249000/541909
[2026-06-23T22:18:08.128+0000] {etl_ecommerce_dag.py:285} INFO -   Bronze — Lote 250 — 250000/541909
[2026-06-23T22:18:09.230+0000] {etl_ecommerce_dag.py:285} INFO -   Bronze — Lote 251 — 251000/541909
[2026-06-23T22:18:10.322+0000] {etl_ecommerce_dag.py:285} INFO -   Bronze — Lote 252 — 252000/541909
[2026-06-23T22:18:11.415+0000] {etl_ecommerce_dag.py:285} INFO -   Bronze — Lote 253 — 253000/541909
[2026-06-23T22:18:12.500+0000] {etl_ecommerce_dag.py:285} INFO -   Bronze — Lote 254 — 254000/541909
[2026-06-23T22:18:13.577+0000] {etl_ecommerce_dag.py:285} INFO -   Bronze — Lote 255 — 255000/541909
[2026-06-23T22:18:14.662+0000] {etl_ecommerce_dag.py:285} INFO -   Bronze — Lote 256 — 256000/541909
[2026-06-23T22:18:15.743+0000] {etl_ecommerce_dag.py:285} INFO -   Bronze — Lote 257 — 257000/541909
[2026-06-23T22:18:16.831+0000] {etl_ecommerce_dag.py:285} INFO -   Bronze — Lote 258 — 258000/541909
[2026-06-23T22:18:17.930+0000] {etl_ecommerce_dag.py:285} INFO -   Bronze — Lote 259 — 259000/541909
[2026-06-23T22:18:19.030+0000] {etl_ecommerce_dag.py:285} INFO -   Bronze — Lote 260 — 260000/541909
[2026-06-23T22:18:20.156+0000] {etl_ecommerce_dag.py:285} INFO -   Bronze — Lote 261 — 261000/541909
[2026-06-23T22:18:21.265+0000] {etl_ecommerce_dag.py:285} INFO -   Bronze — Lote 262 — 262000/541909
[2026-06-23T22:18:22.383+0000] {etl_ecommerce_dag.py:285} INFO -   Bronze — Lote 263 — 263000/541909
[2026-06-23T22:18:23.488+0000] {etl_ecommerce_dag.py:285} INFO -   Bronze — Lote 264 — 264000/541909
[2026-06-23T22:18:24.597+0000] {etl_ecommerce_dag.py:285} INFO -   Bronze — Lote 265 — 265000/541909
[2026-06-23T22:18:25.688+0000] {etl_ecommerce_dag.py:285} INFO -   Bronze — Lote 266 — 266000/541909
[2026-06-23T22:18:26.803+0000] {etl_ecommerce_dag.py:285} INFO -   Bronze — Lote 267 — 267000/541909
[2026-06-23T22:18:27.881+0000] {etl_ecommerce_dag.py:285} INFO -   Bronze — Lote 268 — 268000/541909
[2026-06-23T22:18:28.992+0000] {etl_ecommerce_dag.py:285} INFO -   Bronze — Lote 269 — 269000/541909
[2026-06-23T22:18:30.096+0000] {etl_ecommerce_dag.py:285} INFO -   Bronze — Lote 270 — 270000/541909
[2026-06-23T22:18:31.190+0000] {etl_ecommerce_dag.py:285} INFO -   Bronze — Lote 271 — 271000/541909
[2026-06-23T22:18:32.294+0000] {etl_ecommerce_dag.py:285} INFO -   Bronze — Lote 272 — 272000/541909
[2026-06-23T22:18:33.384+0000] {etl_ecommerce_dag.py:285} INFO -   Bronze — Lote 273 — 273000/541909
[2026-06-23T22:18:34.491+0000] {etl_ecommerce_dag.py:285} INFO -   Bronze — Lote 274 — 274000/541909
[2026-06-23T22:18:35.590+0000] {etl_ecommerce_dag.py:285} INFO -   Bronze — Lote 275 — 275000/541909
[2026-06-23T22:18:36.700+0000] {etl_ecommerce_dag.py:285} INFO -   Bronze — Lote 276 — 276000/541909
[2026-06-23T22:18:37.804+0000] {etl_ecommerce_dag.py:285} INFO -   Bronze — Lote 277 — 277000/541909
[2026-06-23T22:18:38.904+0000] {etl_ecommerce_dag.py:285} INFO -   Bronze — Lote 278 — 278000/541909
[2026-06-23T22:18:40.003+0000] {etl_ecommerce_dag.py:285} INFO -   Bronze — Lote 279 — 279000/541909
[2026-06-23T22:18:41.103+0000] {etl_ecommerce_dag.py:285} INFO -   Bronze — Lote 280 — 280000/541909
[2026-06-23T22:18:42.206+0000] {etl_ecommerce_dag.py:285} INFO -   Bronze — Lote 281 — 281000/541909
[2026-06-23T22:18:43.309+0000] {etl_ecommerce_dag.py:285} INFO -   Bronze — Lote 282 — 282000/541909
[2026-06-23T22:18:44.392+0000] {etl_ecommerce_dag.py:285} INFO -   Bronze — Lote 283 — 283000/541909
[2026-06-23T22:18:45.477+0000] {etl_ecommerce_dag.py:285} INFO -   Bronze — Lote 284 — 284000/541909
[2026-06-23T22:18:46.568+0000] {etl_ecommerce_dag.py:285} INFO -   Bronze — Lote 285 — 285000/541909
[2026-06-23T22:18:47.674+0000] {etl_ecommerce_dag.py:285} INFO -   Bronze — Lote 286 — 286000/541909
[2026-06-23T22:18:48.759+0000] {etl_ecommerce_dag.py:285} INFO -   Bronze — Lote 287 — 287000/541909
[2026-06-23T22:18:49.859+0000] {etl_ecommerce_dag.py:285} INFO -   Bronze — Lote 288 — 288000/541909
[2026-06-23T22:18:50.973+0000] {etl_ecommerce_dag.py:285} INFO -   Bronze — Lote 289 — 289000/541909
[2026-06-23T22:18:52.067+0000] {etl_ecommerce_dag.py:285} INFO -   Bronze — Lote 290 — 290000/541909
[2026-06-23T22:18:53.154+0000] {etl_ecommerce_dag.py:285} INFO -   Bronze — Lote 291 — 291000/541909
[2026-06-23T22:18:54.234+0000] {etl_ecommerce_dag.py:285} INFO -   Bronze — Lote 292 — 292000/541909
[2026-06-23T22:18:55.326+0000] {etl_ecommerce_dag.py:285} INFO -   Bronze — Lote 293 — 293000/541909
[2026-06-23T22:18:56.396+0000] {etl_ecommerce_dag.py:285} INFO -   Bronze — Lote 294 — 294000/541909
[2026-06-23T22:18:57.486+0000] {etl_ecommerce_dag.py:285} INFO -   Bronze — Lote 295 — 295000/541909
[2026-06-23T22:18:58.562+0000] {etl_ecommerce_dag.py:285} INFO -   Bronze — Lote 296 — 296000/541909
[2026-06-23T22:18:59.662+0000] {etl_ecommerce_dag.py:285} INFO -   Bronze — Lote 297 — 297000/541909
[2026-06-23T22:19:00.758+0000] {etl_ecommerce_dag.py:285} INFO -   Bronze — Lote 298 — 298000/541909
[2026-06-23T22:19:01.851+0000] {etl_ecommerce_dag.py:285} INFO -   Bronze — Lote 299 — 299000/541909
[2026-06-23T22:19:02.941+0000] {etl_ecommerce_dag.py:285} INFO -   Bronze — Lote 300 — 300000/541909
[2026-06-23T22:19:04.030+0000] {etl_ecommerce_dag.py:285} INFO -   Bronze — Lote 301 — 301000/541909
[2026-06-23T22:19:05.100+0000] {etl_ecommerce_dag.py:285} INFO -   Bronze — Lote 302 — 302000/541909
[2026-06-23T22:19:06.177+0000] {etl_ecommerce_dag.py:285} INFO -   Bronze — Lote 303 — 303000/541909
[2026-06-23T22:19:07.325+0000] {etl_ecommerce_dag.py:285} INFO -   Bronze — Lote 304 — 304000/541909
[2026-06-23T22:19:08.412+0000] {etl_ecommerce_dag.py:285} INFO -   Bronze — Lote 305 — 305000/541909
[2026-06-23T22:19:09.520+0000] {etl_ecommerce_dag.py:285} INFO -   Bronze — Lote 306 — 306000/541909
[2026-06-23T22:19:10.714+0000] {etl_ecommerce_dag.py:285} INFO -   Bronze — Lote 307 — 307000/541909
[2026-06-23T22:19:11.795+0000] {etl_ecommerce_dag.py:285} INFO -   Bronze — Lote 308 — 308000/541909
[2026-06-23T22:19:12.872+0000] {etl_ecommerce_dag.py:285} INFO -   Bronze — Lote 309 — 309000/541909
[2026-06-23T22:19:13.954+0000] {etl_ecommerce_dag.py:285} INFO -   Bronze — Lote 310 — 310000/541909
[2026-06-23T22:19:15.024+0000] {etl_ecommerce_dag.py:285} INFO -   Bronze — Lote 311 — 311000/541909
[2026-06-23T22:19:16.091+0000] {etl_ecommerce_dag.py:285} INFO -   Bronze — Lote 312 — 312000/541909
[2026-06-23T22:19:17.165+0000] {etl_ecommerce_dag.py:285} INFO -   Bronze — Lote 313 — 313000/541909
[2026-06-23T22:19:18.241+0000] {etl_ecommerce_dag.py:285} INFO -   Bronze — Lote 314 — 314000/541909
[2026-06-23T22:19:19.326+0000] {etl_ecommerce_dag.py:285} INFO -   Bronze — Lote 315 — 315000/541909
[2026-06-23T22:19:20.412+0000] {etl_ecommerce_dag.py:285} INFO -   Bronze — Lote 316 — 316000/541909
[2026-06-23T22:19:21.492+0000] {etl_ecommerce_dag.py:285} INFO -   Bronze — Lote 317 — 317000/541909
[2026-06-23T22:19:22.569+0000] {etl_ecommerce_dag.py:285} INFO -   Bronze — Lote 318 — 318000/541909
[2026-06-23T22:19:23.623+0000] {etl_ecommerce_dag.py:285} INFO -   Bronze — Lote 319 — 319000/541909
[2026-06-23T22:19:24.687+0000] {etl_ecommerce_dag.py:285} INFO -   Bronze — Lote 320 — 320000/541909
[2026-06-23T22:19:25.769+0000] {etl_ecommerce_dag.py:285} INFO -   Bronze — Lote 321 — 321000/541909
[2026-06-23T22:19:26.855+0000] {etl_ecommerce_dag.py:285} INFO -   Bronze — Lote 322 — 322000/541909
[2026-06-23T22:19:27.935+0000] {etl_ecommerce_dag.py:285} INFO -   Bronze — Lote 323 — 323000/541909
[2026-06-23T22:19:29.008+0000] {etl_ecommerce_dag.py:285} INFO -   Bronze — Lote 324 — 324000/541909
[2026-06-23T22:19:30.083+0000] {etl_ecommerce_dag.py:285} INFO -   Bronze — Lote 325 — 325000/541909
[2026-06-23T22:19:31.160+0000] {etl_ecommerce_dag.py:285} INFO -   Bronze — Lote 326 — 326000/541909
[2026-06-23T22:19:32.228+0000] {etl_ecommerce_dag.py:285} INFO -   Bronze — Lote 327 — 327000/541909
[2026-06-23T22:19:33.333+0000] {etl_ecommerce_dag.py:285} INFO -   Bronze — Lote 328 — 328000/541909
[2026-06-23T22:19:34.416+0000] {etl_ecommerce_dag.py:285} INFO -   Bronze — Lote 329 — 329000/541909
[2026-06-23T22:19:35.499+0000] {etl_ecommerce_dag.py:285} INFO -   Bronze — Lote 330 — 330000/541909
[2026-06-23T22:19:36.582+0000] {etl_ecommerce_dag.py:285} INFO -   Bronze — Lote 331 — 331000/541909
[2026-06-23T22:19:37.660+0000] {etl_ecommerce_dag.py:285} INFO -   Bronze — Lote 332 — 332000/541909
[2026-06-23T22:19:38.733+0000] {etl_ecommerce_dag.py:285} INFO -   Bronze — Lote 333 — 333000/541909
[2026-06-23T22:19:39.801+0000] {etl_ecommerce_dag.py:285} INFO -   Bronze — Lote 334 — 334000/541909
[2026-06-23T22:19:40.862+0000] {etl_ecommerce_dag.py:285} INFO -   Bronze — Lote 335 — 335000/541909
[2026-06-23T22:19:41.931+0000] {etl_ecommerce_dag.py:285} INFO -   Bronze — Lote 336 — 336000/541909
[2026-06-23T22:19:43.030+0000] {etl_ecommerce_dag.py:285} INFO -   Bronze — Lote 337 — 337000/541909
[2026-06-23T22:19:44.123+0000] {etl_ecommerce_dag.py:285} INFO -   Bronze — Lote 338 — 338000/541909
[2026-06-23T22:19:45.229+0000] {etl_ecommerce_dag.py:285} INFO -   Bronze — Lote 339 — 339000/541909
[2026-06-23T22:19:46.319+0000] {etl_ecommerce_dag.py:285} INFO -   Bronze — Lote 340 — 340000/541909
[2026-06-23T22:19:47.396+0000] {etl_ecommerce_dag.py:285} INFO -   Bronze — Lote 341 — 341000/541909
[2026-06-23T22:19:48.468+0000] {etl_ecommerce_dag.py:285} INFO -   Bronze — Lote 342 — 342000/541909
[2026-06-23T22:19:49.547+0000] {etl_ecommerce_dag.py:285} INFO -   Bronze — Lote 343 — 343000/541909
[2026-06-23T22:19:50.630+0000] {etl_ecommerce_dag.py:285} INFO -   Bronze — Lote 344 — 344000/541909
[2026-06-23T22:19:51.712+0000] {etl_ecommerce_dag.py:285} INFO -   Bronze — Lote 345 — 345000/541909
[2026-06-23T22:19:52.794+0000] {etl_ecommerce_dag.py:285} INFO -   Bronze — Lote 346 — 346000/541909
[2026-06-23T22:19:53.886+0000] {etl_ecommerce_dag.py:285} INFO -   Bronze — Lote 347 — 347000/541909
[2026-06-23T22:19:54.972+0000] {etl_ecommerce_dag.py:285} INFO -   Bronze — Lote 348 — 348000/541909
[2026-06-23T22:19:56.052+0000] {etl_ecommerce_dag.py:285} INFO -   Bronze — Lote 349 — 349000/541909
[2026-06-23T22:19:57.127+0000] {etl_ecommerce_dag.py:285} INFO -   Bronze — Lote 350 — 350000/541909
[2026-06-23T22:19:58.223+0000] {etl_ecommerce_dag.py:285} INFO -   Bronze — Lote 351 — 351000/541909
[2026-06-23T22:19:59.312+0000] {etl_ecommerce_dag.py:285} INFO -   Bronze — Lote 352 — 352000/541909
[2026-06-23T22:20:00.389+0000] {etl_ecommerce_dag.py:285} INFO -   Bronze — Lote 353 — 353000/541909
[2026-06-23T22:20:01.475+0000] {etl_ecommerce_dag.py:285} INFO -   Bronze — Lote 354 — 354000/541909
[2026-06-23T22:20:02.555+0000] {etl_ecommerce_dag.py:285} INFO -   Bronze — Lote 355 — 355000/541909
[2026-06-23T22:20:03.632+0000] {etl_ecommerce_dag.py:285} INFO -   Bronze — Lote 356 — 356000/541909
[2026-06-23T22:20:04.719+0000] {etl_ecommerce_dag.py:285} INFO -   Bronze — Lote 357 — 357000/541909
[2026-06-23T22:20:05.793+0000] {etl_ecommerce_dag.py:285} INFO -   Bronze — Lote 358 — 358000/541909
[2026-06-23T22:20:06.885+0000] {etl_ecommerce_dag.py:285} INFO -   Bronze — Lote 359 — 359000/541909
[2026-06-23T22:20:07.971+0000] {etl_ecommerce_dag.py:285} INFO -   Bronze — Lote 360 — 360000/541909
[2026-06-23T22:20:09.047+0000] {etl_ecommerce_dag.py:285} INFO -   Bronze — Lote 361 — 361000/541909
[2026-06-23T22:20:10.128+0000] {etl_ecommerce_dag.py:285} INFO -   Bronze — Lote 362 — 362000/541909
[2026-06-23T22:20:11.226+0000] {etl_ecommerce_dag.py:285} INFO -   Bronze — Lote 363 — 363000/541909
[2026-06-23T22:20:12.309+0000] {etl_ecommerce_dag.py:285} INFO -   Bronze — Lote 364 — 364000/541909
[2026-06-23T22:20:13.385+0000] {etl_ecommerce_dag.py:285} INFO -   Bronze — Lote 365 — 365000/541909
[2026-06-23T22:20:14.464+0000] {etl_ecommerce_dag.py:285} INFO -   Bronze — Lote 366 — 366000/541909
[2026-06-23T22:20:15.567+0000] {etl_ecommerce_dag.py:285} INFO -   Bronze — Lote 367 — 367000/541909
[2026-06-23T22:20:16.659+0000] {etl_ecommerce_dag.py:285} INFO -   Bronze — Lote 368 — 368000/541909
[2026-06-23T22:20:17.753+0000] {etl_ecommerce_dag.py:285} INFO -   Bronze — Lote 369 — 369000/541909
[2026-06-23T22:20:18.832+0000] {etl_ecommerce_dag.py:285} INFO -   Bronze — Lote 370 — 370000/541909
[2026-06-23T22:20:19.930+0000] {etl_ecommerce_dag.py:285} INFO -   Bronze — Lote 371 — 371000/541909
[2026-06-23T22:20:21.011+0000] {etl_ecommerce_dag.py:285} INFO -   Bronze — Lote 372 — 372000/541909
[2026-06-23T22:20:22.078+0000] {etl_ecommerce_dag.py:285} INFO -   Bronze — Lote 373 — 373000/541909
[2026-06-23T22:20:23.158+0000] {etl_ecommerce_dag.py:285} INFO -   Bronze — Lote 374 — 374000/541909
[2026-06-23T22:20:24.239+0000] {etl_ecommerce_dag.py:285} INFO -   Bronze — Lote 375 — 375000/541909
[2026-06-23T22:20:25.320+0000] {etl_ecommerce_dag.py:285} INFO -   Bronze — Lote 376 — 376000/541909
[2026-06-23T22:20:26.408+0000] {etl_ecommerce_dag.py:285} INFO -   Bronze — Lote 377 — 377000/541909
[2026-06-23T22:20:27.487+0000] {etl_ecommerce_dag.py:285} INFO -   Bronze — Lote 378 — 378000/541909
[2026-06-23T22:20:28.568+0000] {etl_ecommerce_dag.py:285} INFO -   Bronze — Lote 379 — 379000/541909
[2026-06-23T22:20:29.655+0000] {etl_ecommerce_dag.py:285} INFO -   Bronze — Lote 380 — 380000/541909
[2026-06-23T22:20:30.728+0000] {etl_ecommerce_dag.py:285} INFO -   Bronze — Lote 381 — 381000/541909
[2026-06-23T22:20:31.830+0000] {etl_ecommerce_dag.py:285} INFO -   Bronze — Lote 382 — 382000/541909
[2026-06-23T22:20:32.913+0000] {etl_ecommerce_dag.py:285} INFO -   Bronze — Lote 383 — 383000/541909
[2026-06-23T22:20:33.989+0000] {etl_ecommerce_dag.py:285} INFO -   Bronze — Lote 384 — 384000/541909
[2026-06-23T22:20:35.083+0000] {etl_ecommerce_dag.py:285} INFO -   Bronze — Lote 385 — 385000/541909
[2026-06-23T22:20:36.172+0000] {etl_ecommerce_dag.py:285} INFO -   Bronze — Lote 386 — 386000/541909
[2026-06-23T22:20:37.264+0000] {etl_ecommerce_dag.py:285} INFO -   Bronze — Lote 387 — 387000/541909
[2026-06-23T22:20:38.362+0000] {etl_ecommerce_dag.py:285} INFO -   Bronze — Lote 388 — 388000/541909
[2026-06-23T22:20:39.465+0000] {etl_ecommerce_dag.py:285} INFO -   Bronze — Lote 389 — 389000/541909
[2026-06-23T22:20:40.571+0000] {etl_ecommerce_dag.py:285} INFO -   Bronze — Lote 390 — 390000/541909
[2026-06-23T22:20:41.694+0000] {etl_ecommerce_dag.py:285} INFO -   Bronze — Lote 391 — 391000/541909
[2026-06-23T22:20:42.812+0000] {etl_ecommerce_dag.py:285} INFO -   Bronze — Lote 392 — 392000/541909
[2026-06-23T22:20:43.986+0000] {etl_ecommerce_dag.py:285} INFO -   Bronze — Lote 393 — 393000/541909
[2026-06-23T22:20:45.051+0000] {etl_ecommerce_dag.py:285} INFO -   Bronze — Lote 394 — 394000/541909
[2026-06-23T22:20:46.155+0000] {etl_ecommerce_dag.py:285} INFO -   Bronze — Lote 395 — 395000/541909
[2026-06-23T22:20:47.224+0000] {etl_ecommerce_dag.py:285} INFO -   Bronze — Lote 396 — 396000/541909
[2026-06-23T22:20:48.281+0000] {etl_ecommerce_dag.py:285} INFO -   Bronze — Lote 397 — 397000/541909
[2026-06-23T22:20:49.417+0000] {etl_ecommerce_dag.py:285} INFO -   Bronze — Lote 398 — 398000/541909
[2026-06-23T22:20:50.550+0000] {etl_ecommerce_dag.py:285} INFO -   Bronze — Lote 399 — 399000/541909
[2026-06-23T22:20:51.681+0000] {etl_ecommerce_dag.py:285} INFO -   Bronze — Lote 400 — 400000/541909
[2026-06-23T22:20:52.780+0000] {etl_ecommerce_dag.py:285} INFO -   Bronze — Lote 401 — 401000/541909
[2026-06-23T22:20:53.862+0000] {etl_ecommerce_dag.py:285} INFO -   Bronze — Lote 402 — 402000/541909
[2026-06-23T22:20:54.937+0000] {etl_ecommerce_dag.py:285} INFO -   Bronze — Lote 403 — 403000/541909
[2026-06-23T22:20:56.022+0000] {etl_ecommerce_dag.py:285} INFO -   Bronze — Lote 404 — 404000/541909
[2026-06-23T22:20:57.093+0000] {etl_ecommerce_dag.py:285} INFO -   Bronze — Lote 405 — 405000/541909
[2026-06-23T22:20:58.162+0000] {etl_ecommerce_dag.py:285} INFO -   Bronze — Lote 406 — 406000/541909
[2026-06-23T22:20:59.231+0000] {etl_ecommerce_dag.py:285} INFO -   Bronze — Lote 407 — 407000/541909
[2026-06-23T22:21:00.302+0000] {etl_ecommerce_dag.py:285} INFO -   Bronze — Lote 408 — 408000/541909
[2026-06-23T22:21:01.375+0000] {etl_ecommerce_dag.py:285} INFO -   Bronze — Lote 409 — 409000/541909
[2026-06-23T22:21:02.451+0000] {etl_ecommerce_dag.py:285} INFO -   Bronze — Lote 410 — 410000/541909
[2026-06-23T22:21:03.533+0000] {etl_ecommerce_dag.py:285} INFO -   Bronze — Lote 411 — 411000/541909
[2026-06-23T22:21:04.609+0000] {etl_ecommerce_dag.py:285} INFO -   Bronze — Lote 412 — 412000/541909
[2026-06-23T22:21:05.688+0000] {etl_ecommerce_dag.py:285} INFO -   Bronze — Lote 413 — 413000/541909
[2026-06-23T22:21:06.762+0000] {etl_ecommerce_dag.py:285} INFO -   Bronze — Lote 414 — 414000/541909
[2026-06-23T22:21:07.840+0000] {etl_ecommerce_dag.py:285} INFO -   Bronze — Lote 415 — 415000/541909
[2026-06-23T22:21:08.920+0000] {etl_ecommerce_dag.py:285} INFO -   Bronze — Lote 416 — 416000/541909
[2026-06-23T22:21:09.995+0000] {etl_ecommerce_dag.py:285} INFO -   Bronze — Lote 417 — 417000/541909
[2026-06-23T22:21:11.073+0000] {etl_ecommerce_dag.py:285} INFO -   Bronze — Lote 418 — 418000/541909
[2026-06-23T22:21:12.147+0000] {etl_ecommerce_dag.py:285} INFO -   Bronze — Lote 419 — 419000/541909
[2026-06-23T22:21:13.223+0000] {etl_ecommerce_dag.py:285} INFO -   Bronze — Lote 420 — 420000/541909
[2026-06-23T22:21:14.300+0000] {etl_ecommerce_dag.py:285} INFO -   Bronze — Lote 421 — 421000/541909
[2026-06-23T22:21:15.372+0000] {etl_ecommerce_dag.py:285} INFO -   Bronze — Lote 422 — 422000/541909
[2026-06-23T22:21:16.457+0000] {etl_ecommerce_dag.py:285} INFO -   Bronze — Lote 423 — 423000/541909
[2026-06-23T22:21:17.534+0000] {etl_ecommerce_dag.py:285} INFO -   Bronze — Lote 424 — 424000/541909
[2026-06-23T22:21:18.605+0000] {etl_ecommerce_dag.py:285} INFO -   Bronze — Lote 425 — 425000/541909
[2026-06-23T22:21:19.688+0000] {etl_ecommerce_dag.py:285} INFO -   Bronze — Lote 426 — 426000/541909
[2026-06-23T22:21:20.766+0000] {etl_ecommerce_dag.py:285} INFO -   Bronze — Lote 427 — 427000/541909
[2026-06-23T22:21:21.839+0000] {etl_ecommerce_dag.py:285} INFO -   Bronze — Lote 428 — 428000/541909
[2026-06-23T22:21:22.913+0000] {etl_ecommerce_dag.py:285} INFO -   Bronze — Lote 429 — 429000/541909
[2026-06-23T22:21:23.973+0000] {etl_ecommerce_dag.py:285} INFO -   Bronze — Lote 430 — 430000/541909
[2026-06-23T22:21:25.042+0000] {etl_ecommerce_dag.py:285} INFO -   Bronze — Lote 431 — 431000/541909
[2026-06-23T22:21:26.135+0000] {etl_ecommerce_dag.py:285} INFO -   Bronze — Lote 432 — 432000/541909
[2026-06-23T22:21:27.216+0000] {etl_ecommerce_dag.py:285} INFO -   Bronze — Lote 433 — 433000/541909
[2026-06-23T22:21:28.300+0000] {etl_ecommerce_dag.py:285} INFO -   Bronze — Lote 434 — 434000/541909
[2026-06-23T22:21:29.389+0000] {etl_ecommerce_dag.py:285} INFO -   Bronze — Lote 435 — 435000/541909
[2026-06-23T22:21:30.476+0000] {etl_ecommerce_dag.py:285} INFO -   Bronze — Lote 436 — 436000/541909
[2026-06-23T22:21:31.565+0000] {etl_ecommerce_dag.py:285} INFO -   Bronze — Lote 437 — 437000/541909
[2026-06-23T22:21:32.646+0000] {etl_ecommerce_dag.py:285} INFO -   Bronze — Lote 438 — 438000/541909
[2026-06-23T22:21:33.713+0000] {etl_ecommerce_dag.py:285} INFO -   Bronze — Lote 439 — 439000/541909
[2026-06-23T22:21:34.791+0000] {etl_ecommerce_dag.py:285} INFO -   Bronze — Lote 440 — 440000/541909
[2026-06-23T22:21:35.875+0000] {etl_ecommerce_dag.py:285} INFO -   Bronze — Lote 441 — 441000/541909
[2026-06-23T22:21:36.959+0000] {etl_ecommerce_dag.py:285} INFO -   Bronze — Lote 442 — 442000/541909
[2026-06-23T22:21:38.039+0000] {etl_ecommerce_dag.py:285} INFO -   Bronze — Lote 443 — 443000/541909
[2026-06-23T22:21:39.118+0000] {etl_ecommerce_dag.py:285} INFO -   Bronze — Lote 444 — 444000/541909
[2026-06-23T22:21:40.201+0000] {etl_ecommerce_dag.py:285} INFO -   Bronze — Lote 445 — 445000/541909
[2026-06-23T22:21:41.274+0000] {etl_ecommerce_dag.py:285} INFO -   Bronze — Lote 446 — 446000/541909
[2026-06-23T22:21:42.347+0000] {etl_ecommerce_dag.py:285} INFO -   Bronze — Lote 447 — 447000/541909
[2026-06-23T22:21:43.432+0000] {etl_ecommerce_dag.py:285} INFO -   Bronze — Lote 448 — 448000/541909
[2026-06-23T22:21:44.510+0000] {etl_ecommerce_dag.py:285} INFO -   Bronze — Lote 449 — 449000/541909
[2026-06-23T22:21:45.584+0000] {etl_ecommerce_dag.py:285} INFO -   Bronze — Lote 450 — 450000/541909
[2026-06-23T22:21:46.672+0000] {etl_ecommerce_dag.py:285} INFO -   Bronze — Lote 451 — 451000/541909
[2026-06-23T22:21:47.015+0000] {local_task_job_runner.py:346} WARNING - State of this instance has been externally set to success. Terminating instance.
[2026-06-23T22:21:47.015+0000] {local_task_job_runner.py:245} INFO - ::endgroup::
[2026-06-23T22:21:47.017+0000] {process_utils.py:132} INFO - Sending 15 to group 1497. PIDs of all processes in the group: [1497]
[2026-06-23T22:21:47.017+0000] {process_utils.py:87} INFO - Sending the signal 15 to group 1497
[2026-06-23T22:21:47.060+0000] {taskinstance.py:3094} ERROR - Received SIGTERM. Terminating subprocesses.
[2026-06-23T22:21:47.069+0000] {taskinstance.py:3095} ERROR - Stacktrace: 
  File "/home/***/.local/bin/***", line 8, in <module>
    sys.exit(main())
  File "/home/***/.local/lib/python3.12/site-packages/***/__main__.py", line 62, in main
    args.func(args)
  File "/home/***/.local/lib/python3.12/site-packages/***/cli/cli_config.py", line 49, in command
    return func(*args, **kwargs)
  File "/home/***/.local/lib/python3.12/site-packages/***/utils/cli.py", line 116, in wrapper
    return f(*args, **kwargs)
  File "/home/***/.local/lib/python3.12/site-packages/***/utils/providers_configuration_loader.py", line 55, in wrapped_function
    return func(*args, **kwargs)
  File "/home/***/.local/lib/python3.12/site-packages/***/cli/commands/scheduler_command.py", line 56, in scheduler
    run_command_with_daemon_option(
  File "/home/***/.local/lib/python3.12/site-packages/***/cli/commands/daemon_utils.py", line 86, in run_command_with_daemon_option
    callback()
  File "/home/***/.local/lib/python3.12/site-packages/***/cli/commands/scheduler_command.py", line 59, in <lambda>
    callback=lambda: _run_scheduler_job(args),
  File "/home/***/.local/lib/python3.12/site-packages/***/cli/commands/scheduler_command.py", line 47, in _run_scheduler_job
    run_job(job=job_runner.job, execute_callable=job_runner._execute)
  File "/home/***/.local/lib/python3.12/site-packages/***/utils/session.py", line 97, in wrapper
    return func(*args, session=session, **kwargs)
  File "/home/***/.local/lib/python3.12/site-packages/***/jobs/job.py", line 421, in run_job
    return execute_job(job, execute_callable=execute_callable)
  File "/home/***/.local/lib/python3.12/site-packages/***/jobs/job.py", line 450, in execute_job
    ret = execute_callable()
  File "/home/***/.local/lib/python3.12/site-packages/***/jobs/scheduler_job_runner.py", line 990, in _execute
    executor.start()
  File "/home/***/.local/lib/python3.12/site-packages/***/executors/local_executor.py", line 392, in start
    self.impl.start()
  File "/home/***/.local/lib/python3.12/site-packages/***/executors/local_executor.py", line 330, in start
    worker.start()
  File "/usr/local/lib/python3.12/multiprocessing/process.py", line 121, in start
    self._popen = self._Popen(self)
  File "/usr/local/lib/python3.12/multiprocessing/context.py", line 224, in _Popen
    return _default_context.get_context().Process._Popen(process_obj)
  File "/usr/local/lib/python3.12/multiprocessing/context.py", line 282, in _Popen
    return Popen(process_obj)
  File "/usr/local/lib/python3.12/multiprocessing/popen_fork.py", line 19, in __init__
    self._launch(process_obj)
  File "/usr/local/lib/python3.12/multiprocessing/popen_fork.py", line 71, in _launch
    code = process_obj._bootstrap(parent_sentinel=child_r)
  File "/usr/local/lib/python3.12/multiprocessing/process.py", line 314, in _bootstrap
    self.run()
  File "/home/***/.local/lib/python3.12/site-packages/***/executors/local_executor.py", line 80, in run
    return super().run()
  File "/usr/local/lib/python3.12/multiprocessing/process.py", line 108, in run
    self._target(*self._args, **self._kwargs)
  File "/home/***/.local/lib/python3.12/site-packages/***/traces/tracer.py", line 58, in wrapper
    return func(*args, **kwargs)
  File "/home/***/.local/lib/python3.12/site-packages/***/executors/local_executor.py", line 211, in do_work
    self.execute_work(key=key, command=command)
  File "/home/***/.local/lib/python3.12/site-packages/***/traces/tracer.py", line 58, in wrapper
    return func(*args, **kwargs)
  File "/home/***/.local/lib/python3.12/site-packages/***/executors/local_executor.py", line 100, in execute_work
    state = self._execute_work_in_fork(command)
  File "/home/***/.local/lib/python3.12/site-packages/***/traces/tracer.py", line 58, in wrapper
    return func(*args, **kwargs)
  File "/home/***/.local/lib/python3.12/site-packages/***/executors/local_executor.py", line 142, in _execute_work_in_fork
    args.func(args)
  File "/home/***/.local/lib/python3.12/site-packages/***/cli/cli_config.py", line 49, in command
    return func(*args, **kwargs)
  File "/home/***/.local/lib/python3.12/site-packages/***/utils/cli.py", line 116, in wrapper
    return f(*args, **kwargs)
  File "/home/***/.local/lib/python3.12/site-packages/***/cli/commands/task_command.py", line 483, in task_run
    task_return_code = _run_task_by_selected_method(args, _dag, ti)
  File "/home/***/.local/lib/python3.12/site-packages/***/cli/commands/task_command.py", line 254, in _run_task_by_selected_method
    return _run_task_by_local_task_job(args, ti)
  File "/home/***/.local/lib/python3.12/site-packages/***/cli/commands/task_command.py", line 322, in _run_task_by_local_task_job
    ret = run_job(job=job_runner.job, execute_callable=job_runner._execute)
  File "/home/***/.local/lib/python3.12/site-packages/***/utils/session.py", line 97, in wrapper
    return func(*args, session=session, **kwargs)
  File "/home/***/.local/lib/python3.12/site-packages/***/jobs/job.py", line 421, in run_job
    return execute_job(job, execute_callable=execute_callable)
  File "/home/***/.local/lib/python3.12/site-packages/***/jobs/job.py", line 450, in execute_job
    ret = execute_callable()
  File "/home/***/.local/lib/python3.12/site-packages/***/jobs/local_task_job_runner.py", line 171, in _execute
    self.task_runner.start()
  File "/home/***/.local/lib/python3.12/site-packages/***/task/task_runner/standard_task_runner.py", line 55, in start
    self.process = self._start_by_fork()
  File "/home/***/.local/lib/python3.12/site-packages/***/task/task_runner/standard_task_runner.py", line 117, in _start_by_fork
    ret = args.func(args, dag=self.dag)
  File "/home/***/.local/lib/python3.12/site-packages/***/cli/cli_config.py", line 49, in command
    return func(*args, **kwargs)
  File "/home/***/.local/lib/python3.12/site-packages/***/utils/cli.py", line 116, in wrapper
    return f(*args, **kwargs)
  File "/home/***/.local/lib/python3.12/site-packages/***/cli/commands/task_command.py", line 483, in task_run
    task_return_code = _run_task_by_selected_method(args, _dag, ti)
  File "/home/***/.local/lib/python3.12/site-packages/***/cli/commands/task_command.py", line 256, in _run_task_by_selected_method
    return _run_raw_task(args, ti)
  File "/home/***/.local/lib/python3.12/site-packages/***/cli/commands/task_command.py", line 341, in _run_raw_task
    return ti._run_raw_task(
  File "/home/***/.local/lib/python3.12/site-packages/***/utils/session.py", line 97, in wrapper
    return func(*args, session=session, **kwargs)
  File "/home/***/.local/lib/python3.12/site-packages/***/models/taskinstance.py", line 3006, in _run_raw_task
    return _run_raw_task(
  File "/home/***/.local/lib/python3.12/site-packages/***/models/taskinstance.py", line 274, in _run_raw_task
    TaskInstance._execute_task_with_callbacks(
  File "/home/***/.local/lib/python3.12/site-packages/***/models/taskinstance.py", line 3161, in _execute_task_with_callbacks
    result = self._execute_task(context, task_orig)
  File "/home/***/.local/lib/python3.12/site-packages/***/models/taskinstance.py", line 3185, in _execute_task
    return _execute_task(self, context, task_orig)
  File "/home/***/.local/lib/python3.12/site-packages/***/models/taskinstance.py", line 768, in _execute_task
    result = _execute_callable(context=context, **execute_callable_kwargs)
  File "/home/***/.local/lib/python3.12/site-packages/***/models/taskinstance.py", line 734, in _execute_callable
    return ExecutionCallableRunner(
  File "/home/***/.local/lib/python3.12/site-packages/***/utils/operator_helpers.py", line 252, in run
    return self.func(*args, **kwargs)
  File "/home/***/.local/lib/python3.12/site-packages/***/models/baseoperator.py", line 424, in wrapper
    return func(self, *args, **kwargs)
  File "/home/***/.local/lib/python3.12/site-packages/***/operators/python.py", line 238, in execute
    return_value = self.execute_callable()
  File "/home/***/.local/lib/python3.12/site-packages/***/operators/python.py", line 256, in execute_callable
    return runner.run(*self.op_args, **self.op_kwargs)
  File "/home/***/.local/lib/python3.12/site-packages/***/utils/operator_helpers.py", line 252, in run
    return self.func(*args, **kwargs)
  File "/opt/***/dags/etl_ecommerce_dag.py", line 276, in load_raw
    invoice_date, unit_price, customer_id, country
  File "/home/***/.local/lib/python3.12/site-packages/psycopg2/extras.py", line 1299, in execute_values
    cur.execute(b''.join(parts))
  File "/usr/local/lib/python3.12/encodings/utf_8.py", line 15, in decode
    def decode(input, errors='strict'):
  File "/home/***/.local/lib/python3.12/site-packages/***/models/taskinstance.py", line 3095, in signal_handler
    self.log.error("Stacktrace: \n%s", "".join(traceback.format_stack()))

[2026-06-23T22:21:47.100+0000] {taskinstance.py:341} INFO - ::group::Post task execution logs
[2026-06-23T22:21:47.109+0000] {process_utils.py:80} INFO - Process psutil.Process(pid=1497, status='terminated', exitcode=0, started='22:13:31') (1497) terminated with exit code 0
