[2026-06-23T20:56:20.471+0000] {local_task_job_runner.py:123} INFO - ::group::Pre task execution logs
[2026-06-23T20:56:20.486+0000] {taskinstance.py:2614} INFO - Dependencies all met for dep_context=non-requeueable deps ti=<TaskInstance: etl_ecommerce.load manual__2026-06-23T20:50:26.401106+00:00 [queued]>
[2026-06-23T20:56:20.493+0000] {taskinstance.py:2614} INFO - Dependencies all met for dep_context=requeueable deps ti=<TaskInstance: etl_ecommerce.load manual__2026-06-23T20:50:26.401106+00:00 [queued]>
[2026-06-23T20:56:20.493+0000] {taskinstance.py:2867} INFO - Starting attempt 1 of 3
[2026-06-23T20:56:20.503+0000] {taskinstance.py:2890} INFO - Executing <Task(PythonOperator): load> on 2026-06-23 20:50:26.401106+00:00
[2026-06-23T20:56:20.510+0000] {standard_task_runner.py:104} INFO - Running: ['***', 'tasks', 'run', 'etl_ecommerce', 'load', 'manual__2026-06-23T20:50:26.401106+00:00', '--job-id', '117', '--raw', '--subdir', 'DAGS_FOLDER/etl_ecommerce_dag.py', '--cfg-path', '/tmp/tmprodgcq_v']
[2026-06-23T20:56:20.512+0000] {standard_task_runner.py:105} INFO - Job 117: Subtask load
[2026-06-23T20:56:20.512+0000] {logging_mixin.py:190} WARNING - /home/***/.local/lib/python3.12/site-packages/***/task/task_runner/standard_task_runner.py:70 DeprecationWarning: This process (pid=214) is multi-threaded, use of fork() may lead to deadlocks in the child.
[2026-06-23T20:56:20.513+0000] {standard_task_runner.py:72} INFO - Started process 221 to run task
[2026-06-23T20:56:20.541+0000] {task_command.py:467} INFO - Running <TaskInstance: etl_ecommerce.load manual__2026-06-23T20:50:26.401106+00:00 [running]> on host d2930d66fea2
[2026-06-23T20:56:20.593+0000] {taskinstance.py:3134} INFO - Exporting env vars: AIRFLOW_CTX_DAG_OWNER='juan_camilo' AIRFLOW_CTX_DAG_ID='etl_ecommerce' AIRFLOW_CTX_TASK_ID='load' AIRFLOW_CTX_EXECUTION_DATE='2026-06-23T20:50:26.401106+00:00' AIRFLOW_CTX_TRY_NUMBER='1' AIRFLOW_CTX_DAG_RUN_ID='manual__2026-06-23T20:50:26.401106+00:00'
[2026-06-23T20:56:20.594+0000] {taskinstance.py:732} INFO - ::endgroup::
[2026-06-23T20:56:23.453+0000] {etl_ecommerce_dag.py:226} INFO - Cargando 392692 registros en Supabase...
[2026-06-23T20:56:23.454+0000] {crypto.py:82} WARNING - empty cryptography key - values will not be stored encrypted.
[2026-06-23T20:56:23.454+0000] {base.py:84} INFO - Retrieving connection 'postgres_destino'
[2026-06-23T20:56:24.428+0000] {etl_ecommerce_dag.py:254} INFO - Tabla 'ecommerce_transacciones' lista.
[2026-06-23T21:09:49.580+0000] {etl_ecommerce_dag.py:301} WARNING - ⚠️ Error en registro 536488/21190: relation "ecommerce_transacciones" does not exist
LINE 1: SELECT 1 FROM ecommerce_transacciones WHERE invoice_no = '53...
                      ^

[2026-06-23T21:09:50.305+0000] {etl_ecommerce_dag.py:301} WARNING - ⚠️ Error en registro 536488/21894: relation "ecommerce_transacciones" does not exist
LINE 1: SELECT 1 FROM ecommerce_transacciones WHERE invoice_no = '53...
                      ^

[2026-06-23T21:09:51.069+0000] {etl_ecommerce_dag.py:301} WARNING - ⚠️ Error en registro 536488/70007: relation "ecommerce_transacciones" does not exist
LINE 1: SELECT 1 FROM ecommerce_transacciones WHERE invoice_no = '53...
                      ^

[2026-06-23T21:09:51.806+0000] {etl_ecommerce_dag.py:301} WARNING - ⚠️ Error en registro 536488/22940: relation "ecommerce_transacciones" does not exist
LINE 1: SELECT 1 FROM ecommerce_transacciones WHERE invoice_no = '53...
                      ^

[2026-06-23T21:09:52.592+0000] {etl_ecommerce_dag.py:301} WARNING - ⚠️ Error en registro 536488/70007: relation "ecommerce_transacciones" does not exist
LINE 1: SELECT 1 FROM ecommerce_transacciones WHERE invoice_no = '53...
                      ^

[2026-06-23T21:09:53.279+0000] {etl_ecommerce_dag.py:301} WARNING - ⚠️ Error en registro 536488/84347: relation "ecommerce_transacciones" does not exist
LINE 1: SELECT 1 FROM ecommerce_transacciones WHERE invoice_no = '53...
                      ^

[2026-06-23T21:09:54.003+0000] {etl_ecommerce_dag.py:301} WARNING - ⚠️ Error en registro 536488/22150: relation "ecommerce_transacciones" does not exist
LINE 1: SELECT 1 FROM ecommerce_transacciones WHERE invoice_no = '53...
                      ^

[2026-06-23T21:09:54.760+0000] {etl_ecommerce_dag.py:301} WARNING - ⚠️ Error en registro 536488/22149: relation "ecommerce_transacciones" does not exist
LINE 1: SELECT 1 FROM ecommerce_transacciones WHERE invoice_no = '53...
                      ^

[2026-06-23T21:09:55.612+0000] {etl_ecommerce_dag.py:301} WARNING - ⚠️ Error en registro 536488/22144: relation "ecommerce_transacciones" does not exist
LINE 1: SELECT 1 FROM ecommerce_transacciones WHERE invoice_no = '53...
                      ^

[2026-06-23T21:09:56.305+0000] {etl_ecommerce_dag.py:301} WARNING - ⚠️ Error en registro 536500/21622: relation "ecommerce_transacciones" does not exist
LINE 1: SELECT 1 FROM ecommerce_transacciones WHERE invoice_no = '53...
                      ^

[2026-06-23T21:09:57.038+0000] {etl_ecommerce_dag.py:301} WARNING - ⚠️ Error en registro 536500/46000M: relation "ecommerce_transacciones" does not exist
LINE 1: SELECT 1 FROM ecommerce_transacciones WHERE invoice_no = '53...
                      ^

[2026-06-23T21:09:57.803+0000] {etl_ecommerce_dag.py:301} WARNING - ⚠️ Error en registro 536500/22630: relation "ecommerce_transacciones" does not exist
LINE 1: SELECT 1 FROM ecommerce_transacciones WHERE invoice_no = '53...
                      ^

[2026-06-23T21:09:58.608+0000] {etl_ecommerce_dag.py:301} WARNING - ⚠️ Error en registro 536500/22616: relation "ecommerce_transacciones" does not exist
LINE 1: SELECT 1 FROM ecommerce_transacciones WHERE invoice_no = '53...
                      ^

[2026-06-23T21:09:59.371+0000] {etl_ecommerce_dag.py:301} WARNING - ⚠️ Error en registro 536500/22712: relation "ecommerce_transacciones" does not exist
LINE 1: SELECT 1 FROM ecommerce_transacciones WHERE invoice_no = '53...
                      ^

[2026-06-23T21:09:59.999+0000] {etl_ecommerce_dag.py:301} WARNING - ⚠️ Error en registro 536500/22983: relation "ecommerce_transacciones" does not exist
LINE 1: SELECT 1 FROM ecommerce_transacciones WHERE invoice_no = '53...
                      ^

[2026-06-23T21:10:00.741+0000] {etl_ecommerce_dag.py:301} WARNING - ⚠️ Error en registro 536500/22024: relation "ecommerce_transacciones" does not exist
LINE 1: SELECT 1 FROM ecommerce_transacciones WHERE invoice_no = '53...
                      ^

[2026-06-23T21:10:01.503+0000] {etl_ecommerce_dag.py:301} WARNING - ⚠️ Error en registro 536500/22113: relation "ecommerce_transacciones" does not exist
LINE 1: SELECT 1 FROM ecommerce_transacciones WHERE invoice_no = '53...
                      ^

[2026-06-23T21:10:02.221+0000] {etl_ecommerce_dag.py:301} WARNING - ⚠️ Error en registro 536500/84029E: relation "ecommerce_transacciones" does not exist
LINE 1: SELECT 1 FROM ecommerce_transacciones WHERE invoice_no = '53...
                      ^

[2026-06-23T21:10:02.915+0000] {etl_ecommerce_dag.py:301} WARNING - ⚠️ Error en registro 536500/21488: relation "ecommerce_transacciones" does not exist
LINE 1: SELECT 1 FROM ecommerce_transacciones WHERE invoice_no = '53...
                      ^

[2026-06-23T21:10:03.581+0000] {etl_ecommerce_dag.py:301} WARNING - ⚠️ Error en registro 536500/22900: relation "ecommerce_transacciones" does not exist
LINE 1: SELECT 1 FROM ecommerce_transacciones WHERE invoice_no = '53...
                      ^

[2026-06-23T21:10:04.316+0000] {etl_ecommerce_dag.py:301} WARNING - ⚠️ Error en registro 536500/22895: relation "ecommerce_transacciones" does not exist
LINE 1: SELECT 1 FROM ecommerce_transacciones WHERE invoice_no = '53...
                      ^

[2026-06-23T21:10:05.152+0000] {etl_ecommerce_dag.py:301} WARNING - ⚠️ Error en registro 536500/21035: relation "ecommerce_transacciones" does not exist
LINE 1: SELECT 1 FROM ecommerce_transacciones WHERE invoice_no = '53...
                      ^

[2026-06-23T21:10:05.920+0000] {etl_ecommerce_dag.py:301} WARNING - ⚠️ Error en registro 536500/21755: relation "ecommerce_transacciones" does not exist
LINE 1: SELECT 1 FROM ecommerce_transacciones WHERE invoice_no = '53...
                      ^

[2026-06-23T21:10:06.548+0000] {etl_ecommerce_dag.py:301} WARNING - ⚠️ Error en registro 536500/21754: relation "ecommerce_transacciones" does not exist
LINE 1: SELECT 1 FROM ecommerce_transacciones WHERE invoice_no = '53...
                      ^

[2026-06-23T21:10:07.275+0000] {etl_ecommerce_dag.py:301} WARNING - ⚠️ Error en registro 536502/84879: relation "ecommerce_transacciones" does not exist
LINE 1: SELECT 1 FROM ecommerce_transacciones WHERE invoice_no = '53...
                      ^

[2026-06-23T21:10:08.021+0000] {etl_ecommerce_dag.py:301} WARNING - ⚠️ Error en registro 536502/22784: relation "ecommerce_transacciones" does not exist
LINE 1: SELECT 1 FROM ecommerce_transacciones WHERE invoice_no = '53...
                      ^

[2026-06-23T21:10:08.804+0000] {etl_ecommerce_dag.py:301} WARNING - ⚠️ Error en registro 536502/21441: relation "ecommerce_transacciones" does not exist
LINE 1: SELECT 1 FROM ecommerce_transacciones WHERE invoice_no = '53...
                      ^

[2026-06-23T21:10:09.650+0000] {etl_ecommerce_dag.py:301} WARNING - ⚠️ Error en registro 536502/85123A: relation "ecommerce_transacciones" does not exist
LINE 1: SELECT 1 FROM ecommerce_transacciones WHERE invoice_no = '53...
                      ^

[2026-06-23T21:10:10.377+0000] {etl_ecommerce_dag.py:301} WARNING - ⚠️ Error en registro 536502/22423: relation "ecommerce_transacciones" does not exist
LINE 1: SELECT 1 FROM ecommerce_transacciones WHERE invoice_no = '53...
                      ^

[2026-06-23T21:10:11.071+0000] {etl_ecommerce_dag.py:301} WARNING - ⚠️ Error en registro 536508/84947: relation "ecommerce_transacciones" does not exist
LINE 1: SELECT 1 FROM ecommerce_transacciones WHERE invoice_no = '53...
                      ^

[2026-06-23T21:10:11.726+0000] {etl_ecommerce_dag.py:301} WARNING - ⚠️ Error en registro 536508/21326: relation "ecommerce_transacciones" does not exist
LINE 1: SELECT 1 FROM ecommerce_transacciones WHERE invoice_no = '53...
                      ^

[2026-06-23T21:10:12.461+0000] {etl_ecommerce_dag.py:301} WARNING - ⚠️ Error en registro 536514/22865: relation "ecommerce_transacciones" does not exist
LINE 1: SELECT 1 FROM ecommerce_transacciones WHERE invoice_no = '53...
                      ^

[2026-06-23T21:10:13.133+0000] {etl_ecommerce_dag.py:301} WARNING - ⚠️ Error en registro 536514/22485: relation "ecommerce_transacciones" does not exist
LINE 1: SELECT 1 FROM ecommerce_transacciones WHERE invoice_no = '53...
                      ^

[2026-06-23T21:10:13.903+0000] {etl_ecommerce_dag.py:301} WARNING - ⚠️ Error en registro 536514/22807: relation "ecommerce_transacciones" does not exist
LINE 1: SELECT 1 FROM ecommerce_transacciones WHERE invoice_no = '53...
                      ^

[2026-06-23T21:10:14.652+0000] {etl_ecommerce_dag.py:301} WARNING - ⚠️ Error en registro 536514/22633: relation "ecommerce_transacciones" does not exist
LINE 1: SELECT 1 FROM ecommerce_transacciones WHERE invoice_no = '53...
                      ^

[2026-06-23T21:10:15.370+0000] {etl_ecommerce_dag.py:301} WARNING - ⚠️ Error en registro 536514/22866: relation "ecommerce_transacciones" does not exist
LINE 1: SELECT 1 FROM ecommerce_transacciones WHERE invoice_no = '53...
                      ^

[2026-06-23T21:10:16.023+0000] {etl_ecommerce_dag.py:301} WARNING - ⚠️ Error en registro 536520/21794: relation "ecommerce_transacciones" does not exist
LINE 1: SELECT 1 FROM ecommerce_transacciones WHERE invoice_no = '53...
                      ^

[2026-06-23T21:10:16.731+0000] {etl_ecommerce_dag.py:301} WARNING - ⚠️ Error en registro 536520/20707: relation "ecommerce_transacciones" does not exist
LINE 1: SELECT 1 FROM ecommerce_transacciones WHERE invoice_no = '53...
                      ^

[2026-06-23T21:10:17.442+0000] {etl_ecommerce_dag.py:301} WARNING - ⚠️ Error en registro 536520/21175: relation "ecommerce_transacciones" does not exist
LINE 1: SELECT 1 FROM ecommerce_transacciones WHERE invoice_no = '53...
                      ^

[2026-06-23T21:10:18.167+0000] {etl_ecommerce_dag.py:301} WARNING - ⚠️ Error en registro 536520/22926: relation "ecommerce_transacciones" does not exist
LINE 1: SELECT 1 FROM ecommerce_transacciones WHERE invoice_no = '53...
                      ^

[2026-06-23T21:10:18.918+0000] {etl_ecommerce_dag.py:301} WARNING - ⚠️ Error en registro 536520/22588: relation "ecommerce_transacciones" does not exist
LINE 1: SELECT 1 FROM ecommerce_transacciones WHERE invoice_no = '53...
                      ^

[2026-06-23T21:10:19.592+0000] {etl_ecommerce_dag.py:301} WARNING - ⚠️ Error en registro 536520/21292: relation "ecommerce_transacciones" does not exist
LINE 1: SELECT 1 FROM ecommerce_transacciones WHERE invoice_no = '53...
                      ^

[2026-06-23T21:10:20.343+0000] {etl_ecommerce_dag.py:301} WARNING - ⚠️ Error en registro 536520/21890: relation "ecommerce_transacciones" does not exist
LINE 1: SELECT 1 FROM ecommerce_transacciones WHERE invoice_no = '53...
                      ^

[2026-06-23T21:10:21.057+0000] {etl_ecommerce_dag.py:301} WARNING - ⚠️ Error en registro 536520/22632: relation "ecommerce_transacciones" does not exist
LINE 1: SELECT 1 FROM ecommerce_transacciones WHERE invoice_no = '53...
                      ^

[2026-06-23T21:10:21.766+0000] {etl_ecommerce_dag.py:301} WARNING - ⚠️ Error en registro 536520/22633: relation "ecommerce_transacciones" does not exist
LINE 1: SELECT 1 FROM ecommerce_transacciones WHERE invoice_no = '53...
                      ^

[2026-06-23T21:10:22.497+0000] {etl_ecommerce_dag.py:301} WARNING - ⚠️ Error en registro 536520/22670: relation "ecommerce_transacciones" does not exist
LINE 1: SELECT 1 FROM ecommerce_transacciones WHERE invoice_no = '53...
                      ^

[2026-06-23T21:10:23.267+0000] {etl_ecommerce_dag.py:301} WARNING - ⚠️ Error en registro 536520/21867: relation "ecommerce_transacciones" does not exist
LINE 1: SELECT 1 FROM ecommerce_transacciones WHERE invoice_no = '53...
                      ^

[2026-06-23T21:10:23.946+0000] {etl_ecommerce_dag.py:301} WARNING - ⚠️ Error en registro 536520/22760: relation "ecommerce_transacciones" does not exist
LINE 1: SELECT 1 FROM ecommerce_transacciones WHERE invoice_no = '53...
                      ^

[2026-06-23T21:10:24.647+0000] {etl_ecommerce_dag.py:301} WARNING - ⚠️ Error en registro 536520/22107: relation "ecommerce_transacciones" does not exist
LINE 1: SELECT 1 FROM ecommerce_transacciones WHERE invoice_no = '53...
                      ^

[2026-06-23T21:10:25.347+0000] {etl_ecommerce_dag.py:301} WARNING - ⚠️ Error en registro 536520/22470: relation "ecommerce_transacciones" does not exist
LINE 1: SELECT 1 FROM ecommerce_transacciones WHERE invoice_no = '53...
                      ^

[2026-06-23T21:10:26.057+0000] {etl_ecommerce_dag.py:301} WARNING - ⚠️ Error en registro 536520/21486: relation "ecommerce_transacciones" does not exist
LINE 1: SELECT 1 FROM ecommerce_transacciones WHERE invoice_no = '53...
                      ^

[2026-06-23T21:10:26.684+0000] {etl_ecommerce_dag.py:301} WARNING - ⚠️ Error en registro 536520/22151: relation "ecommerce_transacciones" does not exist
LINE 1: SELECT 1 FROM ecommerce_transacciones WHERE invoice_no = '53...
                      ^

[2026-06-23T21:10:27.381+0000] {etl_ecommerce_dag.py:301} WARNING - ⚠️ Error en registro 536520/22643: relation "ecommerce_transacciones" does not exist
LINE 1: SELECT 1 FROM ecommerce_transacciones WHERE invoice_no = '53...
                      ^

[2026-06-23T21:10:28.118+0000] {etl_ecommerce_dag.py:301} WARNING - ⚠️ Error en registro 536520/22642: relation "ecommerce_transacciones" does not exist
LINE 1: SELECT 1 FROM ecommerce_transacciones WHERE invoice_no = '53...
                      ^

[2026-06-23T21:10:28.889+0000] {etl_ecommerce_dag.py:301} WARNING - ⚠️ Error en registro 536520/22604: relation "ecommerce_transacciones" does not exist
LINE 1: SELECT 1 FROM ecommerce_transacciones WHERE invoice_no = '53...
                      ^

[2026-06-23T21:10:29.731+0000] {etl_ecommerce_dag.py:301} WARNING - ⚠️ Error en registro 536520/22099: relation "ecommerce_transacciones" does not exist
LINE 1: SELECT 1 FROM ecommerce_transacciones WHERE invoice_no = '53...
                      ^

[2026-06-23T21:10:30.421+0000] {etl_ecommerce_dag.py:301} WARNING - ⚠️ Error en registro 536520/22553: relation "ecommerce_transacciones" does not exist
LINE 1: SELECT 1 FROM ecommerce_transacciones WHERE invoice_no = '53...
                      ^

[2026-06-23T21:10:31.223+0000] {etl_ecommerce_dag.py:301} WARNING - ⚠️ Error en registro 536520/22551: relation "ecommerce_transacciones" does not exist
LINE 1: SELECT 1 FROM ecommerce_transacciones WHERE invoice_no = '53...
                      ^

[2026-06-23T21:10:31.939+0000] {etl_ecommerce_dag.py:301} WARNING - ⚠️ Error en registro 536520/22653: relation "ecommerce_transacciones" does not exist
LINE 1: SELECT 1 FROM ecommerce_transacciones WHERE invoice_no = '53...
                      ^

[2026-06-23T21:10:32.553+0000] {etl_ecommerce_dag.py:301} WARNING - ⚠️ Error en registro 536520/22557: relation "ecommerce_transacciones" does not exist
LINE 1: SELECT 1 FROM ecommerce_transacciones WHERE invoice_no = '53...
                      ^

[2026-06-23T21:10:33.267+0000] {etl_ecommerce_dag.py:301} WARNING - ⚠️ Error en registro 536520/22906: relation "ecommerce_transacciones" does not exist
LINE 1: SELECT 1 FROM ecommerce_transacciones WHERE invoice_no = '53...
                      ^

[2026-06-23T21:10:34.027+0000] {etl_ecommerce_dag.py:301} WARNING - ⚠️ Error en registro 536520/22754: relation "ecommerce_transacciones" does not exist
LINE 1: SELECT 1 FROM ecommerce_transacciones WHERE invoice_no = '53...
                      ^

[2026-06-23T21:10:34.791+0000] {etl_ecommerce_dag.py:301} WARNING - ⚠️ Error en registro 536520/22938: relation "ecommerce_transacciones" does not exist
LINE 1: SELECT 1 FROM ecommerce_transacciones WHERE invoice_no = '53...
                      ^

[2026-06-23T21:10:35.549+0000] {etl_ecommerce_dag.py:301} WARNING - ⚠️ Error en registro 536520/22812: relation "ecommerce_transacciones" does not exist
LINE 1: SELECT 1 FROM ecommerce_transacciones WHERE invoice_no = '53...
                      ^

[2026-06-23T21:12:36.521+0000] {etl_ecommerce_dag.py:301} WARNING - ⚠️ Error en registro 536526/22411: relation "ecommerce_transacciones" does not exist
LINE 1: SELECT 1 FROM ecommerce_transacciones WHERE invoice_no = '53...
                      ^

[2026-06-23T21:12:37.215+0000] {etl_ecommerce_dag.py:301} WARNING - ⚠️ Error en registro 536526/22113: relation "ecommerce_transacciones" does not exist
LINE 1: SELECT 1 FROM ecommerce_transacciones WHERE invoice_no = '53...
                      ^

[2026-06-23T21:12:37.982+0000] {etl_ecommerce_dag.py:301} WARNING - ⚠️ Error en registro 536527/22809: relation "ecommerce_transacciones" does not exist
LINE 1: SELECT 1 FROM ecommerce_transacciones WHERE invoice_no = '53...
                      ^

[2026-06-23T21:12:38.613+0000] {etl_ecommerce_dag.py:301} WARNING - ⚠️ Error en registro 536527/84347: relation "ecommerce_transacciones" does not exist
LINE 1: SELECT 1 FROM ecommerce_transacciones WHERE invoice_no = '53...
                      ^

[2026-06-23T21:12:39.367+0000] {etl_ecommerce_dag.py:301} WARNING - ⚠️ Error en registro 536527/84945: relation "ecommerce_transacciones" does not exist
LINE 1: SELECT 1 FROM ecommerce_transacciones WHERE invoice_no = '53...
                      ^

[2026-06-23T21:12:40.042+0000] {etl_ecommerce_dag.py:301} WARNING - ⚠️ Error en registro 536527/22242: relation "ecommerce_transacciones" does not exist
LINE 1: SELECT 1 FROM ecommerce_transacciones WHERE invoice_no = '53...
                      ^

[2026-06-23T21:12:40.750+0000] {etl_ecommerce_dag.py:301} WARNING - ⚠️ Error en registro 536527/22244: relation "ecommerce_transacciones" does not exist
LINE 1: SELECT 1 FROM ecommerce_transacciones WHERE invoice_no = '53...
                      ^

[2026-06-23T21:12:41.448+0000] {etl_ecommerce_dag.py:301} WARNING - ⚠️ Error en registro 536527/22243: relation "ecommerce_transacciones" does not exist
LINE 1: SELECT 1 FROM ecommerce_transacciones WHERE invoice_no = '53...
                      ^

[2026-06-23T21:12:42.206+0000] {etl_ecommerce_dag.py:301} WARNING - ⚠️ Error en registro 536527/47421: relation "ecommerce_transacciones" does not exist
LINE 1: SELECT 1 FROM ecommerce_transacciones WHERE invoice_no = '53...
                      ^

[2026-06-23T21:12:42.867+0000] {etl_ecommerce_dag.py:301} WARNING - ⚠️ Error en registro 536527/20712: relation "ecommerce_transacciones" does not exist
LINE 1: SELECT 1 FROM ecommerce_transacciones WHERE invoice_no = '53...
                      ^

[2026-06-23T21:12:43.488+0000] {etl_ecommerce_dag.py:301} WARNING - ⚠️ Error en registro 536527/20713: relation "ecommerce_transacciones" does not exist
LINE 1: SELECT 1 FROM ecommerce_transacciones WHERE invoice_no = '53...
                      ^

[2026-06-23T21:12:44.262+0000] {etl_ecommerce_dag.py:301} WARNING - ⚠️ Error en registro 536527/22837: relation "ecommerce_transacciones" does not exist
LINE 1: SELECT 1 FROM ecommerce_transacciones WHERE invoice_no = '53...
                      ^

[2026-06-23T21:12:45.029+0000] {etl_ecommerce_dag.py:301} WARNING - ⚠️ Error en registro 536527/22969: relation "ecommerce_transacciones" does not exist
LINE 1: SELECT 1 FROM ecommerce_transacciones WHERE invoice_no = '53...
                      ^

[2026-06-23T21:12:45.847+0000] {etl_ecommerce_dag.py:301} WARNING - ⚠️ Error en registro 536527/22973: relation "ecommerce_transacciones" does not exist
LINE 1: SELECT 1 FROM ecommerce_transacciones WHERE invoice_no = '53...
                      ^

[2026-06-23T21:12:46.615+0000] {etl_ecommerce_dag.py:301} WARNING - ⚠️ Error en registro 536527/84569B: relation "ecommerce_transacciones" does not exist
LINE 1: SELECT 1 FROM ecommerce_transacciones WHERE invoice_no = '53...
                      ^

[2026-06-23T21:12:47.351+0000] {etl_ecommerce_dag.py:301} WARNING - ⚠️ Error en registro 536527/22549: relation "ecommerce_transacciones" does not exist
LINE 1: SELECT 1 FROM ecommerce_transacciones WHERE invoice_no = '53...
                      ^

[2026-06-23T21:12:48.170+0000] {etl_ecommerce_dag.py:301} WARNING - ⚠️ Error en registro 536527/POST: relation "ecommerce_transacciones" does not exist
LINE 1: SELECT 1 FROM ecommerce_transacciones WHERE invoice_no = '53...
                      ^

[2026-06-23T21:12:48.886+0000] {etl_ecommerce_dag.py:301} WARNING - ⚠️ Error en registro 536528/22815: relation "ecommerce_transacciones" does not exist
LINE 1: SELECT 1 FROM ecommerce_transacciones WHERE invoice_no = '53...
                      ^

[2026-06-23T21:12:49.581+0000] {etl_ecommerce_dag.py:301} WARNING - ⚠️ Error en registro 536528/22865: relation "ecommerce_transacciones" does not exist
LINE 1: SELECT 1 FROM ecommerce_transacciones WHERE invoice_no = '53...
                      ^

[2026-06-23T21:12:50.301+0000] {etl_ecommerce_dag.py:301} WARNING - ⚠️ Error en registro 536528/22585: relation "ecommerce_transacciones" does not exist
LINE 1: SELECT 1 FROM ecommerce_transacciones WHERE invoice_no = '53...
                      ^

[2026-06-23T21:12:51.058+0000] {etl_ecommerce_dag.py:301} WARNING - ⚠️ Error en registro 536528/21587: relation "ecommerce_transacciones" does not exist
LINE 1: SELECT 1 FROM ecommerce_transacciones WHERE invoice_no = '53...
                      ^

[2026-06-23T21:12:51.834+0000] {etl_ecommerce_dag.py:301} WARNING - ⚠️ Error en registro 536528/84985A: relation "ecommerce_transacciones" does not exist
LINE 1: SELECT 1 FROM ecommerce_transacciones WHERE invoice_no = '53...
                      ^

[2026-06-23T21:12:52.599+0000] {etl_ecommerce_dag.py:301} WARNING - ⚠️ Error en registro 536528/85114B: relation "ecommerce_transacciones" does not exist
LINE 1: SELECT 1 FROM ecommerce_transacciones WHERE invoice_no = '53...
                      ^

[2026-06-23T21:12:53.213+0000] {etl_ecommerce_dag.py:301} WARNING - ⚠️ Error en registro 536528/22813: relation "ecommerce_transacciones" does not exist
LINE 1: SELECT 1 FROM ecommerce_transacciones WHERE invoice_no = '53...
                      ^

[2026-06-23T21:12:53.874+0000] {etl_ecommerce_dag.py:301} WARNING - ⚠️ Error en registro 536528/22128: relation "ecommerce_transacciones" does not exist
LINE 1: SELECT 1 FROM ecommerce_transacciones WHERE invoice_no = '53...
                      ^

[2026-06-23T21:12:54.593+0000] {etl_ecommerce_dag.py:301} WARNING - ⚠️ Error en registro 536528/22839: relation "ecommerce_transacciones" does not exist
LINE 1: SELECT 1 FROM ecommerce_transacciones WHERE invoice_no = '53...
                      ^

[2026-06-23T21:12:55.346+0000] {etl_ecommerce_dag.py:301} WARNING - ⚠️ Error en registro 536528/22584: relation "ecommerce_transacciones" does not exist
LINE 1: SELECT 1 FROM ecommerce_transacciones WHERE invoice_no = '53...
                      ^

[2026-06-23T21:12:56.056+0000] {etl_ecommerce_dag.py:301} WARNING - ⚠️ Error en registro 536528/22130: relation "ecommerce_transacciones" does not exist
LINE 1: SELECT 1 FROM ecommerce_transacciones WHERE invoice_no = '53...
                      ^

[2026-06-23T21:12:56.831+0000] {etl_ecommerce_dag.py:301} WARNING - ⚠️ Error en registro 536528/22938: relation "ecommerce_transacciones" does not exist
LINE 1: SELECT 1 FROM ecommerce_transacciones WHERE invoice_no = '53...
                      ^

[2026-06-23T21:12:57.439+0000] {etl_ecommerce_dag.py:301} WARNING - ⚠️ Error en registro 536528/22411: relation "ecommerce_transacciones" does not exist
LINE 1: SELECT 1 FROM ecommerce_transacciones WHERE invoice_no = '53...
                      ^

[2026-06-23T21:12:58.201+0000] {etl_ecommerce_dag.py:301} WARNING - ⚠️ Error en registro 536528/21731: relation "ecommerce_transacciones" does not exist
LINE 1: SELECT 1 FROM ecommerce_transacciones WHERE invoice_no = '53...
                      ^

[2026-06-23T21:12:58.935+0000] {etl_ecommerce_dag.py:301} WARNING - ⚠️ Error en registro 536528/22616: relation "ecommerce_transacciones" does not exist
LINE 1: SELECT 1 FROM ecommerce_transacciones WHERE invoice_no = '53...
                      ^

[2026-06-23T21:12:59.677+0000] {etl_ecommerce_dag.py:301} WARNING - ⚠️ Error en registro 536528/22454: relation "ecommerce_transacciones" does not exist
LINE 1: SELECT 1 FROM ecommerce_transacciones WHERE invoice_no = '53...
                      ^

[2026-06-23T21:13:00.358+0000] {etl_ecommerce_dag.py:301} WARNING - ⚠️ Error en registro 536528/21992: relation "ecommerce_transacciones" does not exist
LINE 1: SELECT 1 FROM ecommerce_transacciones WHERE invoice_no = '53...
                      ^

[2026-06-23T21:13:01.119+0000] {etl_ecommerce_dag.py:301} WARNING - ⚠️ Error en registro 536528/22326: relation "ecommerce_transacciones" does not exist
LINE 1: SELECT 1 FROM ecommerce_transacciones WHERE invoice_no = '53...
                      ^

[2026-06-23T21:13:01.896+0000] {etl_ecommerce_dag.py:301} WARNING - ⚠️ Error en registro 536528/22082: relation "ecommerce_transacciones" does not exist
LINE 1: SELECT 1 FROM ecommerce_transacciones WHERE invoice_no = '53...
                      ^

[2026-06-23T21:13:02.615+0000] {etl_ecommerce_dag.py:301} WARNING - ⚠️ Error en registro 536528/85049E: relation "ecommerce_transacciones" does not exist
LINE 1: SELECT 1 FROM ecommerce_transacciones WHERE invoice_no = '53...
                      ^

[2026-06-23T21:13:03.333+0000] {etl_ecommerce_dag.py:301} WARNING - ⚠️ Error en registro 536528/22077: relation "ecommerce_transacciones" does not exist
LINE 1: SELECT 1 FROM ecommerce_transacciones WHERE invoice_no = '53...
                      ^

[2026-06-23T21:13:04.071+0000] {etl_ecommerce_dag.py:301} WARNING - ⚠️ Error en registro 536528/85049A: relation "ecommerce_transacciones" does not exist
LINE 1: SELECT 1 FROM ecommerce_transacciones WHERE invoice_no = '53...
                      ^

[2026-06-23T21:13:04.817+0000] {etl_ecommerce_dag.py:301} WARNING - ⚠️ Error en registro 536528/22865: relation "ecommerce_transacciones" does not exist
LINE 1: SELECT 1 FROM ecommerce_transacciones WHERE invoice_no = '53...
                      ^

[2026-06-23T21:13:05.570+0000] {etl_ecommerce_dag.py:301} WARNING - ⚠️ Error en registro 536528/22867: relation "ecommerce_transacciones" does not exist
LINE 1: SELECT 1 FROM ecommerce_transacciones WHERE invoice_no = '53...
                      ^

[2026-06-23T21:13:06.222+0000] {etl_ecommerce_dag.py:301} WARNING - ⚠️ Error en registro 536528/22910: relation "ecommerce_transacciones" does not exist
LINE 1: SELECT 1 FROM ecommerce_transacciones WHERE invoice_no = '53...
                      ^

[2026-06-23T21:13:06.877+0000] {etl_ecommerce_dag.py:301} WARNING - ⚠️ Error en registro 536528/22963: relation "ecommerce_transacciones" does not exist
LINE 1: SELECT 1 FROM ecommerce_transacciones WHERE invoice_no = '53...
                      ^

[2026-06-23T21:13:07.546+0000] {etl_ecommerce_dag.py:301} WARNING - ⚠️ Error en registro 536528/22960: relation "ecommerce_transacciones" does not exist
LINE 1: SELECT 1 FROM ecommerce_transacciones WHERE invoice_no = '53...
                      ^

[2026-06-23T21:13:08.274+0000] {etl_ecommerce_dag.py:301} WARNING - ⚠️ Error en registro 536528/85114C: relation "ecommerce_transacciones" does not exist
LINE 1: SELECT 1 FROM ecommerce_transacciones WHERE invoice_no = '53...
                      ^

[2026-06-23T21:13:09.038+0000] {etl_ecommerce_dag.py:301} WARNING - ⚠️ Error en registro 536528/22974: relation "ecommerce_transacciones" does not exist
LINE 1: SELECT 1 FROM ecommerce_transacciones WHERE invoice_no = '53...
                      ^

[2026-06-23T21:13:09.733+0000] {etl_ecommerce_dag.py:301} WARNING - ⚠️ Error en registro 536528/22423: relation "ecommerce_transacciones" does not exist
LINE 1: SELECT 1 FROM ecommerce_transacciones WHERE invoice_no = '53...
                      ^

[2026-06-23T21:13:10.448+0000] {etl_ecommerce_dag.py:301} WARNING - ⚠️ Error en registro 536528/21452: relation "ecommerce_transacciones" does not exist
LINE 1: SELECT 1 FROM ecommerce_transacciones WHERE invoice_no = '53...
                      ^

[2026-06-23T21:13:11.144+0000] {etl_ecommerce_dag.py:301} WARNING - ⚠️ Error en registro 536528/22938: relation "ecommerce_transacciones" does not exist
LINE 1: SELECT 1 FROM ecommerce_transacciones WHERE invoice_no = '53...
                      ^

[2026-06-23T21:13:11.903+0000] {etl_ecommerce_dag.py:301} WARNING - ⚠️ Error en registro 536528/22812: relation "ecommerce_transacciones" does not exist
LINE 1: SELECT 1 FROM ecommerce_transacciones WHERE invoice_no = '53...
                      ^

[2026-06-23T21:13:12.624+0000] {etl_ecommerce_dag.py:301} WARNING - ⚠️ Error en registro 536528/22744: relation "ecommerce_transacciones" does not exist
LINE 1: SELECT 1 FROM ecommerce_transacciones WHERE invoice_no = '53...
                      ^

[2026-06-23T21:13:13.357+0000] {etl_ecommerce_dag.py:301} WARNING - ⚠️ Error en registro 536528/22743: relation "ecommerce_transacciones" does not exist
LINE 1: SELECT 1 FROM ecommerce_transacciones WHERE invoice_no = '53...
                      ^

[2026-06-23T21:13:14.094+0000] {etl_ecommerce_dag.py:301} WARNING - ⚠️ Error en registro 536528/22911: relation "ecommerce_transacciones" does not exist
LINE 1: SELECT 1 FROM ecommerce_transacciones WHERE invoice_no = '53...
                      ^

[2026-06-23T21:13:14.854+0000] {etl_ecommerce_dag.py:301} WARNING - ⚠️ Error en registro 536528/22585: relation "ecommerce_transacciones" does not exist
LINE 1: SELECT 1 FROM ecommerce_transacciones WHERE invoice_no = '53...
                      ^

[2026-06-23T21:13:15.673+0000] {etl_ecommerce_dag.py:301} WARNING - ⚠️ Error en registro 536528/22900: relation "ecommerce_transacciones" does not exist
LINE 1: SELECT 1 FROM ecommerce_transacciones WHERE invoice_no = '53...
                      ^

[2026-06-23T21:13:16.471+0000] {etl_ecommerce_dag.py:301} WARNING - ⚠️ Error en registro 536528/22961: relation "ecommerce_transacciones" does not exist
LINE 1: SELECT 1 FROM ecommerce_transacciones WHERE invoice_no = '53...
                      ^

[2026-06-23T21:13:17.312+0000] {etl_ecommerce_dag.py:301} WARNING - ⚠️ Error en registro 536528/22454: relation "ecommerce_transacciones" does not exist
LINE 1: SELECT 1 FROM ecommerce_transacciones WHERE invoice_no = '53...
                      ^

[2026-06-23T22:15:28.324+0000] {etl_ecommerce_dag.py:301} WARNING - ⚠️ Error en registro 537042/21011: connection to server at "aws-1-us-east-2.pooler.supabase.com" (13.58.13.125), port 5432 failed: FATAL:  (EMAXCONNSESSION) max clients reached in session mode - max clients are limited to pool_size: 15

[2026-06-23T22:15:33.705+0000] {etl_ecommerce_dag.py:301} WARNING - ⚠️ Error en registro 537042/21192: connection to server at "aws-1-us-east-2.pooler.supabase.com" (3.131.201.192), port 5432 failed: FATAL:  (EMAXCONNSESSION) max clients reached in session mode - max clients are limited to pool_size: 15

[2026-06-23T22:15:37.858+0000] {etl_ecommerce_dag.py:301} WARNING - ⚠️ Error en registro 537044/85034B: connection to server at "aws-1-us-east-2.pooler.supabase.com" (3.131.201.192), port 5432 failed: FATAL:  (EMAXCONNSESSION) max clients reached in session mode - max clients are limited to pool_size: 15

[2026-06-23T22:16:11.858+0000] {etl_ecommerce_dag.py:301} WARNING - ⚠️ Error en registro 537045/21907: connection to server at "aws-1-us-east-2.pooler.supabase.com" (3.148.140.216), port 5432 failed: FATAL:  (EMAXCONNSESSION) max clients reached in session mode - max clients are limited to pool_size: 15

[2026-06-23T22:16:51.003+0000] {etl_ecommerce_dag.py:301} WARNING - ⚠️ Error en registro 537047/22630: connection to server at "aws-1-us-east-2.pooler.supabase.com" (13.58.13.125), port 5432 failed: FATAL:  (EMAXCONNSESSION) max clients reached in session mode - max clients are limited to pool_size: 15

[2026-06-23T22:17:05.031+0000] {etl_ecommerce_dag.py:301} WARNING - ⚠️ Error en registro 537047/21892: connection to server at "aws-1-us-east-2.pooler.supabase.com" (13.58.13.125), port 5432 failed: FATAL:  (EMAXCONNSESSION) max clients reached in session mode - max clients are limited to pool_size: 15

[2026-06-23T22:17:08.381+0000] {etl_ecommerce_dag.py:301} WARNING - ⚠️ Error en registro 537047/22082: connection to server at "aws-1-us-east-2.pooler.supabase.com" (13.58.13.125), port 5432 failed: FATAL:  (EMAXCONNSESSION) max clients reached in session mode - max clients are limited to pool_size: 15

[2026-06-23T22:17:24.220+0000] {etl_ecommerce_dag.py:301} WARNING - ⚠️ Error en registro 537049/22632: connection to server at "aws-1-us-east-2.pooler.supabase.com" (3.131.201.192), port 5432 failed: FATAL:  (EMAXCONNSESSION) max clients reached in session mode - max clients are limited to pool_size: 15

[2026-06-23T22:17:40.537+0000] {etl_ecommerce_dag.py:301} WARNING - ⚠️ Error en registro 537050/84077: connection to server at "aws-1-us-east-2.pooler.supabase.com" (3.131.201.192), port 5432 failed: FATAL:  (EMAXCONNSESSION) max clients reached in session mode - max clients are limited to pool_size: 15

[2026-06-23T22:17:49.450+0000] {etl_ecommerce_dag.py:301} WARNING - ⚠️ Error en registro 537050/21481: connection to server at "aws-1-us-east-2.pooler.supabase.com" (3.131.201.192), port 5432 failed: FATAL:  (EMAXCONNSESSION) max clients reached in session mode - max clients are limited to pool_size: 15

[2026-06-23T22:17:52.869+0000] {etl_ecommerce_dag.py:301} WARNING - ⚠️ Error en registro 537050/22865: connection to server at "aws-1-us-east-2.pooler.supabase.com" (3.131.201.192), port 5432 failed: FATAL:  (EMAXCONNSESSION) max clients reached in session mode - max clients are limited to pool_size: 15

[2026-06-23T22:18:02.246+0000] {etl_ecommerce_dag.py:301} WARNING - ⚠️ Error en registro 537050/22440: connection to server at "aws-1-us-east-2.pooler.supabase.com" (13.58.13.125), port 5432 failed: FATAL:  (EMAXCONNSESSION) max clients reached in session mode - max clients are limited to pool_size: 15

[2026-06-23T22:18:06.593+0000] {etl_ecommerce_dag.py:301} WARNING - ⚠️ Error en registro 537050/22837: connection to server at "aws-1-us-east-2.pooler.supabase.com" (3.131.201.192), port 5432 failed: FATAL:  (EMAXCONNSESSION) max clients reached in session mode - max clients are limited to pool_size: 15

[2026-06-23T22:18:33.695+0000] {etl_ecommerce_dag.py:301} WARNING - ⚠️ Error en registro 537051/22725: connection to server at "aws-1-us-east-2.pooler.supabase.com" (13.58.13.125), port 5432 failed: FATAL:  (EMAXCONNSESSION) max clients reached in session mode - max clients are limited to pool_size: 15

[2026-06-23T22:18:40.734+0000] {etl_ecommerce_dag.py:301} WARNING - ⚠️ Error en registro 537051/85064: connection to server at "aws-1-us-east-2.pooler.supabase.com" (3.148.140.216), port 5432 failed: FATAL:  (EMAXCONNSESSION) max clients reached in session mode - max clients are limited to pool_size: 15

[2026-06-23T22:18:46.800+0000] {etl_ecommerce_dag.py:301} WARNING - ⚠️ Error en registro 537052/84946: connection to server at "aws-1-us-east-2.pooler.supabase.com" (3.148.140.216), port 5432 failed: FATAL:  (EMAXCONNSESSION) max clients reached in session mode - max clients are limited to pool_size: 15

[2026-06-23T22:18:51.032+0000] {etl_ecommerce_dag.py:301} WARNING - ⚠️ Error en registro 537053/84347: connection to server at "aws-1-us-east-2.pooler.supabase.com" (13.58.13.125), port 5432 failed: FATAL:  (EMAXCONNSESSION) max clients reached in session mode - max clients are limited to pool_size: 15

[2026-06-23T22:19:04.982+0000] {etl_ecommerce_dag.py:301} WARNING - ⚠️ Error en registro 537054/22144: connection to server at "aws-1-us-east-2.pooler.supabase.com" (13.58.13.125), port 5432 failed: FATAL:  (EMAXCONNSESSION) max clients reached in session mode - max clients are limited to pool_size: 15

[2026-06-23T22:19:10.279+0000] {etl_ecommerce_dag.py:301} WARNING - ⚠️ Error en registro 537054/85038: connection to server at "aws-1-us-east-2.pooler.supabase.com" (13.58.13.125), port 5432 failed: FATAL:  (EMAXCONNSESSION) max clients reached in session mode - max clients are limited to pool_size: 15

[2026-06-23T22:19:12.781+0000] {etl_ecommerce_dag.py:301} WARNING - ⚠️ Error en registro 537054/20970: connection to server at "aws-1-us-east-2.pooler.supabase.com" (3.148.140.216), port 5432 failed: FATAL:  (EMAXCONNSESSION) max clients reached in session mode - max clients are limited to pool_size: 15

[2026-06-23T22:19:17.045+0000] {etl_ecommerce_dag.py:301} WARNING - ⚠️ Error en registro 537054/22566: connection to server at "aws-1-us-east-2.pooler.supabase.com" (3.131.201.192), port 5432 failed: FATAL:  (EMAXCONNSESSION) max clients reached in session mode - max clients are limited to pool_size: 15

[2026-06-23T22:19:29.293+0000] {etl_ecommerce_dag.py:301} WARNING - ⚠️ Error en registro 537055/22294: connection to server at "aws-1-us-east-2.pooler.supabase.com" (3.131.201.192), port 5432 failed: FATAL:  (EMAXCONNSESSION) max clients reached in session mode - max clients are limited to pool_size: 15

[2026-06-23T22:19:51.287+0000] {etl_ecommerce_dag.py:301} WARNING - ⚠️ Error en registro 537057/22383: connection to server at "aws-1-us-east-2.pooler.supabase.com" (3.148.140.216), port 5432 failed: FATAL:  (EMAXCONNSESSION) max clients reached in session mode - max clients are limited to pool_size: 15

[2026-06-23T22:19:58.220+0000] {etl_ecommerce_dag.py:301} WARNING - ⚠️ Error en registro 537057/22457: connection to server at "aws-1-us-east-2.pooler.supabase.com" (3.148.140.216), port 5432 failed: FATAL:  (EMAXCONNSESSION) max clients reached in session mode - max clients are limited to pool_size: 15

[2026-06-23T22:20:01.591+0000] {etl_ecommerce_dag.py:301} WARNING - ⚠️ Error en registro 537057/22474: connection to server at "aws-1-us-east-2.pooler.supabase.com" (3.148.140.216), port 5432 failed: FATAL:  (EMAXCONNSESSION) max clients reached in session mode - max clients are limited to pool_size: 15

[2026-06-23T22:20:34.321+0000] {etl_ecommerce_dag.py:301} WARNING - ⚠️ Error en registro 537058/22966: connection to server at "aws-1-us-east-2.pooler.supabase.com" (3.131.201.192), port 5432 failed: FATAL:  (EMAXCONNSESSION) max clients reached in session mode - max clients are limited to pool_size: 15

[2026-06-23T22:20:47.181+0000] {etl_ecommerce_dag.py:301} WARNING - ⚠️ Error en registro 537059/22754: connection to server at "aws-1-us-east-2.pooler.supabase.com" (3.131.201.192), port 5432 failed: FATAL:  (EMAXCONNSESSION) max clients reached in session mode - max clients are limited to pool_size: 15

[2026-06-23T22:20:49.765+0000] {etl_ecommerce_dag.py:301} WARNING - ⚠️ Error en registro 537059/22752: connection to server at "aws-1-us-east-2.pooler.supabase.com" (3.131.201.192), port 5432 failed: FATAL:  (EMAXCONNSESSION) max clients reached in session mode - max clients are limited to pool_size: 15

[2026-06-23T22:21:24.249+0000] {etl_ecommerce_dag.py:301} WARNING - ⚠️ Error en registro 537065/22352: connection to server at "aws-1-us-east-2.pooler.supabase.com" (13.58.13.125), port 5432 failed: FATAL:  (EMAXCONNSESSION) max clients reached in session mode - max clients are limited to pool_size: 15

[2026-06-23T22:21:34.376+0000] {etl_ecommerce_dag.py:301} WARNING - ⚠️ Error en registro 537065/22636: connection to server at "aws-1-us-east-2.pooler.supabase.com" (3.131.201.192), port 5432 failed: FATAL:  (EMAXCONNSESSION) max clients reached in session mode - max clients are limited to pool_size: 15

[2026-06-23T22:21:36.744+0000] {etl_ecommerce_dag.py:301} WARNING - ⚠️ Error en registro 537065/21981: connection to server at "aws-1-us-east-2.pooler.supabase.com" (13.58.13.125), port 5432 failed: FATAL:  (EMAXCONNSESSION) max clients reached in session mode - max clients are limited to pool_size: 15

[2026-06-23T22:21:39.233+0000] {etl_ecommerce_dag.py:301} WARNING - ⚠️ Error en registro 537065/22615: connection to server at "aws-1-us-east-2.pooler.supabase.com" (13.58.13.125), port 5432 failed: FATAL:  (EMAXCONNSESSION) max clients reached in session mode - max clients are limited to pool_size: 15

[2026-06-23T22:21:40.631+0000] {etl_ecommerce_dag.py:301} WARNING - ⚠️ Error en registro 537065/84870C: connection to server at "aws-1-us-east-2.pooler.supabase.com" (3.148.140.216), port 5432 failed: FATAL:  (EMAXCONNSESSION) max clients reached in session mode - max clients are limited to pool_size: 15

[2026-06-23T22:21:42.231+0000] {etl_ecommerce_dag.py:301} WARNING - ⚠️ Error en registro 537065/22551: connection to server at "aws-1-us-east-2.pooler.supabase.com" (3.148.140.216), port 5432 failed: FATAL:  (EMAXCONNSESSION) max clients reached in session mode - max clients are limited to pool_size: 15

[2026-06-23T22:21:49.090+0000] {etl_ecommerce_dag.py:301} WARNING - ⚠️ Error en registro 537065/22483: connection to server at "aws-1-us-east-2.pooler.supabase.com" (3.148.140.216), port 5432 failed: FATAL:  (EMAXCONNSESSION) max clients reached in session mode - max clients are limited to pool_size: 15

[2026-06-23T22:21:55.022+0000] {etl_ecommerce_dag.py:301} WARNING - ⚠️ Error en registro 537067/22654: connection to server at "aws-1-us-east-2.pooler.supabase.com" (13.58.13.125), port 5432 failed: FATAL:  (EMAXCONNSESSION) max clients reached in session mode - max clients are limited to pool_size: 15

[2026-06-23T22:22:06.173+0000] {etl_ecommerce_dag.py:301} WARNING - ⚠️ Error en registro 537077/22795: connection to server at "aws-1-us-east-2.pooler.supabase.com" (3.148.140.216), port 5432 failed: FATAL:  (EMAXCONNSESSION) max clients reached in session mode - max clients are limited to pool_size: 15

[2026-06-23T22:22:16.933+0000] {etl_ecommerce_dag.py:301} WARNING - ⚠️ Error en registro 537077/84993B: connection to server at "aws-1-us-east-2.pooler.supabase.com" (13.58.13.125), port 5432 failed: FATAL:  (EMAXCONNSESSION) max clients reached in session mode - max clients are limited to pool_size: 15

[2026-06-23T22:22:28.592+0000] {etl_ecommerce_dag.py:301} WARNING - ⚠️ Error en registro 537081/20682: connection to server at "aws-1-us-east-2.pooler.supabase.com" (13.58.13.125), port 5432 failed: FATAL:  (EMAXCONNSESSION) max clients reached in session mode - max clients are limited to pool_size: 15

[2026-06-23T22:22:43.027+0000] {etl_ecommerce_dag.py:301} WARNING - ⚠️ Error en registro 537081/22750: connection to server at "aws-1-us-east-2.pooler.supabase.com" (13.58.13.125), port 5432 failed: FATAL:  (EMAXCONNSESSION) max clients reached in session mode - max clients are limited to pool_size: 15

[2026-06-23T22:22:47.320+0000] {etl_ecommerce_dag.py:301} WARNING - ⚠️ Error en registro 537086/22569: connection to server at "aws-1-us-east-2.pooler.supabase.com" (13.58.13.125), port 5432 failed: FATAL:  (EMAXCONNSESSION) max clients reached in session mode - max clients are limited to pool_size: 15

[2026-06-23T22:22:53.168+0000] {etl_ecommerce_dag.py:301} WARNING - ⚠️ Error en registro 537111/22974: connection to server at "aws-1-us-east-2.pooler.supabase.com" (13.58.13.125), port 5432 failed: FATAL:  (EMAXCONNSESSION) max clients reached in session mode - max clients are limited to pool_size: 15

[2026-06-23T22:23:18.888+0000] {local_task_job_runner.py:346} WARNING - State of this instance has been externally set to None. Terminating instance.
[2026-06-23T22:23:19.006+0000] {local_task_job_runner.py:245} INFO - ::endgroup::
[2026-06-23T22:23:19.018+0000] {process_utils.py:132} INFO - Sending 15 to group 221. PIDs of all processes in the group: [221]
[2026-06-23T22:23:19.023+0000] {process_utils.py:87} INFO - Sending the signal 15 to group 221
[2026-06-23T22:23:19.194+0000] {taskinstance.py:3094} ERROR - Received SIGTERM. Terminating subprocesses.
[2026-06-23T22:23:19.277+0000] {taskinstance.py:3095} ERROR - Stacktrace: 
  File "/home/***/.local/bin/***", line 8, in <module>
    sys.exit(main())
  File "/home/***/.local/lib/python3.12/site-packages/***/__main__.py", line 62, in main
    args.func(args)
  File "/home/***/.local/lib/python3.12/site-packages/***/cli/cli_config.py", line 49, in command
    return func(*args, **kwargs)
  File "/home/***/.local/lib/python3.12/site-packages/***/utils/cli.py", line 116, in wrapper
    return f(*args, **kwargs)
  File "/home/***/.local/lib/python3.12/site-packages/***/utils/providers_configuration_loader.py", line 55, in wrapped_function
    return func(*args, **kwargs)
  File "/home/***/.local/lib/python3.12/site-packages/***/cli/commands/scheduler_command.py", line 56, in scheduler
    run_command_with_daemon_option(
  File "/home/***/.local/lib/python3.12/site-packages/***/cli/commands/daemon_utils.py", line 86, in run_command_with_daemon_option
    callback()
  File "/home/***/.local/lib/python3.12/site-packages/***/cli/commands/scheduler_command.py", line 59, in <lambda>
    callback=lambda: _run_scheduler_job(args),
  File "/home/***/.local/lib/python3.12/site-packages/***/cli/commands/scheduler_command.py", line 47, in _run_scheduler_job
    run_job(job=job_runner.job, execute_callable=job_runner._execute)
  File "/home/***/.local/lib/python3.12/site-packages/***/utils/session.py", line 97, in wrapper
    return func(*args, session=session, **kwargs)
  File "/home/***/.local/lib/python3.12/site-packages/***/jobs/job.py", line 421, in run_job
    return execute_job(job, execute_callable=execute_callable)
  File "/home/***/.local/lib/python3.12/site-packages/***/jobs/job.py", line 450, in execute_job
    ret = execute_callable()
  File "/home/***/.local/lib/python3.12/site-packages/***/jobs/scheduler_job_runner.py", line 990, in _execute
    executor.start()
  File "/home/***/.local/lib/python3.12/site-packages/***/executors/local_executor.py", line 392, in start
    self.impl.start()
  File "/home/***/.local/lib/python3.12/site-packages/***/executors/local_executor.py", line 330, in start
    worker.start()
  File "/usr/local/lib/python3.12/multiprocessing/process.py", line 121, in start
    self._popen = self._Popen(self)
  File "/usr/local/lib/python3.12/multiprocessing/context.py", line 224, in _Popen
    return _default_context.get_context().Process._Popen(process_obj)
  File "/usr/local/lib/python3.12/multiprocessing/context.py", line 282, in _Popen
    return Popen(process_obj)
  File "/usr/local/lib/python3.12/multiprocessing/popen_fork.py", line 19, in __init__
    self._launch(process_obj)
  File "/usr/local/lib/python3.12/multiprocessing/popen_fork.py", line 71, in _launch
    code = process_obj._bootstrap(parent_sentinel=child_r)
  File "/usr/local/lib/python3.12/multiprocessing/process.py", line 314, in _bootstrap
    self.run()
  File "/home/***/.local/lib/python3.12/site-packages/***/executors/local_executor.py", line 80, in run
    return super().run()
  File "/usr/local/lib/python3.12/multiprocessing/process.py", line 108, in run
    self._target(*self._args, **self._kwargs)
  File "/home/***/.local/lib/python3.12/site-packages/***/traces/tracer.py", line 58, in wrapper
    return func(*args, **kwargs)
  File "/home/***/.local/lib/python3.12/site-packages/***/executors/local_executor.py", line 211, in do_work
    self.execute_work(key=key, command=command)
  File "/home/***/.local/lib/python3.12/site-packages/***/traces/tracer.py", line 58, in wrapper
    return func(*args, **kwargs)
  File "/home/***/.local/lib/python3.12/site-packages/***/executors/local_executor.py", line 100, in execute_work
    state = self._execute_work_in_fork(command)
  File "/home/***/.local/lib/python3.12/site-packages/***/traces/tracer.py", line 58, in wrapper
    return func(*args, **kwargs)
  File "/home/***/.local/lib/python3.12/site-packages/***/executors/local_executor.py", line 142, in _execute_work_in_fork
    args.func(args)
  File "/home/***/.local/lib/python3.12/site-packages/***/cli/cli_config.py", line 49, in command
    return func(*args, **kwargs)
  File "/home/***/.local/lib/python3.12/site-packages/***/utils/cli.py", line 116, in wrapper
    return f(*args, **kwargs)
  File "/home/***/.local/lib/python3.12/site-packages/***/cli/commands/task_command.py", line 483, in task_run
    task_return_code = _run_task_by_selected_method(args, _dag, ti)
  File "/home/***/.local/lib/python3.12/site-packages/***/cli/commands/task_command.py", line 254, in _run_task_by_selected_method
    return _run_task_by_local_task_job(args, ti)
  File "/home/***/.local/lib/python3.12/site-packages/***/cli/commands/task_command.py", line 322, in _run_task_by_local_task_job
    ret = run_job(job=job_runner.job, execute_callable=job_runner._execute)
  File "/home/***/.local/lib/python3.12/site-packages/***/utils/session.py", line 97, in wrapper
    return func(*args, session=session, **kwargs)
  File "/home/***/.local/lib/python3.12/site-packages/***/jobs/job.py", line 421, in run_job
    return execute_job(job, execute_callable=execute_callable)
  File "/home/***/.local/lib/python3.12/site-packages/***/jobs/job.py", line 450, in execute_job
    ret = execute_callable()
  File "/home/***/.local/lib/python3.12/site-packages/***/jobs/local_task_job_runner.py", line 171, in _execute
    self.task_runner.start()
  File "/home/***/.local/lib/python3.12/site-packages/***/task/task_runner/standard_task_runner.py", line 55, in start
    self.process = self._start_by_fork()
  File "/home/***/.local/lib/python3.12/site-packages/***/task/task_runner/standard_task_runner.py", line 117, in _start_by_fork
    ret = args.func(args, dag=self.dag)
  File "/home/***/.local/lib/python3.12/site-packages/***/cli/cli_config.py", line 49, in command
    return func(*args, **kwargs)
  File "/home/***/.local/lib/python3.12/site-packages/***/utils/cli.py", line 116, in wrapper
    return f(*args, **kwargs)
  File "/home/***/.local/lib/python3.12/site-packages/***/cli/commands/task_command.py", line 483, in task_run
    task_return_code = _run_task_by_selected_method(args, _dag, ti)
  File "/home/***/.local/lib/python3.12/site-packages/***/cli/commands/task_command.py", line 256, in _run_task_by_selected_method
    return _run_raw_task(args, ti)
  File "/home/***/.local/lib/python3.12/site-packages/***/cli/commands/task_command.py", line 341, in _run_raw_task
    return ti._run_raw_task(
  File "/home/***/.local/lib/python3.12/site-packages/***/utils/session.py", line 97, in wrapper
    return func(*args, session=session, **kwargs)
  File "/home/***/.local/lib/python3.12/site-packages/***/models/taskinstance.py", line 3006, in _run_raw_task
    return _run_raw_task(
  File "/home/***/.local/lib/python3.12/site-packages/***/models/taskinstance.py", line 274, in _run_raw_task
    TaskInstance._execute_task_with_callbacks(
  File "/home/***/.local/lib/python3.12/site-packages/***/models/taskinstance.py", line 3161, in _execute_task_with_callbacks
    result = self._execute_task(context, task_orig)
  File "/home/***/.local/lib/python3.12/site-packages/***/models/taskinstance.py", line 3185, in _execute_task
    return _execute_task(self, context, task_orig)
  File "/home/***/.local/lib/python3.12/site-packages/***/models/taskinstance.py", line 768, in _execute_task
    result = _execute_callable(context=context, **execute_callable_kwargs)
  File "/home/***/.local/lib/python3.12/site-packages/***/models/taskinstance.py", line 734, in _execute_callable
    return ExecutionCallableRunner(
  File "/home/***/.local/lib/python3.12/site-packages/***/utils/operator_helpers.py", line 252, in run
    return self.func(*args, **kwargs)
  File "/home/***/.local/lib/python3.12/site-packages/***/models/baseoperator.py", line 424, in wrapper
    return func(self, *args, **kwargs)
  File "/home/***/.local/lib/python3.12/site-packages/***/operators/python.py", line 238, in execute
    return_value = self.execute_callable()
  File "/home/***/.local/lib/python3.12/site-packages/***/operators/python.py", line 256, in execute_callable
    return runner.run(*self.op_args, **self.op_kwargs)
  File "/home/***/.local/lib/python3.12/site-packages/***/utils/operator_helpers.py", line 252, in run
    return self.func(*args, **kwargs)
  File "/opt/***/dags/etl_ecommerce_dag.py", line 263, in load
  File "/home/***/.local/lib/python3.12/site-packages/***/providers/postgres/hooks/postgres.py", line 165, in get_conn
    self.conn = psycopg2.connect(**conn_args)
  File "/home/***/.local/lib/python3.12/site-packages/psycopg2/__init__.py", line 122, in connect
    conn = _connect(dsn, connection_factory=connection_factory, **kwasync)
  File "/home/***/.local/lib/python3.12/site-packages/***/models/taskinstance.py", line 3095, in signal_handler
    self.log.error("Stacktrace: \n%s", "".join(traceback.format_stack()))

[2026-06-23T22:23:19.699+0000] {taskinstance.py:3313} ERROR - Task failed with exception
Traceback (most recent call last):
  File "/home/airflow/.local/lib/python3.12/site-packages/airflow/models/taskinstance.py", line 768, in _execute_task
    result = _execute_callable(context=context, **execute_callable_kwargs)
             ^^^^^^^^^^^^^^^^^^^^^^^^^^^^^^^^^^^^^^^^^^^^^^^^^^^^^^^^^^^^^
  File "/home/airflow/.local/lib/python3.12/site-packages/airflow/models/taskinstance.py", line 734, in _execute_callable
    return ExecutionCallableRunner(
           ^^^^^^^^^^^^^^^^^^^^^^^^
  File "/home/airflow/.local/lib/python3.12/site-packages/airflow/utils/operator_helpers.py", line 252, in run
    return self.func(*args, **kwargs)
           ^^^^^^^^^^^^^^^^^^^^^^^^^^
  File "/home/airflow/.local/lib/python3.12/site-packages/airflow/models/baseoperator.py", line 424, in wrapper
    return func(self, *args, **kwargs)
           ^^^^^^^^^^^^^^^^^^^^^^^^^^^
  File "/home/airflow/.local/lib/python3.12/site-packages/airflow/operators/python.py", line 238, in execute
    return_value = self.execute_callable()
                   ^^^^^^^^^^^^^^^^^^^^^^^
  File "/home/airflow/.local/lib/python3.12/site-packages/airflow/operators/python.py", line 256, in execute_callable
    return runner.run(*self.op_args, **self.op_kwargs)
           ^^^^^^^^^^^^^^^^^^^^^^^^^^^^^^^^^^^^^^^^^^^
  File "/home/airflow/.local/lib/python3.12/site-packages/airflow/utils/operator_helpers.py", line 252, in run
    return self.func(*args, **kwargs)
           ^^^^^^^^^^^^^^^^^^^^^^^^^^
  File "/opt/airflow/dags/etl_ecommerce_dag.py", line 263, in load
  File "/home/airflow/.local/lib/python3.12/site-packages/airflow/providers/postgres/hooks/postgres.py", line 165, in get_conn
    self.conn = psycopg2.connect(**conn_args)
                ^^^^^^^^^^^^^^^^^^^^^^^^^^^^^
  File "/home/airflow/.local/lib/python3.12/site-packages/psycopg2/__init__.py", line 122, in connect
    conn = _connect(dsn, connection_factory=connection_factory, **kwasync)
           ^^^^^^^^^^^^^^^^^^^^^^^^^^^^^^^^^^^^^^^^^^^^^^^^^^^^^^^^^^^^^^^
  File "/home/airflow/.local/lib/python3.12/site-packages/airflow/models/taskinstance.py", line 3097, in signal_handler
    raise AirflowTaskTerminated("Task received SIGTERM signal")
airflow.exceptions.AirflowTaskTerminated: Task received SIGTERM signal
[2026-06-23T22:23:19.781+0000] {taskinstance.py:1226} INFO - Marking task as UP_FOR_RETRY. dag_id=etl_ecommerce, task_id=load, run_id=manual__2026-06-23T20:50:26.401106+00:00, execution_date=20260623T205026, start_date=20260623T205620, end_date=20260623T222319
[2026-06-23T22:23:19.859+0000] {taskinstance.py:341} INFO - ::group::Post task execution logs
[2026-06-23T22:23:19.869+0000] {standard_task_runner.py:124} ERROR - Failed to execute job 117 for task load ((psycopg2.errors.ForeignKeyViolation) insert or update on table "task_fail" violates foreign key constraint "task_fail_ti_fkey"
DETAIL:  Key (dag_id, task_id, run_id, map_index)=(etl_ecommerce, load, manual__2026-06-23T20:50:26.401106+00:00, -1) is not present in table "task_instance".

[SQL: INSERT INTO task_fail (task_id, dag_id, run_id, map_index, start_date, end_date, duration) VALUES (%(task_id)s, %(dag_id)s, %(run_id)s, %(map_index)s, %(start_date)s, %(end_date)s, %(duration)s) RETURNING task_fail.id]
[parameters: {'task_id': 'load', 'dag_id': 'etl_ecommerce', 'run_id': 'manual__2026-06-23T20:50:26.401106+00:00', 'map_index': -1, 'start_date': datetime.datetime(2026, 6, 23, 20, 56, 20, 487047, tzinfo=Timezone('UTC')), 'end_date': datetime.datetime(2026, 6, 23, 22, 23, 19, 730019, tzinfo=Timezone('UTC')), 'duration': 5219}]
(Background on this error at: https://sqlalche.me/e/14/gkpj); 221)
Traceback (most recent call last):
  File "/home/airflow/.local/lib/python3.12/site-packages/airflow/models/taskinstance.py", line 274, in _run_raw_task
    TaskInstance._execute_task_with_callbacks(
  File "/home/airflow/.local/lib/python3.12/site-packages/airflow/models/taskinstance.py", line 3161, in _execute_task_with_callbacks
    result = self._execute_task(context, task_orig)
             ^^^^^^^^^^^^^^^^^^^^^^^^^^^^^^^^^^^^^^
  File "/home/airflow/.local/lib/python3.12/site-packages/airflow/models/taskinstance.py", line 3185, in _execute_task
    return _execute_task(self, context, task_orig)
           ^^^^^^^^^^^^^^^^^^^^^^^^^^^^^^^^^^^^^^^
  File "/home/airflow/.local/lib/python3.12/site-packages/airflow/models/taskinstance.py", line 768, in _execute_task
    result = _execute_callable(context=context, **execute_callable_kwargs)
             ^^^^^^^^^^^^^^^^^^^^^^^^^^^^^^^^^^^^^^^^^^^^^^^^^^^^^^^^^^^^^
  File "/home/airflow/.local/lib/python3.12/site-packages/airflow/models/taskinstance.py", line 734, in _execute_callable
    return ExecutionCallableRunner(
           ^^^^^^^^^^^^^^^^^^^^^^^^
  File "/home/airflow/.local/lib/python3.12/site-packages/airflow/utils/operator_helpers.py", line 252, in run
    return self.func(*args, **kwargs)
           ^^^^^^^^^^^^^^^^^^^^^^^^^^
  File "/home/airflow/.local/lib/python3.12/site-packages/airflow/models/baseoperator.py", line 424, in wrapper
    return func(self, *args, **kwargs)
           ^^^^^^^^^^^^^^^^^^^^^^^^^^^
  File "/home/airflow/.local/lib/python3.12/site-packages/airflow/operators/python.py", line 238, in execute
    return_value = self.execute_callable()
                   ^^^^^^^^^^^^^^^^^^^^^^^
  File "/home/airflow/.local/lib/python3.12/site-packages/airflow/operators/python.py", line 256, in execute_callable
    return runner.run(*self.op_args, **self.op_kwargs)
           ^^^^^^^^^^^^^^^^^^^^^^^^^^^^^^^^^^^^^^^^^^^
  File "/home/airflow/.local/lib/python3.12/site-packages/airflow/utils/operator_helpers.py", line 252, in run
    return self.func(*args, **kwargs)
           ^^^^^^^^^^^^^^^^^^^^^^^^^^
  File "/opt/airflow/dags/etl_ecommerce_dag.py", line 263, in load
  File "/home/airflow/.local/lib/python3.12/site-packages/airflow/providers/postgres/hooks/postgres.py", line 165, in get_conn
    self.conn = psycopg2.connect(**conn_args)
                ^^^^^^^^^^^^^^^^^^^^^^^^^^^^^
  File "/home/airflow/.local/lib/python3.12/site-packages/psycopg2/__init__.py", line 122, in connect
    conn = _connect(dsn, connection_factory=connection_factory, **kwasync)
           ^^^^^^^^^^^^^^^^^^^^^^^^^^^^^^^^^^^^^^^^^^^^^^^^^^^^^^^^^^^^^^^
  File "/home/airflow/.local/lib/python3.12/site-packages/airflow/models/taskinstance.py", line 3097, in signal_handler
    raise AirflowTaskTerminated("Task received SIGTERM signal")
airflow.exceptions.AirflowTaskTerminated: Task received SIGTERM signal

During handling of the above exception, another exception occurred:

Traceback (most recent call last):
  File "/home/airflow/.local/lib/python3.12/site-packages/sqlalchemy/engine/base.py", line 1910, in _execute_context
    self.dialect.do_execute(
  File "/home/airflow/.local/lib/python3.12/site-packages/sqlalchemy/engine/default.py", line 736, in do_execute
    cursor.execute(statement, parameters)
psycopg2.errors.ForeignKeyViolation: insert or update on table "task_fail" violates foreign key constraint "task_fail_ti_fkey"
DETAIL:  Key (dag_id, task_id, run_id, map_index)=(etl_ecommerce, load, manual__2026-06-23T20:50:26.401106+00:00, -1) is not present in table "task_instance".


The above exception was the direct cause of the following exception:

Traceback (most recent call last):
  File "/home/airflow/.local/lib/python3.12/site-packages/airflow/task/task_runner/standard_task_runner.py", line 117, in _start_by_fork
    ret = args.func(args, dag=self.dag)
          ^^^^^^^^^^^^^^^^^^^^^^^^^^^^^
  File "/home/airflow/.local/lib/python3.12/site-packages/airflow/cli/cli_config.py", line 49, in command
    return func(*args, **kwargs)
           ^^^^^^^^^^^^^^^^^^^^^
  File "/home/airflow/.local/lib/python3.12/site-packages/airflow/utils/cli.py", line 116, in wrapper
    return f(*args, **kwargs)
           ^^^^^^^^^^^^^^^^^^
  File "/home/airflow/.local/lib/python3.12/site-packages/airflow/cli/commands/task_command.py", line 483, in task_run
    task_return_code = _run_task_by_selected_method(args, _dag, ti)
                       ^^^^^^^^^^^^^^^^^^^^^^^^^^^^^^^^^^^^^^^^^^^^
  File "/home/airflow/.local/lib/python3.12/site-packages/airflow/cli/commands/task_command.py", line 256, in _run_task_by_selected_method
    return _run_raw_task(args, ti)
           ^^^^^^^^^^^^^^^^^^^^^^^
  File "/home/airflow/.local/lib/python3.12/site-packages/airflow/cli/commands/task_command.py", line 341, in _run_raw_task
    return ti._run_raw_task(
           ^^^^^^^^^^^^^^^^^
  File "/home/airflow/.local/lib/python3.12/site-packages/airflow/utils/session.py", line 97, in wrapper
    return func(*args, session=session, **kwargs)
           ^^^^^^^^^^^^^^^^^^^^^^^^^^^^^^^^^^^^^^
  File "/home/airflow/.local/lib/python3.12/site-packages/airflow/models/taskinstance.py", line 3006, in _run_raw_task
    return _run_raw_task(
           ^^^^^^^^^^^^^^
  File "/home/airflow/.local/lib/python3.12/site-packages/airflow/models/taskinstance.py", line 328, in _run_raw_task
    ti.handle_failure(e, test_mode, context, session=session)
  File "/home/airflow/.local/lib/python3.12/site-packages/airflow/utils/session.py", line 94, in wrapper
    return func(*args, **kwargs)
           ^^^^^^^^^^^^^^^^^^^^^
  File "/home/airflow/.local/lib/python3.12/site-packages/airflow/models/taskinstance.py", line 3434, in handle_failure
    _handle_failure(
  File "/home/airflow/.local/lib/python3.12/site-packages/airflow/utils/session.py", line 94, in wrapper
    return func(*args, **kwargs)
           ^^^^^^^^^^^^^^^^^^^^^
  File "/home/airflow/.local/lib/python3.12/site-packages/airflow/api_internal/internal_api_call.py", line 166, in wrapper
    return func(*args, **kwargs)
           ^^^^^^^^^^^^^^^^^^^^^
  File "/home/airflow/.local/lib/python3.12/site-packages/airflow/models/taskinstance.py", line 1244, in _handle_failure
    TaskInstance.save_to_db(task_instance, session)
  File "/home/airflow/.local/lib/python3.12/site-packages/airflow/api_internal/internal_api_call.py", line 166, in wrapper
    return func(*args, **kwargs)
           ^^^^^^^^^^^^^^^^^^^^^
  File "/home/airflow/.local/lib/python3.12/site-packages/airflow/utils/session.py", line 94, in wrapper
    return func(*args, **kwargs)
           ^^^^^^^^^^^^^^^^^^^^^
  File "/home/airflow/.local/lib/python3.12/site-packages/airflow/models/taskinstance.py", line 3402, in save_to_db
    ti.get_dagrun().refresh_from_db()
    ^^^^^^^^^^^^^^^
  File "/home/airflow/.local/lib/python3.12/site-packages/airflow/utils/session.py", line 96, in wrapper
    with create_session() as session:
         ^^^^^^^^^^^^^^^^
  File "/usr/local/lib/python3.12/contextlib.py", line 144, in __exit__
    next(self.gen)
  File "/home/airflow/.local/lib/python3.12/site-packages/airflow/utils/session.py", line 57, in create_session
    session.commit()
  File "/home/airflow/.local/lib/python3.12/site-packages/sqlalchemy/orm/session.py", line 1454, in commit
    self._transaction.commit(_to_root=self.future)
  File "/home/airflow/.local/lib/python3.12/site-packages/sqlalchemy/orm/session.py", line 832, in commit
    self._prepare_impl()
  File "/home/airflow/.local/lib/python3.12/site-packages/sqlalchemy/orm/session.py", line 811, in _prepare_impl
    self.session.flush()
  File "/home/airflow/.local/lib/python3.12/site-packages/sqlalchemy/orm/session.py", line 3449, in flush
    self._flush(objects)
  File "/home/airflow/.local/lib/python3.12/site-packages/sqlalchemy/orm/session.py", line 3588, in _flush
    with util.safe_reraise():
         ^^^^^^^^^^^^^^^^^^^
  File "/home/airflow/.local/lib/python3.12/site-packages/sqlalchemy/util/langhelpers.py", line 70, in __exit__
    compat.raise_(
  File "/home/airflow/.local/lib/python3.12/site-packages/sqlalchemy/util/compat.py", line 211, in raise_
    raise exception
  File "/home/airflow/.local/lib/python3.12/site-packages/sqlalchemy/orm/session.py", line 3549, in _flush
    flush_context.execute()
  File "/home/airflow/.local/lib/python3.12/site-packages/sqlalchemy/orm/unitofwork.py", line 456, in execute
    rec.execute(self)
  File "/home/airflow/.local/lib/python3.12/site-packages/sqlalchemy/orm/unitofwork.py", line 630, in execute
    util.preloaded.orm_persistence.save_obj(
  File "/home/airflow/.local/lib/python3.12/site-packages/sqlalchemy/orm/persistence.py", line 245, in save_obj
    _emit_insert_statements(
  File "/home/airflow/.local/lib/python3.12/site-packages/sqlalchemy/orm/persistence.py", line 1238, in _emit_insert_statements
    result = connection._execute_20(
             ^^^^^^^^^^^^^^^^^^^^^^^
  File "/home/airflow/.local/lib/python3.12/site-packages/sqlalchemy/engine/base.py", line 1710, in _execute_20
    return meth(self, args_10style, kwargs_10style, execution_options)
           ^^^^^^^^^^^^^^^^^^^^^^^^^^^^^^^^^^^^^^^^^^^^^^^^^^^^^^^^^^^
  File "/home/airflow/.local/lib/python3.12/site-packages/sqlalchemy/sql/elements.py", line 334, in _execute_on_connection
    return connection._execute_clauseelement(
           ^^^^^^^^^^^^^^^^^^^^^^^^^^^^^^^^^^
  File "/home/airflow/.local/lib/python3.12/site-packages/sqlalchemy/engine/base.py", line 1577, in _execute_clauseelement
    ret = self._execute_context(
          ^^^^^^^^^^^^^^^^^^^^^^
  File "/home/airflow/.local/lib/python3.12/site-packages/sqlalchemy/engine/base.py", line 1953, in _execute_context
    self._handle_dbapi_exception(
  File "/home/airflow/.local/lib/python3.12/site-packages/sqlalchemy/engine/base.py", line 2134, in _handle_dbapi_exception
    util.raise_(
  File "/home/airflow/.local/lib/python3.12/site-packages/sqlalchemy/util/compat.py", line 211, in raise_
    raise exception
  File "/home/airflow/.local/lib/python3.12/site-packages/sqlalchemy/engine/base.py", line 1910, in _execute_context
    self.dialect.do_execute(
  File "/home/airflow/.local/lib/python3.12/site-packages/sqlalchemy/engine/default.py", line 736, in do_execute
    cursor.execute(statement, parameters)
sqlalchemy.exc.IntegrityError: (psycopg2.errors.ForeignKeyViolation) insert or update on table "task_fail" violates foreign key constraint "task_fail_ti_fkey"
DETAIL:  Key (dag_id, task_id, run_id, map_index)=(etl_ecommerce, load, manual__2026-06-23T20:50:26.401106+00:00, -1) is not present in table "task_instance".

[SQL: INSERT INTO task_fail (task_id, dag_id, run_id, map_index, start_date, end_date, duration) VALUES (%(task_id)s, %(dag_id)s, %(run_id)s, %(map_index)s, %(start_date)s, %(end_date)s, %(duration)s) RETURNING task_fail.id]
[parameters: {'task_id': 'load', 'dag_id': 'etl_ecommerce', 'run_id': 'manual__2026-06-23T20:50:26.401106+00:00', 'map_index': -1, 'start_date': datetime.datetime(2026, 6, 23, 20, 56, 20, 487047, tzinfo=Timezone('UTC')), 'end_date': datetime.datetime(2026, 6, 23, 22, 23, 19, 730019, tzinfo=Timezone('UTC')), 'duration': 5219}]
(Background on this error at: https://sqlalche.me/e/14/gkpj)
[2026-06-23T22:23:19.961+0000] {process_utils.py:80} INFO - Process psutil.Process(pid=221, status='terminated', exitcode=1, started='20:56:20') (221) terminated with exit code 1
