[2026-06-23T20:51:18.106+0000] {local_task_job_runner.py:123} INFO - ::group::Pre task execution logs
[2026-06-23T20:51:18.119+0000] {taskinstance.py:2614} INFO - Dependencies all met for dep_context=non-requeueable deps ti=<TaskInstance: etl_ecommerce.transform scheduled__2026-06-22T06:00:00+00:00 [queued]>
[2026-06-23T20:51:18.124+0000] {taskinstance.py:2614} INFO - Dependencies all met for dep_context=requeueable deps ti=<TaskInstance: etl_ecommerce.transform scheduled__2026-06-22T06:00:00+00:00 [queued]>
[2026-06-23T20:51:18.124+0000] {taskinstance.py:2867} INFO - Starting attempt 1 of 3
[2026-06-23T20:51:18.131+0000] {taskinstance.py:2890} INFO - Executing <Task(PythonOperator): transform> on 2026-06-22 06:00:00+00:00
[2026-06-23T20:51:18.137+0000] {logging_mixin.py:190} WARNING - /home/***/.local/lib/python3.12/site-packages/***/task/task_runner/standard_task_runner.py:70 DeprecationWarning: This process (pid=735) is multi-threaded, use of fork() may lead to deadlocks in the child.
[2026-06-23T20:51:18.138+0000] {standard_task_runner.py:72} INFO - Started process 737 to run task
[2026-06-23T20:51:18.137+0000] {standard_task_runner.py:104} INFO - Running: ['***', 'tasks', 'run', 'etl_ecommerce', 'transform', 'scheduled__2026-06-22T06:00:00+00:00', '--job-id', '105', '--raw', '--subdir', 'DAGS_FOLDER/hola_mundo_dag.py', '--cfg-path', '/tmp/tmpzehqrriu']
[2026-06-23T20:51:18.138+0000] {standard_task_runner.py:105} INFO - Job 105: Subtask transform
[2026-06-23T20:51:18.167+0000] {task_command.py:467} INFO - Running <TaskInstance: etl_ecommerce.transform scheduled__2026-06-22T06:00:00+00:00 [running]> on host 8884758d4df3
[2026-06-23T20:51:18.212+0000] {taskinstance.py:3134} INFO - Exporting env vars: AIRFLOW_CTX_DAG_OWNER='juan_camilo' AIRFLOW_CTX_DAG_ID='etl_ecommerce' AIRFLOW_CTX_TASK_ID='transform' AIRFLOW_CTX_EXECUTION_DATE='2026-06-22T06:00:00+00:00' AIRFLOW_CTX_TRY_NUMBER='1' AIRFLOW_CTX_DAG_RUN_ID='scheduled__2026-06-22T06:00:00+00:00'
[2026-06-23T20:51:18.213+0000] {taskinstance.py:732} INFO - ::endgroup::
[2026-06-23T20:51:21.274+0000] {hola_mundo_dag.py:147} INFO - Shape inicial: (541909, 8)
[2026-06-23T20:51:21.459+0000] {hola_mundo_dag.py:151} INFO - Tras eliminar cancelaciones: (532621, 8)
[2026-06-23T20:51:21.518+0000] {hola_mundo_dag.py:155} INFO - Tras eliminar sin CustomerID: (397924, 8)
[2026-06-23T20:51:21.565+0000] {hola_mundo_dag.py:159} INFO - Tras filtrar cantidades/precios inválidos: (397884, 8)
[2026-06-23T20:51:22.296+0000] {taskinstance.py:3313} ERROR - Task failed with exception
Traceback (most recent call last):
  File "/home/airflow/.local/lib/python3.12/site-packages/airflow/models/taskinstance.py", line 768, in _execute_task
    result = _execute_callable(context=context, **execute_callable_kwargs)
             ^^^^^^^^^^^^^^^^^^^^^^^^^^^^^^^^^^^^^^^^^^^^^^^^^^^^^^^^^^^^^
  File "/home/airflow/.local/lib/python3.12/site-packages/airflow/models/taskinstance.py", line 734, in _execute_callable
    return ExecutionCallableRunner(
           ^^^^^^^^^^^^^^^^^^^^^^^^
  File "/home/airflow/.local/lib/python3.12/site-packages/airflow/utils/operator_helpers.py", line 252, in run
    return self.func(*args, **kwargs)
           ^^^^^^^^^^^^^^^^^^^^^^^^^^
  File "/home/airflow/.local/lib/python3.12/site-packages/airflow/models/baseoperator.py", line 424, in wrapper
    return func(self, *args, **kwargs)
           ^^^^^^^^^^^^^^^^^^^^^^^^^^^
  File "/home/airflow/.local/lib/python3.12/site-packages/airflow/operators/python.py", line 238, in execute
    return_value = self.execute_callable()
                   ^^^^^^^^^^^^^^^^^^^^^^^
  File "/home/airflow/.local/lib/python3.12/site-packages/airflow/operators/python.py", line 256, in execute_callable
    return runner.run(*self.op_args, **self.op_kwargs)
           ^^^^^^^^^^^^^^^^^^^^^^^^^^^^^^^^^^^^^^^^^^^
  File "/home/airflow/.local/lib/python3.12/site-packages/airflow/utils/operator_helpers.py", line 252, in run
    return self.func(*args, **kwargs)
           ^^^^^^^^^^^^^^^^^^^^^^^^^^
  File "/opt/airflow/dags/hola_mundo_dag.py", line 174, in transform
    df["InvoiceDate"] = pd.to_datetime(df["InvoiceDate"], dayfirst=True)
                        ^^^^^^^^^^^^^^^^^^^^^^^^^^^^^^^^^^^^^^^^^^^^^^^^
  File "/home/airflow/.local/lib/python3.12/site-packages/pandas/core/tools/datetimes.py", line 1108, in to_datetime
    cache_array = _maybe_cache(arg, format, cache, convert_listlike)
                  ^^^^^^^^^^^^^^^^^^^^^^^^^^^^^^^^^^^^^^^^^^^^^^^^^^
  File "/home/airflow/.local/lib/python3.12/site-packages/pandas/core/tools/datetimes.py", line 254, in _maybe_cache
    cache_dates = convert_listlike(unique_dates, format)
                  ^^^^^^^^^^^^^^^^^^^^^^^^^^^^^^^^^^^^^^
  File "/home/airflow/.local/lib/python3.12/site-packages/pandas/core/tools/datetimes.py", line 488, in _convert_listlike_datetimes
    return _array_strptime_with_fallback(arg, name, utc, format, exact, errors)
           ^^^^^^^^^^^^^^^^^^^^^^^^^^^^^^^^^^^^^^^^^^^^^^^^^^^^^^^^^^^^^^^^^^^^
  File "/home/airflow/.local/lib/python3.12/site-packages/pandas/core/tools/datetimes.py", line 519, in _array_strptime_with_fallback
    result, timezones = array_strptime(arg, fmt, exact=exact, errors=errors, utc=utc)
                        ^^^^^^^^^^^^^^^^^^^^^^^^^^^^^^^^^^^^^^^^^^^^^^^^^^^^^^^^^^^^^
  File "strptime.pyx", line 534, in pandas._libs.tslibs.strptime.array_strptime
  File "strptime.pyx", line 355, in pandas._libs.tslibs.strptime.array_strptime
ValueError: time data "12/13/2010 9:02" doesn't match format "%d/%m/%Y %H:%M", at position 813. You might want to try:
    - passing `format` if your strings have a consistent format;
    - passing `format='ISO8601'` if your strings are all ISO8601 but not necessarily in exactly the same format;
    - passing `format='mixed'`, and the format will be inferred for each element individually. You might want to use `dayfirst` alongside this.
[2026-06-23T20:51:22.323+0000] {taskinstance.py:1226} INFO - Marking task as UP_FOR_RETRY. dag_id=etl_ecommerce, task_id=transform, run_id=scheduled__2026-06-22T06:00:00+00:00, execution_date=20260622T060000, start_date=20260623T205118, end_date=20260623T205122
[2026-06-23T20:51:22.341+0000] {taskinstance.py:341} INFO - ::group::Post task execution logs
[2026-06-23T20:51:22.342+0000] {standard_task_runner.py:124} ERROR - Failed to execute job 105 for task transform (time data "12/13/2010 9:02" doesn't match format "%d/%m/%Y %H:%M", at position 813. You might want to try:
    - passing `format` if your strings have a consistent format;
    - passing `format='ISO8601'` if your strings are all ISO8601 but not necessarily in exactly the same format;
    - passing `format='mixed'`, and the format will be inferred for each element individually. You might want to use `dayfirst` alongside this.; 737)
Traceback (most recent call last):
  File "/home/airflow/.local/lib/python3.12/site-packages/airflow/task/task_runner/standard_task_runner.py", line 117, in _start_by_fork
    ret = args.func(args, dag=self.dag)
          ^^^^^^^^^^^^^^^^^^^^^^^^^^^^^
  File "/home/airflow/.local/lib/python3.12/site-packages/airflow/cli/cli_config.py", line 49, in command
    return func(*args, **kwargs)
           ^^^^^^^^^^^^^^^^^^^^^
  File "/home/airflow/.local/lib/python3.12/site-packages/airflow/utils/cli.py", line 116, in wrapper
    return f(*args, **kwargs)
           ^^^^^^^^^^^^^^^^^^
  File "/home/airflow/.local/lib/python3.12/site-packages/airflow/cli/commands/task_command.py", line 483, in task_run
    task_return_code = _run_task_by_selected_method(args, _dag, ti)
                       ^^^^^^^^^^^^^^^^^^^^^^^^^^^^^^^^^^^^^^^^^^^^
  File "/home/airflow/.local/lib/python3.12/site-packages/airflow/cli/commands/task_command.py", line 256, in _run_task_by_selected_method
    return _run_raw_task(args, ti)
           ^^^^^^^^^^^^^^^^^^^^^^^
  File "/home/airflow/.local/lib/python3.12/site-packages/airflow/cli/commands/task_command.py", line 341, in _run_raw_task
    return ti._run_raw_task(
           ^^^^^^^^^^^^^^^^^
  File "/home/airflow/.local/lib/python3.12/site-packages/airflow/utils/session.py", line 97, in wrapper
    return func(*args, session=session, **kwargs)
           ^^^^^^^^^^^^^^^^^^^^^^^^^^^^^^^^^^^^^^
  File "/home/airflow/.local/lib/python3.12/site-packages/airflow/models/taskinstance.py", line 3006, in _run_raw_task
    return _run_raw_task(
           ^^^^^^^^^^^^^^
  File "/home/airflow/.local/lib/python3.12/site-packages/airflow/models/taskinstance.py", line 274, in _run_raw_task
    TaskInstance._execute_task_with_callbacks(
  File "/home/airflow/.local/lib/python3.12/site-packages/airflow/models/taskinstance.py", line 3161, in _execute_task_with_callbacks
    result = self._execute_task(context, task_orig)
             ^^^^^^^^^^^^^^^^^^^^^^^^^^^^^^^^^^^^^^
  File "/home/airflow/.local/lib/python3.12/site-packages/airflow/models/taskinstance.py", line 3185, in _execute_task
    return _execute_task(self, context, task_orig)
           ^^^^^^^^^^^^^^^^^^^^^^^^^^^^^^^^^^^^^^^
  File "/home/airflow/.local/lib/python3.12/site-packages/airflow/models/taskinstance.py", line 768, in _execute_task
    result = _execute_callable(context=context, **execute_callable_kwargs)
             ^^^^^^^^^^^^^^^^^^^^^^^^^^^^^^^^^^^^^^^^^^^^^^^^^^^^^^^^^^^^^
  File "/home/airflow/.local/lib/python3.12/site-packages/airflow/models/taskinstance.py", line 734, in _execute_callable
    return ExecutionCallableRunner(
           ^^^^^^^^^^^^^^^^^^^^^^^^
  File "/home/airflow/.local/lib/python3.12/site-packages/airflow/utils/operator_helpers.py", line 252, in run
    return self.func(*args, **kwargs)
           ^^^^^^^^^^^^^^^^^^^^^^^^^^
  File "/home/airflow/.local/lib/python3.12/site-packages/airflow/models/baseoperator.py", line 424, in wrapper
    return func(self, *args, **kwargs)
           ^^^^^^^^^^^^^^^^^^^^^^^^^^^
  File "/home/airflow/.local/lib/python3.12/site-packages/airflow/operators/python.py", line 238, in execute
    return_value = self.execute_callable()
                   ^^^^^^^^^^^^^^^^^^^^^^^
  File "/home/airflow/.local/lib/python3.12/site-packages/airflow/operators/python.py", line 256, in execute_callable
    return runner.run(*self.op_args, **self.op_kwargs)
           ^^^^^^^^^^^^^^^^^^^^^^^^^^^^^^^^^^^^^^^^^^^
  File "/home/airflow/.local/lib/python3.12/site-packages/airflow/utils/operator_helpers.py", line 252, in run
    return self.func(*args, **kwargs)
           ^^^^^^^^^^^^^^^^^^^^^^^^^^
  File "/opt/airflow/dags/hola_mundo_dag.py", line 174, in transform
    df["InvoiceDate"] = pd.to_datetime(df["InvoiceDate"], dayfirst=True)
                        ^^^^^^^^^^^^^^^^^^^^^^^^^^^^^^^^^^^^^^^^^^^^^^^^
  File "/home/airflow/.local/lib/python3.12/site-packages/pandas/core/tools/datetimes.py", line 1108, in to_datetime
    cache_array = _maybe_cache(arg, format, cache, convert_listlike)
                  ^^^^^^^^^^^^^^^^^^^^^^^^^^^^^^^^^^^^^^^^^^^^^^^^^^
  File "/home/airflow/.local/lib/python3.12/site-packages/pandas/core/tools/datetimes.py", line 254, in _maybe_cache
    cache_dates = convert_listlike(unique_dates, format)
                  ^^^^^^^^^^^^^^^^^^^^^^^^^^^^^^^^^^^^^^
  File "/home/airflow/.local/lib/python3.12/site-packages/pandas/core/tools/datetimes.py", line 488, in _convert_listlike_datetimes
    return _array_strptime_with_fallback(arg, name, utc, format, exact, errors)
           ^^^^^^^^^^^^^^^^^^^^^^^^^^^^^^^^^^^^^^^^^^^^^^^^^^^^^^^^^^^^^^^^^^^^
  File "/home/airflow/.local/lib/python3.12/site-packages/pandas/core/tools/datetimes.py", line 519, in _array_strptime_with_fallback
    result, timezones = array_strptime(arg, fmt, exact=exact, errors=errors, utc=utc)
                        ^^^^^^^^^^^^^^^^^^^^^^^^^^^^^^^^^^^^^^^^^^^^^^^^^^^^^^^^^^^^^
  File "strptime.pyx", line 534, in pandas._libs.tslibs.strptime.array_strptime
  File "strptime.pyx", line 355, in pandas._libs.tslibs.strptime.array_strptime
ValueError: time data "12/13/2010 9:02" doesn't match format "%d/%m/%Y %H:%M", at position 813. You might want to try:
    - passing `format` if your strings have a consistent format;
    - passing `format='ISO8601'` if your strings are all ISO8601 but not necessarily in exactly the same format;
    - passing `format='mixed'`, and the format will be inferred for each element individually. You might want to use `dayfirst` alongside this.
[2026-06-23T20:51:22.399+0000] {local_task_job_runner.py:266} INFO - Task exited with return code 1
[2026-06-23T20:51:22.426+0000] {taskinstance.py:3901} INFO - 0 downstream tasks scheduled from follow-on schedule check
[2026-06-23T20:51:22.427+0000] {local_task_job_runner.py:245} INFO - ::endgroup::
[2026-06-23T22:23:31.498+0000] {local_task_job_runner.py:123} INFO - ::group::Pre task execution logs
[2026-06-23T22:23:31.511+0000] {taskinstance.py:2614} INFO - Dependencies all met for dep_context=non-requeueable deps ti=<TaskInstance: etl_ecommerce.transform scheduled__2026-06-22T06:00:00+00:00 [queued]>
[2026-06-23T22:23:31.516+0000] {taskinstance.py:2614} INFO - Dependencies all met for dep_context=requeueable deps ti=<TaskInstance: etl_ecommerce.transform scheduled__2026-06-22T06:00:00+00:00 [queued]>
[2026-06-23T22:23:31.517+0000] {taskinstance.py:2867} INFO - Starting attempt 1 of 3
[2026-06-23T22:23:31.523+0000] {taskinstance.py:2890} INFO - Executing <Task(PythonOperator): transform> on 2026-06-22 06:00:00+00:00
[2026-06-23T22:23:31.529+0000] {logging_mixin.py:190} WARNING - /home/***/.local/lib/python3.12/site-packages/***/task/task_runner/standard_task_runner.py:70 DeprecationWarning: This process (pid=1672) is multi-threaded, use of fork() may lead to deadlocks in the child.
[2026-06-23T22:23:31.530+0000] {standard_task_runner.py:72} INFO - Started process 1674 to run task
[2026-06-23T22:23:31.529+0000] {standard_task_runner.py:104} INFO - Running: ['***', 'tasks', 'run', 'etl_ecommerce', 'transform', 'scheduled__2026-06-22T06:00:00+00:00', '--job-id', '193', '--raw', '--subdir', 'DAGS_FOLDER/etl_ecommerce_dag.py', '--cfg-path', '/tmp/tmpv6s48r09']
[2026-06-23T22:23:31.530+0000] {standard_task_runner.py:105} INFO - Job 193: Subtask transform
[2026-06-23T22:23:31.558+0000] {task_command.py:467} INFO - Running <TaskInstance: etl_ecommerce.transform scheduled__2026-06-22T06:00:00+00:00 [running]> on host d2930d66fea2
[2026-06-23T22:23:31.619+0000] {taskinstance.py:3134} INFO - Exporting env vars: AIRFLOW_CTX_DAG_OWNER='juan_camilo' AIRFLOW_CTX_DAG_ID='etl_ecommerce' AIRFLOW_CTX_TASK_ID='transform' AIRFLOW_CTX_EXECUTION_DATE='2026-06-22T06:00:00+00:00' AIRFLOW_CTX_TRY_NUMBER='1' AIRFLOW_CTX_DAG_RUN_ID='scheduled__2026-06-22T06:00:00+00:00'
[2026-06-23T22:23:31.619+0000] {taskinstance.py:732} INFO - ::endgroup::
[2026-06-23T22:23:34.557+0000] {etl_ecommerce_dag.py:147} INFO - Shape inicial: (541909, 8)
[2026-06-23T22:23:34.739+0000] {etl_ecommerce_dag.py:151} INFO - Tras eliminar cancelaciones: (532621, 8)
[2026-06-23T22:23:34.803+0000] {etl_ecommerce_dag.py:155} INFO - Tras eliminar sin CustomerID: (397924, 8)
[2026-06-23T22:23:34.850+0000] {etl_ecommerce_dag.py:159} INFO - Tras filtrar cantidades/precios inválidos: (397884, 8)
[2026-06-23T22:23:36.785+0000] {etl_ecommerce_dag.py:208} INFO - Shape tras deduplicar: (387841, 11)
[2026-06-23T22:23:36.786+0000] {etl_ecommerce_dag.py:213} INFO - Shape final: (387841, 12)
[2026-06-23T22:23:36.796+0000] {etl_ecommerce_dag.py:214} INFO - Segmentos de venta:
segmento_venta
Medio      194945
Bajo       165744
Alto        23114
Premium      4038
[2026-06-23T22:23:36.816+0000] {etl_ecommerce_dag.py:215} INFO - Países únicos: 37
[2026-06-23T22:23:42.159+0000] {python.py:240} INFO - Done. Returned value was: None
[2026-06-23T22:23:42.167+0000] {taskinstance.py:341} INFO - ::group::Post task execution logs
[2026-06-23T22:23:42.167+0000] {taskinstance.py:353} INFO - Marking task as SUCCESS. dag_id=etl_ecommerce, task_id=transform, run_id=scheduled__2026-06-22T06:00:00+00:00, execution_date=20260622T060000, start_date=20260623T222331, end_date=20260623T222342
[2026-06-23T22:23:42.219+0000] {local_task_job_runner.py:266} INFO - Task exited with return code 0
[2026-06-23T22:23:42.254+0000] {taskinstance.py:3901} INFO - 1 downstream tasks scheduled from follow-on schedule check
[2026-06-23T22:23:42.255+0000] {local_task_job_runner.py:245} INFO - ::endgroup::
