[2026-06-23T21:13:03.069+0000] {local_task_job_runner.py:123} INFO - ::group::Pre task execution logs
[2026-06-23T21:13:03.083+0000] {taskinstance.py:2614} INFO - Dependencies all met for dep_context=non-requeueable deps ti=<TaskInstance: etl_ecommerce.transform manual__2026-06-23T21:12:44.245461+00:00 [queued]>
[2026-06-23T21:13:03.088+0000] {taskinstance.py:2614} INFO - Dependencies all met for dep_context=requeueable deps ti=<TaskInstance: etl_ecommerce.transform manual__2026-06-23T21:12:44.245461+00:00 [queued]>
[2026-06-23T21:13:03.088+0000] {taskinstance.py:2867} INFO - Starting attempt 1 of 3
[2026-06-23T21:13:03.095+0000] {taskinstance.py:2890} INFO - Executing <Task(PythonOperator): transform> on 2026-06-23 21:12:44.245461+00:00
[2026-06-23T21:13:03.101+0000] {logging_mixin.py:190} WARNING - /home/***/.local/lib/python3.12/site-packages/***/task/task_runner/standard_task_runner.py:70 DeprecationWarning: This process (pid=614) is multi-threaded, use of fork() may lead to deadlocks in the child.
[2026-06-23T21:13:03.102+0000] {standard_task_runner.py:72} INFO - Started process 616 to run task
[2026-06-23T21:13:03.102+0000] {standard_task_runner.py:104} INFO - Running: ['***', 'tasks', 'run', 'etl_ecommerce', 'transform', 'manual__2026-06-23T21:12:44.245461+00:00', '--job-id', '156', '--raw', '--subdir', 'DAGS_FOLDER/etl_ecommerce_dag.py', '--cfg-path', '/tmp/tmpzx_6a_iu']
[2026-06-23T21:13:03.103+0000] {standard_task_runner.py:105} INFO - Job 156: Subtask transform
[2026-06-23T21:13:03.131+0000] {task_command.py:467} INFO - Running <TaskInstance: etl_ecommerce.transform manual__2026-06-23T21:12:44.245461+00:00 [running]> on host d2930d66fea2
[2026-06-23T21:13:03.175+0000] {taskinstance.py:3134} INFO - Exporting env vars: AIRFLOW_CTX_DAG_OWNER='juan_camilo' AIRFLOW_CTX_DAG_ID='etl_ecommerce' AIRFLOW_CTX_TASK_ID='transform' AIRFLOW_CTX_EXECUTION_DATE='2026-06-23T21:12:44.245461+00:00' AIRFLOW_CTX_TRY_NUMBER='1' AIRFLOW_CTX_DAG_RUN_ID='manual__2026-06-23T21:12:44.245461+00:00'
[2026-06-23T21:13:03.176+0000] {taskinstance.py:732} INFO - ::endgroup::
[2026-06-23T21:13:06.125+0000] {etl_ecommerce_dag.py:146} INFO - Shape inicial: (541909, 8)
[2026-06-23T21:13:06.308+0000] {etl_ecommerce_dag.py:150} INFO - Tras eliminar cancelaciones: (532621, 8)
[2026-06-23T21:13:06.368+0000] {etl_ecommerce_dag.py:154} INFO - Tras eliminar sin CustomerID: (397924, 8)
[2026-06-23T21:13:06.415+0000] {etl_ecommerce_dag.py:158} INFO - Tras filtrar cantidades/precios inválidos: (397884, 8)
[2026-06-23T21:13:08.400+0000] {etl_ecommerce_dag.py:207} INFO - Shape tras deduplicar: (387841, 11)
[2026-06-23T21:13:08.401+0000] {etl_ecommerce_dag.py:212} INFO - Shape final: (387841, 12)
[2026-06-23T21:13:08.412+0000] {etl_ecommerce_dag.py:213} INFO - Segmentos de venta:
segmento_venta
Medio      194945
Bajo       165744
Alto        23114
Premium      4038
[2026-06-23T21:13:08.431+0000] {etl_ecommerce_dag.py:214} INFO - Países únicos: 37
[2026-06-23T21:13:13.578+0000] {python.py:240} INFO - Done. Returned value was: None
[2026-06-23T21:13:13.584+0000] {taskinstance.py:341} INFO - ::group::Post task execution logs
[2026-06-23T21:13:13.585+0000] {taskinstance.py:353} INFO - Marking task as SUCCESS. dag_id=etl_ecommerce, task_id=transform, run_id=manual__2026-06-23T21:12:44.245461+00:00, execution_date=20260623T211244, start_date=20260623T211303, end_date=20260623T211313
[2026-06-23T21:13:13.634+0000] {local_task_job_runner.py:266} INFO - Task exited with return code 0
[2026-06-23T21:13:13.683+0000] {taskinstance.py:3901} INFO - 1 downstream tasks scheduled from follow-on schedule check
[2026-06-23T21:13:13.684+0000] {local_task_job_runner.py:245} INFO - ::endgroup::
