[2026-06-23T20:59:08.131+0000] {local_task_job_runner.py:123} INFO - ::group::Pre task execution logs
[2026-06-23T20:59:08.144+0000] {taskinstance.py:2614} INFO - Dependencies all met for dep_context=non-requeueable deps ti=<TaskInstance: etl_ecommerce.load manual__2026-06-23T20:49:02.808373+00:00 [queued]>
[2026-06-23T20:59:08.149+0000] {taskinstance.py:2614} INFO - Dependencies all met for dep_context=requeueable deps ti=<TaskInstance: etl_ecommerce.load manual__2026-06-23T20:49:02.808373+00:00 [queued]>
[2026-06-23T20:59:08.150+0000] {taskinstance.py:2867} INFO - Starting attempt 1 of 3
[2026-06-23T20:59:08.156+0000] {taskinstance.py:2890} INFO - Executing <Task(PythonOperator): load> on 2026-06-23 20:49:02.808373+00:00
[2026-06-23T20:59:08.162+0000] {standard_task_runner.py:104} INFO - Running: ['***', 'tasks', 'run', 'etl_ecommerce', 'load', 'manual__2026-06-23T20:49:02.808373+00:00', '--job-id', '127', '--raw', '--subdir', 'DAGS_FOLDER/etl_ecommerce_dag.py', '--cfg-path', '/tmp/tmpb4u7wyo9']
[2026-06-23T20:59:08.164+0000] {standard_task_runner.py:105} INFO - Job 127: Subtask load
[2026-06-23T20:59:08.164+0000] {logging_mixin.py:190} WARNING - /home/***/.local/lib/python3.12/site-packages/***/task/task_runner/standard_task_runner.py:70 DeprecationWarning: This process (pid=321) is multi-threaded, use of fork() may lead to deadlocks in the child.
[2026-06-23T20:59:08.164+0000] {standard_task_runner.py:72} INFO - Started process 323 to run task
[2026-06-23T20:59:08.191+0000] {task_command.py:467} INFO - Running <TaskInstance: etl_ecommerce.load manual__2026-06-23T20:49:02.808373+00:00 [running]> on host d2930d66fea2
[2026-06-23T20:59:08.234+0000] {taskinstance.py:3134} INFO - Exporting env vars: AIRFLOW_CTX_DAG_OWNER='juan_camilo' AIRFLOW_CTX_DAG_ID='etl_ecommerce' AIRFLOW_CTX_TASK_ID='load' AIRFLOW_CTX_EXECUTION_DATE='2026-06-23T20:49:02.808373+00:00' AIRFLOW_CTX_TRY_NUMBER='1' AIRFLOW_CTX_DAG_RUN_ID='manual__2026-06-23T20:49:02.808373+00:00'
[2026-06-23T20:59:08.235+0000] {taskinstance.py:732} INFO - ::endgroup::
[2026-06-23T20:59:10.785+0000] {etl_ecommerce_dag.py:225} INFO - Cargando 392692 registros en Supabase...
[2026-06-23T20:59:10.786+0000] {crypto.py:82} WARNING - empty cryptography key - values will not be stored encrypted.
[2026-06-23T20:59:10.786+0000] {base.py:84} INFO - Retrieving connection 'postgres_destino'
[2026-06-23T20:59:11.539+0000] {etl_ecommerce_dag.py:253} INFO - Tabla 'ecommerce_transacciones' lista.
[2026-06-23T21:09:49.092+0000] {etl_ecommerce_dag.py:300} WARNING - ⚠️ Error en registro 536425/22508: relation "ecommerce_transacciones" does not exist
LINE 1: SELECT 1 FROM ecommerce_transacciones WHERE invoice_no = '53...
                      ^

[2026-06-23T21:09:49.831+0000] {etl_ecommerce_dag.py:300} WARNING - ⚠️ Error en registro 536425/21411: relation "ecommerce_transacciones" does not exist
LINE 1: SELECT 1 FROM ecommerce_transacciones WHERE invoice_no = '53...
                      ^

[2026-06-23T21:09:50.509+0000] {etl_ecommerce_dag.py:300} WARNING - ⚠️ Error en registro 536425/22511: relation "ecommerce_transacciones" does not exist
LINE 1: SELECT 1 FROM ecommerce_transacciones WHERE invoice_no = '53...
                      ^

[2026-06-23T21:09:51.238+0000] {etl_ecommerce_dag.py:300} WARNING - ⚠️ Error en registro 536425/22451: relation "ecommerce_transacciones" does not exist
LINE 1: SELECT 1 FROM ecommerce_transacciones WHERE invoice_no = '53...
                      ^

[2026-06-23T21:09:51.930+0000] {etl_ecommerce_dag.py:300} WARNING - ⚠️ Error en registro 536425/22449: relation "ecommerce_transacciones" does not exist
LINE 1: SELECT 1 FROM ecommerce_transacciones WHERE invoice_no = '53...
                      ^

[2026-06-23T21:09:52.631+0000] {etl_ecommerce_dag.py:300} WARNING - ⚠️ Error en registro 536425/22768: relation "ecommerce_transacciones" does not exist
LINE 1: SELECT 1 FROM ecommerce_transacciones WHERE invoice_no = '53...
                      ^

[2026-06-23T21:09:53.298+0000] {etl_ecommerce_dag.py:300} WARNING - ⚠️ Error en registro 536425/22829: relation "ecommerce_transacciones" does not exist
LINE 1: SELECT 1 FROM ecommerce_transacciones WHERE invoice_no = '53...
                      ^

[2026-06-23T21:09:54.014+0000] {etl_ecommerce_dag.py:300} WARNING - ⚠️ Error en registro 536425/22961: relation "ecommerce_transacciones" does not exist
LINE 1: SELECT 1 FROM ecommerce_transacciones WHERE invoice_no = '53...
                      ^

[2026-06-23T21:09:54.783+0000] {etl_ecommerce_dag.py:300} WARNING - ⚠️ Error en registro 536437/21154: relation "ecommerce_transacciones" does not exist
LINE 1: SELECT 1 FROM ecommerce_transacciones WHERE invoice_no = '53...
                      ^

[2026-06-23T21:09:55.493+0000] {etl_ecommerce_dag.py:300} WARNING - ⚠️ Error en registro 536437/22189: relation "ecommerce_transacciones" does not exist
LINE 1: SELECT 1 FROM ecommerce_transacciones WHERE invoice_no = '53...
                      ^

[2026-06-23T21:09:56.231+0000] {etl_ecommerce_dag.py:300} WARNING - ⚠️ Error en registro 536437/17021: relation "ecommerce_transacciones" does not exist
LINE 1: SELECT 1 FROM ecommerce_transacciones WHERE invoice_no = '53...
                      ^

[2026-06-23T21:09:57.077+0000] {etl_ecommerce_dag.py:300} WARNING - ⚠️ Error en registro 536437/22059: relation "ecommerce_transacciones" does not exist
LINE 1: SELECT 1 FROM ecommerce_transacciones WHERE invoice_no = '53...
                      ^

[2026-06-23T21:09:57.856+0000] {etl_ecommerce_dag.py:300} WARNING - ⚠️ Error en registro 536437/22188: relation "ecommerce_transacciones" does not exist
LINE 1: SELECT 1 FROM ecommerce_transacciones WHERE invoice_no = '53...
                      ^

[2026-06-23T21:09:58.633+0000] {etl_ecommerce_dag.py:300} WARNING - ⚠️ Error en registro 536437/84678: relation "ecommerce_transacciones" does not exist
LINE 1: SELECT 1 FROM ecommerce_transacciones WHERE invoice_no = '53...
                      ^

[2026-06-23T21:09:59.480+0000] {etl_ecommerce_dag.py:300} WARNING - ⚠️ Error en registro 536446/85172: relation "ecommerce_transacciones" does not exist
LINE 1: SELECT 1 FROM ecommerce_transacciones WHERE invoice_no = '53...
                      ^

[2026-06-23T21:10:00.227+0000] {etl_ecommerce_dag.py:300} WARNING - ⚠️ Error en registro 536446/22142: relation "ecommerce_transacciones" does not exist
LINE 1: SELECT 1 FROM ecommerce_transacciones WHERE invoice_no = '53...
                      ^

[2026-06-23T21:10:00.852+0000] {etl_ecommerce_dag.py:300} WARNING - ⚠️ Error en registro 536446/22144: relation "ecommerce_transacciones" does not exist
LINE 1: SELECT 1 FROM ecommerce_transacciones WHERE invoice_no = '53...
                      ^

[2026-06-23T21:10:01.508+0000] {etl_ecommerce_dag.py:300} WARNING - ⚠️ Error en registro 536446/21591: relation "ecommerce_transacciones" does not exist
LINE 1: SELECT 1 FROM ecommerce_transacciones WHERE invoice_no = '53...
                      ^

[2026-06-23T21:10:02.129+0000] {etl_ecommerce_dag.py:300} WARNING - ⚠️ Error en registro 536446/22480: relation "ecommerce_transacciones" does not exist
LINE 1: SELECT 1 FROM ecommerce_transacciones WHERE invoice_no = '53...
                      ^

[2026-06-23T21:10:02.871+0000] {etl_ecommerce_dag.py:300} WARNING - ⚠️ Error en registro 536446/22294: relation "ecommerce_transacciones" does not exist
LINE 1: SELECT 1 FROM ecommerce_transacciones WHERE invoice_no = '53...
                      ^

[2026-06-23T21:10:03.669+0000] {etl_ecommerce_dag.py:300} WARNING - ⚠️ Error en registro 536446/21156: relation "ecommerce_transacciones" does not exist
LINE 1: SELECT 1 FROM ecommerce_transacciones WHERE invoice_no = '53...
                      ^

[2026-06-23T21:10:04.357+0000] {etl_ecommerce_dag.py:300} WARNING - ⚠️ Error en registro 536446/10133: relation "ecommerce_transacciones" does not exist
LINE 1: SELECT 1 FROM ecommerce_transacciones WHERE invoice_no = '53...
                      ^

[2026-06-23T21:10:05.114+0000] {etl_ecommerce_dag.py:300} WARNING - ⚠️ Error en registro 536446/72800E: relation "ecommerce_transacciones" does not exist
LINE 1: SELECT 1 FROM ecommerce_transacciones WHERE invoice_no = '53...
                      ^

[2026-06-23T21:10:05.820+0000] {etl_ecommerce_dag.py:300} WARNING - ⚠️ Error en registro 536446/22294: relation "ecommerce_transacciones" does not exist
LINE 1: SELECT 1 FROM ecommerce_transacciones WHERE invoice_no = '53...
                      ^

[2026-06-23T21:10:06.586+0000] {etl_ecommerce_dag.py:300} WARNING - ⚠️ Error en registro 536446/84836: relation "ecommerce_transacciones" does not exist
LINE 1: SELECT 1 FROM ecommerce_transacciones WHERE invoice_no = '53...
                      ^

[2026-06-23T21:10:07.326+0000] {etl_ecommerce_dag.py:300} WARNING - ⚠️ Error en registro 536446/20774: relation "ecommerce_transacciones" does not exist
LINE 1: SELECT 1 FROM ecommerce_transacciones WHERE invoice_no = '53...
                      ^

[2026-06-23T21:10:08.118+0000] {etl_ecommerce_dag.py:300} WARNING - ⚠️ Error en registro 536446/20773: relation "ecommerce_transacciones" does not exist
LINE 1: SELECT 1 FROM ecommerce_transacciones WHERE invoice_no = '53...
                      ^

[2026-06-23T21:10:08.898+0000] {etl_ecommerce_dag.py:300} WARNING - ⚠️ Error en registro 536446/20777: relation "ecommerce_transacciones" does not exist
LINE 1: SELECT 1 FROM ecommerce_transacciones WHERE invoice_no = '53...
                      ^

[2026-06-23T21:10:09.555+0000] {etl_ecommerce_dag.py:300} WARNING - ⚠️ Error en registro 536446/16016: relation "ecommerce_transacciones" does not exist
LINE 1: SELECT 1 FROM ecommerce_transacciones WHERE invoice_no = '53...
                      ^

[2026-06-23T21:10:10.279+0000] {etl_ecommerce_dag.py:300} WARNING - ⚠️ Error en registro 536446/16014: relation "ecommerce_transacciones" does not exist
LINE 1: SELECT 1 FROM ecommerce_transacciones WHERE invoice_no = '53...
                      ^

[2026-06-23T21:10:10.972+0000] {etl_ecommerce_dag.py:300} WARNING - ⚠️ Error en registro 536446/21890: relation "ecommerce_transacciones" does not exist
LINE 1: SELECT 1 FROM ecommerce_transacciones WHERE invoice_no = '53...
                      ^

[2026-06-23T21:10:11.687+0000] {etl_ecommerce_dag.py:300} WARNING - ⚠️ Error en registro 536446/21891: relation "ecommerce_transacciones" does not exist
LINE 1: SELECT 1 FROM ecommerce_transacciones WHERE invoice_no = '53...
                      ^

[2026-06-23T21:10:12.527+0000] {etl_ecommerce_dag.py:300} WARNING - ⚠️ Error en registro 536446/22619: relation "ecommerce_transacciones" does not exist
LINE 1: SELECT 1 FROM ecommerce_transacciones WHERE invoice_no = '53...
                      ^

[2026-06-23T21:10:13.206+0000] {etl_ecommerce_dag.py:300} WARNING - ⚠️ Error en registro 536446/22620: relation "ecommerce_transacciones" does not exist
LINE 1: SELECT 1 FROM ecommerce_transacciones WHERE invoice_no = '53...
                      ^

[2026-06-23T21:10:14.063+0000] {etl_ecommerce_dag.py:300} WARNING - ⚠️ Error en registro 536446/84347: relation "ecommerce_transacciones" does not exist
LINE 1: SELECT 1 FROM ecommerce_transacciones WHERE invoice_no = '53...
                      ^

[2026-06-23T21:10:14.830+0000] {etl_ecommerce_dag.py:300} WARNING - ⚠️ Error en registro 536446/85169B: relation "ecommerce_transacciones" does not exist
LINE 1: SELECT 1 FROM ecommerce_transacciones WHERE invoice_no = '53...
                      ^

[2026-06-23T21:10:15.587+0000] {etl_ecommerce_dag.py:300} WARNING - ⚠️ Error en registro 536446/21156: relation "ecommerce_transacciones" does not exist
LINE 1: SELECT 1 FROM ecommerce_transacciones WHERE invoice_no = '53...
                      ^

[2026-06-23T21:10:16.278+0000] {etl_ecommerce_dag.py:300} WARNING - ⚠️ Error en registro 536446/21651: relation "ecommerce_transacciones" does not exist
LINE 1: SELECT 1 FROM ecommerce_transacciones WHERE invoice_no = '53...
                      ^

[2026-06-23T21:10:17.082+0000] {etl_ecommerce_dag.py:300} WARNING - ⚠️ Error en registro 536446/84625C: relation "ecommerce_transacciones" does not exist
LINE 1: SELECT 1 FROM ecommerce_transacciones WHERE invoice_no = '53...
                      ^

[2026-06-23T21:10:17.820+0000] {etl_ecommerce_dag.py:300} WARNING - ⚠️ Error en registro 536446/22618: relation "ecommerce_transacciones" does not exist
LINE 1: SELECT 1 FROM ecommerce_transacciones WHERE invoice_no = '53...
                      ^

[2026-06-23T21:10:18.580+0000] {etl_ecommerce_dag.py:300} WARNING - ⚠️ Error en registro 536446/21586: relation "ecommerce_transacciones" does not exist
LINE 1: SELECT 1 FROM ecommerce_transacciones WHERE invoice_no = '53...
                      ^

[2026-06-23T21:10:19.356+0000] {etl_ecommerce_dag.py:300} WARNING - ⚠️ Error en registro 536446/21587: relation "ecommerce_transacciones" does not exist
LINE 1: SELECT 1 FROM ecommerce_transacciones WHERE invoice_no = '53...
                      ^

[2026-06-23T21:10:20.079+0000] {etl_ecommerce_dag.py:300} WARNING - ⚠️ Error en registro 536446/22152: relation "ecommerce_transacciones" does not exist
LINE 1: SELECT 1 FROM ecommerce_transacciones WHERE invoice_no = '53...
                      ^

[2026-06-23T21:10:20.914+0000] {etl_ecommerce_dag.py:300} WARNING - ⚠️ Error en registro 536446/85172: relation "ecommerce_transacciones" does not exist
LINE 1: SELECT 1 FROM ecommerce_transacciones WHERE invoice_no = '53...
                      ^

[2026-06-23T21:10:21.670+0000] {etl_ecommerce_dag.py:300} WARNING - ⚠️ Error en registro 536446/84754: relation "ecommerce_transacciones" does not exist
LINE 1: SELECT 1 FROM ecommerce_transacciones WHERE invoice_no = '53...
                      ^

[2026-06-23T21:10:22.414+0000] {etl_ecommerce_dag.py:300} WARNING - ⚠️ Error en registro 536460/22670: relation "ecommerce_transacciones" does not exist
LINE 1: SELECT 1 FROM ecommerce_transacciones WHERE invoice_no = '53...
                      ^

[2026-06-23T21:10:23.230+0000] {etl_ecommerce_dag.py:300} WARNING - ⚠️ Error en registro 536460/21586: relation "ecommerce_transacciones" does not exist
LINE 1: SELECT 1 FROM ecommerce_transacciones WHERE invoice_no = '53...
                      ^

[2026-06-23T21:10:23.991+0000] {etl_ecommerce_dag.py:300} WARNING - ⚠️ Error en registro 536460/84992: relation "ecommerce_transacciones" does not exist
LINE 1: SELECT 1 FROM ecommerce_transacciones WHERE invoice_no = '53...
                      ^

[2026-06-23T21:10:24.698+0000] {etl_ecommerce_dag.py:300} WARNING - ⚠️ Error en registro 536460/84879: relation "ecommerce_transacciones" does not exist
LINE 1: SELECT 1 FROM ecommerce_transacciones WHERE invoice_no = '53...
                      ^

[2026-06-23T21:10:25.393+0000] {etl_ecommerce_dag.py:300} WARNING - ⚠️ Error en registro 536460/84849B: relation "ecommerce_transacciones" does not exist
LINE 1: SELECT 1 FROM ecommerce_transacciones WHERE invoice_no = '53...
                      ^

[2026-06-23T21:10:26.047+0000] {etl_ecommerce_dag.py:300} WARNING - ⚠️ Error en registro 536460/22927: relation "ecommerce_transacciones" does not exist
LINE 1: SELECT 1 FROM ecommerce_transacciones WHERE invoice_no = '53...
                      ^

[2026-06-23T21:10:26.813+0000] {etl_ecommerce_dag.py:300} WARNING - ⚠️ Error en registro 536460/22926: relation "ecommerce_transacciones" does not exist
LINE 1: SELECT 1 FROM ecommerce_transacciones WHERE invoice_no = '53...
                      ^

[2026-06-23T21:10:27.468+0000] {etl_ecommerce_dag.py:300} WARNING - ⚠️ Error en registro 536460/22925: relation "ecommerce_transacciones" does not exist
LINE 1: SELECT 1 FROM ecommerce_transacciones WHERE invoice_no = '53...
                      ^

[2026-06-23T21:10:28.253+0000] {etl_ecommerce_dag.py:300} WARNING - ⚠️ Error en registro 536460/21977: relation "ecommerce_transacciones" does not exist
LINE 1: SELECT 1 FROM ecommerce_transacciones WHERE invoice_no = '53...
                      ^

[2026-06-23T21:10:29.044+0000] {etl_ecommerce_dag.py:300} WARNING - ⚠️ Error en registro 536460/21485: relation "ecommerce_transacciones" does not exist
LINE 1: SELECT 1 FROM ecommerce_transacciones WHERE invoice_no = '53...
                      ^

[2026-06-23T21:10:29.737+0000] {etl_ecommerce_dag.py:300} WARNING - ⚠️ Error en registro 536460/21484: relation "ecommerce_transacciones" does not exist
LINE 1: SELECT 1 FROM ecommerce_transacciones WHERE invoice_no = '53...
                      ^

[2026-06-23T21:10:30.423+0000] {etl_ecommerce_dag.py:300} WARNING - ⚠️ Error en registro 536460/21259: relation "ecommerce_transacciones" does not exist
LINE 1: SELECT 1 FROM ecommerce_transacciones WHERE invoice_no = '53...
                      ^

[2026-06-23T21:10:31.110+0000] {etl_ecommerce_dag.py:300} WARNING - ⚠️ Error en registro 536460/21257: relation "ecommerce_transacciones" does not exist
LINE 1: SELECT 1 FROM ecommerce_transacciones WHERE invoice_no = '53...
                      ^

[2026-06-23T21:10:31.805+0000] {etl_ecommerce_dag.py:300} WARNING - ⚠️ Error en registro 536460/21121: relation "ecommerce_transacciones" does not exist
LINE 1: SELECT 1 FROM ecommerce_transacciones WHERE invoice_no = '53...
                      ^

[2026-06-23T21:10:32.631+0000] {etl_ecommerce_dag.py:300} WARNING - ⚠️ Error en registro 536463/82552: relation "ecommerce_transacciones" does not exist
LINE 1: SELECT 1 FROM ecommerce_transacciones WHERE invoice_no = '53...
                      ^

[2026-06-23T21:10:33.327+0000] {etl_ecommerce_dag.py:300} WARNING - ⚠️ Error en registro 536464/90200B: relation "ecommerce_transacciones" does not exist
LINE 1: SELECT 1 FROM ecommerce_transacciones WHERE invoice_no = '53...
                      ^

[2026-06-23T21:10:33.920+0000] {etl_ecommerce_dag.py:300} WARNING - ⚠️ Error en registro 536464/90059B: relation "ecommerce_transacciones" does not exist
LINE 1: SELECT 1 FROM ecommerce_transacciones WHERE invoice_no = '53...
                      ^

[2026-06-23T21:10:34.563+0000] {etl_ecommerce_dag.py:300} WARNING - ⚠️ Error en registro 536464/90185C: relation "ecommerce_transacciones" does not exist
LINE 1: SELECT 1 FROM ecommerce_transacciones WHERE invoice_no = '53...
                      ^

[2026-06-23T21:10:35.281+0000] {etl_ecommerce_dag.py:300} WARNING - ⚠️ Error en registro 536464/90059E: relation "ecommerce_transacciones" does not exist
LINE 1: SELECT 1 FROM ecommerce_transacciones WHERE invoice_no = '53...
                      ^

[2026-06-23T21:10:35.892+0000] {etl_ecommerce_dag.py:300} WARNING - ⚠️ Error en registro 536464/90059C: relation "ecommerce_transacciones" does not exist
LINE 1: SELECT 1 FROM ecommerce_transacciones WHERE invoice_no = '53...
                      ^

[2026-06-23T21:12:36.540+0000] {etl_ecommerce_dag.py:300} WARNING - ⚠️ Error en registro 536500/22712: relation "ecommerce_transacciones" does not exist
LINE 1: SELECT 1 FROM ecommerce_transacciones WHERE invoice_no = '53...
                      ^

[2026-06-23T21:12:37.375+0000] {etl_ecommerce_dag.py:300} WARNING - ⚠️ Error en registro 536500/22983: relation "ecommerce_transacciones" does not exist
LINE 1: SELECT 1 FROM ecommerce_transacciones WHERE invoice_no = '53...
                      ^

[2026-06-23T21:12:38.082+0000] {etl_ecommerce_dag.py:300} WARNING - ⚠️ Error en registro 536500/22024: relation "ecommerce_transacciones" does not exist
LINE 1: SELECT 1 FROM ecommerce_transacciones WHERE invoice_no = '53...
                      ^

[2026-06-23T21:12:38.766+0000] {etl_ecommerce_dag.py:300} WARNING - ⚠️ Error en registro 536500/22113: relation "ecommerce_transacciones" does not exist
LINE 1: SELECT 1 FROM ecommerce_transacciones WHERE invoice_no = '53...
                      ^

[2026-06-23T21:12:39.469+0000] {etl_ecommerce_dag.py:300} WARNING - ⚠️ Error en registro 536500/84029E: relation "ecommerce_transacciones" does not exist
LINE 1: SELECT 1 FROM ecommerce_transacciones WHERE invoice_no = '53...
                      ^

[2026-06-23T21:12:40.257+0000] {etl_ecommerce_dag.py:300} WARNING - ⚠️ Error en registro 536500/21488: relation "ecommerce_transacciones" does not exist
LINE 1: SELECT 1 FROM ecommerce_transacciones WHERE invoice_no = '53...
                      ^

[2026-06-23T21:12:40.956+0000] {etl_ecommerce_dag.py:300} WARNING - ⚠️ Error en registro 536500/22900: relation "ecommerce_transacciones" does not exist
LINE 1: SELECT 1 FROM ecommerce_transacciones WHERE invoice_no = '53...
                      ^

[2026-06-23T21:12:41.716+0000] {etl_ecommerce_dag.py:300} WARNING - ⚠️ Error en registro 536500/22895: relation "ecommerce_transacciones" does not exist
LINE 1: SELECT 1 FROM ecommerce_transacciones WHERE invoice_no = '53...
                      ^

[2026-06-23T21:12:42.418+0000] {etl_ecommerce_dag.py:300} WARNING - ⚠️ Error en registro 536500/21035: relation "ecommerce_transacciones" does not exist
LINE 1: SELECT 1 FROM ecommerce_transacciones WHERE invoice_no = '53...
                      ^

[2026-06-23T21:12:43.196+0000] {etl_ecommerce_dag.py:300} WARNING - ⚠️ Error en registro 536500/21755: relation "ecommerce_transacciones" does not exist
LINE 1: SELECT 1 FROM ecommerce_transacciones WHERE invoice_no = '53...
                      ^

[2026-06-23T21:12:43.978+0000] {etl_ecommerce_dag.py:300} WARNING - ⚠️ Error en registro 536500/21754: relation "ecommerce_transacciones" does not exist
LINE 1: SELECT 1 FROM ecommerce_transacciones WHERE invoice_no = '53...
                      ^

[2026-06-23T21:12:44.668+0000] {etl_ecommerce_dag.py:300} WARNING - ⚠️ Error en registro 536502/84879: relation "ecommerce_transacciones" does not exist
LINE 1: SELECT 1 FROM ecommerce_transacciones WHERE invoice_no = '53...
                      ^

[2026-06-23T21:12:45.381+0000] {etl_ecommerce_dag.py:300} WARNING - ⚠️ Error en registro 536502/22784: relation "ecommerce_transacciones" does not exist
LINE 1: SELECT 1 FROM ecommerce_transacciones WHERE invoice_no = '53...
                      ^

[2026-06-23T21:12:46.033+0000] {etl_ecommerce_dag.py:300} WARNING - ⚠️ Error en registro 536502/21441: relation "ecommerce_transacciones" does not exist
LINE 1: SELECT 1 FROM ecommerce_transacciones WHERE invoice_no = '53...
                      ^

[2026-06-23T21:12:46.875+0000] {etl_ecommerce_dag.py:300} WARNING - ⚠️ Error en registro 536502/85123A: relation "ecommerce_transacciones" does not exist
LINE 1: SELECT 1 FROM ecommerce_transacciones WHERE invoice_no = '53...
                      ^

[2026-06-23T21:12:47.611+0000] {etl_ecommerce_dag.py:300} WARNING - ⚠️ Error en registro 536502/22423: relation "ecommerce_transacciones" does not exist
LINE 1: SELECT 1 FROM ecommerce_transacciones WHERE invoice_no = '53...
                      ^

[2026-06-23T21:12:48.393+0000] {etl_ecommerce_dag.py:300} WARNING - ⚠️ Error en registro 536508/84947: relation "ecommerce_transacciones" does not exist
LINE 1: SELECT 1 FROM ecommerce_transacciones WHERE invoice_no = '53...
                      ^

[2026-06-23T21:12:49.121+0000] {etl_ecommerce_dag.py:300} WARNING - ⚠️ Error en registro 536508/21326: relation "ecommerce_transacciones" does not exist
LINE 1: SELECT 1 FROM ecommerce_transacciones WHERE invoice_no = '53...
                      ^

[2026-06-23T21:12:49.912+0000] {etl_ecommerce_dag.py:300} WARNING - ⚠️ Error en registro 536514/22865: relation "ecommerce_transacciones" does not exist
LINE 1: SELECT 1 FROM ecommerce_transacciones WHERE invoice_no = '53...
                      ^

[2026-06-23T21:12:50.684+0000] {etl_ecommerce_dag.py:300} WARNING - ⚠️ Error en registro 536514/22485: relation "ecommerce_transacciones" does not exist
LINE 1: SELECT 1 FROM ecommerce_transacciones WHERE invoice_no = '53...
                      ^

[2026-06-23T21:12:51.305+0000] {etl_ecommerce_dag.py:300} WARNING - ⚠️ Error en registro 536514/22807: relation "ecommerce_transacciones" does not exist
LINE 1: SELECT 1 FROM ecommerce_transacciones WHERE invoice_no = '53...
                      ^

[2026-06-23T21:12:52.103+0000] {etl_ecommerce_dag.py:300} WARNING - ⚠️ Error en registro 536514/22633: relation "ecommerce_transacciones" does not exist
LINE 1: SELECT 1 FROM ecommerce_transacciones WHERE invoice_no = '53...
                      ^

[2026-06-23T21:12:52.907+0000] {etl_ecommerce_dag.py:300} WARNING - ⚠️ Error en registro 536514/22866: relation "ecommerce_transacciones" does not exist
LINE 1: SELECT 1 FROM ecommerce_transacciones WHERE invoice_no = '53...
                      ^

[2026-06-23T21:12:53.660+0000] {etl_ecommerce_dag.py:300} WARNING - ⚠️ Error en registro 536520/21794: relation "ecommerce_transacciones" does not exist
LINE 1: SELECT 1 FROM ecommerce_transacciones WHERE invoice_no = '53...
                      ^

[2026-06-23T21:12:54.345+0000] {etl_ecommerce_dag.py:300} WARNING - ⚠️ Error en registro 536520/20707: relation "ecommerce_transacciones" does not exist
LINE 1: SELECT 1 FROM ecommerce_transacciones WHERE invoice_no = '53...
                      ^

[2026-06-23T21:12:55.119+0000] {etl_ecommerce_dag.py:300} WARNING - ⚠️ Error en registro 536520/21175: relation "ecommerce_transacciones" does not exist
LINE 1: SELECT 1 FROM ecommerce_transacciones WHERE invoice_no = '53...
                      ^

[2026-06-23T21:12:55.927+0000] {etl_ecommerce_dag.py:300} WARNING - ⚠️ Error en registro 536520/22926: relation "ecommerce_transacciones" does not exist
LINE 1: SELECT 1 FROM ecommerce_transacciones WHERE invoice_no = '53...
                      ^

[2026-06-23T21:12:56.638+0000] {etl_ecommerce_dag.py:300} WARNING - ⚠️ Error en registro 536520/22588: relation "ecommerce_transacciones" does not exist
LINE 1: SELECT 1 FROM ecommerce_transacciones WHERE invoice_no = '53...
                      ^

[2026-06-23T21:12:57.364+0000] {etl_ecommerce_dag.py:300} WARNING - ⚠️ Error en registro 536520/21292: relation "ecommerce_transacciones" does not exist
LINE 1: SELECT 1 FROM ecommerce_transacciones WHERE invoice_no = '53...
                      ^

[2026-06-23T21:12:58.047+0000] {etl_ecommerce_dag.py:300} WARNING - ⚠️ Error en registro 536520/21890: relation "ecommerce_transacciones" does not exist
LINE 1: SELECT 1 FROM ecommerce_transacciones WHERE invoice_no = '53...
                      ^

[2026-06-23T21:12:58.816+0000] {etl_ecommerce_dag.py:300} WARNING - ⚠️ Error en registro 536520/22632: relation "ecommerce_transacciones" does not exist
LINE 1: SELECT 1 FROM ecommerce_transacciones WHERE invoice_no = '53...
                      ^

[2026-06-23T21:12:59.500+0000] {etl_ecommerce_dag.py:300} WARNING - ⚠️ Error en registro 536520/22633: relation "ecommerce_transacciones" does not exist
LINE 1: SELECT 1 FROM ecommerce_transacciones WHERE invoice_no = '53...
                      ^

[2026-06-23T21:13:00.271+0000] {etl_ecommerce_dag.py:300} WARNING - ⚠️ Error en registro 536520/22670: relation "ecommerce_transacciones" does not exist
LINE 1: SELECT 1 FROM ecommerce_transacciones WHERE invoice_no = '53...
                      ^

[2026-06-23T21:13:01.032+0000] {etl_ecommerce_dag.py:300} WARNING - ⚠️ Error en registro 536520/21867: relation "ecommerce_transacciones" does not exist
LINE 1: SELECT 1 FROM ecommerce_transacciones WHERE invoice_no = '53...
                      ^

[2026-06-23T21:13:01.765+0000] {etl_ecommerce_dag.py:300} WARNING - ⚠️ Error en registro 536520/22760: relation "ecommerce_transacciones" does not exist
LINE 1: SELECT 1 FROM ecommerce_transacciones WHERE invoice_no = '53...
                      ^

[2026-06-23T21:13:02.514+0000] {etl_ecommerce_dag.py:300} WARNING - ⚠️ Error en registro 536520/22107: relation "ecommerce_transacciones" does not exist
LINE 1: SELECT 1 FROM ecommerce_transacciones WHERE invoice_no = '53...
                      ^

[2026-06-23T21:13:03.198+0000] {etl_ecommerce_dag.py:300} WARNING - ⚠️ Error en registro 536520/22470: relation "ecommerce_transacciones" does not exist
LINE 1: SELECT 1 FROM ecommerce_transacciones WHERE invoice_no = '53...
                      ^

[2026-06-23T21:13:03.969+0000] {etl_ecommerce_dag.py:300} WARNING - ⚠️ Error en registro 536520/21486: relation "ecommerce_transacciones" does not exist
LINE 1: SELECT 1 FROM ecommerce_transacciones WHERE invoice_no = '53...
                      ^

[2026-06-23T21:13:04.686+0000] {etl_ecommerce_dag.py:300} WARNING - ⚠️ Error en registro 536520/22151: relation "ecommerce_transacciones" does not exist
LINE 1: SELECT 1 FROM ecommerce_transacciones WHERE invoice_no = '53...
                      ^

[2026-06-23T21:13:05.399+0000] {etl_ecommerce_dag.py:300} WARNING - ⚠️ Error en registro 536520/22643: relation "ecommerce_transacciones" does not exist
LINE 1: SELECT 1 FROM ecommerce_transacciones WHERE invoice_no = '53...
                      ^

[2026-06-23T21:13:06.048+0000] {etl_ecommerce_dag.py:300} WARNING - ⚠️ Error en registro 536520/22642: relation "ecommerce_transacciones" does not exist
LINE 1: SELECT 1 FROM ecommerce_transacciones WHERE invoice_no = '53...
                      ^

[2026-06-23T21:13:06.738+0000] {etl_ecommerce_dag.py:300} WARNING - ⚠️ Error en registro 536520/22604: relation "ecommerce_transacciones" does not exist
LINE 1: SELECT 1 FROM ecommerce_transacciones WHERE invoice_no = '53...
                      ^

[2026-06-23T21:13:07.501+0000] {etl_ecommerce_dag.py:300} WARNING - ⚠️ Error en registro 536520/22099: relation "ecommerce_transacciones" does not exist
LINE 1: SELECT 1 FROM ecommerce_transacciones WHERE invoice_no = '53...
                      ^

[2026-06-23T21:13:08.268+0000] {etl_ecommerce_dag.py:300} WARNING - ⚠️ Error en registro 536520/22553: relation "ecommerce_transacciones" does not exist
LINE 1: SELECT 1 FROM ecommerce_transacciones WHERE invoice_no = '53...
                      ^

[2026-06-23T21:13:09.026+0000] {etl_ecommerce_dag.py:300} WARNING - ⚠️ Error en registro 536520/22551: relation "ecommerce_transacciones" does not exist
LINE 1: SELECT 1 FROM ecommerce_transacciones WHERE invoice_no = '53...
                      ^

[2026-06-23T21:13:09.801+0000] {etl_ecommerce_dag.py:300} WARNING - ⚠️ Error en registro 536520/22653: relation "ecommerce_transacciones" does not exist
LINE 1: SELECT 1 FROM ecommerce_transacciones WHERE invoice_no = '53...
                      ^

[2026-06-23T21:13:10.559+0000] {etl_ecommerce_dag.py:300} WARNING - ⚠️ Error en registro 536520/22557: relation "ecommerce_transacciones" does not exist
LINE 1: SELECT 1 FROM ecommerce_transacciones WHERE invoice_no = '53...
                      ^

[2026-06-23T21:13:11.377+0000] {etl_ecommerce_dag.py:300} WARNING - ⚠️ Error en registro 536520/22906: relation "ecommerce_transacciones" does not exist
LINE 1: SELECT 1 FROM ecommerce_transacciones WHERE invoice_no = '53...
                      ^

[2026-06-23T21:13:12.194+0000] {etl_ecommerce_dag.py:300} WARNING - ⚠️ Error en registro 536520/22754: relation "ecommerce_transacciones" does not exist
LINE 1: SELECT 1 FROM ecommerce_transacciones WHERE invoice_no = '53...
                      ^

[2026-06-23T21:13:12.946+0000] {etl_ecommerce_dag.py:300} WARNING - ⚠️ Error en registro 536520/22938: relation "ecommerce_transacciones" does not exist
LINE 1: SELECT 1 FROM ecommerce_transacciones WHERE invoice_no = '53...
                      ^

[2026-06-23T21:13:13.709+0000] {etl_ecommerce_dag.py:300} WARNING - ⚠️ Error en registro 536520/22812: relation "ecommerce_transacciones" does not exist
LINE 1: SELECT 1 FROM ecommerce_transacciones WHERE invoice_no = '53...
                      ^

[2026-06-23T21:13:14.381+0000] {etl_ecommerce_dag.py:300} WARNING - ⚠️ Error en registro 536520/22919: relation "ecommerce_transacciones" does not exist
LINE 1: SELECT 1 FROM ecommerce_transacciones WHERE invoice_no = '53...
                      ^

[2026-06-23T21:13:15.144+0000] {etl_ecommerce_dag.py:300} WARNING - ⚠️ Error en registro 536520/22917: relation "ecommerce_transacciones" does not exist
LINE 1: SELECT 1 FROM ecommerce_transacciones WHERE invoice_no = '53...
                      ^

[2026-06-23T21:13:15.863+0000] {etl_ecommerce_dag.py:300} WARNING - ⚠️ Error en registro 536520/22920: relation "ecommerce_transacciones" does not exist
LINE 1: SELECT 1 FROM ecommerce_transacciones WHERE invoice_no = '53...
                      ^

[2026-06-23T21:13:16.456+0000] {etl_ecommerce_dag.py:300} WARNING - ⚠️ Error en registro 536520/22921: relation "ecommerce_transacciones" does not exist
LINE 1: SELECT 1 FROM ecommerce_transacciones WHERE invoice_no = '53...
                      ^

[2026-06-23T21:13:17.184+0000] {etl_ecommerce_dag.py:300} WARNING - ⚠️ Error en registro 536520/22918: relation "ecommerce_transacciones" does not exist
LINE 1: SELECT 1 FROM ecommerce_transacciones WHERE invoice_no = '53...
                      ^

