[2026-06-23T19:12:38.542+0000] {local_task_job_runner.py:123} INFO - ::group::Pre task execution logs
[2026-06-23T19:12:38.552+0000] {taskinstance.py:2614} INFO - Dependencies all met for dep_context=non-requeueable deps ti=<TaskInstance: etl_random_users.extract scheduled__2026-06-22T06:00:00+00:00 [queued]>
[2026-06-23T19:12:38.556+0000] {taskinstance.py:2614} INFO - Dependencies all met for dep_context=requeueable deps ti=<TaskInstance: etl_random_users.extract scheduled__2026-06-22T06:00:00+00:00 [queued]>
[2026-06-23T19:12:38.556+0000] {taskinstance.py:2867} INFO - Starting attempt 1 of 3
[2026-06-23T19:12:38.564+0000] {taskinstance.py:2890} INFO - Executing <Task(PythonOperator): extract> on 2026-06-22 06:00:00+00:00
[2026-06-23T19:12:38.570+0000] {standard_task_runner.py:104} INFO - Running: ['***', 'tasks', 'run', 'etl_random_users', 'extract', 'scheduled__2026-06-22T06:00:00+00:00', '--job-id', '3', '--raw', '--subdir', 'DAGS_FOLDER/hola_mundo_dag.py', '--cfg-path', '/tmp/tmp1htkc_lp']
[2026-06-23T19:12:38.571+0000] {standard_task_runner.py:105} INFO - Job 3: Subtask extract
[2026-06-23T19:12:38.571+0000] {logging_mixin.py:190} WARNING - /home/***/.local/lib/python3.12/site-packages/***/task/task_runner/standard_task_runner.py:70 DeprecationWarning: This process (pid=191) is multi-threaded, use of fork() may lead to deadlocks in the child.
[2026-06-23T19:12:38.572+0000] {standard_task_runner.py:72} INFO - Started process 194 to run task
[2026-06-23T19:12:38.603+0000] {task_command.py:467} INFO - Running <TaskInstance: etl_random_users.extract scheduled__2026-06-22T06:00:00+00:00 [running]> on host 5c137d78ff0c
[2026-06-23T19:12:38.653+0000] {taskinstance.py:3134} INFO - Exporting env vars: AIRFLOW_CTX_DAG_OWNER='juan_camilo' AIRFLOW_CTX_DAG_ID='etl_random_users' AIRFLOW_CTX_TASK_ID='extract' AIRFLOW_CTX_EXECUTION_DATE='2026-06-22T06:00:00+00:00' AIRFLOW_CTX_TRY_NUMBER='1' AIRFLOW_CTX_DAG_RUN_ID='scheduled__2026-06-22T06:00:00+00:00'
[2026-06-23T19:12:38.653+0000] {taskinstance.py:732} INFO - ::endgroup::
[2026-06-23T19:12:38.673+0000] {hola_mundo_dag.py:84} INFO - Iniciando extracción de 5000 usuarios...
[2026-06-23T19:12:40.090+0000] {hola_mundo_dag.py:94} INFO -   Batch 1/10 — 500 usuarios obtenidos
[2026-06-23T19:12:41.081+0000] {hola_mundo_dag.py:94} INFO -   Batch 2/10 — 500 usuarios obtenidos
[2026-06-23T19:12:41.643+0000] {hola_mundo_dag.py:94} INFO -   Batch 3/10 — 500 usuarios obtenidos
[2026-06-23T19:12:42.209+0000] {hola_mundo_dag.py:94} INFO -   Batch 4/10 — 500 usuarios obtenidos
[2026-06-23T19:12:42.886+0000] {hola_mundo_dag.py:94} INFO -   Batch 5/10 — 500 usuarios obtenidos
[2026-06-23T19:12:43.463+0000] {hola_mundo_dag.py:94} INFO -   Batch 6/10 — 500 usuarios obtenidos
[2026-06-23T19:12:44.317+0000] {hola_mundo_dag.py:94} INFO -   Batch 7/10 — 500 usuarios obtenidos
[2026-06-23T19:12:45.314+0000] {hola_mundo_dag.py:94} INFO -   Batch 8/10 — 500 usuarios obtenidos
[2026-06-23T19:12:45.909+0000] {hola_mundo_dag.py:94} INFO -   Batch 9/10 — 500 usuarios obtenidos
[2026-06-23T19:12:46.577+0000] {hola_mundo_dag.py:94} INFO -   Batch 10/10 — 500 usuarios obtenidos
[2026-06-23T19:12:46.577+0000] {hola_mundo_dag.py:96} INFO - Extracción completa: 5000 usuarios en total.
[2026-06-23T19:12:46.787+0000] {python.py:240} INFO - Done. Returned value was: None
[2026-06-23T19:12:46.793+0000] {taskinstance.py:341} INFO - ::group::Post task execution logs
[2026-06-23T19:12:46.793+0000] {taskinstance.py:353} INFO - Marking task as SUCCESS. dag_id=etl_random_users, task_id=extract, run_id=scheduled__2026-06-22T06:00:00+00:00, execution_date=20260622T060000, start_date=20260623T191238, end_date=20260623T191246
[2026-06-23T19:12:46.853+0000] {local_task_job_runner.py:266} INFO - Task exited with return code 0
[2026-06-23T19:12:46.899+0000] {taskinstance.py:3901} INFO - 1 downstream tasks scheduled from follow-on schedule check
[2026-06-23T19:12:46.900+0000] {local_task_job_runner.py:245} INFO - ::endgroup::
