[2026-06-23T00:24:34.572+0000] {local_task_job_runner.py:123} INFO - ::group::Pre task execution logs
[2026-06-23T00:24:34.615+0000] {taskinstance.py:2614} INFO - Dependencies all met for dep_context=non-requeueable deps ti=<TaskInstance: etl_random_users.setup manual__2026-06-23T00:18:24.771190+00:00 [queued]>
[2026-06-23T00:24:34.632+0000] {taskinstance.py:2614} INFO - Dependencies all met for dep_context=requeueable deps ti=<TaskInstance: etl_random_users.setup manual__2026-06-23T00:18:24.771190+00:00 [queued]>
[2026-06-23T00:24:34.636+0000] {taskinstance.py:2867} INFO - Starting attempt 3 of 3
[2026-06-23T00:24:34.660+0000] {taskinstance.py:2890} INFO - Executing <Task(PythonOperator): setup> on 2026-06-23 00:18:24.771190+00:00
[2026-06-23T00:24:34.689+0000] {standard_task_runner.py:104} INFO - Running: ['***', 'tasks', 'run', 'etl_random_users', 'setup', 'manual__2026-06-23T00:18:24.771190+00:00', '--job-id', '86', '--raw', '--subdir', 'DAGS_FOLDER/hola_mundo_dag.py', '--cfg-path', '/tmp/tmpmrt1wj1v']
[2026-06-23T00:24:34.693+0000] {standard_task_runner.py:105} INFO - Job 86: Subtask setup
[2026-06-23T00:24:34.695+0000] {logging_mixin.py:190} WARNING - /home/***/.local/lib/python3.12/site-packages/***/task/task_runner/standard_task_runner.py:70 DeprecationWarning: This process (pid=318) is multi-threaded, use of fork() may lead to deadlocks in the child.
[2026-06-23T00:24:34.699+0000] {standard_task_runner.py:72} INFO - Started process 320 to run task
[2026-06-23T00:24:34.815+0000] {task_command.py:467} INFO - Running <TaskInstance: etl_random_users.setup manual__2026-06-23T00:18:24.771190+00:00 [running]> on host 2739510d87fa
[2026-06-23T00:24:34.950+0000] {taskinstance.py:3134} INFO - Exporting env vars: AIRFLOW_CTX_DAG_OWNER='juan_camilo' AIRFLOW_CTX_DAG_ID='etl_random_users' AIRFLOW_CTX_TASK_ID='setup' AIRFLOW_CTX_EXECUTION_DATE='2026-06-23T00:18:24.771190+00:00' AIRFLOW_CTX_TRY_NUMBER='3' AIRFLOW_CTX_DAG_RUN_ID='manual__2026-06-23T00:18:24.771190+00:00'
[2026-06-23T00:24:34.952+0000] {taskinstance.py:732} INFO - ::endgroup::
[2026-06-23T00:24:34.971+0000] {crypto.py:82} WARNING - empty cryptography key - values will not be stored encrypted.
[2026-06-23T00:24:34.975+0000] {base.py:84} INFO - Retrieving connection 'postgres_destino'
[2026-06-23T00:24:36.157+0000] {hola_mundo_dag.py:52} INFO - ✅ Conexión a Supabase exitosa: PostgreSQL 17.6 on aarch64-unknown-linux-gnu, compiled by gcc (GCC) 15.2.0, 64-bit
[2026-06-23T00:24:36.159+0000] {python.py:240} INFO - Done. Returned value was: None
[2026-06-23T00:24:36.179+0000] {taskinstance.py:341} INFO - ::group::Post task execution logs
[2026-06-23T00:24:36.180+0000] {taskinstance.py:353} INFO - Marking task as SUCCESS. dag_id=etl_random_users, task_id=setup, run_id=manual__2026-06-23T00:18:24.771190+00:00, execution_date=20260623T001824, start_date=20260623T002434, end_date=20260623T002436
[2026-06-23T00:24:36.289+0000] {local_task_job_runner.py:266} INFO - Task exited with return code 0
[2026-06-23T00:24:36.350+0000] {taskinstance.py:3901} INFO - 1 downstream tasks scheduled from follow-on schedule check
[2026-06-23T00:24:36.353+0000] {local_task_job_runner.py:245} INFO - ::endgroup::
